 =================>     TALLY 28: FUEL_FLUX_SPECTRUM     <==================

 Cell 28
   Incoming Energy [9.999999999999999e-06, 1.1489510001873086e-05)
     Total Material
       Flux                                 0 +/- 0
   Incoming Energy [1.1489510001873086e-05, 1.3200884008314168e-05)
     Total Material
       Flux                                 0 +/- 0
   Incoming Energy [1.3200884008314168e-05, 1.516716888470924e-05)
     Total Material
       Flux                                 0 +/- 0
   Incoming Energy [1.516716888470924e-05, 1.742633386009651e-05)
     Total Material
       Flux                                 0 +/- 0
   Incoming Energy [1.742633386009651e-05, 2.0022003718155845e-05)
     Total Material
       Flux                                 0 +/- 0
   Incoming Energy [2.0022003718155845e-05, 2.3004301197729168e-05)
     Total Material
       Flux                                 0 +/- 0
   Incoming Energy [2.3004301197729168e-05, 2.643081486974103e-05)
     Total Material
       Flux                                 0 +/- 0
   Incoming Energy [2.643081486974103e-05, 3.0367711180354606e-05)
     Total Material
       Flux                                 0 +/- 0
   Incoming Energy [3.0367711180354606e-05, 3.489101213406774e-05)
     Total Material
       Flux                                 0 +/- 0
   Incoming Energy [3.489101213406774e-05, 4.008806328898465e-05)
     Total Material
       Flux                                 0 +/- 0
   Incoming Energy [4.008806328898465e-05, 4.6059220411451034e-05)
     Total Material
       Flux                                 0 +/- 0
   Incoming Energy [4.6059220411451034e-05, 5.2919787359584364e-05)
     Total Material
       Flux                                 0 +/- 0
   Incoming Energy [5.2919787359584364e-05, 6.080224261649427e-05)
     Total Material
       Flux                                 0 +/- 0
   Incoming Energy [6.080224261649427e-05, 6.985879746785249e-05)
     Total Material
       Flux                                 0 +/- 0
   Incoming Energy [6.985879746785249e-05, 8.026433522257174e-05)
     Total Material
       Flux                                 0 +/- 0
   Incoming Energy [8.026433522257174e-05, 9.221978823334323e-05)
     Total Material
       Flux                                 0 +/- 0
   Incoming Energy [9.221978823334323e-05, 0.00010595601792776158)
     Total Material
       Flux                                 0 +/- 0
   Incoming Energy [0.00010595601792776158, 0.00012173827277396621)
     Total Material
       Flux                                 0 +/- 0
   Incoming Energy [0.00012173827277396621, 0.00013987131026472387)
     Total Material
       Flux                                 0 +/- 0
   Incoming Energy [0.00013987131026472387, 0.00016070528182616383)
     Total Material
       Flux                                 0 +/- 0
   Incoming Energy [0.00016070528182616383, 0.00018464249428955425)
     Total Material
       Flux                                 0 +/- 0
   Incoming Energy [0.00018464249428955425, 0.00021214517849106298)
     Total Material
       Flux                                 0 +/- 0
   Incoming Energy [0.00021214517849106298, 0.00024374441501222218)
     Total Material
       Flux                                 0 +/- 0
   Incoming Energy [0.00024374441501222218, 0.0002800503894183631)
     Total Material
       Flux                                 0 +/- 0
   Incoming Energy [0.0002800503894183631, 0.0003217641750250735)
     Total Material
       Flux                                 0 +/- 0
   Incoming Energy [0.0003217641750250735, 0.00036969127071950243)
     Total Material
       Flux                                 0 +/- 0
   Incoming Energy [0.00036969127071950243, 0.00042475715525368984)
     Total Material
       Flux                                 0 +/- 0
   Incoming Energy [0.00042475715525368984, 0.0004880251583654434)
     Total Material
       Flux                                 0 +/- 0
   Incoming Energy [0.0004880251583654434, 0.0005607169938205458)
     Total Material
       Flux                                 0 +/- 0
   Incoming Energy [0.0005607169938205458, 0.000644236350872137)
     Total Material
       Flux                                 0 +/- 0
   Incoming Energy [0.000644236350872137, 0.0007401959996915637)
     Total Material
       Flux                                 0 +/- 0
   Incoming Energy [0.0007401959996915637, 0.0008504489341802677)
     Total Material
       Flux                                 0 +/- 0
   Incoming Energy [0.0008504489341802677, 0.00097712415353465)
     Total Material
       Flux                                 0 +/- 0
   Incoming Energy [0.00097712415353465, 0.0011226677735108135)
     Total Material
       Flux                                 1.93314e-06 +/- 1.93314e-06
   Incoming Energy [0.0011226677735108135, 0.001289890261253308)
     Total Material
       Flux                                 7.69093e-06 +/- 5.77164e-06
   Incoming Energy [0.001289890261253308, 0.0014820207057988585)
     Total Material
       Flux                                 2.48463e-05 +/- 1.43563e-05
   Incoming Energy [0.0014820207057988585, 0.0017027691722258996)
     Total Material
       Flux                                 5.96734e-06 +/- 5.33538e-06
   Incoming Energy [0.0017027691722258996, 0.0019563983435170627)
     Total Material
       Flux                                 3.43673e-05 +/- 1.87007e-05
   Incoming Energy [0.0019563983435170627, 0.002247805833548725)
     Total Material
       Flux                                 1.21467e-05 +/- 7.58016e-06
   Incoming Energy [0.002247805833548725, 0.002582618760682675)
     Total Material
       Flux                                 4.15997e-05 +/- 1.60018e-05
   Incoming Energy [0.002582618760682675, 0.0029673024081888696)
     Total Material
       Flux                                 2.75812e-05 +/- 9.13296e-06
   Incoming Energy [0.0029673024081888696, 0.003409285069746811)
     Total Material
       Flux                                 4.57458e-05 +/- 3.16799e-05
   Incoming Energy [0.003409285069746811, 0.003917101490809256)
     Total Material
       Flux                                 4.20522e-05 +/- 1.99818e-05
   Incoming Energy [0.003917101490809256, 0.004500557675700498)
     Total Material
       Flux                                 0.000116185 +/- 3.1749e-05
   Incoming Energy [0.004500557675700498, 0.0051709202428967555)
     Total Material
       Flux                                 0.000170301 +/- 4.19322e-05
   Incoming Energy [0.0051709202428967555, 0.0059411339849650335)
     Total Material
       Flux                                 0.000203992 +/- 5.88858e-05
   Incoming Energy [0.0059411339849650335, 0.006826071834272386)
     Total Material
       Flux                                 0.000304172 +/- 7.02618e-05
   Incoming Energy [0.006826071834272386, 0.007842822061337682)
     Total Material
       Flux                                 0.000288409 +/- 4.32892e-05
   Incoming Energy [0.007842822061337682, 0.009011018251665018)
     Total Material
       Flux                                 0.000778778 +/- 0.000162961
   Incoming Energy [0.009011018251665018, 0.010353218432956616)
     Total Material
       Flux                                 0.000944261 +/- 0.000149702
   Incoming Energy [0.010353218432956616, 0.011895340673703195)
     Total Material
       Flux                                 0.000684942 +/- 9.58237e-05
   Incoming Energy [0.011895340673703195, 0.013667163564620059)
     Total Material
       Flux                                 0.00139543 +/- 0.000175293
   Incoming Energy [0.013667163564620059, 0.015702901247293774)
     Total Material
       Flux                                 0.00183536 +/- 0.0002386
   Incoming Energy [0.015702901247293774, 0.018041864093920716)
     Total Material
       Flux                                 0.00236091 +/- 0.000217366
   Incoming Energy [0.018041864093920716, 0.0207292177959537)
     Total Material
       Flux                                 0.00252421 +/- 0.000291629
   Incoming Energy [0.0207292177959537, 0.023816855519761582)
     Total Material
       Flux                                 0.00341822 +/- 0.000246639
   Incoming Energy [0.023816855519761582, 0.027364399970746692)
     Total Material
       Flux                                 0.0041289 +/- 0.000407167
   Incoming Energy [0.027364399970746692, 0.031440354715915)
     Total Material
       Flux                                 0.00596147 +/- 0.000379013
   Incoming Energy [0.031440354715915, 0.0361234269970943)
     Total Material
       Flux                                 0.00719119 +/- 0.000526261
   Incoming Energy [0.0361234269970943, 0.041504047578504726)
     Total Material
       Flux                                 0.00704234 +/- 0.000462389
   Incoming Energy [0.041504047578504726, 0.04768611697714469)
     Total Material
       Flux                                 0.00832131 +/- 0.000541356
   Incoming Energy [0.04768611697714469, 0.054789011795939396)
     Total Material
       Flux                                 0.00931092 +/- 0.000546738
   Incoming Energy [0.054789011795939396, 0.06294988990221888)
     Total Material
       Flux                                 0.0122243 +/- 0.00077738
   Incoming Energy [0.06294988990221888, 0.07232633896483534)
     Total Material
       Flux                                 0.0125022 +/- 0.000445225
   Incoming Energy [0.07232633896483534, 0.08309941949353386)
     Total Material
       Flux                                 0.0121939 +/- 0.000673667
   Incoming Energy [0.08309941949353386, 0.09547716114208056)
     Total Material
       Flux                                 0.0149632 +/- 0.000632522
   Incoming Energy [0.09547716114208056, 0.1096985797892384)
     Total Material
       Flux                                 0.0142507 +/- 0.00110147
   Incoming Energy [0.1096985797892384, 0.12603829296797275)
     Total Material
       Flux                                 0.0125556 +/- 0.00117535
   Incoming Energy [0.12603829296797275, 0.1448118227674533)
     Total Material
       Flux                                 0.0128462 +/- 0.000878848
   Incoming Energy [0.1448118227674533, 0.16638168860761274)
     Total Material
       Flux                                 0.013431 +/- 0.000793278
   Incoming Energy [0.16638168860761274, 0.19116440753856997)
     Total Material
       Flux                                 0.013552 +/- 0.00114843
   Incoming Energy [0.19116440753856997, 0.2196385372416547)
     Total Material
       Flux                                 0.0134144 +/- 0.000697154
   Incoming Energy [0.2196385372416547, 0.2523539170434766)
     Total Material
       Flux                                 0.0138488 +/- 0.000759893
   Incoming Energy [0.2523539170434766, 0.28994228538828754)
     Total Material
       Flux                                 0.0115558 +/- 0.000736441
   Incoming Energy [0.28994228538828754, 0.333129478793467)
     Total Material
       Flux                                 0.0142254 +/- 0.000916266
   Incoming Energy [0.333129478793467, 0.38274944785163073)
     Total Material
       Flux                                 0.0157493 +/- 0.000981462
   Incoming Energy [0.38274944785163073, 0.4397603609302721)
     Total Material
       Flux                                 0.0170657 +/- 0.00124463
   Incoming Energy [0.4397603609302721, 0.505263106533568)
     Total Material
       Flux                                 0.0210681 +/- 0.00129666
   Incoming Energy [0.505263106533568, 0.5805225516094895)
     Total Material
       Flux                                 0.0216476 +/- 0.00130182
   Incoming Energy [0.5805225516094895, 0.6669919663030115)
     Total Material
       Flux                                 0.0211208 +/- 0.00104449
   Incoming Energy [0.6669919663030115, 0.7663410868007446)
     Total Material
       Flux                                 0.0232736 +/- 0.00160548
   Incoming Energy [0.7663410868007446, 0.8804883581643465)
     Total Material
       Flux                                 0.0238188 +/- 0.000964313
   Incoming Energy [0.8804883581643465, 1.011637979766207)
     Total Material
       Flux                                 0.0210611 +/- 0.00134171
   Incoming Energy [1.011637979766207, 1.162322468679852)
     Total Material
       Flux                                 0.0203607 +/- 0.00113513
   Incoming Energy [1.162322468679852, 1.3354515629298973)
     Total Material
       Flux                                 0.0262003 +/- 0.00205439
   Incoming Energy [1.3354515629298973, 1.53436840893001)
     Total Material
       Flux                                 0.0287197 +/- 0.00172428
   Incoming Energy [1.53436840893001, 1.762914118095948)
     Total Material
       Flux                                 0.0292001 +/- 0.00146132
   Incoming Energy [1.762914118095948, 2.0255019392306663)
     Total Material
       Flux                                 0.02816 +/- 0.00155501
   Incoming Energy [2.0255019392306663, 2.327202478960407)
     Total Material
       Flux                                 0.0291565 +/- 0.00120982
   Incoming Energy [2.327202478960407, 2.673841615839944)
     Total Material
       Flux                                 0.0300611 +/- 0.00150047
   Incoming Energy [2.673841615839944, 3.072112998861753)
     Total Material
       Flux                                 0.0288074 +/- 0.00166563
   Incoming Energy [3.072112998861753, 3.52970730273065)
     Total Material
       Flux                                 0.0288899 +/- 0.00152539
   Incoming Energy [3.52970730273065, 4.0554607358408274)
     Total Material
       Flux                                 0.0282284 +/- 0.00234303
   Incoming Energy [4.0554607358408274, 4.659525668664678)
     Total Material
       Flux                                 0.0297409 +/- 0.00189216
   Incoming Energy [4.659525668664678, 5.3535666774107185)
     Total Material
       Flux                                 0.0273647 +/- 0.00136226
   Incoming Energy [5.3535666774107185, 6.150985788580504)
     Total Material
       Flux                                 0.0273874 +/- 0.00141177
   Incoming Energy [6.150985788580504, 7.067181273927491)
     Total Material
       Flux                                 0.0104713 +/- 0.000983083
   Incoming Energy [7.067181273927491, 8.119844993184008)
     Total Material
       Flux                                 0.0331903 +/- 0.00180307
   Incoming Energy [8.119844993184008, 9.329304026284676)
     Total Material
       Flux                                 0.0214828 +/- 0.00170972
   Incoming Energy [9.329304026284676, 10.718913192051264)
     Total Material
       Flux                                 0.0287699 +/- 0.00172295
   Incoming Energy [10.718913192051264, 12.315506032928262)
     Total Material
       Flux                                 0.0286039 +/- 0.00174885
   Incoming Energy [12.315506032928262, 14.149912974345758)
     Total Material
       Flux                                 0.0277824 +/- 0.00129636
   Incoming Energy [14.149912974345758, 16.257556664437935)
     Total Material
       Flux                                 0.0310763 +/- 0.00188925
   Incoming Energy [16.257556664437935, 18.679135990207808)
     Total Material
       Flux                                 0.0326559 +/- 0.00168687
   Incoming Energy [18.679135990207808, 21.461411978584014)
     Total Material
       Flux                                 0.0190869 +/- 0.00134961
   Incoming Energy [21.461411978584014, 24.658110758226037)
     Total Material
       Flux                                 0.032545 +/- 0.00140362
   Incoming Energy [24.658110758226037, 28.330961018393243)
     Total Material
       Flux                                 0.0345368 +/- 0.00151045
   Incoming Energy [28.330961018393243, 32.550885998350566)
     Total Material
       Flux                                 0.0348469 +/- 0.00225261
   Incoming Energy [32.550885998350566, 37.39937302478794)
     Total Material
       Flux                                 0.0216154 +/- 0.00111395
   Incoming Energy [37.39937302478794, 42.97004704320835)
     Total Material
       Flux                                 0.0316379 +/- 0.00197706
   Incoming Energy [42.97004704320835, 49.37047852839004)
     Total Material
       Flux                                 0.0330044 +/- 0.001443
   Incoming Energy [49.37047852839004, 56.72426068491978)
     Total Material
       Flux                                 0.0346572 +/- 0.00154635
   Incoming Energy [56.72426068491978, 65.1733960488242)
     Total Material
       Flux                                 0.0374026 +/- 0.00222861
   Incoming Energy [65.1733960488242, 74.88103857590015)
     Total Material
       Flux                                 0.0388922 +/- 0.00168775
   Incoming Energy [74.88103857590015, 86.03464416684491)
     Total Material
       Flux                                 0.038805 +/- 0.0020732
   Incoming Energy [86.03464416684491, 98.84959046625586)
     Total Material
       Flux                                 0.0404682 +/- 0.00175556
   Incoming Energy [98.84959046625586, 113.57333583431051)
     Total Material
       Flux                                 0.0383236 +/- 0.0018471
   Incoming Energy [113.57333583431051, 130.49019780144016)
     Total Material
       Flux                                 0.0400167 +/- 0.00152694
   Incoming Energy [130.49019780144016, 149.9268432786044)
     Total Material
       Flux                                 0.039897 +/- 0.00215237
   Incoming Energy [149.9268432786044, 172.2585965398784)
     Total Material
       Flux                                 0.0418138 +/- 0.00208033
   Incoming Energy [172.2585965398784, 197.91668678535572)
     Total Material
       Flux                                 0.0426098 +/- 0.00172108
   Incoming Energy [197.91668678535572, 227.39657523579274)
     Total Material
       Flux                                 0.0386411 +/- 0.00171465
   Incoming Energy [227.39657523579274, 261.26752255633266)
     Total Material
       Flux                                 0.0466791 +/- 0.0014987
   Incoming Energy [261.26752255633266, 300.1835813575586)
     Total Material
       Flux                                 0.0446794 +/- 0.00161804
   Incoming Energy [300.1835813575586, 344.89622604057524)
     Total Material
       Flux                                 0.0496465 +/- 0.00199235
   Incoming Energy [344.89622604057524, 396.2688638701478)
     Total Material
       Flux                                 0.0461657 +/- 0.00241255
   Incoming Energy [396.2688638701478, 455.29350748669475)
     Total Material
       Flux                                 0.0466038 +/- 0.00254162
   Incoming Energy [455.29350748669475, 523.1099308056258)
     Total Material
       Flux                                 0.0492942 +/- 0.00182295
   Incoming Energy [523.1099308056258, 601.0276782070375)
     Total Material
       Flux                                 0.0479624 +/- 0.00152809
   Incoming Energy [601.0276782070375, 690.5513520162317)
     Total Material
       Flux                                 0.0498294 +/- 0.00207106
   Incoming Energy [690.5513520162317, 793.4096665797492)
     Total Material
       Flux                                 0.045642 +/- 0.00203263
   Incoming Energy [793.4096665797492, 911.5888299750818)
     Total Material
       Flux                                 0.0451732 +/- 0.00212958
   Incoming Energy [911.5888299750818, 1047.3708979594487)
     Total Material
       Flux                                 0.0480443 +/- 0.00189572
   Incoming Energy [1047.3708979594487, 1203.3778407775906)
     Total Material
       Flux                                 0.0493455 +/- 0.00312632
   Incoming Energy [1203.3778407775906, 1382.6221737646536)
     Total Material
       Flux                                 0.0525066 +/- 0.00324701
   Incoming Energy [1382.6221737646536, 1588.5651294280526)
     Total Material
       Flux                                 0.0504292 +/- 0.00225463
   Incoming Energy [1588.5651294280526, 1825.1834943190388)
     Total Material
       Flux                                 0.047025 +/- 0.00178165
   Incoming Energy [1825.1834943190388, 2097.046401323231)
     Total Material
       Flux                                 0.0493486 +/- 0.00207729
   Incoming Energy [2097.046401323231, 2409.403560239527)
     Total Material
       Flux                                 0.0480943 +/- 0.00173278
   Incoming Energy [2409.403560239527, 2768.286630392061)
     Total Material
       Flux                                 0.0510615 +/- 0.00293803
   Incoming Energy [2768.286630392061, 3180.625692794119)
     Total Material
       Flux                                 0.047262 +/- 0.00147123
   Incoming Energy [3180.625692794119, 3654.383070957247)
     Total Material
       Flux                                 0.0525885 +/- 0.00190502
   Incoming Energy [3654.383070957247, 4198.707084443906)
     Total Material
       Flux                                 0.0506211 +/- 0.00189753
   Incoming Energy [4198.707084443906, 4824.108704165374)
     Total Material
       Flux                                 0.0565769 +/- 0.00251511
   Incoming Energy [4824.108704165374, 5542.664520663096)
     Total Material
       Flux                                 0.05612 +/- 0.00291573
   Incoming Energy [5542.664520663096, 6368.249944718586)
     Total Material
       Flux                                 0.0539245 +/- 0.00246463
   Incoming Energy [6368.249944718586, 7316.807143427177)
     Total Material
       Flux                                 0.0522204 +/- 0.00242272
   Incoming Energy [7316.807143427177, 8406.652885618316)
     Total Material
       Flux                                 0.0551749 +/- 0.00211407
   Incoming Energy [8406.652885618316, 9658.832241158709)
     Total Material
       Flux                                 0.053048 +/- 0.00238576
   Incoming Energy [9658.832241158709, 11097.5249641207)
     Total Material
       Flux                                 0.0559345 +/- 0.00234813
   Incoming Energy [11097.5249641207, 12750.512407130129)
     Total Material
       Flux                                 0.0555755 +/- 0.00202301
   Incoming Energy [12750.512407130129, 14649.713983072817)
     Total Material
       Flux                                 0.0600035 +/- 0.00250378
   Incoming Energy [14649.713983072817, 16831.80353330955)
     Total Material
       Flux                                 0.0601096 +/- 0.00310259
   Incoming Energy [16831.80353330955, 19338.91750455232)
     Total Material
       Flux                                 0.0600275 +/- 0.00170367
   Incoming Energy [19338.91750455232, 22219.468609395193)
     Total Material
       Flux                                 0.066759 +/- 0.00287103
   Incoming Energy [22219.468609395193, 25529.080682395164)
     Total Material
       Flux                                 0.0557151 +/- 0.00287948
   Incoming Energy [25529.080682395164, 29331.662783900363)
     Total Material
       Flux                                 0.0701793 +/- 0.00309112
   Incoming Energy [29331.662783900363, 33700.64329271925)
     Total Material
       Flux                                 0.061935 +/- 0.00240447
   Incoming Energy [33700.64329271925, 38720.38781812557)
     Total Material
       Flux                                 0.0636488 +/- 0.00208114
   Incoming Energy [38720.38781812557, 44487.82831127576)
     Total Material
       Flux                                 0.0722403 +/- 0.00211206
   Incoming Energy [44487.82831127576, 51114.334834401656)
     Total Material
       Flux                                 0.0769462 +/- 0.00298642
   Incoming Energy [51114.334834401656, 58727.86613189465)
     Total Material
       Flux                                 0.0784319 +/- 0.00355155
   Incoming Energy [58727.86613189465, 67475.44053110685)
     Total Material
       Flux                                 0.079543 +/- 0.0026015
   Incoming Energy [67475.44053110685, 77525.97488629464)
     Total Material
       Flux                                 0.0807754 +/- 0.00316931
   Incoming Energy [77525.97488629464, 89073.54638610421)
     Total Material
       Flux                                 0.0914253 +/- 0.00366848
   Incoming Energy [89073.54638610421, 102341.14021054527)
     Total Material
       Flux                                 0.0896805 +/- 0.00418926
   Incoming Energy [102341.14021054527, 117584.95540521534)
     Total Material
       Flux                                 0.0955716 +/- 0.00257977
   Incoming Energy [117584.95540521534, 135099.3521198025)
     Total Material
       Flux                                 0.108231 +/- 0.0038775
   Incoming Energy [135099.3521198025, 155222.5357427048)
     Total Material
       Flux                                 0.108818 +/- 0.00289236
   Incoming Energy [155222.5357427048, 178343.08769319058)
     Total Material
       Flux                                 0.120102 +/- 0.00430282
   Incoming Energy [178343.08769319058, 204907.4689815846)
     Total Material
       Flux                                 0.13143 +/- 0.00418291
   Incoming Energy [204907.4689815846, 235428.64143224107)
     Total Material
       Flux                                 0.143261 +/- 0.00301819
   Incoming Energy [235428.64143224107, 270495.97304631316)
     Total Material
       Flux                                 0.152213 +/- 0.00461369
   Incoming Energy [270495.97304631316, 310786.6187782014)
     Total Material
       Flux                                 0.160903 +/- 0.00348694
   Incoming Energy [310786.6187782014, 357078.59649004554)
     Total Material
       Flux                                 0.188302 +/- 0.00466831
   Incoming Energy [357078.59649004554, 410265.81058271904)
     Total Material
       Flux                                 0.159053 +/- 0.00394553
   Incoming Energy [410265.81058271904, 471375.31341167097)
     Total Material
       Flux                                 0.142174 +/- 0.00354264
   Incoming Energy [471375.31341167097, 541587.1378079465)
     Total Material
       Flux                                 0.195236 +/- 0.00322318
   Incoming Energy [541587.1378079465, 622257.0836730232)
     Total Material
       Flux                                 0.231197 +/- 0.00687755
   Incoming Energy [622257.0836730232, 714942.8986597562)
     Total Material
       Flux                                 0.261656 +/- 0.00771388
   Incoming Energy [714942.8986597562, 821434.3584919422)
     Total Material
       Flux                                 0.284826 +/- 0.00717792
   Incoming Energy [821434.3584919422, 943787.8277775352)
     Total Material
       Flux                                 0.243314 +/- 0.0038952
   Incoming Energy [943787.8277775352, 1084365.9686896086)
     Total Material
       Flux                                 0.190217 +/- 0.00376642
   Incoming Energy [1084365.9686896086, 1245883.3642950081)
     Total Material
       Flux                                 0.250274 +/- 0.0100388
   Incoming Energy [1245883.3642950081, 1431458.9375234756)
     Total Material
       Flux                                 0.244897 +/- 0.00559397
   Incoming Energy [1431458.9375234756, 1644676.1779946627)
     Total Material
       Flux                                 0.269866 +/- 0.00957094
   Incoming Energy [1644676.1779946627, 1889652.3396912038)
     Total Material
       Flux                                 0.246482 +/- 0.011152
   Incoming Energy [1889652.3396912038, 2171117.945694501)
     Total Material
       Flux                                 0.248477 +/- 0.0103287
   Incoming Energy [2171117.945694501, 2494508.135230317)
     Total Material
       Flux                                 0.275625 +/- 0.00908382
   Incoming Energy [2494508.135230317, 2866067.616948244)
     Total Material
       Flux                                 0.258582 +/- 0.0118493
   Incoming Energy [2866067.616948244, 3292971.255097148)
     Total Material
       Flux                                 0.225616 +/- 0.00937576
   Incoming Energy [3292971.255097148, 3783462.6171319326)
     Total Material
       Flux                                 0.155417 +/- 0.00599671
   Incoming Energy [3783462.6171319326, 4347013.158125018)
     Total Material
       Flux                                 0.152531 +/- 0.00902151
   Incoming Energy [4347013.158125018, 4994505.11585514)
     Total Material
       Flux                                 0.11294 +/- 0.00620288
   Incoming Energy [4994505.11585514, 5738441.648302381)
     Total Material
       Flux                                 0.0817509 +/- 0.00588773
   Incoming Energy [5738441.648302381, 6593188.271333542)
     Total Material
       Flux                                 0.0567644 +/- 0.0051294
   Incoming Energy [6593188.271333542, 7575250.258771921)
     Total Material
       Flux                                 0.0378067 +/- 0.00380789
   Incoming Energy [7575250.258771921, 8703591.361485148)
     Total Material
       Flux                                 0.0171601 +/- 0.00201718
   Incoming Energy [8703591.361485148, 10000000)
     Total Material
       Flux                                 0.0093723 +/- 0.00254037
 =================>     TALLY 29: WATER_FLUX_SPECTRUM     <=================

 Cell 30
   Incoming Energy [9.999999999999999e-06, 1.1489510001873086e-05)
     Total Material
       Flux                                 0 +/- 0
   Incoming Energy [1.1489510001873086e-05, 1.3200884008314168e-05)
     Total Material
       Flux                                 0 +/- 0
   Incoming Energy [1.3200884008314168e-05, 1.516716888470924e-05)
     Total Material
       Flux                                 0 +/- 0
   Incoming Energy [1.516716888470924e-05, 1.742633386009651e-05)
     Total Material
       Flux                                 0 +/- 0
   Incoming Energy [1.742633386009651e-05, 2.0022003718155845e-05)
     Total Material
       Flux                                 0 +/- 0
   Incoming Energy [2.0022003718155845e-05, 2.3004301197729168e-05)
     Total Material
       Flux                                 0 +/- 0
   Incoming Energy [2.3004301197729168e-05, 2.643081486974103e-05)
     Total Material
       Flux                                 0 +/- 0
   Incoming Energy [2.643081486974103e-05, 3.0367711180354606e-05)
     Total Material
       Flux                                 0 +/- 0
   Incoming Energy [3.0367711180354606e-05, 3.489101213406774e-05)
     Total Material
       Flux                                 0 +/- 0
   Incoming Energy [3.489101213406774e-05, 4.008806328898465e-05)
     Total Material
       Flux                                 0 +/- 0
   Incoming Energy [4.008806328898465e-05, 4.6059220411451034e-05)
     Total Material
       Flux                                 0 +/- 0
   Incoming Energy [4.6059220411451034e-05, 5.2919787359584364e-05)
     Total Material
       Flux                                 0 +/- 0
   Incoming Energy [5.2919787359584364e-05, 6.080224261649427e-05)
     Total Material
       Flux                                 0 +/- 0
   Incoming Energy [6.080224261649427e-05, 6.985879746785249e-05)
     Total Material
       Flux                                 0 +/- 0
   Incoming Energy [6.985879746785249e-05, 8.026433522257174e-05)
     Total Material
       Flux                                 0 +/- 0
   Incoming Energy [8.026433522257174e-05, 9.221978823334323e-05)
     Total Material
       Flux                                 0 +/- 0
   Incoming Energy [9.221978823334323e-05, 0.00010595601792776158)
     Total Material
       Flux                                 0 +/- 0
   Incoming Energy [0.00010595601792776158, 0.00012173827277396621)
     Total Material
       Flux                                 0 +/- 0
   Incoming Energy [0.00012173827277396621, 0.00013987131026472387)
     Total Material
       Flux                                 0 +/- 0
   Incoming Energy [0.00013987131026472387, 0.00016070528182616383)
     Total Material
       Flux                                 0 +/- 0
   Incoming Energy [0.00016070528182616383, 0.00018464249428955425)
     Total Material
       Flux                                 7.07664e-06 +/- 4.83888e-06
   Incoming Energy [0.00018464249428955425, 0.00021214517849106298)
     Total Material
       Flux                                 1.08112e-05 +/- 9.03211e-06
   Incoming Energy [0.00021214517849106298, 0.00024374441501222218)
     Total Material
       Flux                                 8.21463e-06 +/- 6.07359e-06
   Incoming Energy [0.00024374441501222218, 0.0002800503894183631)
     Total Material
       Flux                                 7.48434e-06 +/- 6.56474e-06
   Incoming Energy [0.0002800503894183631, 0.0003217641750250735)
     Total Material
       Flux                                 1.25307e-05 +/- 6.88015e-06
   Incoming Energy [0.0003217641750250735, 0.00036969127071950243)
     Total Material
       Flux                                 1.25794e-05 +/- 8.31628e-06
   Incoming Energy [0.00036969127071950243, 0.00042475715525368984)
     Total Material
       Flux                                 1.3286e-05 +/- 1.00232e-05
   Incoming Energy [0.00042475715525368984, 0.0004880251583654434)
     Total Material
       Flux                                 2.30702e-05 +/- 1.35416e-05
   Incoming Energy [0.0004880251583654434, 0.0005607169938205458)
     Total Material
       Flux                                 6.15601e-05 +/- 2.5254e-05
   Incoming Energy [0.0005607169938205458, 0.000644236350872137)
     Total Material
       Flux                                 2.06787e-05 +/- 1.50289e-05
   Incoming Energy [0.000644236350872137, 0.0007401959996915637)
     Total Material
       Flux                                 4.38366e-05 +/- 1.90985e-05
   Incoming Energy [0.0007401959996915637, 0.0008504489341802677)
     Total Material
       Flux                                 2.02722e-05 +/- 1.79138e-05
   Incoming Energy [0.0008504489341802677, 0.00097712415353465)
     Total Material
       Flux                                 3.87457e-05 +/- 2.02684e-05
   Incoming Energy [0.00097712415353465, 0.0011226677735108135)
     Total Material
       Flux                                 8.80896e-05 +/- 3.24935e-05
   Incoming Energy [0.0011226677735108135, 0.001289890261253308)
     Total Material
       Flux                                 3.26027e-05 +/- 8.61937e-06
   Incoming Energy [0.001289890261253308, 0.0014820207057988585)
     Total Material
       Flux                                 0.000222499 +/- 4.66786e-05
   Incoming Energy [0.0014820207057988585, 0.0017027691722258996)
     Total Material
       Flux                                 0.000230692 +/- 8.75348e-05
   Incoming Energy [0.0017027691722258996, 0.0019563983435170627)
     Total Material
       Flux                                 0.000189755 +/- 5.16814e-05
   Incoming Energy [0.0019563983435170627, 0.002247805833548725)
     Total Material
       Flux                                 0.00033788 +/- 8.03459e-05
   Incoming Energy [0.002247805833548725, 0.002582618760682675)
     Total Material
       Flux                                 0.000369439 +/- 6.3679e-05
   Incoming Energy [0.002582618760682675, 0.0029673024081888696)
     Total Material
       Flux                                 0.00034017 +/- 5.99162e-05
   Incoming Energy [0.0029673024081888696, 0.003409285069746811)
     Total Material
       Flux                                 0.000622784 +/- 0.000150752
   Incoming Energy [0.003409285069746811, 0.003917101490809256)
     Total Material
       Flux                                 0.00123075 +/- 0.000169615
   Incoming Energy [0.003917101490809256, 0.004500557675700498)
     Total Material
       Flux                                 0.00112544 +/- 0.000149799
   Incoming Energy [0.004500557675700498, 0.0051709202428967555)
     Total Material
       Flux                                 0.00164514 +/- 0.000166184
   Incoming Energy [0.0051709202428967555, 0.0059411339849650335)
     Total Material
       Flux                                 0.00199963 +/- 0.000270699
   Incoming Energy [0.0059411339849650335, 0.006826071834272386)
     Total Material
       Flux                                 0.00231766 +/- 0.000225767
   Incoming Energy [0.006826071834272386, 0.007842822061337682)
     Total Material
       Flux                                 0.00302643 +/- 0.000289167
   Incoming Energy [0.007842822061337682, 0.009011018251665018)
     Total Material
       Flux                                 0.00469171 +/- 0.000367544
   Incoming Energy [0.009011018251665018, 0.010353218432956616)
     Total Material
       Flux                                 0.00588048 +/- 0.000478745
   Incoming Energy [0.010353218432956616, 0.011895340673703195)
     Total Material
       Flux                                 0.00605834 +/- 0.000560859
   Incoming Energy [0.011895340673703195, 0.013667163564620059)
     Total Material
       Flux                                 0.00888021 +/- 0.000856718
   Incoming Energy [0.013667163564620059, 0.015702901247293774)
     Total Material
       Flux                                 0.0087394 +/- 0.00062791
   Incoming Energy [0.015702901247293774, 0.018041864093920716)
     Total Material
       Flux                                 0.012231 +/- 0.000849712
   Incoming Energy [0.018041864093920716, 0.0207292177959537)
     Total Material
       Flux                                 0.0131026 +/- 0.000688937
   Incoming Energy [0.0207292177959537, 0.023816855519761582)
     Total Material
       Flux                                 0.0165007 +/- 0.00109988
   Incoming Energy [0.023816855519761582, 0.027364399970746692)
     Total Material
       Flux                                 0.0192058 +/- 0.0010281
   Incoming Energy [0.027364399970746692, 0.031440354715915)
     Total Material
       Flux                                 0.0245632 +/- 0.00132178
   Incoming Energy [0.031440354715915, 0.0361234269970943)
     Total Material
       Flux                                 0.0261118 +/- 0.000975198
   Incoming Energy [0.0361234269970943, 0.041504047578504726)
     Total Material
       Flux                                 0.0294175 +/- 0.00130104
   Incoming Energy [0.041504047578504726, 0.04768611697714469)
     Total Material
       Flux                                 0.0311524 +/- 0.00145082
   Incoming Energy [0.04768611697714469, 0.054789011795939396)
     Total Material
       Flux                                 0.0346271 +/- 0.000868543
   Incoming Energy [0.054789011795939396, 0.06294988990221888)
     Total Material
       Flux                                 0.0381554 +/- 0.00131257
   Incoming Energy [0.06294988990221888, 0.07232633896483534)
     Total Material
       Flux                                 0.0372932 +/- 0.00121413
   Incoming Energy [0.07232633896483534, 0.08309941949353386)
     Total Material
       Flux                                 0.0376194 +/- 0.00167814
   Incoming Energy [0.08309941949353386, 0.09547716114208056)
     Total Material
       Flux                                 0.0381549 +/- 0.000858035
   Incoming Energy [0.09547716114208056, 0.1096985797892384)
     Total Material
       Flux                                 0.0374536 +/- 0.00188055
   Incoming Energy [0.1096985797892384, 0.12603829296797275)
     Total Material
       Flux                                 0.0361112 +/- 0.00169377
   Incoming Energy [0.12603829296797275, 0.1448118227674533)
     Total Material
       Flux                                 0.0357181 +/- 0.00137282
   Incoming Energy [0.1448118227674533, 0.16638168860761274)
     Total Material
       Flux                                 0.0347055 +/- 0.00177684
   Incoming Energy [0.16638168860761274, 0.19116440753856997)
     Total Material
       Flux                                 0.0323917 +/- 0.00191707
   Incoming Energy [0.19116440753856997, 0.2196385372416547)
     Total Material
       Flux                                 0.0299655 +/- 0.00138764
   Incoming Energy [0.2196385372416547, 0.2523539170434766)
     Total Material
       Flux                                 0.0314519 +/- 0.00171007
   Incoming Energy [0.2523539170434766, 0.28994228538828754)
     Total Material
       Flux                                 0.0335728 +/- 0.00183543
   Incoming Energy [0.28994228538828754, 0.333129478793467)
     Total Material
       Flux                                 0.0345717 +/- 0.00112405
   Incoming Energy [0.333129478793467, 0.38274944785163073)
     Total Material
       Flux                                 0.0344767 +/- 0.00187528
   Incoming Energy [0.38274944785163073, 0.4397603609302721)
     Total Material
       Flux                                 0.037706 +/- 0.0015275
   Incoming Energy [0.4397603609302721, 0.505263106533568)
     Total Material
       Flux                                 0.0429594 +/- 0.00157121
   Incoming Energy [0.505263106533568, 0.5805225516094895)
     Total Material
       Flux                                 0.0428706 +/- 0.000926055
   Incoming Energy [0.5805225516094895, 0.6669919663030115)
     Total Material
       Flux                                 0.0396038 +/- 0.00167674
   Incoming Energy [0.6669919663030115, 0.7663410868007446)
     Total Material
       Flux                                 0.043516 +/- 0.00199214
   Incoming Energy [0.7663410868007446, 0.8804883581643465)
     Total Material
       Flux                                 0.0447811 +/- 0.00159328
   Incoming Energy [0.8804883581643465, 1.011637979766207)
     Total Material
       Flux                                 0.042802 +/- 0.00249644
   Incoming Energy [1.011637979766207, 1.162322468679852)
     Total Material
       Flux                                 0.0407942 +/- 0.0015756
   Incoming Energy [1.162322468679852, 1.3354515629298973)
     Total Material
       Flux                                 0.0453965 +/- 0.00200136
   Incoming Energy [1.3354515629298973, 1.53436840893001)
     Total Material
       Flux                                 0.0502403 +/- 0.00142698
   Incoming Energy [1.53436840893001, 1.762914118095948)
     Total Material
       Flux                                 0.0456195 +/- 0.00169155
   Incoming Energy [1.762914118095948, 2.0255019392306663)
     Total Material
       Flux                                 0.0472174 +/- 0.00189393
   Incoming Energy [2.0255019392306663, 2.327202478960407)
     Total Material
       Flux                                 0.0489722 +/- 0.00178727
   Incoming Energy [2.327202478960407, 2.673841615839944)
     Total Material
       Flux                                 0.0486829 +/- 0.00177165
   Incoming Energy [2.673841615839944, 3.072112998861753)
     Total Material
       Flux                                 0.0482116 +/- 0.00191497
   Incoming Energy [3.072112998861753, 3.52970730273065)
     Total Material
       Flux                                 0.0481961 +/- 0.00215242
   Incoming Energy [3.52970730273065, 4.0554607358408274)
     Total Material
       Flux                                 0.0489971 +/- 0.00245217
   Incoming Energy [4.0554607358408274, 4.659525668664678)
     Total Material
       Flux                                 0.0502781 +/- 0.00301829
   Incoming Energy [4.659525668664678, 5.3535666774107185)
     Total Material
       Flux                                 0.0481612 +/- 0.00165172
   Incoming Energy [5.3535666774107185, 6.150985788580504)
     Total Material
       Flux                                 0.0503459 +/- 0.00164934
   Incoming Energy [6.150985788580504, 7.067181273927491)
     Total Material
       Flux                                 0.0378551 +/- 0.00148458
   Incoming Energy [7.067181273927491, 8.119844993184008)
     Total Material
       Flux                                 0.0557769 +/- 0.00199836
   Incoming Energy [8.119844993184008, 9.329304026284676)
     Total Material
       Flux                                 0.0495853 +/- 0.00234851
   Incoming Energy [9.329304026284676, 10.718913192051264)
     Total Material
       Flux                                 0.0529583 +/- 0.00192551
   Incoming Energy [10.718913192051264, 12.315506032928262)
     Total Material
       Flux                                 0.0522839 +/- 0.00220862
   Incoming Energy [12.315506032928262, 14.149912974345758)
     Total Material
       Flux                                 0.0533433 +/- 0.00150627
   Incoming Energy [14.149912974345758, 16.257556664437935)
     Total Material
       Flux                                 0.0566576 +/- 0.00257559
   Incoming Energy [16.257556664437935, 18.679135990207808)
     Total Material
       Flux                                 0.0593126 +/- 0.00157831
   Incoming Energy [18.679135990207808, 21.461411978584014)
     Total Material
       Flux                                 0.0512084 +/- 0.00193866
   Incoming Energy [21.461411978584014, 24.658110758226037)
     Total Material
       Flux                                 0.0576666 +/- 0.00134697
   Incoming Energy [24.658110758226037, 28.330961018393243)
     Total Material
       Flux                                 0.0601813 +/- 0.00200551
   Incoming Energy [28.330961018393243, 32.550885998350566)
     Total Material
       Flux                                 0.0640188 +/- 0.00315728
   Incoming Energy [32.550885998350566, 37.39937302478794)
     Total Material
       Flux                                 0.0553429 +/- 0.00226973
   Incoming Energy [37.39937302478794, 42.97004704320835)
     Total Material
       Flux                                 0.0595276 +/- 0.00261448
   Incoming Energy [42.97004704320835, 49.37047852839004)
     Total Material
       Flux                                 0.0615229 +/- 0.00252598
   Incoming Energy [49.37047852839004, 56.72426068491978)
     Total Material
       Flux                                 0.0650169 +/- 0.00182542
   Incoming Energy [56.72426068491978, 65.1733960488242)
     Total Material
       Flux                                 0.0686166 +/- 0.00221255
   Incoming Energy [65.1733960488242, 74.88103857590015)
     Total Material
       Flux                                 0.0693875 +/- 0.00219029
   Incoming Energy [74.88103857590015, 86.03464416684491)
     Total Material
       Flux                                 0.0680198 +/- 0.00284841
   Incoming Energy [86.03464416684491, 98.84959046625586)
     Total Material
       Flux                                 0.072343 +/- 0.0025602
   Incoming Energy [98.84959046625586, 113.57333583431051)
     Total Material
       Flux                                 0.0690374 +/- 0.00199704
   Incoming Energy [113.57333583431051, 130.49019780144016)
     Total Material
       Flux                                 0.0725829 +/- 0.00230832
   Incoming Energy [130.49019780144016, 149.9268432786044)
     Total Material
       Flux                                 0.0721096 +/- 0.00257777
   Incoming Energy [149.9268432786044, 172.2585965398784)
     Total Material
       Flux                                 0.0736975 +/- 0.00184305
   Incoming Energy [172.2585965398784, 197.91668678535572)
     Total Material
       Flux                                 0.0749094 +/- 0.00316112
   Incoming Energy [197.91668678535572, 227.39657523579274)
     Total Material
       Flux                                 0.0701295 +/- 0.0023612
   Incoming Energy [227.39657523579274, 261.26752255633266)
     Total Material
       Flux                                 0.0812231 +/- 0.00277339
   Incoming Energy [261.26752255633266, 300.1835813575586)
     Total Material
       Flux                                 0.0762548 +/- 0.00192341
   Incoming Energy [300.1835813575586, 344.89622604057524)
     Total Material
       Flux                                 0.0818984 +/- 0.00260655
   Incoming Energy [344.89622604057524, 396.2688638701478)
     Total Material
       Flux                                 0.0793653 +/- 0.00362059
   Incoming Energy [396.2688638701478, 455.29350748669475)
     Total Material
       Flux                                 0.0794994 +/- 0.00296599
   Incoming Energy [455.29350748669475, 523.1099308056258)
     Total Material
       Flux                                 0.0796682 +/- 0.00187241
   Incoming Energy [523.1099308056258, 601.0276782070375)
     Total Material
       Flux                                 0.0813465 +/- 0.00175909
   Incoming Energy [601.0276782070375, 690.5513520162317)
     Total Material
       Flux                                 0.0852615 +/- 0.00271581
   Incoming Energy [690.5513520162317, 793.4096665797492)
     Total Material
       Flux                                 0.0800966 +/- 0.0025824
   Incoming Energy [793.4096665797492, 911.5888299750818)
     Total Material
       Flux                                 0.0799517 +/- 0.00252509
   Incoming Energy [911.5888299750818, 1047.3708979594487)
     Total Material
       Flux                                 0.0830224 +/- 0.00300801
   Incoming Energy [1047.3708979594487, 1203.3778407775906)
     Total Material
       Flux                                 0.0840186 +/- 0.00318553
   Incoming Energy [1203.3778407775906, 1382.6221737646536)
     Total Material
       Flux                                 0.0875631 +/- 0.00343903
   Incoming Energy [1382.6221737646536, 1588.5651294280526)
     Total Material
       Flux                                 0.0849121 +/- 0.00194047
   Incoming Energy [1588.5651294280526, 1825.1834943190388)
     Total Material
       Flux                                 0.0830375 +/- 0.00288872
   Incoming Energy [1825.1834943190388, 2097.046401323231)
     Total Material
       Flux                                 0.0854079 +/- 0.00219665
   Incoming Energy [2097.046401323231, 2409.403560239527)
     Total Material
       Flux                                 0.0819014 +/- 0.00291421
   Incoming Energy [2409.403560239527, 2768.286630392061)
     Total Material
       Flux                                 0.0880358 +/- 0.00357463
   Incoming Energy [2768.286630392061, 3180.625692794119)
     Total Material
       Flux                                 0.0835733 +/- 0.00226462
   Incoming Energy [3180.625692794119, 3654.383070957247)
     Total Material
       Flux                                 0.0911565 +/- 0.00281558
   Incoming Energy [3654.383070957247, 4198.707084443906)
     Total Material
       Flux                                 0.0846631 +/- 0.0024445
   Incoming Energy [4198.707084443906, 4824.108704165374)
     Total Material
       Flux                                 0.0893009 +/- 0.00273712
   Incoming Energy [4824.108704165374, 5542.664520663096)
     Total Material
       Flux                                 0.0935694 +/- 0.00372732
   Incoming Energy [5542.664520663096, 6368.249944718586)
     Total Material
       Flux                                 0.0895305 +/- 0.00318669
   Incoming Energy [6368.249944718586, 7316.807143427177)
     Total Material
       Flux                                 0.0891255 +/- 0.00283455
   Incoming Energy [7316.807143427177, 8406.652885618316)
     Total Material
       Flux                                 0.0934904 +/- 0.00265955
   Incoming Energy [8406.652885618316, 9658.832241158709)
     Total Material
       Flux                                 0.0923646 +/- 0.00325937
   Incoming Energy [9658.832241158709, 11097.5249641207)
     Total Material
       Flux                                 0.0943914 +/- 0.00255154
   Incoming Energy [11097.5249641207, 12750.512407130129)
     Total Material
       Flux                                 0.0933913 +/- 0.00319513
   Incoming Energy [12750.512407130129, 14649.713983072817)
     Total Material
       Flux                                 0.0987325 +/- 0.00298957
   Incoming Energy [14649.713983072817, 16831.80353330955)
     Total Material
       Flux                                 0.0970611 +/- 0.00272894
   Incoming Energy [16831.80353330955, 19338.91750455232)
     Total Material
       Flux                                 0.0972933 +/- 0.00193814
   Incoming Energy [19338.91750455232, 22219.468609395193)
     Total Material
       Flux                                 0.103105 +/- 0.00249604
   Incoming Energy [22219.468609395193, 25529.080682395164)
     Total Material
       Flux                                 0.0983325 +/- 0.00314497
   Incoming Energy [25529.080682395164, 29331.662783900363)
     Total Material
       Flux                                 0.112295 +/- 0.00464039
   Incoming Energy [29331.662783900363, 33700.64329271925)
     Total Material
       Flux                                 0.101627 +/- 0.00357184
   Incoming Energy [33700.64329271925, 38720.38781812557)
     Total Material
       Flux                                 0.107739 +/- 0.00255543
   Incoming Energy [38720.38781812557, 44487.82831127576)
     Total Material
       Flux                                 0.114512 +/- 0.00417019
   Incoming Energy [44487.82831127576, 51114.334834401656)
     Total Material
       Flux                                 0.120235 +/- 0.00362676
   Incoming Energy [51114.334834401656, 58727.86613189465)
     Total Material
       Flux                                 0.123266 +/- 0.00295427
   Incoming Energy [58727.86613189465, 67475.44053110685)
     Total Material
       Flux                                 0.126598 +/- 0.00397772
   Incoming Energy [67475.44053110685, 77525.97488629464)
     Total Material
       Flux                                 0.135932 +/- 0.00287335
   Incoming Energy [77525.97488629464, 89073.54638610421)
     Total Material
       Flux                                 0.142537 +/- 0.00448277
   Incoming Energy [89073.54638610421, 102341.14021054527)
     Total Material
       Flux                                 0.146733 +/- 0.0053641
   Incoming Energy [102341.14021054527, 117584.95540521534)
     Total Material
       Flux                                 0.158038 +/- 0.00292653
   Incoming Energy [117584.95540521534, 135099.3521198025)
     Total Material
       Flux                                 0.167645 +/- 0.00498395
   Incoming Energy [135099.3521198025, 155222.5357427048)
     Total Material
       Flux                                 0.171394 +/- 0.00497839
   Incoming Energy [155222.5357427048, 178343.08769319058)
     Total Material
       Flux                                 0.187903 +/- 0.00665264
   Incoming Energy [178343.08769319058, 204907.4689815846)
     Total Material
       Flux                                 0.206452 +/- 0.00566145
   Incoming Energy [204907.4689815846, 235428.64143224107)
     Total Material
       Flux                                 0.221275 +/- 0.00609166
   Incoming Energy [235428.64143224107, 270495.97304631316)
     Total Material
       Flux                                 0.234532 +/- 0.00608187
   Incoming Energy [270495.97304631316, 310786.6187782014)
     Total Material
       Flux                                 0.256898 +/- 0.00566813
   Incoming Energy [310786.6187782014, 357078.59649004554)
     Total Material
       Flux                                 0.296498 +/- 0.00648308
   Incoming Energy [357078.59649004554, 410265.81058271904)
     Total Material
       Flux                                 0.248392 +/- 0.00508317
   Incoming Energy [410265.81058271904, 471375.31341167097)
     Total Material
       Flux                                 0.217284 +/- 0.00508054
   Incoming Energy [471375.31341167097, 541587.1378079465)
     Total Material
       Flux                                 0.304049 +/- 0.00447058
   Incoming Energy [541587.1378079465, 622257.0836730232)
     Total Material
       Flux                                 0.359059 +/- 0.0108264
   Incoming Energy [622257.0836730232, 714942.8986597562)
     Total Material
       Flux                                 0.40076 +/- 0.00971769
   Incoming Energy [714942.8986597562, 821434.3584919422)
     Total Material
       Flux                                 0.433045 +/- 0.00837841
   Incoming Energy [821434.3584919422, 943787.8277775352)
     Total Material
       Flux                                 0.360223 +/- 0.00660226
   Incoming Energy [943787.8277775352, 1084365.9686896086)
     Total Material
       Flux                                 0.287172 +/- 0.00736566
   Incoming Energy [1084365.9686896086, 1245883.3642950081)
     Total Material
       Flux                                 0.380596 +/- 0.0126561
   Incoming Energy [1245883.3642950081, 1431458.9375234756)
     Total Material
       Flux                                 0.375604 +/- 0.00928367
   Incoming Energy [1431458.9375234756, 1644676.1779946627)
     Total Material
       Flux                                 0.406277 +/- 0.0150299
   Incoming Energy [1644676.1779946627, 1889652.3396912038)
     Total Material
       Flux                                 0.378429 +/- 0.0165795
   Incoming Energy [1889652.3396912038, 2171117.945694501)
     Total Material
       Flux                                 0.37037 +/- 0.0165375
   Incoming Energy [2171117.945694501, 2494508.135230317)
     Total Material
       Flux                                 0.417591 +/- 0.0135144
   Incoming Energy [2494508.135230317, 2866067.616948244)
     Total Material
       Flux                                 0.397801 +/- 0.0189346
   Incoming Energy [2866067.616948244, 3292971.255097148)
     Total Material
       Flux                                 0.346031 +/- 0.0142405
   Incoming Energy [3292971.255097148, 3783462.6171319326)
     Total Material
       Flux                                 0.236123 +/- 0.0121964
   Incoming Energy [3783462.6171319326, 4347013.158125018)
     Total Material
       Flux                                 0.230951 +/- 0.0145678
   Incoming Energy [4347013.158125018, 4994505.11585514)
     Total Material
       Flux                                 0.172742 +/- 0.00947281
   Incoming Energy [4994505.11585514, 5738441.648302381)
     Total Material
       Flux                                 0.123629 +/- 0.00878351
   Incoming Energy [5738441.648302381, 6593188.271333542)
     Total Material
       Flux                                 0.0921285 +/- 0.00832038
   Incoming Energy [6593188.271333542, 7575250.258771921)
     Total Material
       Flux                                 0.0604122 +/- 0.00675069
   Incoming Energy [7575250.258771921, 8703591.361485148)
     Total Material
       Flux                                 0.0254781 +/- 0.00359508
   Incoming Energy [8703591.361485148, 10000000)
     Total Material
       Flux                                 0.0149681 +/- 0.00390967
 ===================>     TALLY 30: FISSION_ENERGY     <====================

 Cell 28
   Incoming Energy [9.999999999999999e-06, 1.1489510001873086e-05)
     Total Material
       Fission Rate                         0 +/- 0
   Incoming Energy [1.1489510001873086e-05, 1.3200884008314168e-05)
     Total Material
       Fission Rate                         0 +/- 0
   Incoming Energy [1.3200884008314168e-05, 1.516716888470924e-05)
     Total Material
       Fission Rate                         0 +/- 0
   Incoming Energy [1.516716888470924e-05, 1.742633386009651e-05)
     Total Material
       Fission Rate                         0 +/- 0
   Incoming Energy [1.742633386009651e-05, 2.0022003718155845e-05)
     Total Material
       Fission Rate                         0 +/- 0
   Incoming Energy [2.0022003718155845e-05, 2.3004301197729168e-05)
     Total Material
       Fission Rate                         0 +/- 0
   Incoming Energy [2.3004301197729168e-05, 2.643081486974103e-05)
     Total Material
       Fission Rate                         0 +/- 0
   Incoming Energy [2.643081486974103e-05, 3.0367711180354606e-05)
     Total Material
       Fission Rate                         0 +/- 0
   Incoming Energy [3.0367711180354606e-05, 3.489101213406774e-05)
     Total Material
       Fission Rate                         0 +/- 0
   Incoming Energy [3.489101213406774e-05, 4.008806328898465e-05)
     Total Material
       Fission Rate                         0 +/- 0
   Incoming Energy [4.008806328898465e-05, 4.6059220411451034e-05)
     Total Material
       Fission Rate                         0 +/- 0
   Incoming Energy [4.6059220411451034e-05, 5.2919787359584364e-05)
     Total Material
       Fission Rate                         0 +/- 0
   Incoming Energy [5.2919787359584364e-05, 6.080224261649427e-05)
     Total Material
       Fission Rate                         0 +/- 0
   Incoming Energy [6.080224261649427e-05, 6.985879746785249e-05)
     Total Material
       Fission Rate                         0 +/- 0
   Incoming Energy [6.985879746785249e-05, 8.026433522257174e-05)
     Total Material
       Fission Rate                         0 +/- 0
   Incoming Energy [8.026433522257174e-05, 9.221978823334323e-05)
     Total Material
       Fission Rate                         0 +/- 0
   Incoming Energy [9.221978823334323e-05, 0.00010595601792776158)
     Total Material
       Fission Rate                         0 +/- 0
   Incoming Energy [0.00010595601792776158, 0.00012173827277396621)
     Total Material
       Fission Rate                         0 +/- 0
   Incoming Energy [0.00012173827277396621, 0.00013987131026472387)
     Total Material
       Fission Rate                         0 +/- 0
   Incoming Energy [0.00013987131026472387, 0.00016070528182616383)
     Total Material
       Fission Rate                         0 +/- 0
   Incoming Energy [0.00016070528182616383, 0.00018464249428955425)
     Total Material
       Fission Rate                         0 +/- 0
   Incoming Energy [0.00018464249428955425, 0.00021214517849106298)
     Total Material
       Fission Rate                         0 +/- 0
   Incoming Energy [0.00021214517849106298, 0.00024374441501222218)
     Total Material
       Fission Rate                         0 +/- 0
   Incoming Energy [0.00024374441501222218, 0.0002800503894183631)
     Total Material
       Fission Rate                         0 +/- 0
   Incoming Energy [0.0002800503894183631, 0.0003217641750250735)
     Total Material
       Fission Rate                         0 +/- 0
   Incoming Energy [0.0003217641750250735, 0.00036969127071950243)
     Total Material
       Fission Rate                         0 +/- 0
   Incoming Energy [0.00036969127071950243, 0.00042475715525368984)
     Total Material
       Fission Rate                         0 +/- 0
   Incoming Energy [0.00042475715525368984, 0.0004880251583654434)
     Total Material
       Fission Rate                         0 +/- 0
   Incoming Energy [0.0004880251583654434, 0.0005607169938205458)
     Total Material
       Fission Rate                         0 +/- 0
   Incoming Energy [0.0005607169938205458, 0.000644236350872137)
     Total Material
       Fission Rate                         0 +/- 0
   Incoming Energy [0.000644236350872137, 0.0007401959996915637)
     Total Material
       Fission Rate                         0 +/- 0
   Incoming Energy [0.0007401959996915637, 0.0008504489341802677)
     Total Material
       Fission Rate                         0 +/- 0
   Incoming Energy [0.0008504489341802677, 0.00097712415353465)
     Total Material
       Fission Rate                         0 +/- 0
   Incoming Energy [0.00097712415353465, 0.0011226677735108135)
     Total Material
       Fission Rate                         2.78185e-05 +/- 2.78185e-05
   Incoming Energy [0.0011226677735108135, 0.001289890261253308)
     Total Material
       Fission Rate                         0.000100011 +/- 7.4492e-05
   Incoming Energy [0.001289890261253308, 0.0014820207057988585)
     Total Material
       Fission Rate                         0.000302688 +/- 0.000174303
   Incoming Energy [0.0014820207057988585, 0.0017027691722258996)
     Total Material
       Fission Rate                         6.69118e-05 +/- 5.94231e-05
   Incoming Energy [0.0017027691722258996, 0.0019563983435170627)
     Total Material
       Fission Rate                         0.000365588 +/- 0.000198018
   Incoming Energy [0.0019563983435170627, 0.002247805833548725)
     Total Material
       Fission Rate                         0.000123036 +/- 7.71068e-05
   Incoming Energy [0.002247805833548725, 0.002582618760682675)
     Total Material
       Fission Rate                         0.000379074 +/- 0.000144517
   Incoming Energy [0.002582618760682675, 0.0029673024081888696)
     Total Material
       Fission Rate                         0.000238967 +/- 7.88447e-05
   Incoming Energy [0.0029673024081888696, 0.003409285069746811)
     Total Material
       Fission Rate                         0.000372299 +/- 0.000259253
   Incoming Energy [0.003409285069746811, 0.003917101490809256)
     Total Material
       Fission Rate                         0.000310783 +/- 0.000146279
   Incoming Energy [0.003917101490809256, 0.004500557675700498)
     Total Material
       Fission Rate                         0.000805596 +/- 0.000220804
   Incoming Energy [0.004500557675700498, 0.0051709202428967555)
     Total Material
       Fission Rate                         0.00111471 +/- 0.000275381
   Incoming Energy [0.0051709202428967555, 0.0059411339849650335)
     Total Material
       Fission Rate                         0.00123705 +/- 0.000356647
   Incoming Energy [0.0059411339849650335, 0.006826071834272386)
     Total Material
       Fission Rate                         0.00170408 +/- 0.000394034
   Incoming Energy [0.006826071834272386, 0.007842822061337682)
     Total Material
       Fission Rate                         0.00151571 +/- 0.000222744
   Incoming Energy [0.007842822061337682, 0.009011018251665018)
     Total Material
       Fission Rate                         0.00378674 +/- 0.000789946
   Incoming Energy [0.009011018251665018, 0.010353218432956616)
     Total Material
       Fission Rate                         0.00426743 +/- 0.000675773
   Incoming Energy [0.010353218432956616, 0.011895340673703195)
     Total Material
       Fission Rate                         0.00289191 +/- 0.000402679
   Incoming Energy [0.011895340673703195, 0.013667163564620059)
     Total Material
       Fission Rate                         0.00545714 +/- 0.000687171
   Incoming Energy [0.013667163564620059, 0.015702901247293774)
     Total Material
       Fission Rate                         0.00668602 +/- 0.000868694
   Incoming Energy [0.015702901247293774, 0.018041864093920716)
     Total Material
       Fission Rate                         0.00795526 +/- 0.000729697
   Incoming Energy [0.018041864093920716, 0.0207292177959537)
     Total Material
       Fission Rate                         0.00795398 +/- 0.000914408
   Incoming Energy [0.0207292177959537, 0.023816855519761582)
     Total Material
       Fission Rate                         0.00999596 +/- 0.000715452
   Incoming Energy [0.023816855519761582, 0.027364399970746692)
     Total Material
       Fission Rate                         0.0111528 +/- 0.00110215
   Incoming Energy [0.027364399970746692, 0.031440354715915)
     Total Material
       Fission Rate                         0.0149232 +/- 0.00095618
   Incoming Energy [0.031440354715915, 0.0361234269970943)
     Total Material
       Fission Rate                         0.0166605 +/- 0.00122412
   Incoming Energy [0.0361234269970943, 0.041504047578504726)
     Total Material
       Fission Rate                         0.0150517 +/- 0.000993951
   Incoming Energy [0.041504047578504726, 0.04768611697714469)
     Total Material
       Fission Rate                         0.0163764 +/- 0.00107041
   Incoming Energy [0.04768611697714469, 0.054789011795939396)
     Total Material
       Fission Rate                         0.016848 +/- 0.000981411
   Incoming Energy [0.054789011795939396, 0.06294988990221888)
     Total Material
       Fission Rate                         0.0202853 +/- 0.00128639
   Incoming Energy [0.06294988990221888, 0.07232633896483534)
     Total Material
       Fission Rate                         0.0190115 +/- 0.000691945
   Incoming Energy [0.07232633896483534, 0.08309941949353386)
     Total Material
       Fission Rate                         0.0168648 +/- 0.000917452
   Incoming Energy [0.08309941949353386, 0.09547716114208056)
     Total Material
       Fission Rate                         0.0189091 +/- 0.000813785
   Incoming Energy [0.09547716114208056, 0.1096985797892384)
     Total Material
       Fission Rate                         0.0163968 +/- 0.00126525
   Incoming Energy [0.1096985797892384, 0.12603829296797275)
     Total Material
       Fission Rate                         0.0131677 +/- 0.00123576
   Incoming Energy [0.12603829296797275, 0.1448118227674533)
     Total Material
       Fission Rate                         0.0123196 +/- 0.000849435
   Incoming Energy [0.1448118227674533, 0.16638168860761274)
     Total Material
       Fission Rate                         0.0119018 +/- 0.000701316
   Incoming Energy [0.16638168860761274, 0.19116440753856997)
     Total Material
       Fission Rate                         0.0112961 +/- 0.000958923
   Incoming Energy [0.19116440753856997, 0.2196385372416547)
     Total Material
       Fission Rate                         0.0109014 +/- 0.000566596
   Incoming Energy [0.2196385372416547, 0.2523539170434766)
     Total Material
       Fission Rate                         0.0116415 +/- 0.000637967
   Incoming Energy [0.2523539170434766, 0.28994228538828754)
     Total Material
       Fission Rate                         0.0103133 +/- 0.000654089
   Incoming Energy [0.28994228538828754, 0.333129478793467)
     Total Material
       Fission Rate                         0.0120615 +/- 0.00076765
   Incoming Energy [0.333129478793467, 0.38274944785163073)
     Total Material
       Fission Rate                         0.0106693 +/- 0.00067608
   Incoming Energy [0.38274944785163073, 0.4397603609302721)
     Total Material
       Fission Rate                         0.00885645 +/- 0.000651911
   Incoming Energy [0.4397603609302721, 0.505263106533568)
     Total Material
       Fission Rate                         0.00873934 +/- 0.000534634
   Incoming Energy [0.505263106533568, 0.5805225516094895)
     Total Material
       Fission Rate                         0.00747722 +/- 0.000455694
   Incoming Energy [0.5805225516094895, 0.6669919663030115)
     Total Material
       Fission Rate                         0.0063295 +/- 0.000316129
   Incoming Energy [0.6669919663030115, 0.7663410868007446)
     Total Material
       Fission Rate                         0.00624826 +/- 0.00043525
   Incoming Energy [0.7663410868007446, 0.8804883581643465)
     Total Material
       Fission Rate                         0.00609521 +/- 0.000246946
   Incoming Energy [0.8804883581643465, 1.011637979766207)
     Total Material
       Fission Rate                         0.00590805 +/- 0.000376092
   Incoming Energy [1.011637979766207, 1.162322468679852)
     Total Material
       Fission Rate                         0.00886887 +/- 0.000498734
   Incoming Energy [1.162322468679852, 1.3354515629298973)
     Total Material
       Fission Rate                         0.00495571 +/- 0.000351042
   Incoming Energy [1.3354515629298973, 1.53436840893001)
     Total Material
       Fission Rate                         0.00235674 +/- 0.000136813
   Incoming Energy [1.53436840893001, 1.762914118095948)
     Total Material
       Fission Rate                         0.00200856 +/- 0.000100898
   Incoming Energy [1.762914118095948, 2.0255019392306663)
     Total Material
       Fission Rate                         0.00198769 +/- 0.000115594
   Incoming Energy [2.0255019392306663, 2.327202478960407)
     Total Material
       Fission Rate                         0.00198873 +/- 8.49828e-05
   Incoming Energy [2.327202478960407, 2.673841615839944)
     Total Material
       Fission Rate                         0.00138709 +/- 7.02593e-05
   Incoming Energy [2.673841615839944, 3.072112998861753)
     Total Material
       Fission Rate                         0.00244056 +/- 0.000146557
   Incoming Energy [3.072112998861753, 3.52970730273065)
     Total Material
       Fission Rate                         0.00421226 +/- 0.000178613
   Incoming Energy [3.52970730273065, 4.0554607358408274)
     Total Material
       Fission Rate                         0.00285575 +/- 0.000280973
   Incoming Energy [4.0554607358408274, 4.659525668664678)
     Total Material
       Fission Rate                         0.000519345 +/- 3.3507e-05
   Incoming Energy [4.659525668664678, 5.3535666774107185)
     Total Material
       Fission Rate                         0.0010833 +/- 4.33305e-05
   Incoming Energy [5.3535666774107185, 6.150985788580504)
     Total Material
       Fission Rate                         0.00236262 +/- 0.000125851
   Incoming Energy [6.150985788580504, 7.067181273927491)
     Total Material
       Fission Rate                         0.00223833 +/- 0.000219664
   Incoming Energy [7.067181273927491, 8.119844993184008)
     Total Material
       Fission Rate                         0.00145514 +/- 0.000111658
   Incoming Energy [8.119844993184008, 9.329304026284676)
     Total Material
       Fission Rate                         0.0097355 +/- 0.000730919
   Incoming Energy [9.329304026284676, 10.718913192051264)
     Total Material
       Fission Rate                         0.00382205 +/- 0.000270303
   Incoming Energy [10.718913192051264, 12.315506032928262)
     Total Material
       Fission Rate                         0.00302485 +/- 0.000189721
   Incoming Energy [12.315506032928262, 14.149912974345758)
     Total Material
       Fission Rate                         0.00663509 +/- 0.000399121
   Incoming Energy [14.149912974345758, 16.257556664437935)
     Total Material
       Fission Rate                         0.00368403 +/- 0.000253396
   Incoming Energy [16.257556664437935, 18.679135990207808)
     Total Material
       Fission Rate                         0.00333674 +/- 0.000170453
   Incoming Energy [18.679135990207808, 21.461411978584014)
     Total Material
       Fission Rate                         0.00490714 +/- 0.000401569
   Incoming Energy [21.461411978584014, 24.658110758226037)
     Total Material
       Fission Rate                         0.00500572 +/- 0.000350048
   Incoming Energy [24.658110758226037, 28.330961018393243)
     Total Material
       Fission Rate                         0.006258 +/- 0.000287449
   Incoming Energy [28.330961018393243, 32.550885998350566)
     Total Material
       Fission Rate                         0.00309775 +/- 0.000210142
   Incoming Energy [32.550885998350566, 37.39937302478794)
     Total Material
       Fission Rate                         0.00591644 +/- 0.000394075
   Incoming Energy [37.39937302478794, 42.97004704320835)
     Total Material
       Fission Rate                         0.00442157 +/- 0.000279064
   Incoming Energy [42.97004704320835, 49.37047852839004)
     Total Material
       Fission Rate                         0.00511354 +/- 0.000313405
   Incoming Energy [49.37047852839004, 56.72426068491978)
     Total Material
       Fission Rate                         0.00946332 +/- 0.00060244
   Incoming Energy [56.72426068491978, 65.1733960488242)
     Total Material
       Fission Rate                         0.00440129 +/- 0.000334858
   Incoming Energy [65.1733960488242, 74.88103857590015)
     Total Material
       Fission Rate                         0.00450748 +/- 0.00022742
   Incoming Energy [74.88103857590015, 86.03464416684491)
     Total Material
       Fission Rate                         0.00495183 +/- 0.000264228
   Incoming Energy [86.03464416684491, 98.84959046625586)
     Total Material
       Fission Rate                         0.00406941 +/- 0.00015862
   Incoming Energy [98.84959046625586, 113.57333583431051)
     Total Material
       Fission Rate                         0.00231608 +/- 0.000140018
   Incoming Energy [113.57333583431051, 130.49019780144016)
     Total Material
       Fission Rate                         0.00414911 +/- 0.000256223
   Incoming Energy [130.49019780144016, 149.9268432786044)
     Total Material
       Fission Rate                         0.00411598 +/- 0.000274312
   Incoming Energy [149.9268432786044, 172.2585965398784)
     Total Material
       Fission Rate                         0.00333338 +/- 0.000212748
   Incoming Energy [172.2585965398784, 197.91668678535572)
     Total Material
       Fission Rate                         0.00331869 +/- 0.000217392
   Incoming Energy [197.91668678535572, 227.39657523579274)
     Total Material
       Fission Rate                         0.00387814 +/- 0.000189802
   Incoming Energy [227.39657523579274, 261.26752255633266)
     Total Material
       Fission Rate                         0.00401845 +/- 9.0479e-05
   Incoming Energy [261.26752255633266, 300.1835813575586)
     Total Material
       Fission Rate                         0.00413265 +/- 0.000239591
   Incoming Energy [300.1835813575586, 344.89622604057524)
     Total Material
       Fission Rate                         0.00345507 +/- 0.00014792
   Incoming Energy [344.89622604057524, 396.2688638701478)
     Total Material
       Fission Rate                         0.00226283 +/- 0.000126249
   Incoming Energy [396.2688638701478, 455.29350748669475)
     Total Material
       Fission Rate                         0.00287501 +/- 0.00018665
   Incoming Energy [455.29350748669475, 523.1099308056258)
     Total Material
       Fission Rate                         0.00352953 +/- 0.000181942
   Incoming Energy [523.1099308056258, 601.0276782070375)
     Total Material
       Fission Rate                         0.00285125 +/- 0.000157455
   Incoming Energy [601.0276782070375, 690.5513520162317)
     Total Material
       Fission Rate                         0.00250694 +/- 0.000118444
   Incoming Energy [690.5513520162317, 793.4096665797492)
     Total Material
       Fission Rate                         0.00226636 +/- 9.34292e-05
   Incoming Energy [793.4096665797492, 911.5888299750818)
     Total Material
       Fission Rate                         0.00176812 +/- 9.30483e-05
   Incoming Energy [911.5888299750818, 1047.3708979594487)
     Total Material
       Fission Rate                         0.00157381 +/- 7.2277e-05
   Incoming Energy [1047.3708979594487, 1203.3778407775906)
     Total Material
       Fission Rate                         0.00223445 +/- 0.000108682
   Incoming Energy [1203.3778407775906, 1382.6221737646536)
     Total Material
       Fission Rate                         0.00179198 +/- 9.21718e-05
   Incoming Energy [1382.6221737646536, 1588.5651294280526)
     Total Material
       Fission Rate                         0.00153429 +/- 9.29216e-05
   Incoming Energy [1588.5651294280526, 1825.1834943190388)
     Total Material
       Fission Rate                         0.00146286 +/- 6.36024e-05
   Incoming Energy [1825.1834943190388, 2097.046401323231)
     Total Material
       Fission Rate                         0.00133958 +/- 6.27984e-05
   Incoming Energy [2097.046401323231, 2409.403560239527)
     Total Material
       Fission Rate                         0.00118732 +/- 4.97943e-05
   Incoming Energy [2409.403560239527, 2768.286630392061)
     Total Material
       Fission Rate                         0.00132177 +/- 8.32782e-05
   Incoming Energy [2768.286630392061, 3180.625692794119)
     Total Material
       Fission Rate                         0.00109398 +/- 3.64399e-05
   Incoming Energy [3180.625692794119, 3654.383070957247)
     Total Material
       Fission Rate                         0.0011796 +/- 5.02553e-05
   Incoming Energy [3654.383070957247, 4198.707084443906)
     Total Material
       Fission Rate                         0.0010583 +/- 4.70559e-05
   Incoming Energy [4198.707084443906, 4824.108704165374)
     Total Material
       Fission Rate                         0.00115977 +/- 5.8291e-05
   Incoming Energy [4824.108704165374, 5542.664520663096)
     Total Material
       Fission Rate                         0.00103485 +/- 5.36642e-05
   Incoming Energy [5542.664520663096, 6368.249944718586)
     Total Material
       Fission Rate                         0.000898886 +/- 4.58964e-05
   Incoming Energy [6368.249944718586, 7316.807143427177)
     Total Material
       Fission Rate                         0.000802833 +/- 3.97129e-05
   Incoming Energy [7316.807143427177, 8406.652885618316)
     Total Material
       Fission Rate                         0.000760505 +/- 3.09225e-05
   Incoming Energy [8406.652885618316, 9658.832241158709)
     Total Material
       Fission Rate                         0.000763409 +/- 3.40419e-05
   Incoming Energy [9658.832241158709, 11097.5249641207)
     Total Material
       Fission Rate                         0.000743168 +/- 3.22169e-05
   Incoming Energy [11097.5249641207, 12750.512407130129)
     Total Material
       Fission Rate                         0.000700142 +/- 2.45608e-05
   Incoming Energy [12750.512407130129, 14649.713983072817)
     Total Material
       Fission Rate                         0.00076037 +/- 3.39703e-05
   Incoming Energy [14649.713983072817, 16831.80353330955)
     Total Material
       Fission Rate                         0.000695339 +/- 3.44988e-05
   Incoming Energy [16831.80353330955, 19338.91750455232)
     Total Material
       Fission Rate                         0.000684917 +/- 2.15538e-05
   Incoming Energy [19338.91750455232, 22219.468609395193)
     Total Material
       Fission Rate                         0.000709255 +/- 2.98728e-05
   Incoming Energy [22219.468609395193, 25529.080682395164)
     Total Material
       Fission Rate                         0.000576114 +/- 3.09994e-05
   Incoming Energy [25529.080682395164, 29331.662783900363)
     Total Material
       Fission Rate                         0.000687366 +/- 3.0294e-05
   Incoming Energy [29331.662783900363, 33700.64329271925)
     Total Material
       Fission Rate                         0.000589484 +/- 2.28991e-05
   Incoming Energy [33700.64329271925, 38720.38781812557)
     Total Material
       Fission Rate                         0.000581037 +/- 1.8976e-05
   Incoming Energy [38720.38781812557, 44487.82831127576)
     Total Material
       Fission Rate                         0.000632801 +/- 1.84987e-05
   Incoming Energy [44487.82831127576, 51114.334834401656)
     Total Material
       Fission Rate                         0.000656515 +/- 2.54831e-05
   Incoming Energy [51114.334834401656, 58727.86613189465)
     Total Material
       Fission Rate                         0.000659251 +/- 2.98145e-05
   Incoming Energy [58727.86613189465, 67475.44053110685)
     Total Material
       Fission Rate                         0.000651427 +/- 2.12493e-05
   Incoming Energy [67475.44053110685, 77525.97488629464)
     Total Material
       Fission Rate                         0.000635645 +/- 2.50151e-05
   Incoming Energy [77525.97488629464, 89073.54638610421)
     Total Material
       Fission Rate                         0.000686681 +/- 2.75562e-05
   Incoming Energy [89073.54638610421, 102341.14021054527)
     Total Material
       Fission Rate                         0.000657875 +/- 3.0725e-05
   Incoming Energy [102341.14021054527, 117584.95540521534)
     Total Material
       Fission Rate                         0.000682616 +/- 1.85399e-05
   Incoming Energy [117584.95540521534, 135099.3521198025)
     Total Material
       Fission Rate                         0.000744157 +/- 2.65948e-05
   Incoming Energy [135099.3521198025, 155222.5357427048)
     Total Material
       Fission Rate                         0.000728269 +/- 1.9283e-05
   Incoming Energy [155222.5357427048, 178343.08769319058)
     Total Material
       Fission Rate                         0.000780095 +/- 2.78793e-05
   Incoming Energy [178343.08769319058, 204907.4689815846)
     Total Material
       Fission Rate                         0.000829325 +/- 2.63684e-05
   Incoming Energy [204907.4689815846, 235428.64143224107)
     Total Material
       Fission Rate                         0.000877708 +/- 1.84373e-05
   Incoming Energy [235428.64143224107, 270495.97304631316)
     Total Material
       Fission Rate                         0.000903202 +/- 2.74509e-05
   Incoming Energy [270495.97304631316, 310786.6187782014)
     Total Material
       Fission Rate                         0.00092418 +/- 2.00105e-05
   Incoming Energy [310786.6187782014, 357078.59649004554)
     Total Material
       Fission Rate                         0.00107863 +/- 2.67368e-05
   Incoming Energy [357078.59649004554, 410265.81058271904)
     Total Material
       Fission Rate                         0.000897657 +/- 2.2297e-05
   Incoming Energy [410265.81058271904, 471375.31341167097)
     Total Material
       Fission Rate                         0.000779435 +/- 1.93278e-05
   Incoming Energy [471375.31341167097, 541587.1378079465)
     Total Material
       Fission Rate                         0.00103263 +/- 1.70817e-05
   Incoming Energy [541587.1378079465, 622257.0836730232)
     Total Material
       Fission Rate                         0.0012066 +/- 3.5874e-05
   Incoming Energy [622257.0836730232, 714942.8986597562)
     Total Material
       Fission Rate                         0.00136236 +/- 4.01646e-05
   Incoming Energy [714942.8986597562, 821434.3584919422)
     Total Material
       Fission Rate                         0.00149556 +/- 3.76826e-05
   Incoming Energy [821434.3584919422, 943787.8277775352)
     Total Material
       Fission Rate                         0.00132923 +/- 2.10859e-05
   Incoming Energy [943787.8277775352, 1084365.9686896086)
     Total Material
       Fission Rate                         0.00111932 +/- 2.20978e-05
   Incoming Energy [1084365.9686896086, 1245883.3642950081)
     Total Material
       Fission Rate                         0.00154112 +/- 6.17817e-05
   Incoming Energy [1245883.3642950081, 1431458.9375234756)
     Total Material
       Fission Rate                         0.00191658 +/- 4.61788e-05
   Incoming Energy [1431458.9375234756, 1644676.1779946627)
     Total Material
       Fission Rate                         0.00342179 +/- 0.000119573
   Incoming Energy [1644676.1779946627, 1889652.3396912038)
     Total Material
       Fission Rate                         0.00362152 +/- 0.000163524
   Incoming Energy [1889652.3396912038, 2171117.945694501)
     Total Material
       Fission Rate                         0.00394736 +/- 0.000164829
   Incoming Energy [2171117.945694501, 2494508.135230317)
     Total Material
       Fission Rate                         0.00442726 +/- 0.000146003
   Incoming Energy [2494508.135230317, 2866067.616948244)
     Total Material
       Fission Rate                         0.00409807 +/- 0.000188107
   Incoming Energy [2866067.616948244, 3292971.255097148)
     Total Material
       Fission Rate                         0.00348619 +/- 0.00014472
   Incoming Energy [3292971.255097148, 3783462.6171319326)
     Total Material
       Fission Rate                         0.00241667 +/- 9.32709e-05
   Incoming Energy [3783462.6171319326, 4347013.158125018)
     Total Material
       Fission Rate                         0.00237791 +/- 0.000140641
   Incoming Energy [4347013.158125018, 4994505.11585514)
     Total Material
       Fission Rate                         0.00174765 +/- 9.59431e-05
   Incoming Energy [4994505.11585514, 5738441.648302381)
     Total Material
       Fission Rate                         0.00123539 +/- 8.88638e-05
   Incoming Energy [5738441.648302381, 6593188.271333542)
     Total Material
       Fission Rate                         0.00100987 +/- 9.10594e-05
   Incoming Energy [6593188.271333542, 7575250.258771921)
     Total Material
       Fission Rate                         0.000922355 +/- 9.22056e-05
   Incoming Energy [7575250.258771921, 8703591.361485148)
     Total Material
       Fission Rate                         0.000459981 +/- 5.39933e-05
   Incoming Energy [8703591.361485148, 10000000)
     Total Material
       Fission Rate                         0.000252759 +/- 6.84907e-05
