 =================>     TALLY 19: FUEL_FLUX_SPECTRUM     <==================

 Cell 19
   Incoming Energy [9.999999999999999e-06, 1.1489510001873086e-05)
     Total Material
       Flux                                 0 +/- 0
   Incoming Energy [1.1489510001873086e-05, 1.3200884008314168e-05)
     Total Material
       Flux                                 0 +/- 0
   Incoming Energy [1.3200884008314168e-05, 1.516716888470924e-05)
     Total Material
       Flux                                 0 +/- 0
   Incoming Energy [1.516716888470924e-05, 1.742633386009651e-05)
     Total Material
       Flux                                 0 +/- 0
   Incoming Energy [1.742633386009651e-05, 2.0022003718155845e-05)
     Total Material
       Flux                                 0 +/- 0
   Incoming Energy [2.0022003718155845e-05, 2.3004301197729168e-05)
     Total Material
       Flux                                 0 +/- 0
   Incoming Energy [2.3004301197729168e-05, 2.643081486974103e-05)
     Total Material
       Flux                                 0 +/- 0
   Incoming Energy [2.643081486974103e-05, 3.0367711180354606e-05)
     Total Material
       Flux                                 0 +/- 0
   Incoming Energy [3.0367711180354606e-05, 3.489101213406774e-05)
     Total Material
       Flux                                 0 +/- 0
   Incoming Energy [3.489101213406774e-05, 4.008806328898465e-05)
     Total Material
       Flux                                 0 +/- 0
   Incoming Energy [4.008806328898465e-05, 4.6059220411451034e-05)
     Total Material
       Flux                                 0 +/- 0
   Incoming Energy [4.6059220411451034e-05, 5.2919787359584364e-05)
     Total Material
       Flux                                 0 +/- 0
   Incoming Energy [5.2919787359584364e-05, 6.080224261649427e-05)
     Total Material
       Flux                                 0 +/- 0
   Incoming Energy [6.080224261649427e-05, 6.985879746785249e-05)
     Total Material
       Flux                                 0 +/- 0
   Incoming Energy [6.985879746785249e-05, 8.026433522257174e-05)
     Total Material
       Flux                                 0 +/- 0
   Incoming Energy [8.026433522257174e-05, 9.221978823334323e-05)
     Total Material
       Flux                                 0 +/- 0
   Incoming Energy [9.221978823334323e-05, 0.00010595601792776158)
     Total Material
       Flux                                 0 +/- 0
   Incoming Energy [0.00010595601792776158, 0.00012173827277396621)
     Total Material
       Flux                                 0 +/- 0
   Incoming Energy [0.00012173827277396621, 0.00013987131026472387)
     Total Material
       Flux                                 0 +/- 0
   Incoming Energy [0.00013987131026472387, 0.00016070528182616383)
     Total Material
       Flux                                 0 +/- 0
   Incoming Energy [0.00016070528182616383, 0.00018464249428955425)
     Total Material
       Flux                                 0 +/- 0
   Incoming Energy [0.00018464249428955425, 0.00021214517849106298)
     Total Material
       Flux                                 0 +/- 0
   Incoming Energy [0.00021214517849106298, 0.00024374441501222218)
     Total Material
       Flux                                 0 +/- 0
   Incoming Energy [0.00024374441501222218, 0.0002800503894183631)
     Total Material
       Flux                                 2.29561e-06 +/- 2.29561e-06
   Incoming Energy [0.0002800503894183631, 0.0003217641750250735)
     Total Material
       Flux                                 0 +/- 0
   Incoming Energy [0.0003217641750250735, 0.00036969127071950243)
     Total Material
       Flux                                 1.13597e-07 +/- 1.13597e-07
   Incoming Energy [0.00036969127071950243, 0.00042475715525368984)
     Total Material
       Flux                                 0 +/- 0
   Incoming Energy [0.00042475715525368984, 0.0004880251583654434)
     Total Material
       Flux                                 0 +/- 0
   Incoming Energy [0.0004880251583654434, 0.0005607169938205458)
     Total Material
       Flux                                 0 +/- 0
   Incoming Energy [0.0005607169938205458, 0.000644236350872137)
     Total Material
       Flux                                 0 +/- 0
   Incoming Energy [0.000644236350872137, 0.0007401959996915637)
     Total Material
       Flux                                 3.13614e-06 +/- 3.13614e-06
   Incoming Energy [0.0007401959996915637, 0.0008504489341802677)
     Total Material
       Flux                                 3.32058e-06 +/- 3.32058e-06
   Incoming Energy [0.0008504489341802677, 0.00097712415353465)
     Total Material
       Flux                                 0 +/- 0
   Incoming Energy [0.00097712415353465, 0.0011226677735108135)
     Total Material
       Flux                                 0 +/- 0
   Incoming Energy [0.0011226677735108135, 0.001289890261253308)
     Total Material
       Flux                                 6.23591e-06 +/- 6.23591e-06
   Incoming Energy [0.001289890261253308, 0.0014820207057988585)
     Total Material
       Flux                                 0 +/- 0
   Incoming Energy [0.0014820207057988585, 0.0017027691722258996)
     Total Material
       Flux                                 1.42312e-05 +/- 8.50387e-06
   Incoming Energy [0.0017027691722258996, 0.0019563983435170627)
     Total Material
       Flux                                 2.64297e-05 +/- 1.5962e-05
   Incoming Energy [0.0019563983435170627, 0.002247805833548725)
     Total Material
       Flux                                 2.29382e-06 +/- 2.29382e-06
   Incoming Energy [0.002247805833548725, 0.002582618760682675)
     Total Material
       Flux                                 2.96965e-05 +/- 1.94009e-05
   Incoming Energy [0.002582618760682675, 0.0029673024081888696)
     Total Material
       Flux                                 7.08636e-05 +/- 2.77646e-05
   Incoming Energy [0.0029673024081888696, 0.003409285069746811)
     Total Material
       Flux                                 0.000144481 +/- 5.63732e-05
   Incoming Energy [0.003409285069746811, 0.003917101490809256)
     Total Material
       Flux                                 0.000131229 +/- 4.06601e-05
   Incoming Energy [0.003917101490809256, 0.004500557675700498)
     Total Material
       Flux                                 0.000295489 +/- 8.21265e-05
   Incoming Energy [0.004500557675700498, 0.0051709202428967555)
     Total Material
       Flux                                 0.000186958 +/- 6.19736e-05
   Incoming Energy [0.0051709202428967555, 0.0059411339849650335)
     Total Material
       Flux                                 0.000272435 +/- 6.7668e-05
   Incoming Energy [0.0059411339849650335, 0.006826071834272386)
     Total Material
       Flux                                 0.000256721 +/- 5.56282e-05
   Incoming Energy [0.006826071834272386, 0.007842822061337682)
     Total Material
       Flux                                 0.000575004 +/- 7.4203e-05
   Incoming Energy [0.007842822061337682, 0.009011018251665018)
     Total Material
       Flux                                 0.000327242 +/- 4.86154e-05
   Incoming Energy [0.009011018251665018, 0.010353218432956616)
     Total Material
       Flux                                 0.000992105 +/- 0.000180081
   Incoming Energy [0.010353218432956616, 0.011895340673703195)
     Total Material
       Flux                                 0.00100846 +/- 0.000177115
   Incoming Energy [0.011895340673703195, 0.013667163564620059)
     Total Material
       Flux                                 0.00166339 +/- 0.000163486
   Incoming Energy [0.013667163564620059, 0.015702901247293774)
     Total Material
       Flux                                 0.00184531 +/- 0.000235596
   Incoming Energy [0.015702901247293774, 0.018041864093920716)
     Total Material
       Flux                                 0.00267255 +/- 0.000270842
   Incoming Energy [0.018041864093920716, 0.0207292177959537)
     Total Material
       Flux                                 0.00335853 +/- 0.000316443
   Incoming Energy [0.0207292177959537, 0.023816855519761582)
     Total Material
       Flux                                 0.0039438 +/- 0.000353899
   Incoming Energy [0.023816855519761582, 0.027364399970746692)
     Total Material
       Flux                                 0.00575098 +/- 0.000280541
   Incoming Energy [0.027364399970746692, 0.031440354715915)
     Total Material
       Flux                                 0.00628419 +/- 0.000495251
   Incoming Energy [0.031440354715915, 0.0361234269970943)
     Total Material
       Flux                                 0.00824673 +/- 0.000404878
   Incoming Energy [0.0361234269970943, 0.041504047578504726)
     Total Material
       Flux                                 0.00989774 +/- 0.000668342
   Incoming Energy [0.041504047578504726, 0.04768611697714469)
     Total Material
       Flux                                 0.0101383 +/- 0.000769546
   Incoming Energy [0.04768611697714469, 0.054789011795939396)
     Total Material
       Flux                                 0.0129653 +/- 0.000650673
   Incoming Energy [0.054789011795939396, 0.06294988990221888)
     Total Material
       Flux                                 0.0139184 +/- 0.00073023
   Incoming Energy [0.06294988990221888, 0.07232633896483534)
     Total Material
       Flux                                 0.0142286 +/- 0.000849649
   Incoming Energy [0.07232633896483534, 0.08309941949353386)
     Total Material
       Flux                                 0.0154884 +/- 0.000914821
   Incoming Energy [0.08309941949353386, 0.09547716114208056)
     Total Material
       Flux                                 0.015063 +/- 0.00103832
   Incoming Energy [0.09547716114208056, 0.1096985797892384)
     Total Material
       Flux                                 0.0149612 +/- 0.000976916
   Incoming Energy [0.1096985797892384, 0.12603829296797275)
     Total Material
       Flux                                 0.0144956 +/- 0.000832334
   Incoming Energy [0.12603829296797275, 0.1448118227674533)
     Total Material
       Flux                                 0.0136263 +/- 0.000853448
   Incoming Energy [0.1448118227674533, 0.16638168860761274)
     Total Material
       Flux                                 0.0148482 +/- 0.000874586
   Incoming Energy [0.16638168860761274, 0.19116440753856997)
     Total Material
       Flux                                 0.0151505 +/- 0.000504055
   Incoming Energy [0.19116440753856997, 0.2196385372416547)
     Total Material
       Flux                                 0.0139024 +/- 0.000954281
   Incoming Energy [0.2196385372416547, 0.2523539170434766)
     Total Material
       Flux                                 0.012541 +/- 0.00095106
   Incoming Energy [0.2523539170434766, 0.28994228538828754)
     Total Material
       Flux                                 0.0130009 +/- 0.000679375
   Incoming Energy [0.28994228538828754, 0.333129478793467)
     Total Material
       Flux                                 0.0141793 +/- 0.00090494
   Incoming Energy [0.333129478793467, 0.38274944785163073)
     Total Material
       Flux                                 0.0159384 +/- 0.000927359
   Incoming Energy [0.38274944785163073, 0.4397603609302721)
     Total Material
       Flux                                 0.0162809 +/- 0.000624605
   Incoming Energy [0.4397603609302721, 0.505263106533568)
     Total Material
       Flux                                 0.021078 +/- 0.000967136
   Incoming Energy [0.505263106533568, 0.5805225516094895)
     Total Material
       Flux                                 0.0190954 +/- 0.000978146
   Incoming Energy [0.5805225516094895, 0.6669919663030115)
     Total Material
       Flux                                 0.0235023 +/- 0.00152305
   Incoming Energy [0.6669919663030115, 0.7663410868007446)
     Total Material
       Flux                                 0.0204955 +/- 0.0013971
   Incoming Energy [0.7663410868007446, 0.8804883581643465)
     Total Material
       Flux                                 0.0227546 +/- 0.00148677
   Incoming Energy [0.8804883581643465, 1.011637979766207)
     Total Material
       Flux                                 0.0239726 +/- 0.00189888
   Incoming Energy [1.011637979766207, 1.162322468679852)
     Total Material
       Flux                                 0.0189426 +/- 0.000994235
   Incoming Energy [1.162322468679852, 1.3354515629298973)
     Total Material
       Flux                                 0.0219259 +/- 0.00138955
   Incoming Energy [1.3354515629298973, 1.53436840893001)
     Total Material
       Flux                                 0.0254713 +/- 0.00136753
   Incoming Energy [1.53436840893001, 1.762914118095948)
     Total Material
       Flux                                 0.0236833 +/- 0.00187096
   Incoming Energy [1.762914118095948, 2.0255019392306663)
     Total Material
       Flux                                 0.0266539 +/- 0.00141476
   Incoming Energy [2.0255019392306663, 2.327202478960407)
     Total Material
       Flux                                 0.024808 +/- 0.00137126
   Incoming Energy [2.327202478960407, 2.673841615839944)
     Total Material
       Flux                                 0.0286023 +/- 0.00210489
   Incoming Energy [2.673841615839944, 3.072112998861753)
     Total Material
       Flux                                 0.0277627 +/- 0.00155606
   Incoming Energy [3.072112998861753, 3.52970730273065)
     Total Material
       Flux                                 0.0258375 +/- 0.00183501
   Incoming Energy [3.52970730273065, 4.0554607358408274)
     Total Material
       Flux                                 0.0259317 +/- 0.00126164
   Incoming Energy [4.0554607358408274, 4.659525668664678)
     Total Material
       Flux                                 0.026076 +/- 0.00122455
   Incoming Energy [4.659525668664678, 5.3535666774107185)
     Total Material
       Flux                                 0.0243965 +/- 0.00115206
   Incoming Energy [5.3535666774107185, 6.150985788580504)
     Total Material
       Flux                                 0.0235137 +/- 0.00155755
   Incoming Energy [6.150985788580504, 7.067181273927491)
     Total Material
       Flux                                 0.0114635 +/- 0.00076413
   Incoming Energy [7.067181273927491, 8.119844993184008)
     Total Material
       Flux                                 0.0263653 +/- 0.00106554
   Incoming Energy [8.119844993184008, 9.329304026284676)
     Total Material
       Flux                                 0.0200768 +/- 0.000872828
   Incoming Energy [9.329304026284676, 10.718913192051264)
     Total Material
       Flux                                 0.0268319 +/- 0.000837747
   Incoming Energy [10.718913192051264, 12.315506032928262)
     Total Material
       Flux                                 0.0251339 +/- 0.00144683
   Incoming Energy [12.315506032928262, 14.149912974345758)
     Total Material
       Flux                                 0.0221111 +/- 0.00123165
   Incoming Energy [14.149912974345758, 16.257556664437935)
     Total Material
       Flux                                 0.0281394 +/- 0.00170514
   Incoming Energy [16.257556664437935, 18.679135990207808)
     Total Material
       Flux                                 0.0280511 +/- 0.00176953
   Incoming Energy [18.679135990207808, 21.461411978584014)
     Total Material
       Flux                                 0.016356 +/- 0.00139444
   Incoming Energy [21.461411978584014, 24.658110758226037)
     Total Material
       Flux                                 0.0252612 +/- 0.00108935
   Incoming Energy [24.658110758226037, 28.330961018393243)
     Total Material
       Flux                                 0.0299705 +/- 0.00113642
   Incoming Energy [28.330961018393243, 32.550885998350566)
     Total Material
       Flux                                 0.0325132 +/- 0.00230909
   Incoming Energy [32.550885998350566, 37.39937302478794)
     Total Material
       Flux                                 0.0214627 +/- 0.000831828
   Incoming Energy [37.39937302478794, 42.97004704320835)
     Total Material
       Flux                                 0.0236558 +/- 0.0014335
   Incoming Energy [42.97004704320835, 49.37047852839004)
     Total Material
       Flux                                 0.0287847 +/- 0.00109833
   Incoming Energy [49.37047852839004, 56.72426068491978)
     Total Material
       Flux                                 0.02709 +/- 0.00132707
   Incoming Energy [56.72426068491978, 65.1733960488242)
     Total Material
       Flux                                 0.0330931 +/- 0.00149817
   Incoming Energy [65.1733960488242, 74.88103857590015)
     Total Material
       Flux                                 0.030211 +/- 0.00105473
   Incoming Energy [74.88103857590015, 86.03464416684491)
     Total Material
       Flux                                 0.0329207 +/- 0.00112918
   Incoming Energy [86.03464416684491, 98.84959046625586)
     Total Material
       Flux                                 0.032388 +/- 0.00131877
   Incoming Energy [98.84959046625586, 113.57333583431051)
     Total Material
       Flux                                 0.0292401 +/- 0.00188241
   Incoming Energy [113.57333583431051, 130.49019780144016)
     Total Material
       Flux                                 0.0316443 +/- 0.00197298
   Incoming Energy [130.49019780144016, 149.9268432786044)
     Total Material
       Flux                                 0.0327965 +/- 0.00144494
   Incoming Energy [149.9268432786044, 172.2585965398784)
     Total Material
       Flux                                 0.0336805 +/- 0.000954315
   Incoming Energy [172.2585965398784, 197.91668678535572)
     Total Material
       Flux                                 0.034257 +/- 0.00179109
   Incoming Energy [197.91668678535572, 227.39657523579274)
     Total Material
       Flux                                 0.0362577 +/- 0.00163338
   Incoming Energy [227.39657523579274, 261.26752255633266)
     Total Material
       Flux                                 0.0391694 +/- 0.00142441
   Incoming Energy [261.26752255633266, 300.1835813575586)
     Total Material
       Flux                                 0.0354343 +/- 0.00188314
   Incoming Energy [300.1835813575586, 344.89622604057524)
     Total Material
       Flux                                 0.0381117 +/- 0.00233815
   Incoming Energy [344.89622604057524, 396.2688638701478)
     Total Material
       Flux                                 0.0370974 +/- 0.00154105
   Incoming Energy [396.2688638701478, 455.29350748669475)
     Total Material
       Flux                                 0.0390873 +/- 0.00169313
   Incoming Energy [455.29350748669475, 523.1099308056258)
     Total Material
       Flux                                 0.0376817 +/- 0.00115853
   Incoming Energy [523.1099308056258, 601.0276782070375)
     Total Material
       Flux                                 0.0388481 +/- 0.00139562
   Incoming Energy [601.0276782070375, 690.5513520162317)
     Total Material
       Flux                                 0.0371428 +/- 0.0019741
   Incoming Energy [690.5513520162317, 793.4096665797492)
     Total Material
       Flux                                 0.0371475 +/- 0.00156517
   Incoming Energy [793.4096665797492, 911.5888299750818)
     Total Material
       Flux                                 0.0358909 +/- 0.0019144
   Incoming Energy [911.5888299750818, 1047.3708979594487)
     Total Material
       Flux                                 0.0393914 +/- 0.00173772
   Incoming Energy [1047.3708979594487, 1203.3778407775906)
     Total Material
       Flux                                 0.0397587 +/- 0.00168524
   Incoming Energy [1203.3778407775906, 1382.6221737646536)
     Total Material
       Flux                                 0.0413015 +/- 0.00163541
   Incoming Energy [1382.6221737646536, 1588.5651294280526)
     Total Material
       Flux                                 0.0383353 +/- 0.00160052
   Incoming Energy [1588.5651294280526, 1825.1834943190388)
     Total Material
       Flux                                 0.0448609 +/- 0.00157076
   Incoming Energy [1825.1834943190388, 2097.046401323231)
     Total Material
       Flux                                 0.039969 +/- 0.00189187
   Incoming Energy [2097.046401323231, 2409.403560239527)
     Total Material
       Flux                                 0.0407098 +/- 0.00129997
   Incoming Energy [2409.403560239527, 2768.286630392061)
     Total Material
       Flux                                 0.0391322 +/- 0.00176258
   Incoming Energy [2768.286630392061, 3180.625692794119)
     Total Material
       Flux                                 0.0376081 +/- 0.00160947
   Incoming Energy [3180.625692794119, 3654.383070957247)
     Total Material
       Flux                                 0.0402998 +/- 0.00194892
   Incoming Energy [3654.383070957247, 4198.707084443906)
     Total Material
       Flux                                 0.0427353 +/- 0.00222371
   Incoming Energy [4198.707084443906, 4824.108704165374)
     Total Material
       Flux                                 0.0448761 +/- 0.00235385
   Incoming Energy [4824.108704165374, 5542.664520663096)
     Total Material
       Flux                                 0.0404704 +/- 0.00121516
   Incoming Energy [5542.664520663096, 6368.249944718586)
     Total Material
       Flux                                 0.0452552 +/- 0.00186117
   Incoming Energy [6368.249944718586, 7316.807143427177)
     Total Material
       Flux                                 0.0443097 +/- 0.00209038
   Incoming Energy [7316.807143427177, 8406.652885618316)
     Total Material
       Flux                                 0.0483433 +/- 0.00193411
   Incoming Energy [8406.652885618316, 9658.832241158709)
     Total Material
       Flux                                 0.0447215 +/- 0.00284348
   Incoming Energy [9658.832241158709, 11097.5249641207)
     Total Material
       Flux                                 0.0453076 +/- 0.00118177
   Incoming Energy [11097.5249641207, 12750.512407130129)
     Total Material
       Flux                                 0.0436439 +/- 0.00146654
   Incoming Energy [12750.512407130129, 14649.713983072817)
     Total Material
       Flux                                 0.0464371 +/- 0.00241933
   Incoming Energy [14649.713983072817, 16831.80353330955)
     Total Material
       Flux                                 0.0484648 +/- 0.00236924
   Incoming Energy [16831.80353330955, 19338.91750455232)
     Total Material
       Flux                                 0.0461006 +/- 0.00193319
   Incoming Energy [19338.91750455232, 22219.468609395193)
     Total Material
       Flux                                 0.0501264 +/- 0.00291624
   Incoming Energy [22219.468609395193, 25529.080682395164)
     Total Material
       Flux                                 0.0504319 +/- 0.00173228
   Incoming Energy [25529.080682395164, 29331.662783900363)
     Total Material
       Flux                                 0.0514962 +/- 0.00178071
   Incoming Energy [29331.662783900363, 33700.64329271925)
     Total Material
       Flux                                 0.053826 +/- 0.00191213
   Incoming Energy [33700.64329271925, 38720.38781812557)
     Total Material
       Flux                                 0.0559092 +/- 0.00169886
   Incoming Energy [38720.38781812557, 44487.82831127576)
     Total Material
       Flux                                 0.0585452 +/- 0.00194355
   Incoming Energy [44487.82831127576, 51114.334834401656)
     Total Material
       Flux                                 0.0576742 +/- 0.00276925
   Incoming Energy [51114.334834401656, 58727.86613189465)
     Total Material
       Flux                                 0.0561183 +/- 0.00246536
   Incoming Energy [58727.86613189465, 67475.44053110685)
     Total Material
       Flux                                 0.0583521 +/- 0.00204342
   Incoming Energy [67475.44053110685, 77525.97488629464)
     Total Material
       Flux                                 0.067655 +/- 0.00266413
   Incoming Energy [77525.97488629464, 89073.54638610421)
     Total Material
       Flux                                 0.0716798 +/- 0.0027011
   Incoming Energy [89073.54638610421, 102341.14021054527)
     Total Material
       Flux                                 0.0760558 +/- 0.00330164
   Incoming Energy [102341.14021054527, 117584.95540521534)
     Total Material
       Flux                                 0.071893 +/- 0.00325306
   Incoming Energy [117584.95540521534, 135099.3521198025)
     Total Material
       Flux                                 0.0824875 +/- 0.00249035
   Incoming Energy [135099.3521198025, 155222.5357427048)
     Total Material
       Flux                                 0.0894381 +/- 0.00280183
   Incoming Energy [155222.5357427048, 178343.08769319058)
     Total Material
       Flux                                 0.0901192 +/- 0.00258601
   Incoming Energy [178343.08769319058, 204907.4689815846)
     Total Material
       Flux                                 0.0952987 +/- 0.00254919
   Incoming Energy [204907.4689815846, 235428.64143224107)
     Total Material
       Flux                                 0.109516 +/- 0.00350489
   Incoming Energy [235428.64143224107, 270495.97304631316)
     Total Material
       Flux                                 0.116826 +/- 0.00316128
   Incoming Energy [270495.97304631316, 310786.6187782014)
     Total Material
       Flux                                 0.133015 +/- 0.00453236
   Incoming Energy [310786.6187782014, 357078.59649004554)
     Total Material
       Flux                                 0.139436 +/- 0.00325662
   Incoming Energy [357078.59649004554, 410265.81058271904)
     Total Material
       Flux                                 0.126709 +/- 0.00359375
   Incoming Energy [410265.81058271904, 471375.31341167097)
     Total Material
       Flux                                 0.108997 +/- 0.00345408
   Incoming Energy [471375.31341167097, 541587.1378079465)
     Total Material
       Flux                                 0.151843 +/- 0.00442528
   Incoming Energy [541587.1378079465, 622257.0836730232)
     Total Material
       Flux                                 0.181275 +/- 0.00656323
   Incoming Energy [622257.0836730232, 714942.8986597562)
     Total Material
       Flux                                 0.188961 +/- 0.00493132
   Incoming Energy [714942.8986597562, 821434.3584919422)
     Total Material
       Flux                                 0.240691 +/- 0.00440445
   Incoming Energy [821434.3584919422, 943787.8277775352)
     Total Material
       Flux                                 0.202676 +/- 0.00594597
   Incoming Energy [943787.8277775352, 1084365.9686896086)
     Total Material
       Flux                                 0.16071 +/- 0.00377017
   Incoming Energy [1084365.9686896086, 1245883.3642950081)
     Total Material
       Flux                                 0.206692 +/- 0.00411901
   Incoming Energy [1245883.3642950081, 1431458.9375234756)
     Total Material
       Flux                                 0.202985 +/- 0.00821047
   Incoming Energy [1431458.9375234756, 1644676.1779946627)
     Total Material
       Flux                                 0.21943 +/- 0.00562948
   Incoming Energy [1644676.1779946627, 1889652.3396912038)
     Total Material
       Flux                                 0.207443 +/- 0.00640325
   Incoming Energy [1889652.3396912038, 2171117.945694501)
     Total Material
       Flux                                 0.20244 +/- 0.00801649
   Incoming Energy [2171117.945694501, 2494508.135230317)
     Total Material
       Flux                                 0.231664 +/- 0.00854042
   Incoming Energy [2494508.135230317, 2866067.616948244)
     Total Material
       Flux                                 0.22332 +/- 0.00847234
   Incoming Energy [2866067.616948244, 3292971.255097148)
     Total Material
       Flux                                 0.191909 +/- 0.00660437
   Incoming Energy [3292971.255097148, 3783462.6171319326)
     Total Material
       Flux                                 0.127019 +/- 0.0076375
   Incoming Energy [3783462.6171319326, 4347013.158125018)
     Total Material
       Flux                                 0.124475 +/- 0.0049536
   Incoming Energy [4347013.158125018, 4994505.11585514)
     Total Material
       Flux                                 0.0954365 +/- 0.00446928
   Incoming Energy [4994505.11585514, 5738441.648302381)
     Total Material
       Flux                                 0.0721948 +/- 0.00517162
   Incoming Energy [5738441.648302381, 6593188.271333542)
     Total Material
       Flux                                 0.0559203 +/- 0.00540948
   Incoming Energy [6593188.271333542, 7575250.258771921)
     Total Material
       Flux                                 0.0254489 +/- 0.00397745
   Incoming Energy [7575250.258771921, 8703591.361485148)
     Total Material
       Flux                                 0.020261 +/- 0.00406444
   Incoming Energy [8703591.361485148, 10000000)
     Total Material
       Flux                                 0.00949888 +/- 0.00174642
 =================>     TALLY 20: WATER_FLUX_SPECTRUM     <=================

 Cell 21
   Incoming Energy [9.999999999999999e-06, 1.1489510001873086e-05)
     Total Material
       Flux                                 0 +/- 0
   Incoming Energy [1.1489510001873086e-05, 1.3200884008314168e-05)
     Total Material
       Flux                                 0 +/- 0
   Incoming Energy [1.3200884008314168e-05, 1.516716888470924e-05)
     Total Material
       Flux                                 0 +/- 0
   Incoming Energy [1.516716888470924e-05, 1.742633386009651e-05)
     Total Material
       Flux                                 0 +/- 0
   Incoming Energy [1.742633386009651e-05, 2.0022003718155845e-05)
     Total Material
       Flux                                 0 +/- 0
   Incoming Energy [2.0022003718155845e-05, 2.3004301197729168e-05)
     Total Material
       Flux                                 0 +/- 0
   Incoming Energy [2.3004301197729168e-05, 2.643081486974103e-05)
     Total Material
       Flux                                 0 +/- 0
   Incoming Energy [2.643081486974103e-05, 3.0367711180354606e-05)
     Total Material
       Flux                                 0 +/- 0
   Incoming Energy [3.0367711180354606e-05, 3.489101213406774e-05)
     Total Material
       Flux                                 0 +/- 0
   Incoming Energy [3.489101213406774e-05, 4.008806328898465e-05)
     Total Material
       Flux                                 0 +/- 0
   Incoming Energy [4.008806328898465e-05, 4.6059220411451034e-05)
     Total Material
       Flux                                 0 +/- 0
   Incoming Energy [4.6059220411451034e-05, 5.2919787359584364e-05)
     Total Material
       Flux                                 1.34651e-06 +/- 1.34651e-06
   Incoming Energy [5.2919787359584364e-05, 6.080224261649427e-05)
     Total Material
       Flux                                 0 +/- 0
   Incoming Energy [6.080224261649427e-05, 6.985879746785249e-05)
     Total Material
       Flux                                 0 +/- 0
   Incoming Energy [6.985879746785249e-05, 8.026433522257174e-05)
     Total Material
       Flux                                 2.29377e-06 +/- 2.29377e-06
   Incoming Energy [8.026433522257174e-05, 9.221978823334323e-05)
     Total Material
       Flux                                 0 +/- 0
   Incoming Energy [9.221978823334323e-05, 0.00010595601792776158)
     Total Material
       Flux                                 0 +/- 0
   Incoming Energy [0.00010595601792776158, 0.00012173827277396621)
     Total Material
       Flux                                 0 +/- 0
   Incoming Energy [0.00012173827277396621, 0.00013987131026472387)
     Total Material
       Flux                                 4.23384e-06 +/- 3.90944e-06
   Incoming Energy [0.00013987131026472387, 0.00016070528182616383)
     Total Material
       Flux                                 7.07432e-07 +/- 7.07432e-07
   Incoming Energy [0.00016070528182616383, 0.00018464249428955425)
     Total Material
       Flux                                 8.16869e-06 +/- 8.16869e-06
   Incoming Energy [0.00018464249428955425, 0.00021214517849106298)
     Total Material
       Flux                                 8.04645e-06 +/- 8.04645e-06
   Incoming Energy [0.00021214517849106298, 0.00024374441501222218)
     Total Material
       Flux                                 2.73183e-06 +/- 2.73183e-06
   Incoming Energy [0.00024374441501222218, 0.0002800503894183631)
     Total Material
       Flux                                 1.37728e-05 +/- 1.07999e-05
   Incoming Energy [0.0002800503894183631, 0.0003217641750250735)
     Total Material
       Flux                                 8.54762e-06 +/- 7.34083e-06
   Incoming Energy [0.0003217641750250735, 0.00036969127071950243)
     Total Material
       Flux                                 2.414e-05 +/- 2.18609e-05
   Incoming Energy [0.00036969127071950243, 0.00042475715525368984)
     Total Material
       Flux                                 1.50938e-05 +/- 1.14293e-05
   Incoming Energy [0.00042475715525368984, 0.0004880251583654434)
     Total Material
       Flux                                 1.88239e-05 +/- 1.00233e-05
   Incoming Energy [0.0004880251583654434, 0.0005607169938205458)
     Total Material
       Flux                                 2.50914e-05 +/- 1.04806e-05
   Incoming Energy [0.0005607169938205458, 0.000644236350872137)
     Total Material
       Flux                                 4.93884e-05 +/- 2.33022e-05
   Incoming Energy [0.000644236350872137, 0.0007401959996915637)
     Total Material
       Flux                                 7.94383e-05 +/- 2.90718e-05
   Incoming Energy [0.0007401959996915637, 0.0008504489341802677)
     Total Material
       Flux                                 0.000115509 +/- 4.37921e-05
   Incoming Energy [0.0008504489341802677, 0.00097712415353465)
     Total Material
       Flux                                 6.36685e-05 +/- 2.89899e-05
   Incoming Energy [0.00097712415353465, 0.0011226677735108135)
     Total Material
       Flux                                 0.0001671 +/- 5.62384e-05
   Incoming Energy [0.0011226677735108135, 0.001289890261253308)
     Total Material
       Flux                                 0.00025775 +/- 5.53375e-05
   Incoming Energy [0.001289890261253308, 0.0014820207057988585)
     Total Material
       Flux                                 0.00020702 +/- 5.51006e-05
   Incoming Energy [0.0014820207057988585, 0.0017027691722258996)
     Total Material
       Flux                                 0.00041657 +/- 0.000100955
   Incoming Energy [0.0017027691722258996, 0.0019563983435170627)
     Total Material
       Flux                                 0.000406742 +/- 0.000106179
   Incoming Energy [0.0019563983435170627, 0.002247805833548725)
     Total Material
       Flux                                 0.000546398 +/- 8.22296e-05
   Incoming Energy [0.002247805833548725, 0.002582618760682675)
     Total Material
       Flux                                 0.000546628 +/- 8.17898e-05
   Incoming Energy [0.002582618760682675, 0.0029673024081888696)
     Total Material
       Flux                                 0.000873374 +/- 0.000207433
   Incoming Energy [0.0029673024081888696, 0.003409285069746811)
     Total Material
       Flux                                 0.00127004 +/- 0.000162156
   Incoming Energy [0.003409285069746811, 0.003917101490809256)
     Total Material
       Flux                                 0.00157586 +/- 0.000196878
   Incoming Energy [0.003917101490809256, 0.004500557675700498)
     Total Material
       Flux                                 0.00201881 +/- 0.000229606
   Incoming Energy [0.004500557675700498, 0.0051709202428967555)
     Total Material
       Flux                                 0.00220692 +/- 0.000308886
   Incoming Energy [0.0051709202428967555, 0.0059411339849650335)
     Total Material
       Flux                                 0.00325131 +/- 0.000410927
   Incoming Energy [0.0059411339849650335, 0.006826071834272386)
     Total Material
       Flux                                 0.00353578 +/- 0.000276053
   Incoming Energy [0.006826071834272386, 0.007842822061337682)
     Total Material
       Flux                                 0.00452773 +/- 0.000405088
   Incoming Energy [0.007842822061337682, 0.009011018251665018)
     Total Material
       Flux                                 0.00612179 +/- 0.00052656
   Incoming Energy [0.009011018251665018, 0.010353218432956616)
     Total Material
       Flux                                 0.00834162 +/- 0.000714922
   Incoming Energy [0.010353218432956616, 0.011895340673703195)
     Total Material
       Flux                                 0.00958628 +/- 0.000692282
   Incoming Energy [0.011895340673703195, 0.013667163564620059)
     Total Material
       Flux                                 0.0125192 +/- 0.000790863
   Incoming Energy [0.013667163564620059, 0.015702901247293774)
     Total Material
       Flux                                 0.0135266 +/- 0.000979574
   Incoming Energy [0.015702901247293774, 0.018041864093920716)
     Total Material
       Flux                                 0.0171631 +/- 0.000633601
   Incoming Energy [0.018041864093920716, 0.0207292177959537)
     Total Material
       Flux                                 0.0225316 +/- 0.00112684
   Incoming Energy [0.0207292177959537, 0.023816855519761582)
     Total Material
       Flux                                 0.0227206 +/- 0.00105067
   Incoming Energy [0.023816855519761582, 0.027364399970746692)
     Total Material
       Flux                                 0.0263719 +/- 0.00135111
   Incoming Energy [0.027364399970746692, 0.031440354715915)
     Total Material
       Flux                                 0.0316093 +/- 0.000839357
   Incoming Energy [0.031440354715915, 0.0361234269970943)
     Total Material
       Flux                                 0.0401696 +/- 0.00142847
   Incoming Energy [0.0361234269970943, 0.041504047578504726)
     Total Material
       Flux                                 0.0424456 +/- 0.00188048
   Incoming Energy [0.041504047578504726, 0.04768611697714469)
     Total Material
       Flux                                 0.0477575 +/- 0.00180683
   Incoming Energy [0.04768611697714469, 0.054789011795939396)
     Total Material
       Flux                                 0.0480194 +/- 0.00172753
   Incoming Energy [0.054789011795939396, 0.06294988990221888)
     Total Material
       Flux                                 0.0511604 +/- 0.00187082
   Incoming Energy [0.06294988990221888, 0.07232633896483534)
     Total Material
       Flux                                 0.0545911 +/- 0.00258454
   Incoming Energy [0.07232633896483534, 0.08309941949353386)
     Total Material
       Flux                                 0.0552432 +/- 0.00218312
   Incoming Energy [0.08309941949353386, 0.09547716114208056)
     Total Material
       Flux                                 0.0538464 +/- 0.00230573
   Incoming Energy [0.09547716114208056, 0.1096985797892384)
     Total Material
       Flux                                 0.0516198 +/- 0.00183536
   Incoming Energy [0.1096985797892384, 0.12603829296797275)
     Total Material
       Flux                                 0.0515872 +/- 0.00254347
   Incoming Energy [0.12603829296797275, 0.1448118227674533)
     Total Material
       Flux                                 0.0450829 +/- 0.00203921
   Incoming Energy [0.1448118227674533, 0.16638168860761274)
     Total Material
       Flux                                 0.0451551 +/- 0.001522
   Incoming Energy [0.16638168860761274, 0.19116440753856997)
     Total Material
       Flux                                 0.0433299 +/- 0.00164752
   Incoming Energy [0.19116440753856997, 0.2196385372416547)
     Total Material
       Flux                                 0.0430478 +/- 0.00179284
   Incoming Energy [0.2196385372416547, 0.2523539170434766)
     Total Material
       Flux                                 0.0382091 +/- 0.00182915
   Incoming Energy [0.2523539170434766, 0.28994228538828754)
     Total Material
       Flux                                 0.0379512 +/- 0.00159972
   Incoming Energy [0.28994228538828754, 0.333129478793467)
     Total Material
       Flux                                 0.0416715 +/- 0.00180748
   Incoming Energy [0.333129478793467, 0.38274944785163073)
     Total Material
       Flux                                 0.0447239 +/- 0.00158011
   Incoming Energy [0.38274944785163073, 0.4397603609302721)
     Total Material
       Flux                                 0.0462856 +/- 0.00169769
   Incoming Energy [0.4397603609302721, 0.505263106533568)
     Total Material
       Flux                                 0.0503935 +/- 0.00203085
   Incoming Energy [0.505263106533568, 0.5805225516094895)
     Total Material
       Flux                                 0.0463515 +/- 0.00122692
   Incoming Energy [0.5805225516094895, 0.6669919663030115)
     Total Material
       Flux                                 0.0530951 +/- 0.00286062
   Incoming Energy [0.6669919663030115, 0.7663410868007446)
     Total Material
       Flux                                 0.0483195 +/- 0.0018475
   Incoming Energy [0.7663410868007446, 0.8804883581643465)
     Total Material
       Flux                                 0.0531205 +/- 0.00237386
   Incoming Energy [0.8804883581643465, 1.011637979766207)
     Total Material
       Flux                                 0.0546358 +/- 0.00265728
   Incoming Energy [1.011637979766207, 1.162322468679852)
     Total Material
       Flux                                 0.0473903 +/- 0.00164234
   Incoming Energy [1.162322468679852, 1.3354515629298973)
     Total Material
       Flux                                 0.0523005 +/- 0.00197556
   Incoming Energy [1.3354515629298973, 1.53436840893001)
     Total Material
       Flux                                 0.055261 +/- 0.00199299
   Incoming Energy [1.53436840893001, 1.762914118095948)
     Total Material
       Flux                                 0.0533394 +/- 0.00229054
   Incoming Energy [1.762914118095948, 2.0255019392306663)
     Total Material
       Flux                                 0.0549171 +/- 0.00213241
   Incoming Energy [2.0255019392306663, 2.327202478960407)
     Total Material
       Flux                                 0.0577262 +/- 0.00195329
   Incoming Energy [2.327202478960407, 2.673841615839944)
     Total Material
       Flux                                 0.0628519 +/- 0.00358463
   Incoming Energy [2.673841615839944, 3.072112998861753)
     Total Material
       Flux                                 0.0613644 +/- 0.00281281
   Incoming Energy [3.072112998861753, 3.52970730273065)
     Total Material
       Flux                                 0.05826 +/- 0.00253593
   Incoming Energy [3.52970730273065, 4.0554607358408274)
     Total Material
       Flux                                 0.0572118 +/- 0.0016584
   Incoming Energy [4.0554607358408274, 4.659525668664678)
     Total Material
       Flux                                 0.0595346 +/- 0.00232739
   Incoming Energy [4.659525668664678, 5.3535666774107185)
     Total Material
       Flux                                 0.0554525 +/- 0.00137133
   Incoming Energy [5.3535666774107185, 6.150985788580504)
     Total Material
       Flux                                 0.0572253 +/- 0.0018012
   Incoming Energy [6.150985788580504, 7.067181273927491)
     Total Material
       Flux                                 0.0492836 +/- 0.0017428
   Incoming Energy [7.067181273927491, 8.119844993184008)
     Total Material
       Flux                                 0.0605673 +/- 0.002168
   Incoming Energy [8.119844993184008, 9.329304026284676)
     Total Material
       Flux                                 0.0531121 +/- 0.0020874
   Incoming Energy [9.329304026284676, 10.718913192051264)
     Total Material
       Flux                                 0.0614402 +/- 0.001836
   Incoming Energy [10.718913192051264, 12.315506032928262)
     Total Material
       Flux                                 0.0597657 +/- 0.0014124
   Incoming Energy [12.315506032928262, 14.149912974345758)
     Total Material
       Flux                                 0.0566497 +/- 0.002103
   Incoming Energy [14.149912974345758, 16.257556664437935)
     Total Material
       Flux                                 0.064698 +/- 0.00222615
   Incoming Energy [16.257556664437935, 18.679135990207808)
     Total Material
       Flux                                 0.063995 +/- 0.00164011
   Incoming Energy [18.679135990207808, 21.461411978584014)
     Total Material
       Flux                                 0.0589782 +/- 0.00228024
   Incoming Energy [21.461411978584014, 24.658110758226037)
     Total Material
       Flux                                 0.0635353 +/- 0.00234558
   Incoming Energy [24.658110758226037, 28.330961018393243)
     Total Material
       Flux                                 0.0690836 +/- 0.00210213
   Incoming Energy [28.330961018393243, 32.550885998350566)
     Total Material
       Flux                                 0.0700846 +/- 0.00339824
   Incoming Energy [32.550885998350566, 37.39937302478794)
     Total Material
       Flux                                 0.0619568 +/- 0.00147163
   Incoming Energy [37.39937302478794, 42.97004704320835)
     Total Material
       Flux                                 0.0624673 +/- 0.00233569
   Incoming Energy [42.97004704320835, 49.37047852839004)
     Total Material
       Flux                                 0.0672104 +/- 0.00178993
   Incoming Energy [49.37047852839004, 56.72426068491978)
     Total Material
       Flux                                 0.0682082 +/- 0.00160509
   Incoming Energy [56.72426068491978, 65.1733960488242)
     Total Material
       Flux                                 0.0744261 +/- 0.00286743
   Incoming Energy [65.1733960488242, 74.88103857590015)
     Total Material
       Flux                                 0.0727267 +/- 0.0017519
   Incoming Energy [74.88103857590015, 86.03464416684491)
     Total Material
       Flux                                 0.0759636 +/- 0.00217192
   Incoming Energy [86.03464416684491, 98.84959046625586)
     Total Material
       Flux                                 0.0707071 +/- 0.00154624
   Incoming Energy [98.84959046625586, 113.57333583431051)
     Total Material
       Flux                                 0.0703726 +/- 0.00239074
   Incoming Energy [113.57333583431051, 130.49019780144016)
     Total Material
       Flux                                 0.0770202 +/- 0.00267166
   Incoming Energy [130.49019780144016, 149.9268432786044)
     Total Material
       Flux                                 0.0768601 +/- 0.00182678
   Incoming Energy [149.9268432786044, 172.2585965398784)
     Total Material
       Flux                                 0.0793584 +/- 0.00349105
   Incoming Energy [172.2585965398784, 197.91668678535572)
     Total Material
       Flux                                 0.0842071 +/- 0.00220557
   Incoming Energy [197.91668678535572, 227.39657523579274)
     Total Material
       Flux                                 0.0787634 +/- 0.00189564
   Incoming Energy [227.39657523579274, 261.26752255633266)
     Total Material
       Flux                                 0.084874 +/- 0.0023137
   Incoming Energy [261.26752255633266, 300.1835813575586)
     Total Material
       Flux                                 0.0801132 +/- 0.00292394
   Incoming Energy [300.1835813575586, 344.89622604057524)
     Total Material
       Flux                                 0.0826404 +/- 0.00237532
   Incoming Energy [344.89622604057524, 396.2688638701478)
     Total Material
       Flux                                 0.0818232 +/- 0.0025494
   Incoming Energy [396.2688638701478, 455.29350748669475)
     Total Material
       Flux                                 0.0873339 +/- 0.00282394
   Incoming Energy [455.29350748669475, 523.1099308056258)
     Total Material
       Flux                                 0.0827579 +/- 0.0030614
   Incoming Energy [523.1099308056258, 601.0276782070375)
     Total Material
       Flux                                 0.0859293 +/- 0.00228276
   Incoming Energy [601.0276782070375, 690.5513520162317)
     Total Material
       Flux                                 0.0823451 +/- 0.00350586
   Incoming Energy [690.5513520162317, 793.4096665797492)
     Total Material
       Flux                                 0.0838105 +/- 0.00329117
   Incoming Energy [793.4096665797492, 911.5888299750818)
     Total Material
       Flux                                 0.0827807 +/- 0.00293318
   Incoming Energy [911.5888299750818, 1047.3708979594487)
     Total Material
       Flux                                 0.0846128 +/- 0.0014521
   Incoming Energy [1047.3708979594487, 1203.3778407775906)
     Total Material
       Flux                                 0.0842744 +/- 0.00255494
   Incoming Energy [1203.3778407775906, 1382.6221737646536)
     Total Material
       Flux                                 0.0856183 +/- 0.0021355
   Incoming Energy [1382.6221737646536, 1588.5651294280526)
     Total Material
       Flux                                 0.0888524 +/- 0.00286084
   Incoming Energy [1588.5651294280526, 1825.1834943190388)
     Total Material
       Flux                                 0.0911245 +/- 0.0027396
   Incoming Energy [1825.1834943190388, 2097.046401323231)
     Total Material
       Flux                                 0.0847 +/- 0.00219793
   Incoming Energy [2097.046401323231, 2409.403560239527)
     Total Material
       Flux                                 0.0902136 +/- 0.00209642
   Incoming Energy [2409.403560239527, 2768.286630392061)
     Total Material
       Flux                                 0.0914448 +/- 0.002447
   Incoming Energy [2768.286630392061, 3180.625692794119)
     Total Material
       Flux                                 0.0868975 +/- 0.00253484
   Incoming Energy [3180.625692794119, 3654.383070957247)
     Total Material
       Flux                                 0.0892966 +/- 0.00301671
   Incoming Energy [3654.383070957247, 4198.707084443906)
     Total Material
       Flux                                 0.0918065 +/- 0.00249355
   Incoming Energy [4198.707084443906, 4824.108704165374)
     Total Material
       Flux                                 0.0903014 +/- 0.00294844
   Incoming Energy [4824.108704165374, 5542.664520663096)
     Total Material
       Flux                                 0.0914524 +/- 0.00283594
   Incoming Energy [5542.664520663096, 6368.249944718586)
     Total Material
       Flux                                 0.0965719 +/- 0.00324359
   Incoming Energy [6368.249944718586, 7316.807143427177)
     Total Material
       Flux                                 0.0973514 +/- 0.00260028
   Incoming Energy [7316.807143427177, 8406.652885618316)
     Total Material
       Flux                                 0.0958256 +/- 0.00312182
   Incoming Energy [8406.652885618316, 9658.832241158709)
     Total Material
       Flux                                 0.0961693 +/- 0.00312977
   Incoming Energy [9658.832241158709, 11097.5249641207)
     Total Material
       Flux                                 0.095811 +/- 0.00296041
   Incoming Energy [11097.5249641207, 12750.512407130129)
     Total Material
       Flux                                 0.096766 +/- 0.00205613
   Incoming Energy [12750.512407130129, 14649.713983072817)
     Total Material
       Flux                                 0.0992861 +/- 0.00378819
   Incoming Energy [14649.713983072817, 16831.80353330955)
     Total Material
       Flux                                 0.102573 +/- 0.00321094
   Incoming Energy [16831.80353330955, 19338.91750455232)
     Total Material
       Flux                                 0.101898 +/- 0.00271069
   Incoming Energy [19338.91750455232, 22219.468609395193)
     Total Material
       Flux                                 0.0990472 +/- 0.00236728
   Incoming Energy [22219.468609395193, 25529.080682395164)
     Total Material
       Flux                                 0.10358 +/- 0.00380205
   Incoming Energy [25529.080682395164, 29331.662783900363)
     Total Material
       Flux                                 0.108774 +/- 0.0032125
   Incoming Energy [29331.662783900363, 33700.64329271925)
     Total Material
       Flux                                 0.113266 +/- 0.00323835
   Incoming Energy [33700.64329271925, 38720.38781812557)
     Total Material
       Flux                                 0.116837 +/- 0.00375594
   Incoming Energy [38720.38781812557, 44487.82831127576)
     Total Material
       Flux                                 0.122057 +/- 0.0035055
   Incoming Energy [44487.82831127576, 51114.334834401656)
     Total Material
       Flux                                 0.122825 +/- 0.00318117
   Incoming Energy [51114.334834401656, 58727.86613189465)
     Total Material
       Flux                                 0.119836 +/- 0.00407286
   Incoming Energy [58727.86613189465, 67475.44053110685)
     Total Material
       Flux                                 0.126056 +/- 0.003789
   Incoming Energy [67475.44053110685, 77525.97488629464)
     Total Material
       Flux                                 0.135238 +/- 0.00290689
   Incoming Energy [77525.97488629464, 89073.54638610421)
     Total Material
       Flux                                 0.143929 +/- 0.00393347
   Incoming Energy [89073.54638610421, 102341.14021054527)
     Total Material
       Flux                                 0.150431 +/- 0.00480593
   Incoming Energy [102341.14021054527, 117584.95540521534)
     Total Material
       Flux                                 0.149924 +/- 0.00419927
   Incoming Energy [117584.95540521534, 135099.3521198025)
     Total Material
       Flux                                 0.172675 +/- 0.00348897
   Incoming Energy [135099.3521198025, 155222.5357427048)
     Total Material
       Flux                                 0.174415 +/- 0.00388798
   Incoming Energy [155222.5357427048, 178343.08769319058)
     Total Material
       Flux                                 0.191643 +/- 0.00516467
   Incoming Energy [178343.08769319058, 204907.4689815846)
     Total Material
       Flux                                 0.189636 +/- 0.0040922
   Incoming Energy [204907.4689815846, 235428.64143224107)
     Total Material
       Flux                                 0.221468 +/- 0.00416601
   Incoming Energy [235428.64143224107, 270495.97304631316)
     Total Material
       Flux                                 0.231509 +/- 0.00581175
   Incoming Energy [270495.97304631316, 310786.6187782014)
     Total Material
       Flux                                 0.261452 +/- 0.00775529
   Incoming Energy [310786.6187782014, 357078.59649004554)
     Total Material
       Flux                                 0.271839 +/- 0.00512354
   Incoming Energy [357078.59649004554, 410265.81058271904)
     Total Material
       Flux                                 0.253076 +/- 0.00685091
   Incoming Energy [410265.81058271904, 471375.31341167097)
     Total Material
       Flux                                 0.216535 +/- 0.0054098
   Incoming Energy [471375.31341167097, 541587.1378079465)
     Total Material
       Flux                                 0.300822 +/- 0.00804055
   Incoming Energy [541587.1378079465, 622257.0836730232)
     Total Material
       Flux                                 0.342101 +/- 0.0105051
   Incoming Energy [622257.0836730232, 714942.8986597562)
     Total Material
       Flux                                 0.364467 +/- 0.0111712
   Incoming Energy [714942.8986597562, 821434.3584919422)
     Total Material
       Flux                                 0.456195 +/- 0.00714187
   Incoming Energy [821434.3584919422, 943787.8277775352)
     Total Material
       Flux                                 0.392613 +/- 0.0103842
   Incoming Energy [943787.8277775352, 1084365.9686896086)
     Total Material
       Flux                                 0.302061 +/- 0.00737766
   Incoming Energy [1084365.9686896086, 1245883.3642950081)
     Total Material
       Flux                                 0.389755 +/- 0.00903756
   Incoming Energy [1245883.3642950081, 1431458.9375234756)
     Total Material
       Flux                                 0.393823 +/- 0.0139214
   Incoming Energy [1431458.9375234756, 1644676.1779946627)
     Total Material
       Flux                                 0.4194 +/- 0.0111681
   Incoming Energy [1644676.1779946627, 1889652.3396912038)
     Total Material
       Flux                                 0.390074 +/- 0.0118522
   Incoming Energy [1889652.3396912038, 2171117.945694501)
     Total Material
       Flux                                 0.390739 +/- 0.0123809
   Incoming Energy [2171117.945694501, 2494508.135230317)
     Total Material
       Flux                                 0.441923 +/- 0.0183514
   Incoming Energy [2494508.135230317, 2866067.616948244)
     Total Material
       Flux                                 0.43405 +/- 0.0190276
   Incoming Energy [2866067.616948244, 3292971.255097148)
     Total Material
       Flux                                 0.362543 +/- 0.012016
   Incoming Energy [3292971.255097148, 3783462.6171319326)
     Total Material
       Flux                                 0.240167 +/- 0.0171072
   Incoming Energy [3783462.6171319326, 4347013.158125018)
     Total Material
       Flux                                 0.245991 +/- 0.0083484
   Incoming Energy [4347013.158125018, 4994505.11585514)
     Total Material
       Flux                                 0.186807 +/- 0.00881031
   Incoming Energy [4994505.11585514, 5738441.648302381)
     Total Material
       Flux                                 0.141365 +/- 0.0100701
   Incoming Energy [5738441.648302381, 6593188.271333542)
     Total Material
       Flux                                 0.102695 +/- 0.010821
   Incoming Energy [6593188.271333542, 7575250.258771921)
     Total Material
       Flux                                 0.0514953 +/- 0.00763594
   Incoming Energy [7575250.258771921, 8703591.361485148)
     Total Material
       Flux                                 0.0378055 +/- 0.00788181
   Incoming Energy [8703591.361485148, 10000000)
     Total Material
       Flux                                 0.018593 +/- 0.00321915
 ===================>     TALLY 21: FISSION_ENERGY     <====================

 Cell 19
   Incoming Energy [9.999999999999999e-06, 1.1489510001873086e-05)
     Total Material
       Fission Rate                         0 +/- 0
   Incoming Energy [1.1489510001873086e-05, 1.3200884008314168e-05)
     Total Material
       Fission Rate                         0 +/- 0
   Incoming Energy [1.3200884008314168e-05, 1.516716888470924e-05)
     Total Material
       Fission Rate                         0 +/- 0
   Incoming Energy [1.516716888470924e-05, 1.742633386009651e-05)
     Total Material
       Fission Rate                         0 +/- 0
   Incoming Energy [1.742633386009651e-05, 2.0022003718155845e-05)
     Total Material
       Fission Rate                         0 +/- 0
   Incoming Energy [2.0022003718155845e-05, 2.3004301197729168e-05)
     Total Material
       Fission Rate                         0 +/- 0
   Incoming Energy [2.3004301197729168e-05, 2.643081486974103e-05)
     Total Material
       Fission Rate                         0 +/- 0
   Incoming Energy [2.643081486974103e-05, 3.0367711180354606e-05)
     Total Material
       Fission Rate                         0 +/- 0
   Incoming Energy [3.0367711180354606e-05, 3.489101213406774e-05)
     Total Material
       Fission Rate                         0 +/- 0
   Incoming Energy [3.489101213406774e-05, 4.008806328898465e-05)
     Total Material
       Fission Rate                         0 +/- 0
   Incoming Energy [4.008806328898465e-05, 4.6059220411451034e-05)
     Total Material
       Fission Rate                         0 +/- 0
   Incoming Energy [4.6059220411451034e-05, 5.2919787359584364e-05)
     Total Material
       Fission Rate                         0 +/- 0
   Incoming Energy [5.2919787359584364e-05, 6.080224261649427e-05)
     Total Material
       Fission Rate                         0 +/- 0
   Incoming Energy [6.080224261649427e-05, 6.985879746785249e-05)
     Total Material
       Fission Rate                         0 +/- 0
   Incoming Energy [6.985879746785249e-05, 8.026433522257174e-05)
     Total Material
       Fission Rate                         0 +/- 0
   Incoming Energy [8.026433522257174e-05, 9.221978823334323e-05)
     Total Material
       Fission Rate                         0 +/- 0
   Incoming Energy [9.221978823334323e-05, 0.00010595601792776158)
     Total Material
       Fission Rate                         0 +/- 0
   Incoming Energy [0.00010595601792776158, 0.00012173827277396621)
     Total Material
       Fission Rate                         0 +/- 0
   Incoming Energy [0.00012173827277396621, 0.00013987131026472387)
     Total Material
       Fission Rate                         0 +/- 0
   Incoming Energy [0.00013987131026472387, 0.00016070528182616383)
     Total Material
       Fission Rate                         0 +/- 0
   Incoming Energy [0.00016070528182616383, 0.00018464249428955425)
     Total Material
       Fission Rate                         0 +/- 0
   Incoming Energy [0.00018464249428955425, 0.00021214517849106298)
     Total Material
       Fission Rate                         0 +/- 0
   Incoming Energy [0.00021214517849106298, 0.00024374441501222218)
     Total Material
       Fission Rate                         0 +/- 0
   Incoming Energy [0.00024374441501222218, 0.0002800503894183631)
     Total Material
       Fission Rate                         6.37757e-05 +/- 6.37757e-05
   Incoming Energy [0.0002800503894183631, 0.0003217641750250735)
     Total Material
       Fission Rate                         0 +/- 0
   Incoming Energy [0.0003217641750250735, 0.00036969127071950243)
     Total Material
       Fission Rate                         2.84005e-06 +/- 2.84005e-06
   Incoming Energy [0.00036969127071950243, 0.00042475715525368984)
     Total Material
       Fission Rate                         0 +/- 0
   Incoming Energy [0.00042475715525368984, 0.0004880251583654434)
     Total Material
       Fission Rate                         0 +/- 0
   Incoming Energy [0.0004880251583654434, 0.0005607169938205458)
     Total Material
       Fission Rate                         0 +/- 0
   Incoming Energy [0.0005607169938205458, 0.000644236350872137)
     Total Material
       Fission Rate                         0 +/- 0
   Incoming Energy [0.000644236350872137, 0.0007401959996915637)
     Total Material
       Fission Rate                         5.31177e-05 +/- 5.31177e-05
   Incoming Energy [0.0007401959996915637, 0.0008504489341802677)
     Total Material
       Fission Rate                         5.45741e-05 +/- 5.45741e-05
   Incoming Energy [0.0008504489341802677, 0.00097712415353465)
     Total Material
       Fission Rate                         0 +/- 0
   Incoming Energy [0.00097712415353465, 0.0011226677735108135)
     Total Material
       Fission Rate                         0 +/- 0
   Incoming Energy [0.0011226677735108135, 0.001289890261253308)
     Total Material
       Fission Rate                         8.08585e-05 +/- 8.08585e-05
   Incoming Energy [0.001289890261253308, 0.0014820207057988585)
     Total Material
       Fission Rate                         0 +/- 0
   Incoming Energy [0.0014820207057988585, 0.0017027691722258996)
     Total Material
       Fission Rate                         0.000163102 +/- 9.73914e-05
   Incoming Energy [0.0017027691722258996, 0.0019563983435170627)
     Total Material
       Fission Rate                         0.000281729 +/- 0.000169947
   Incoming Energy [0.0019563983435170627, 0.002247805833548725)
     Total Material
       Fission Rate                         2.30753e-05 +/- 2.30753e-05
   Incoming Energy [0.002247805833548725, 0.002582618760682675)
     Total Material
       Fission Rate                         0.000278692 +/- 0.000184595
   Incoming Energy [0.002582618760682675, 0.0029673024081888696)
     Total Material
       Fission Rate                         0.000611451 +/- 0.000239875
   Incoming Energy [0.0029673024081888696, 0.003409285069746811)
     Total Material
       Fission Rate                         0.00117393 +/- 0.000457509
   Incoming Energy [0.003409285069746811, 0.003917101490809256)
     Total Material
       Fission Rate                         0.000994357 +/- 0.000310314
   Incoming Energy [0.003917101490809256, 0.004500557675700498)
     Total Material
       Fission Rate                         0.00205883 +/- 0.000573138
   Incoming Energy [0.004500557675700498, 0.0051709202428967555)
     Total Material
       Fission Rate                         0.00121271 +/- 0.000399088
   Incoming Energy [0.0051709202428967555, 0.0059411339849650335)
     Total Material
       Fission Rate                         0.00164998 +/- 0.000413606
   Incoming Energy [0.0059411339849650335, 0.006826071834272386)
     Total Material
       Fission Rate                         0.00145551 +/- 0.000318916
   Incoming Energy [0.006826071834272386, 0.007842822061337682)
     Total Material
       Fission Rate                         0.00299956 +/- 0.00038681
   Incoming Energy [0.007842822061337682, 0.009011018251665018)
     Total Material
       Fission Rate                         0.00159334 +/- 0.000237256
   Incoming Energy [0.009011018251665018, 0.010353218432956616)
     Total Material
       Fission Rate                         0.00448531 +/- 0.000815241
   Incoming Energy [0.010353218432956616, 0.011895340673703195)
     Total Material
       Fission Rate                         0.00426421 +/- 0.000746918
   Incoming Energy [0.011895340673703195, 0.013667163564620059)
     Total Material
       Fission Rate                         0.00653542 +/- 0.000641715
   Incoming Energy [0.013667163564620059, 0.015702901247293774)
     Total Material
       Fission Rate                         0.00669794 +/- 0.000855618
   Incoming Energy [0.015702901247293774, 0.018041864093920716)
     Total Material
       Fission Rate                         0.00903979 +/- 0.000924075
   Incoming Energy [0.018041864093920716, 0.0207292177959537)
     Total Material
       Fission Rate                         0.0105609 +/- 0.00100236
   Incoming Energy [0.0207292177959537, 0.023816855519761582)
     Total Material
       Fission Rate                         0.0115041 +/- 0.00103552
   Incoming Energy [0.023816855519761582, 0.027364399970746692)
     Total Material
       Fission Rate                         0.0155064 +/- 0.000770641
   Incoming Energy [0.027364399970746692, 0.031440354715915)
     Total Material
       Fission Rate                         0.0157238 +/- 0.00125007
   Incoming Energy [0.031440354715915, 0.0361234269970943)
     Total Material
       Fission Rate                         0.0191094 +/- 0.000944735
   Incoming Energy [0.0361234269970943, 0.041504047578504726)
     Total Material
       Fission Rate                         0.0211165 +/- 0.00142948
   Incoming Energy [0.041504047578504726, 0.04768611697714469)
     Total Material
       Fission Rate                         0.019914 +/- 0.00152106
   Incoming Energy [0.04768611697714469, 0.054789011795939396)
     Total Material
       Fission Rate                         0.0234708 +/- 0.00117443
   Incoming Energy [0.054789011795939396, 0.06294988990221888)
     Total Material
       Fission Rate                         0.0230386 +/- 0.00121048
   Incoming Energy [0.06294988990221888, 0.07232633896483534)
     Total Material
       Fission Rate                         0.0215971 +/- 0.0012984
   Incoming Energy [0.07232633896483534, 0.08309941949353386)
     Total Material
       Fission Rate                         0.021439 +/- 0.00126308
   Incoming Energy [0.08309941949353386, 0.09547716114208056)
     Total Material
       Fission Rate                         0.0190212 +/- 0.00130939
   Incoming Energy [0.09547716114208056, 0.1096985797892384)
     Total Material
       Fission Rate                         0.0172513 +/- 0.00112676
   Incoming Energy [0.1096985797892384, 0.12603829296797275)
     Total Material
       Fission Rate                         0.0152265 +/- 0.000879798
   Incoming Energy [0.12603829296797275, 0.1448118227674533)
     Total Material
       Fission Rate                         0.0130808 +/- 0.00082744
   Incoming Energy [0.1448118227674533, 0.16638168860761274)
     Total Material
       Fission Rate                         0.013134 +/- 0.000771058
   Incoming Energy [0.16638168860761274, 0.19116440753856997)
     Total Material
       Fission Rate                         0.0126302 +/- 0.000420507
   Incoming Energy [0.19116440753856997, 0.2196385372416547)
     Total Material
       Fission Rate                         0.0112986 +/- 0.000775433
   Incoming Energy [0.2196385372416547, 0.2523539170434766)
     Total Material
       Fission Rate                         0.0105241 +/- 0.000804274
   Incoming Energy [0.2523539170434766, 0.28994228538828754)
     Total Material
       Fission Rate                         0.0116165 +/- 0.000608746
   Incoming Energy [0.28994228538828754, 0.333129478793467)
     Total Material
       Fission Rate                         0.0120448 +/- 0.000769525
   Incoming Energy [0.333129478793467, 0.38274944785163073)
     Total Material
       Fission Rate                         0.0108409 +/- 0.000651891
   Incoming Energy [0.38274944785163073, 0.4397603609302721)
     Total Material
       Fission Rate                         0.00840235 +/- 0.00030703
   Incoming Energy [0.4397603609302721, 0.505263106533568)
     Total Material
       Fission Rate                         0.00874885 +/- 0.000408865
   Incoming Energy [0.505263106533568, 0.5805225516094895)
     Total Material
       Fission Rate                         0.00660268 +/- 0.00033775
   Incoming Energy [0.5805225516094895, 0.6669919663030115)
     Total Material
       Fission Rate                         0.00702945 +/- 0.000456352
   Incoming Energy [0.6669919663030115, 0.7663410868007446)
     Total Material
       Fission Rate                         0.00551726 +/- 0.000373872
   Incoming Energy [0.7663410868007446, 0.8804883581643465)
     Total Material
       Fission Rate                         0.00582379 +/- 0.000380472
   Incoming Energy [0.8804883581643465, 1.011637979766207)
     Total Material
       Fission Rate                         0.00676647 +/- 0.000527431
   Incoming Energy [1.011637979766207, 1.162322468679852)
     Total Material
       Fission Rate                         0.00808023 +/- 0.000404006
   Incoming Energy [1.162322468679852, 1.3354515629298973)
     Total Material
       Fission Rate                         0.00445789 +/- 0.000349023
   Incoming Energy [1.3354515629298973, 1.53436840893001)
     Total Material
       Fission Rate                         0.00207812 +/- 0.000104659
   Incoming Energy [1.53436840893001, 1.762914118095948)
     Total Material
       Fission Rate                         0.00162456 +/- 0.000128921
   Incoming Energy [1.762914118095948, 2.0255019392306663)
     Total Material
       Fission Rate                         0.00188554 +/- 9.29017e-05
   Incoming Energy [2.0255019392306663, 2.327202478960407)
     Total Material
       Fission Rate                         0.0017513 +/- 9.31467e-05
   Incoming Energy [2.327202478960407, 2.673841615839944)
     Total Material
       Fission Rate                         0.00131747 +/- 9.55155e-05
   Incoming Energy [2.673841615839944, 3.072112998861753)
     Total Material
       Fission Rate                         0.00232811 +/- 0.000159414
   Incoming Energy [3.072112998861753, 3.52970730273065)
     Total Material
       Fission Rate                         0.00374757 +/- 0.000254976
   Incoming Energy [3.52970730273065, 4.0554607358408274)
     Total Material
       Fission Rate                         0.00286746 +/- 0.000224274
   Incoming Energy [4.0554607358408274, 4.659525668664678)
     Total Material
       Fission Rate                         0.000453687 +/- 2.1897e-05
   Incoming Energy [4.659525668664678, 5.3535666774107185)
     Total Material
       Fission Rate                         0.000988317 +/- 6.46106e-05
   Incoming Energy [5.3535666774107185, 6.150985788580504)
     Total Material
       Fission Rate                         0.00204114 +/- 0.0001344
   Incoming Energy [6.150985788580504, 7.067181273927491)
     Total Material
       Fission Rate                         0.00260816 +/- 0.000218498
   Incoming Energy [7.067181273927491, 8.119844993184008)
     Total Material
       Fission Rate                         0.00130248 +/- 0.000107186
   Incoming Energy [8.119844993184008, 9.329304026284676)
     Total Material
       Fission Rate                         0.00996032 +/- 0.000586241
   Incoming Energy [9.329304026284676, 10.718913192051264)
     Total Material
       Fission Rate                         0.00309761 +/- 0.000121696
   Incoming Energy [10.718913192051264, 12.315506032928262)
     Total Material
       Fission Rate                         0.00268468 +/- 0.000175764
   Incoming Energy [12.315506032928262, 14.149912974345758)
     Total Material
       Fission Rate                         0.00509949 +/- 0.000364243
   Incoming Energy [14.149912974345758, 16.257556664437935)
     Total Material
       Fission Rate                         0.00334915 +/- 0.000257589
   Incoming Energy [16.257556664437935, 18.679135990207808)
     Total Material
       Fission Rate                         0.00288422 +/- 0.000258728
   Incoming Energy [18.679135990207808, 21.461411978584014)
     Total Material
       Fission Rate                         0.00533927 +/- 0.000319966
   Incoming Energy [21.461411978584014, 24.658110758226037)
     Total Material
       Fission Rate                         0.00394932 +/- 0.000276795
   Incoming Energy [24.658110758226037, 28.330961018393243)
     Total Material
       Fission Rate                         0.00580727 +/- 0.000251075
   Incoming Energy [28.330961018393243, 32.550885998350566)
     Total Material
       Fission Rate                         0.00285349 +/- 0.000212776
   Incoming Energy [32.550885998350566, 37.39937302478794)
     Total Material
       Fission Rate                         0.00651996 +/- 0.000426663
   Incoming Energy [37.39937302478794, 42.97004704320835)
     Total Material
       Fission Rate                         0.00345484 +/- 0.00026754
   Incoming Energy [42.97004704320835, 49.37047852839004)
     Total Material
       Fission Rate                         0.00449166 +/- 0.000225884
   Incoming Energy [49.37047852839004, 56.72426068491978)
     Total Material
       Fission Rate                         0.00774762 +/- 0.000585085
   Incoming Energy [56.72426068491978, 65.1733960488242)
     Total Material
       Fission Rate                         0.00383085 +/- 0.00023234
   Incoming Energy [65.1733960488242, 74.88103857590015)
     Total Material
       Fission Rate                         0.0034795 +/- 0.000193722
   Incoming Energy [74.88103857590015, 86.03464416684491)
     Total Material
       Fission Rate                         0.00387047 +/- 0.000192446
   Incoming Energy [86.03464416684491, 98.84959046625586)
     Total Material
       Fission Rate                         0.00328529 +/- 0.000144058
   Incoming Energy [98.84959046625586, 113.57333583431051)
     Total Material
       Fission Rate                         0.00194303 +/- 0.000131327
   Incoming Energy [113.57333583431051, 130.49019780144016)
     Total Material
       Fission Rate                         0.00335252 +/- 0.000259474
   Incoming Energy [130.49019780144016, 149.9268432786044)
     Total Material
       Fission Rate                         0.00346891 +/- 0.000169678
   Incoming Energy [149.9268432786044, 172.2585965398784)
     Total Material
       Fission Rate                         0.00261219 +/- 0.000123858
   Incoming Energy [172.2585965398784, 197.91668678535572)
     Total Material
       Fission Rate                         0.00240507 +/- 0.000163534
   Incoming Energy [197.91668678535572, 227.39657523579274)
     Total Material
       Fission Rate                         0.00342717 +/- 0.000167915
   Incoming Energy [227.39657523579274, 261.26752255633266)
     Total Material
       Fission Rate                         0.00376474 +/- 0.000184971
   Incoming Energy [261.26752255633266, 300.1835813575586)
     Total Material
       Fission Rate                         0.00312495 +/- 0.000195234
   Incoming Energy [300.1835813575586, 344.89622604057524)
     Total Material
       Fission Rate                         0.00249099 +/- 0.000185017
   Incoming Energy [344.89622604057524, 396.2688638701478)
     Total Material
       Fission Rate                         0.00189101 +/- 0.000104291
   Incoming Energy [396.2688638701478, 455.29350748669475)
     Total Material
       Fission Rate                         0.00223398 +/- 0.00010958
   Incoming Energy [455.29350748669475, 523.1099308056258)
     Total Material
       Fission Rate                         0.00261643 +/- 0.000104997
   Incoming Energy [523.1099308056258, 601.0276782070375)
     Total Material
       Fission Rate                         0.00240631 +/- 0.000112945
   Incoming Energy [601.0276782070375, 690.5513520162317)
     Total Material
       Fission Rate                         0.00192946 +/- 0.000119734
   Incoming Energy [690.5513520162317, 793.4096665797492)
     Total Material
       Fission Rate                         0.00188362 +/- 7.57749e-05
   Incoming Energy [793.4096665797492, 911.5888299750818)
     Total Material
       Fission Rate                         0.0013461 +/- 8.44776e-05
   Incoming Energy [911.5888299750818, 1047.3708979594487)
     Total Material
       Fission Rate                         0.00125832 +/- 5.81632e-05
   Incoming Energy [1047.3708979594487, 1203.3778407775906)
     Total Material
       Fission Rate                         0.00178384 +/- 9.85108e-05
   Incoming Energy [1203.3778407775906, 1382.6221737646536)
     Total Material
       Fission Rate                         0.00137314 +/- 5.93014e-05
   Incoming Energy [1382.6221737646536, 1588.5651294280526)
     Total Material
       Fission Rate                         0.00112367 +/- 5.84869e-05
   Incoming Energy [1588.5651294280526, 1825.1834943190388)
     Total Material
       Fission Rate                         0.00136679 +/- 5.73753e-05
   Incoming Energy [1825.1834943190388, 2097.046401323231)
     Total Material
       Fission Rate                         0.00110911 +/- 6.96347e-05
   Incoming Energy [2097.046401323231, 2409.403560239527)
     Total Material
       Fission Rate                         0.000991529 +/- 3.91038e-05
   Incoming Energy [2409.403560239527, 2768.286630392061)
     Total Material
       Fission Rate                         0.000963259 +/- 4.04473e-05
   Incoming Energy [2768.286630392061, 3180.625692794119)
     Total Material
       Fission Rate                         0.000863251 +/- 3.38867e-05
   Incoming Energy [3180.625692794119, 3654.383070957247)
     Total Material
       Fission Rate                         0.000892024 +/- 4.32818e-05
   Incoming Energy [3654.383070957247, 4198.707084443906)
     Total Material
       Fission Rate                         0.000909459 +/- 4.82011e-05
   Incoming Energy [4198.707084443906, 4824.108704165374)
     Total Material
       Fission Rate                         0.00088603 +/- 4.33842e-05
   Incoming Energy [4824.108704165374, 5542.664520663096)
     Total Material
       Fission Rate                         0.000722496 +/- 2.40417e-05
   Incoming Energy [5542.664520663096, 6368.249944718586)
     Total Material
       Fission Rate                         0.000736771 +/- 3.41791e-05
   Incoming Energy [6368.249944718586, 7316.807143427177)
     Total Material
       Fission Rate                         0.000678207 +/- 3.09428e-05
   Incoming Energy [7316.807143427177, 8406.652885618316)
     Total Material
       Fission Rate                         0.000675506 +/- 2.64949e-05
   Incoming Energy [8406.652885618316, 9658.832241158709)
     Total Material
       Fission Rate                         0.000650117 +/- 4.21994e-05
   Incoming Energy [9658.832241158709, 11097.5249641207)
     Total Material
       Fission Rate                         0.000603752 +/- 1.5084e-05
   Incoming Energy [11097.5249641207, 12750.512407130129)
     Total Material
       Fission Rate                         0.000542659 +/- 2.03183e-05
   Incoming Energy [12750.512407130129, 14649.713983072817)
     Total Material
       Fission Rate                         0.000586252 +/- 3.05894e-05
   Incoming Energy [14649.713983072817, 16831.80353330955)
     Total Material
       Fission Rate                         0.000560541 +/- 2.83639e-05
   Incoming Energy [16831.80353330955, 19338.91750455232)
     Total Material
       Fission Rate                         0.000521147 +/- 2.18921e-05
   Incoming Energy [19338.91750455232, 22219.468609395193)
     Total Material
       Fission Rate                         0.000530886 +/- 3.07529e-05
   Incoming Energy [22219.468609395193, 25529.080682395164)
     Total Material
       Fission Rate                         0.000512478 +/- 1.86841e-05
   Incoming Energy [25529.080682395164, 29331.662783900363)
     Total Material
       Fission Rate                         0.000504277 +/- 1.74858e-05
   Incoming Energy [29331.662783900363, 33700.64329271925)
     Total Material
       Fission Rate                         0.000512825 +/- 1.82846e-05
   Incoming Energy [33700.64329271925, 38720.38781812557)
     Total Material
       Fission Rate                         0.000510166 +/- 1.55219e-05
   Incoming Energy [38720.38781812557, 44487.82831127576)
     Total Material
       Fission Rate                         0.00051271 +/- 1.70938e-05
   Incoming Energy [44487.82831127576, 51114.334834401656)
     Total Material
       Fission Rate                         0.000491979 +/- 2.36089e-05
   Incoming Energy [51114.334834401656, 58727.86613189465)
     Total Material
       Fission Rate                         0.000471793 +/- 2.07137e-05
   Incoming Energy [58727.86613189465, 67475.44053110685)
     Total Material
       Fission Rate                         0.000477744 +/- 1.67455e-05
   Incoming Energy [67475.44053110685, 77525.97488629464)
     Total Material
       Fission Rate                         0.000531746 +/- 2.09285e-05
   Incoming Energy [77525.97488629464, 89073.54638610421)
     Total Material
       Fission Rate                         0.00053867 +/- 2.03333e-05
   Incoming Energy [89073.54638610421, 102341.14021054527)
     Total Material
       Fission Rate                         0.000557841 +/- 2.41873e-05
   Incoming Energy [102341.14021054527, 117584.95540521534)
     Total Material
       Fission Rate                         0.000513275 +/- 2.32703e-05
   Incoming Energy [117584.95540521534, 135099.3521198025)
     Total Material
       Fission Rate                         0.000567069 +/- 1.70892e-05
   Incoming Energy [135099.3521198025, 155222.5357427048)
     Total Material
       Fission Rate                         0.000598529 +/- 1.87597e-05
   Incoming Energy [155222.5357427048, 178343.08769319058)
     Total Material
       Fission Rate                         0.000585235 +/- 1.68625e-05
   Incoming Energy [178343.08769319058, 204907.4689815846)
     Total Material
       Fission Rate                         0.00060108 +/- 1.60691e-05
   Incoming Energy [204907.4689815846, 235428.64143224107)
     Total Material
       Fission Rate                         0.000671109 +/- 2.15694e-05
   Incoming Energy [235428.64143224107, 270495.97304631316)
     Total Material
       Fission Rate                         0.000693293 +/- 1.87277e-05
   Incoming Energy [270495.97304631316, 310786.6187782014)
     Total Material
       Fission Rate                         0.000763943 +/- 2.60464e-05
   Incoming Energy [310786.6187782014, 357078.59649004554)
     Total Material
       Fission Rate                         0.00079872 +/- 1.86987e-05
   Incoming Energy [357078.59649004554, 410265.81058271904)
     Total Material
       Fission Rate                         0.000715119 +/- 2.03483e-05
   Incoming Energy [410265.81058271904, 471375.31341167097)
     Total Material
       Fission Rate                         0.000597515 +/- 1.89363e-05
   Incoming Energy [471375.31341167097, 541587.1378079465)
     Total Material
       Fission Rate                         0.000802986 +/- 2.33604e-05
   Incoming Energy [541587.1378079465, 622257.0836730232)
     Total Material
       Fission Rate                         0.000946177 +/- 3.42656e-05
   Incoming Energy [622257.0836730232, 714942.8986597562)
     Total Material
       Fission Rate                         0.000983821 +/- 2.5655e-05
   Incoming Energy [714942.8986597562, 821434.3584919422)
     Total Material
       Fission Rate                         0.00126398 +/- 2.31681e-05
   Incoming Energy [821434.3584919422, 943787.8277775352)
     Total Material
       Fission Rate                         0.00110709 +/- 3.26612e-05
   Incoming Energy [943787.8277775352, 1084365.9686896086)
     Total Material
       Fission Rate                         0.000945194 +/- 2.2296e-05
   Incoming Energy [1084365.9686896086, 1245883.3642950081)
     Total Material
       Fission Rate                         0.00127273 +/- 2.53634e-05
   Incoming Energy [1245883.3642950081, 1431458.9375234756)
     Total Material
       Fission Rate                         0.0015874 +/- 6.39989e-05
   Incoming Energy [1431458.9375234756, 1644676.1779946627)
     Total Material
       Fission Rate                         0.00277973 +/- 7.3914e-05
   Incoming Energy [1644676.1779946627, 1889652.3396912038)
     Total Material
       Fission Rate                         0.00304895 +/- 9.46621e-05
   Incoming Energy [1889652.3396912038, 2171117.945694501)
     Total Material
       Fission Rate                         0.00321578 +/- 0.00012714
   Incoming Energy [2171117.945694501, 2494508.135230317)
     Total Material
       Fission Rate                         0.00372118 +/- 0.000137229
   Incoming Energy [2494508.135230317, 2866067.616948244)
     Total Material
       Fission Rate                         0.00353994 +/- 0.000134544
   Incoming Energy [2866067.616948244, 3292971.255097148)
     Total Material
       Fission Rate                         0.00296567 +/- 0.000101842
   Incoming Energy [3292971.255097148, 3783462.6171319326)
     Total Material
       Fission Rate                         0.00197491 +/- 0.000118677
   Incoming Energy [3783462.6171319326, 4347013.158125018)
     Total Material
       Fission Rate                         0.00194051 +/- 7.72278e-05
   Incoming Energy [4347013.158125018, 4994505.11585514)
     Total Material
       Fission Rate                         0.00147763 +/- 6.91129e-05
   Incoming Energy [4994505.11585514, 5738441.648302381)
     Total Material
       Fission Rate                         0.00109024 +/- 7.79708e-05
   Incoming Energy [5738441.648302381, 6593188.271333542)
     Total Material
       Fission Rate                         0.00100532 +/- 9.77186e-05
   Incoming Energy [6593188.271333542, 7575250.258771921)
     Total Material
       Fission Rate                         0.000620645 +/- 9.6451e-05
   Incoming Energy [7575250.258771921, 8703591.361485148)
     Total Material
       Fission Rate                         0.000545372 +/- 0.000109663
   Incoming Energy [8703591.361485148, 10000000)
     Total Material
       Fission Rate                         0.000256097 +/- 4.70903e-05
