 =================>     TALLY 25: FUEL_FLUX_SPECTRUM     <==================

 Cell 25
   Incoming Energy [9.999999999999999e-06, 1.1489510001873086e-05)
     Total Material
       Flux                                 0 +/- 0
   Incoming Energy [1.1489510001873086e-05, 1.3200884008314168e-05)
     Total Material
       Flux                                 0 +/- 0
   Incoming Energy [1.3200884008314168e-05, 1.516716888470924e-05)
     Total Material
       Flux                                 0 +/- 0
   Incoming Energy [1.516716888470924e-05, 1.742633386009651e-05)
     Total Material
       Flux                                 0 +/- 0
   Incoming Energy [1.742633386009651e-05, 2.0022003718155845e-05)
     Total Material
       Flux                                 0 +/- 0
   Incoming Energy [2.0022003718155845e-05, 2.3004301197729168e-05)
     Total Material
       Flux                                 0 +/- 0
   Incoming Energy [2.3004301197729168e-05, 2.643081486974103e-05)
     Total Material
       Flux                                 0 +/- 0
   Incoming Energy [2.643081486974103e-05, 3.0367711180354606e-05)
     Total Material
       Flux                                 0 +/- 0
   Incoming Energy [3.0367711180354606e-05, 3.489101213406774e-05)
     Total Material
       Flux                                 0 +/- 0
   Incoming Energy [3.489101213406774e-05, 4.008806328898465e-05)
     Total Material
       Flux                                 0 +/- 0
   Incoming Energy [4.008806328898465e-05, 4.6059220411451034e-05)
     Total Material
       Flux                                 0 +/- 0
   Incoming Energy [4.6059220411451034e-05, 5.2919787359584364e-05)
     Total Material
       Flux                                 0 +/- 0
   Incoming Energy [5.2919787359584364e-05, 6.080224261649427e-05)
     Total Material
       Flux                                 0 +/- 0
   Incoming Energy [6.080224261649427e-05, 6.985879746785249e-05)
     Total Material
       Flux                                 0 +/- 0
   Incoming Energy [6.985879746785249e-05, 8.026433522257174e-05)
     Total Material
       Flux                                 0 +/- 0
   Incoming Energy [8.026433522257174e-05, 9.221978823334323e-05)
     Total Material
       Flux                                 0 +/- 0
   Incoming Energy [9.221978823334323e-05, 0.00010595601792776158)
     Total Material
       Flux                                 0 +/- 0
   Incoming Energy [0.00010595601792776158, 0.00012173827277396621)
     Total Material
       Flux                                 0 +/- 0
   Incoming Energy [0.00012173827277396621, 0.00013987131026472387)
     Total Material
       Flux                                 0 +/- 0
   Incoming Energy [0.00013987131026472387, 0.00016070528182616383)
     Total Material
       Flux                                 0 +/- 0
   Incoming Energy [0.00016070528182616383, 0.00018464249428955425)
     Total Material
       Flux                                 0 +/- 0
   Incoming Energy [0.00018464249428955425, 0.00021214517849106298)
     Total Material
       Flux                                 0 +/- 0
   Incoming Energy [0.00021214517849106298, 0.00024374441501222218)
     Total Material
       Flux                                 4.39993e-06 +/- 4.39993e-06
   Incoming Energy [0.00024374441501222218, 0.0002800503894183631)
     Total Material
       Flux                                 0 +/- 0
   Incoming Energy [0.0002800503894183631, 0.0003217641750250735)
     Total Material
       Flux                                 0 +/- 0
   Incoming Energy [0.0003217641750250735, 0.00036969127071950243)
     Total Material
       Flux                                 0 +/- 0
   Incoming Energy [0.00036969127071950243, 0.00042475715525368984)
     Total Material
       Flux                                 0 +/- 0
   Incoming Energy [0.00042475715525368984, 0.0004880251583654434)
     Total Material
       Flux                                 0 +/- 0
   Incoming Energy [0.0004880251583654434, 0.0005607169938205458)
     Total Material
       Flux                                 0 +/- 0
   Incoming Energy [0.0005607169938205458, 0.000644236350872137)
     Total Material
       Flux                                 0 +/- 0
   Incoming Energy [0.000644236350872137, 0.0007401959996915637)
     Total Material
       Flux                                 6.55554e-06 +/- 5.01622e-06
   Incoming Energy [0.0007401959996915637, 0.0008504489341802677)
     Total Material
       Flux                                 0 +/- 0
   Incoming Energy [0.0008504489341802677, 0.00097712415353465)
     Total Material
       Flux                                 0 +/- 0
   Incoming Energy [0.00097712415353465, 0.0011226677735108135)
     Total Material
       Flux                                 0 +/- 0
   Incoming Energy [0.0011226677735108135, 0.001289890261253308)
     Total Material
       Flux                                 4.50626e-06 +/- 3.35092e-06
   Incoming Energy [0.001289890261253308, 0.0014820207057988585)
     Total Material
       Flux                                 9.38818e-06 +/- 6.46474e-06
   Incoming Energy [0.0014820207057988585, 0.0017027691722258996)
     Total Material
       Flux                                 1.69104e-05 +/- 1.17461e-05
   Incoming Energy [0.0017027691722258996, 0.0019563983435170627)
     Total Material
       Flux                                 1.46146e-05 +/- 8.14808e-06
   Incoming Energy [0.0019563983435170627, 0.002247805833548725)
     Total Material
       Flux                                 1.03113e-05 +/- 4.22884e-06
   Incoming Energy [0.002247805833548725, 0.002582618760682675)
     Total Material
       Flux                                 1.27158e-05 +/- 1.01976e-05
   Incoming Energy [0.002582618760682675, 0.0029673024081888696)
     Total Material
       Flux                                 7.5296e-05 +/- 2.36254e-05
   Incoming Energy [0.0029673024081888696, 0.003409285069746811)
     Total Material
       Flux                                 0.000115507 +/- 3.62285e-05
   Incoming Energy [0.003409285069746811, 0.003917101490809256)
     Total Material
       Flux                                 8.87722e-05 +/- 3.37843e-05
   Incoming Energy [0.003917101490809256, 0.004500557675700498)
     Total Material
       Flux                                 6.34968e-05 +/- 2.28223e-05
   Incoming Energy [0.004500557675700498, 0.0051709202428967555)
     Total Material
       Flux                                 0.000172151 +/- 5.02891e-05
   Incoming Energy [0.0051709202428967555, 0.0059411339849650335)
     Total Material
       Flux                                 0.000222742 +/- 4.67578e-05
   Incoming Energy [0.0059411339849650335, 0.006826071834272386)
     Total Material
       Flux                                 0.000312763 +/- 8.0612e-05
   Incoming Energy [0.006826071834272386, 0.007842822061337682)
     Total Material
       Flux                                 0.000482733 +/- 9.84422e-05
   Incoming Energy [0.007842822061337682, 0.009011018251665018)
     Total Material
       Flux                                 0.000376228 +/- 6.2479e-05
   Incoming Energy [0.009011018251665018, 0.010353218432956616)
     Total Material
       Flux                                 0.00065103 +/- 7.57727e-05
   Incoming Energy [0.010353218432956616, 0.011895340673703195)
     Total Material
       Flux                                 0.00109099 +/- 0.000158645
   Incoming Energy [0.011895340673703195, 0.013667163564620059)
     Total Material
       Flux                                 0.00124957 +/- 0.000170188
   Incoming Energy [0.013667163564620059, 0.015702901247293774)
     Total Material
       Flux                                 0.00162688 +/- 0.000193444
   Incoming Energy [0.015702901247293774, 0.018041864093920716)
     Total Material
       Flux                                 0.00245865 +/- 0.000226504
   Incoming Energy [0.018041864093920716, 0.0207292177959537)
     Total Material
       Flux                                 0.00295289 +/- 0.000252984
   Incoming Energy [0.0207292177959537, 0.023816855519761582)
     Total Material
       Flux                                 0.00414889 +/- 0.000308984
   Incoming Energy [0.023816855519761582, 0.027364399970746692)
     Total Material
       Flux                                 0.00565856 +/- 0.000375803
   Incoming Energy [0.027364399970746692, 0.031440354715915)
     Total Material
       Flux                                 0.00558086 +/- 0.000302535
   Incoming Energy [0.031440354715915, 0.0361234269970943)
     Total Material
       Flux                                 0.00644644 +/- 0.000492689
   Incoming Energy [0.0361234269970943, 0.041504047578504726)
     Total Material
       Flux                                 0.00855512 +/- 0.00059837
   Incoming Energy [0.041504047578504726, 0.04768611697714469)
     Total Material
       Flux                                 0.00990192 +/- 0.000678317
   Incoming Energy [0.04768611697714469, 0.054789011795939396)
     Total Material
       Flux                                 0.0100222 +/- 0.000708221
   Incoming Energy [0.054789011795939396, 0.06294988990221888)
     Total Material
       Flux                                 0.0122983 +/- 0.000644906
   Incoming Energy [0.06294988990221888, 0.07232633896483534)
     Total Material
       Flux                                 0.01159 +/- 0.000582635
   Incoming Energy [0.07232633896483534, 0.08309941949353386)
     Total Material
       Flux                                 0.0125893 +/- 0.000731074
   Incoming Energy [0.08309941949353386, 0.09547716114208056)
     Total Material
       Flux                                 0.0119939 +/- 0.00049639
   Incoming Energy [0.09547716114208056, 0.1096985797892384)
     Total Material
       Flux                                 0.0142024 +/- 0.000728272
   Incoming Energy [0.1096985797892384, 0.12603829296797275)
     Total Material
       Flux                                 0.0134865 +/- 0.000577545
   Incoming Energy [0.12603829296797275, 0.1448118227674533)
     Total Material
       Flux                                 0.0149365 +/- 0.000836997
   Incoming Energy [0.1448118227674533, 0.16638168860761274)
     Total Material
       Flux                                 0.0152095 +/- 0.00100074
   Incoming Energy [0.16638168860761274, 0.19116440753856997)
     Total Material
       Flux                                 0.014239 +/- 0.000809535
   Incoming Energy [0.19116440753856997, 0.2196385372416547)
     Total Material
       Flux                                 0.0164548 +/- 0.00100047
   Incoming Energy [0.2196385372416547, 0.2523539170434766)
     Total Material
       Flux                                 0.015202 +/- 0.000799426
   Incoming Energy [0.2523539170434766, 0.28994228538828754)
     Total Material
       Flux                                 0.0126587 +/- 0.000726745
   Incoming Energy [0.28994228538828754, 0.333129478793467)
     Total Material
       Flux                                 0.014224 +/- 0.00098274
   Incoming Energy [0.333129478793467, 0.38274944785163073)
     Total Material
       Flux                                 0.0149209 +/- 0.00105959
   Incoming Energy [0.38274944785163073, 0.4397603609302721)
     Total Material
       Flux                                 0.0172394 +/- 0.00102488
   Incoming Energy [0.4397603609302721, 0.505263106533568)
     Total Material
       Flux                                 0.0188372 +/- 0.000969937
   Incoming Energy [0.505263106533568, 0.5805225516094895)
     Total Material
       Flux                                 0.0224671 +/- 0.00106764
   Incoming Energy [0.5805225516094895, 0.6669919663030115)
     Total Material
       Flux                                 0.0207195 +/- 0.00135597
   Incoming Energy [0.6669919663030115, 0.7663410868007446)
     Total Material
       Flux                                 0.0237526 +/- 0.0011399
   Incoming Energy [0.7663410868007446, 0.8804883581643465)
     Total Material
       Flux                                 0.0241873 +/- 0.000858217
   Incoming Energy [0.8804883581643465, 1.011637979766207)
     Total Material
       Flux                                 0.023395 +/- 0.00162593
   Incoming Energy [1.011637979766207, 1.162322468679852)
     Total Material
       Flux                                 0.0223365 +/- 0.0010931
   Incoming Energy [1.162322468679852, 1.3354515629298973)
     Total Material
       Flux                                 0.0241478 +/- 0.00156646
   Incoming Energy [1.3354515629298973, 1.53436840893001)
     Total Material
       Flux                                 0.026878 +/- 0.00109644
   Incoming Energy [1.53436840893001, 1.762914118095948)
     Total Material
       Flux                                 0.0263621 +/- 0.00128539
   Incoming Energy [1.762914118095948, 2.0255019392306663)
     Total Material
       Flux                                 0.0256656 +/- 0.00111838
   Incoming Energy [2.0255019392306663, 2.327202478960407)
     Total Material
       Flux                                 0.02592 +/- 0.00139993
   Incoming Energy [2.327202478960407, 2.673841615839944)
     Total Material
       Flux                                 0.0296604 +/- 0.00151242
   Incoming Energy [2.673841615839944, 3.072112998861753)
     Total Material
       Flux                                 0.0294993 +/- 0.00144883
   Incoming Energy [3.072112998861753, 3.52970730273065)
     Total Material
       Flux                                 0.0263315 +/- 0.00215668
   Incoming Energy [3.52970730273065, 4.0554607358408274)
     Total Material
       Flux                                 0.0265149 +/- 0.00149099
   Incoming Energy [4.0554607358408274, 4.659525668664678)
     Total Material
       Flux                                 0.0304384 +/- 0.00137889
   Incoming Energy [4.659525668664678, 5.3535666774107185)
     Total Material
       Flux                                 0.0278163 +/- 0.00152212
   Incoming Energy [5.3535666774107185, 6.150985788580504)
     Total Material
       Flux                                 0.0241675 +/- 0.00140445
   Incoming Energy [6.150985788580504, 7.067181273927491)
     Total Material
       Flux                                 0.0112914 +/- 0.000651389
   Incoming Energy [7.067181273927491, 8.119844993184008)
     Total Material
       Flux                                 0.0274493 +/- 0.00150887
   Incoming Energy [8.119844993184008, 9.329304026284676)
     Total Material
       Flux                                 0.0215484 +/- 0.00150054
   Incoming Energy [9.329304026284676, 10.718913192051264)
     Total Material
       Flux                                 0.0282255 +/- 0.00119199
   Incoming Energy [10.718913192051264, 12.315506032928262)
     Total Material
       Flux                                 0.0275964 +/- 0.00126297
   Incoming Energy [12.315506032928262, 14.149912974345758)
     Total Material
       Flux                                 0.026938 +/- 0.00211246
   Incoming Energy [14.149912974345758, 16.257556664437935)
     Total Material
       Flux                                 0.031806 +/- 0.00173497
   Incoming Energy [16.257556664437935, 18.679135990207808)
     Total Material
       Flux                                 0.0305879 +/- 0.00160099
   Incoming Energy [18.679135990207808, 21.461411978584014)
     Total Material
       Flux                                 0.0195263 +/- 0.00125723
   Incoming Energy [21.461411978584014, 24.658110758226037)
     Total Material
       Flux                                 0.026591 +/- 0.00173551
   Incoming Energy [24.658110758226037, 28.330961018393243)
     Total Material
       Flux                                 0.0313853 +/- 0.00156944
   Incoming Energy [28.330961018393243, 32.550885998350566)
     Total Material
       Flux                                 0.0319508 +/- 0.00156673
   Incoming Energy [32.550885998350566, 37.39937302478794)
     Total Material
       Flux                                 0.0217592 +/- 0.00118922
   Incoming Energy [37.39937302478794, 42.97004704320835)
     Total Material
       Flux                                 0.0315332 +/- 0.00152114
   Incoming Energy [42.97004704320835, 49.37047852839004)
     Total Material
       Flux                                 0.0359376 +/- 0.00168249
   Incoming Energy [49.37047852839004, 56.72426068491978)
     Total Material
       Flux                                 0.029365 +/- 0.00169863
   Incoming Energy [56.72426068491978, 65.1733960488242)
     Total Material
       Flux                                 0.0360941 +/- 0.00187942
   Incoming Energy [65.1733960488242, 74.88103857590015)
     Total Material
       Flux                                 0.0316433 +/- 0.00126542
   Incoming Energy [74.88103857590015, 86.03464416684491)
     Total Material
       Flux                                 0.037122 +/- 0.00152729
   Incoming Energy [86.03464416684491, 98.84959046625586)
     Total Material
       Flux                                 0.0339674 +/- 0.00199723
   Incoming Energy [98.84959046625586, 113.57333583431051)
     Total Material
       Flux                                 0.0334147 +/- 0.00189028
   Incoming Energy [113.57333583431051, 130.49019780144016)
     Total Material
       Flux                                 0.0387181 +/- 0.00113295
   Incoming Energy [130.49019780144016, 149.9268432786044)
     Total Material
       Flux                                 0.0383049 +/- 0.00135325
   Incoming Energy [149.9268432786044, 172.2585965398784)
     Total Material
       Flux                                 0.0422686 +/- 0.00181834
   Incoming Energy [172.2585965398784, 197.91668678535572)
     Total Material
       Flux                                 0.0367866 +/- 0.00140013
   Incoming Energy [197.91668678535572, 227.39657523579274)
     Total Material
       Flux                                 0.041844 +/- 0.00177996
   Incoming Energy [227.39657523579274, 261.26752255633266)
     Total Material
       Flux                                 0.0396771 +/- 0.00155407
   Incoming Energy [261.26752255633266, 300.1835813575586)
     Total Material
       Flux                                 0.0415982 +/- 0.00239668
   Incoming Energy [300.1835813575586, 344.89622604057524)
     Total Material
       Flux                                 0.0442484 +/- 0.00221308
   Incoming Energy [344.89622604057524, 396.2688638701478)
     Total Material
       Flux                                 0.041681 +/- 0.00188105
   Incoming Energy [396.2688638701478, 455.29350748669475)
     Total Material
       Flux                                 0.0410162 +/- 0.00153908
   Incoming Energy [455.29350748669475, 523.1099308056258)
     Total Material
       Flux                                 0.0411822 +/- 0.00122276
   Incoming Energy [523.1099308056258, 601.0276782070375)
     Total Material
       Flux                                 0.0418038 +/- 0.00154959
   Incoming Energy [601.0276782070375, 690.5513520162317)
     Total Material
       Flux                                 0.0424929 +/- 0.00163849
   Incoming Energy [690.5513520162317, 793.4096665797492)
     Total Material
       Flux                                 0.0445002 +/- 0.00215443
   Incoming Energy [793.4096665797492, 911.5888299750818)
     Total Material
       Flux                                 0.0440187 +/- 0.00242124
   Incoming Energy [911.5888299750818, 1047.3708979594487)
     Total Material
       Flux                                 0.047892 +/- 0.00166948
   Incoming Energy [1047.3708979594487, 1203.3778407775906)
     Total Material
       Flux                                 0.0429941 +/- 0.00223
   Incoming Energy [1203.3778407775906, 1382.6221737646536)
     Total Material
       Flux                                 0.0486244 +/- 0.00179197
   Incoming Energy [1382.6221737646536, 1588.5651294280526)
     Total Material
       Flux                                 0.0436422 +/- 0.0018829
   Incoming Energy [1588.5651294280526, 1825.1834943190388)
     Total Material
       Flux                                 0.0493753 +/- 0.00279684
   Incoming Energy [1825.1834943190388, 2097.046401323231)
     Total Material
       Flux                                 0.0444444 +/- 0.00161906
   Incoming Energy [2097.046401323231, 2409.403560239527)
     Total Material
       Flux                                 0.0498917 +/- 0.00146603
   Incoming Energy [2409.403560239527, 2768.286630392061)
     Total Material
       Flux                                 0.0487386 +/- 0.00135303
   Incoming Energy [2768.286630392061, 3180.625692794119)
     Total Material
       Flux                                 0.0487147 +/- 0.00245158
   Incoming Energy [3180.625692794119, 3654.383070957247)
     Total Material
       Flux                                 0.0499372 +/- 0.00177631
   Incoming Energy [3654.383070957247, 4198.707084443906)
     Total Material
       Flux                                 0.0513626 +/- 0.00174682
   Incoming Energy [4198.707084443906, 4824.108704165374)
     Total Material
       Flux                                 0.0521768 +/- 0.00195892
   Incoming Energy [4824.108704165374, 5542.664520663096)
     Total Material
       Flux                                 0.0518642 +/- 0.00246369
   Incoming Energy [5542.664520663096, 6368.249944718586)
     Total Material
       Flux                                 0.0487918 +/- 0.00186411
   Incoming Energy [6368.249944718586, 7316.807143427177)
     Total Material
       Flux                                 0.0512871 +/- 0.00228854
   Incoming Energy [7316.807143427177, 8406.652885618316)
     Total Material
       Flux                                 0.0507165 +/- 0.00246615
   Incoming Energy [8406.652885618316, 9658.832241158709)
     Total Material
       Flux                                 0.0528526 +/- 0.00278008
   Incoming Energy [9658.832241158709, 11097.5249641207)
     Total Material
       Flux                                 0.0507173 +/- 0.00179128
   Incoming Energy [11097.5249641207, 12750.512407130129)
     Total Material
       Flux                                 0.0513917 +/- 0.002282
   Incoming Energy [12750.512407130129, 14649.713983072817)
     Total Material
       Flux                                 0.0520526 +/- 0.00221001
   Incoming Energy [14649.713983072817, 16831.80353330955)
     Total Material
       Flux                                 0.0554499 +/- 0.00218699
   Incoming Energy [16831.80353330955, 19338.91750455232)
     Total Material
       Flux                                 0.051905 +/- 0.00146156
   Incoming Energy [19338.91750455232, 22219.468609395193)
     Total Material
       Flux                                 0.0579438 +/- 0.00236726
   Incoming Energy [22219.468609395193, 25529.080682395164)
     Total Material
       Flux                                 0.0598758 +/- 0.0027733
   Incoming Energy [25529.080682395164, 29331.662783900363)
     Total Material
       Flux                                 0.0593789 +/- 0.00159465
   Incoming Energy [29331.662783900363, 33700.64329271925)
     Total Material
       Flux                                 0.0638191 +/- 0.00200622
   Incoming Energy [33700.64329271925, 38720.38781812557)
     Total Material
       Flux                                 0.0642407 +/- 0.00161861
   Incoming Energy [38720.38781812557, 44487.82831127576)
     Total Material
       Flux                                 0.0660756 +/- 0.00317468
   Incoming Energy [44487.82831127576, 51114.334834401656)
     Total Material
       Flux                                 0.0682379 +/- 0.00200257
   Incoming Energy [51114.334834401656, 58727.86613189465)
     Total Material
       Flux                                 0.0708919 +/- 0.00339706
   Incoming Energy [58727.86613189465, 67475.44053110685)
     Total Material
       Flux                                 0.075618 +/- 0.0021756
   Incoming Energy [67475.44053110685, 77525.97488629464)
     Total Material
       Flux                                 0.0767927 +/- 0.00230096
   Incoming Energy [77525.97488629464, 89073.54638610421)
     Total Material
       Flux                                 0.0743556 +/- 0.00280963
   Incoming Energy [89073.54638610421, 102341.14021054527)
     Total Material
       Flux                                 0.0822818 +/- 0.00281038
   Incoming Energy [102341.14021054527, 117584.95540521534)
     Total Material
       Flux                                 0.0937294 +/- 0.00313327
   Incoming Energy [117584.95540521534, 135099.3521198025)
     Total Material
       Flux                                 0.0975326 +/- 0.00425547
   Incoming Energy [135099.3521198025, 155222.5357427048)
     Total Material
       Flux                                 0.0944942 +/- 0.0035973
   Incoming Energy [155222.5357427048, 178343.08769319058)
     Total Material
       Flux                                 0.10438 +/- 0.0036576
   Incoming Energy [178343.08769319058, 204907.4689815846)
     Total Material
       Flux                                 0.117092 +/- 0.00294996
   Incoming Energy [204907.4689815846, 235428.64143224107)
     Total Material
       Flux                                 0.127211 +/- 0.00487989
   Incoming Energy [235428.64143224107, 270495.97304631316)
     Total Material
       Flux                                 0.140511 +/- 0.00374992
   Incoming Energy [270495.97304631316, 310786.6187782014)
     Total Material
       Flux                                 0.157221 +/- 0.0040706
   Incoming Energy [310786.6187782014, 357078.59649004554)
     Total Material
       Flux                                 0.16393 +/- 0.00425731
   Incoming Energy [357078.59649004554, 410265.81058271904)
     Total Material
       Flux                                 0.148967 +/- 0.00445805
   Incoming Energy [410265.81058271904, 471375.31341167097)
     Total Material
       Flux                                 0.138167 +/- 0.00412493
   Incoming Energy [471375.31341167097, 541587.1378079465)
     Total Material
       Flux                                 0.188991 +/- 0.00558968
   Incoming Energy [541587.1378079465, 622257.0836730232)
     Total Material
       Flux                                 0.211305 +/- 0.00516776
   Incoming Energy [622257.0836730232, 714942.8986597562)
     Total Material
       Flux                                 0.224555 +/- 0.00713221
   Incoming Energy [714942.8986597562, 821434.3584919422)
     Total Material
       Flux                                 0.260015 +/- 0.00533997
   Incoming Energy [821434.3584919422, 943787.8277775352)
     Total Material
       Flux                                 0.23265 +/- 0.00530119
   Incoming Energy [943787.8277775352, 1084365.9686896086)
     Total Material
       Flux                                 0.171096 +/- 0.00615251
   Incoming Energy [1084365.9686896086, 1245883.3642950081)
     Total Material
       Flux                                 0.235741 +/- 0.00509814
   Incoming Energy [1245883.3642950081, 1431458.9375234756)
     Total Material
       Flux                                 0.229196 +/- 0.00496459
   Incoming Energy [1431458.9375234756, 1644676.1779946627)
     Total Material
       Flux                                 0.25214 +/- 0.00501316
   Incoming Energy [1644676.1779946627, 1889652.3396912038)
     Total Material
       Flux                                 0.227903 +/- 0.006081
   Incoming Energy [1889652.3396912038, 2171117.945694501)
     Total Material
       Flux                                 0.223671 +/- 0.0062902
   Incoming Energy [2171117.945694501, 2494508.135230317)
     Total Material
       Flux                                 0.268022 +/- 0.00995572
   Incoming Energy [2494508.135230317, 2866067.616948244)
     Total Material
       Flux                                 0.251801 +/- 0.00898393
   Incoming Energy [2866067.616948244, 3292971.255097148)
     Total Material
       Flux                                 0.206421 +/- 0.00391847
   Incoming Energy [3292971.255097148, 3783462.6171319326)
     Total Material
       Flux                                 0.15554 +/- 0.00586939
   Incoming Energy [3783462.6171319326, 4347013.158125018)
     Total Material
       Flux                                 0.132634 +/- 0.00840856
   Incoming Energy [4347013.158125018, 4994505.11585514)
     Total Material
       Flux                                 0.112406 +/- 0.00716856
   Incoming Energy [4994505.11585514, 5738441.648302381)
     Total Material
       Flux                                 0.0873504 +/- 0.00604546
   Incoming Energy [5738441.648302381, 6593188.271333542)
     Total Material
       Flux                                 0.0628583 +/- 0.00683811
   Incoming Energy [6593188.271333542, 7575250.258771921)
     Total Material
       Flux                                 0.030144 +/- 0.00384492
   Incoming Energy [7575250.258771921, 8703591.361485148)
     Total Material
       Flux                                 0.0167139 +/- 0.00222736
   Incoming Energy [8703591.361485148, 10000000)
     Total Material
       Flux                                 0.00746484 +/- 0.00173642
 =================>     TALLY 26: WATER_FLUX_SPECTRUM     <=================

 Cell 27
   Incoming Energy [9.999999999999999e-06, 1.1489510001873086e-05)
     Total Material
       Flux                                 0 +/- 0
   Incoming Energy [1.1489510001873086e-05, 1.3200884008314168e-05)
     Total Material
       Flux                                 0 +/- 0
   Incoming Energy [1.3200884008314168e-05, 1.516716888470924e-05)
     Total Material
       Flux                                 0 +/- 0
   Incoming Energy [1.516716888470924e-05, 1.742633386009651e-05)
     Total Material
       Flux                                 0 +/- 0
   Incoming Energy [1.742633386009651e-05, 2.0022003718155845e-05)
     Total Material
       Flux                                 0 +/- 0
   Incoming Energy [2.0022003718155845e-05, 2.3004301197729168e-05)
     Total Material
       Flux                                 0 +/- 0
   Incoming Energy [2.3004301197729168e-05, 2.643081486974103e-05)
     Total Material
       Flux                                 0 +/- 0
   Incoming Energy [2.643081486974103e-05, 3.0367711180354606e-05)
     Total Material
       Flux                                 0 +/- 0
   Incoming Energy [3.0367711180354606e-05, 3.489101213406774e-05)
     Total Material
       Flux                                 0 +/- 0
   Incoming Energy [3.489101213406774e-05, 4.008806328898465e-05)
     Total Material
       Flux                                 0 +/- 0
   Incoming Energy [4.008806328898465e-05, 4.6059220411451034e-05)
     Total Material
       Flux                                 0 +/- 0
   Incoming Energy [4.6059220411451034e-05, 5.2919787359584364e-05)
     Total Material
       Flux                                 0 +/- 0
   Incoming Energy [5.2919787359584364e-05, 6.080224261649427e-05)
     Total Material
       Flux                                 0 +/- 0
   Incoming Energy [6.080224261649427e-05, 6.985879746785249e-05)
     Total Material
       Flux                                 0 +/- 0
   Incoming Energy [6.985879746785249e-05, 8.026433522257174e-05)
     Total Material
       Flux                                 0 +/- 0
   Incoming Energy [8.026433522257174e-05, 9.221978823334323e-05)
     Total Material
       Flux                                 3.62816e-06 +/- 3.62816e-06
   Incoming Energy [9.221978823334323e-05, 0.00010595601792776158)
     Total Material
       Flux                                 0 +/- 0
   Incoming Energy [0.00010595601792776158, 0.00012173827277396621)
     Total Material
       Flux                                 2.08521e-06 +/- 2.08521e-06
   Incoming Energy [0.00012173827277396621, 0.00013987131026472387)
     Total Material
       Flux                                 0 +/- 0
   Incoming Energy [0.00013987131026472387, 0.00016070528182616383)
     Total Material
       Flux                                 2.61368e-06 +/- 2.61368e-06
   Incoming Energy [0.00016070528182616383, 0.00018464249428955425)
     Total Material
       Flux                                 4.52528e-07 +/- 4.52528e-07
   Incoming Energy [0.00018464249428955425, 0.00021214517849106298)
     Total Material
       Flux                                 3.04138e-06 +/- 3.04138e-06
   Incoming Energy [0.00021214517849106298, 0.00024374441501222218)
     Total Material
       Flux                                 2.72495e-06 +/- 2.41143e-06
   Incoming Energy [0.00024374441501222218, 0.0002800503894183631)
     Total Material
       Flux                                 3.6097e-06 +/- 2.54761e-06
   Incoming Energy [0.0002800503894183631, 0.0003217641750250735)
     Total Material
       Flux                                 1.34294e-06 +/- 8.71968e-07
   Incoming Energy [0.0003217641750250735, 0.00036969127071950243)
     Total Material
       Flux                                 1.90935e-07 +/- 1.90935e-07
   Incoming Energy [0.00036969127071950243, 0.00042475715525368984)
     Total Material
       Flux                                 5.01722e-06 +/- 3.8959e-06
   Incoming Energy [0.00042475715525368984, 0.0004880251583654434)
     Total Material
       Flux                                 4.37298e-05 +/- 2.79653e-05
   Incoming Energy [0.0004880251583654434, 0.0005607169938205458)
     Total Material
       Flux                                 1.28034e-05 +/- 1.2384e-05
   Incoming Energy [0.0005607169938205458, 0.000644236350872137)
     Total Material
       Flux                                 3.27237e-05 +/- 1.83136e-05
   Incoming Energy [0.000644236350872137, 0.0007401959996915637)
     Total Material
       Flux                                 3.60125e-05 +/- 1.38375e-05
   Incoming Energy [0.0007401959996915637, 0.0008504489341802677)
     Total Material
       Flux                                 0.00012974 +/- 5.26907e-05
   Incoming Energy [0.0008504489341802677, 0.00097712415353465)
     Total Material
       Flux                                 2.83118e-05 +/- 1.14597e-05
   Incoming Energy [0.00097712415353465, 0.0011226677735108135)
     Total Material
       Flux                                 0.000149373 +/- 5.7965e-05
   Incoming Energy [0.0011226677735108135, 0.001289890261253308)
     Total Material
       Flux                                 0.000100069 +/- 3.06402e-05
   Incoming Energy [0.001289890261253308, 0.0014820207057988585)
     Total Material
       Flux                                 0.000187605 +/- 3.86555e-05
   Incoming Energy [0.0014820207057988585, 0.0017027691722258996)
     Total Material
       Flux                                 0.000163099 +/- 4.44492e-05
   Incoming Energy [0.0017027691722258996, 0.0019563983435170627)
     Total Material
       Flux                                 0.000254122 +/- 5.08418e-05
   Incoming Energy [0.0019563983435170627, 0.002247805833548725)
     Total Material
       Flux                                 0.00052048 +/- 0.000121873
   Incoming Energy [0.002247805833548725, 0.002582618760682675)
     Total Material
       Flux                                 0.000799477 +/- 0.000146869
   Incoming Energy [0.002582618760682675, 0.0029673024081888696)
     Total Material
       Flux                                 0.000632273 +/- 0.00010009
   Incoming Energy [0.0029673024081888696, 0.003409285069746811)
     Total Material
       Flux                                 0.0010784 +/- 0.000174396
   Incoming Energy [0.003409285069746811, 0.003917101490809256)
     Total Material
       Flux                                 0.0010625 +/- 0.000206861
   Incoming Energy [0.003917101490809256, 0.004500557675700498)
     Total Material
       Flux                                 0.00138542 +/- 0.000213254
   Incoming Energy [0.004500557675700498, 0.0051709202428967555)
     Total Material
       Flux                                 0.00190954 +/- 0.000204646
   Incoming Energy [0.0051709202428967555, 0.0059411339849650335)
     Total Material
       Flux                                 0.00250704 +/- 0.000237155
   Incoming Energy [0.0059411339849650335, 0.006826071834272386)
     Total Material
       Flux                                 0.00306134 +/- 0.000424369
   Incoming Energy [0.006826071834272386, 0.007842822061337682)
     Total Material
       Flux                                 0.00431055 +/- 0.000369243
   Incoming Energy [0.007842822061337682, 0.009011018251665018)
     Total Material
       Flux                                 0.00510028 +/- 0.000431245
   Incoming Energy [0.009011018251665018, 0.010353218432956616)
     Total Material
       Flux                                 0.00566353 +/- 0.000307386
   Incoming Energy [0.010353218432956616, 0.011895340673703195)
     Total Material
       Flux                                 0.00682076 +/- 0.000520368
   Incoming Energy [0.011895340673703195, 0.013667163564620059)
     Total Material
       Flux                                 0.00846445 +/- 0.000629437
   Incoming Energy [0.013667163564620059, 0.015702901247293774)
     Total Material
       Flux                                 0.0114089 +/- 0.00059108
   Incoming Energy [0.015702901247293774, 0.018041864093920716)
     Total Material
       Flux                                 0.0120314 +/- 0.000958022
   Incoming Energy [0.018041864093920716, 0.0207292177959537)
     Total Material
       Flux                                 0.0164134 +/- 0.00106075
   Incoming Energy [0.0207292177959537, 0.023816855519761582)
     Total Material
       Flux                                 0.0211195 +/- 0.00085522
   Incoming Energy [0.023816855519761582, 0.027364399970746692)
     Total Material
       Flux                                 0.0242633 +/- 0.000952705
   Incoming Energy [0.027364399970746692, 0.031440354715915)
     Total Material
       Flux                                 0.0260442 +/- 0.001295
   Incoming Energy [0.031440354715915, 0.0361234269970943)
     Total Material
       Flux                                 0.0271069 +/- 0.00144601
   Incoming Energy [0.0361234269970943, 0.041504047578504726)
     Total Material
       Flux                                 0.0347884 +/- 0.0015322
   Incoming Energy [0.041504047578504726, 0.04768611697714469)
     Total Material
       Flux                                 0.03756 +/- 0.00208775
   Incoming Energy [0.04768611697714469, 0.054789011795939396)
     Total Material
       Flux                                 0.0391144 +/- 0.00209769
   Incoming Energy [0.054789011795939396, 0.06294988990221888)
     Total Material
       Flux                                 0.0396092 +/- 0.00109264
   Incoming Energy [0.06294988990221888, 0.07232633896483534)
     Total Material
       Flux                                 0.0422789 +/- 0.00135746
   Incoming Energy [0.07232633896483534, 0.08309941949353386)
     Total Material
       Flux                                 0.0425116 +/- 0.00193423
   Incoming Energy [0.08309941949353386, 0.09547716114208056)
     Total Material
       Flux                                 0.0406218 +/- 0.00191008
   Incoming Energy [0.09547716114208056, 0.1096985797892384)
     Total Material
       Flux                                 0.0430698 +/- 0.00156074
   Incoming Energy [0.1096985797892384, 0.12603829296797275)
     Total Material
       Flux                                 0.0393327 +/- 0.00165204
   Incoming Energy [0.12603829296797275, 0.1448118227674533)
     Total Material
       Flux                                 0.0397784 +/- 0.00173211
   Incoming Energy [0.1448118227674533, 0.16638168860761274)
     Total Material
       Flux                                 0.0378695 +/- 0.00168251
   Incoming Energy [0.16638168860761274, 0.19116440753856997)
     Total Material
       Flux                                 0.0366968 +/- 0.00155863
   Incoming Energy [0.19116440753856997, 0.2196385372416547)
     Total Material
       Flux                                 0.0372072 +/- 0.00147243
   Incoming Energy [0.2196385372416547, 0.2523539170434766)
     Total Material
       Flux                                 0.0355205 +/- 0.00166329
   Incoming Energy [0.2523539170434766, 0.28994228538828754)
     Total Material
       Flux                                 0.0339023 +/- 0.0012143
   Incoming Energy [0.28994228538828754, 0.333129478793467)
     Total Material
       Flux                                 0.0372696 +/- 0.00154223
   Incoming Energy [0.333129478793467, 0.38274944785163073)
     Total Material
       Flux                                 0.0355076 +/- 0.00197535
   Incoming Energy [0.38274944785163073, 0.4397603609302721)
     Total Material
       Flux                                 0.0402071 +/- 0.00195462
   Incoming Energy [0.4397603609302721, 0.505263106533568)
     Total Material
       Flux                                 0.043485 +/- 0.00193741
   Incoming Energy [0.505263106533568, 0.5805225516094895)
     Total Material
       Flux                                 0.0453571 +/- 0.00192441
   Incoming Energy [0.5805225516094895, 0.6669919663030115)
     Total Material
       Flux                                 0.0412169 +/- 0.00153548
   Incoming Energy [0.6669919663030115, 0.7663410868007446)
     Total Material
       Flux                                 0.0476742 +/- 0.00187728
   Incoming Energy [0.7663410868007446, 0.8804883581643465)
     Total Material
       Flux                                 0.0496779 +/- 0.00171251
   Incoming Energy [0.8804883581643465, 1.011637979766207)
     Total Material
       Flux                                 0.048555 +/- 0.00186062
   Incoming Energy [1.011637979766207, 1.162322468679852)
     Total Material
       Flux                                 0.0447096 +/- 0.00166064
   Incoming Energy [1.162322468679852, 1.3354515629298973)
     Total Material
       Flux                                 0.0470494 +/- 0.00218076
   Incoming Energy [1.3354515629298973, 1.53436840893001)
     Total Material
       Flux                                 0.0479277 +/- 0.00137909
   Incoming Energy [1.53436840893001, 1.762914118095948)
     Total Material
       Flux                                 0.0507407 +/- 0.00183156
   Incoming Energy [1.762914118095948, 2.0255019392306663)
     Total Material
       Flux                                 0.0499646 +/- 0.00198929
   Incoming Energy [2.0255019392306663, 2.327202478960407)
     Total Material
       Flux                                 0.0491466 +/- 0.00205967
   Incoming Energy [2.327202478960407, 2.673841615839944)
     Total Material
       Flux                                 0.0534052 +/- 0.00248933
   Incoming Energy [2.673841615839944, 3.072112998861753)
     Total Material
       Flux                                 0.05446 +/- 0.00155385
   Incoming Energy [3.072112998861753, 3.52970730273065)
     Total Material
       Flux                                 0.0515106 +/- 0.00279466
   Incoming Energy [3.52970730273065, 4.0554607358408274)
     Total Material
       Flux                                 0.0533851 +/- 0.00166642
   Incoming Energy [4.0554607358408274, 4.659525668664678)
     Total Material
       Flux                                 0.0554733 +/- 0.0020121
   Incoming Energy [4.659525668664678, 5.3535666774107185)
     Total Material
       Flux                                 0.0500425 +/- 0.0019592
   Incoming Energy [5.3535666774107185, 6.150985788580504)
     Total Material
       Flux                                 0.0491603 +/- 0.00175947
   Incoming Energy [6.150985788580504, 7.067181273927491)
     Total Material
       Flux                                 0.0427696 +/- 0.001543
   Incoming Energy [7.067181273927491, 8.119844993184008)
     Total Material
       Flux                                 0.0546422 +/- 0.00180192
   Incoming Energy [8.119844993184008, 9.329304026284676)
     Total Material
       Flux                                 0.0539966 +/- 0.00213818
   Incoming Energy [9.329304026284676, 10.718913192051264)
     Total Material
       Flux                                 0.0549527 +/- 0.00228389
   Incoming Energy [10.718913192051264, 12.315506032928262)
     Total Material
       Flux                                 0.0561853 +/- 0.0017207
   Incoming Energy [12.315506032928262, 14.149912974345758)
     Total Material
       Flux                                 0.053979 +/- 0.0022326
   Incoming Energy [14.149912974345758, 16.257556664437935)
     Total Material
       Flux                                 0.0637173 +/- 0.00246627
   Incoming Energy [16.257556664437935, 18.679135990207808)
     Total Material
       Flux                                 0.0626363 +/- 0.00258928
   Incoming Energy [18.679135990207808, 21.461411978584014)
     Total Material
       Flux                                 0.0521274 +/- 0.00176098
   Incoming Energy [21.461411978584014, 24.658110758226037)
     Total Material
       Flux                                 0.0540616 +/- 0.00156304
   Incoming Energy [24.658110758226037, 28.330961018393243)
     Total Material
       Flux                                 0.0656519 +/- 0.00189345
   Incoming Energy [28.330961018393243, 32.550885998350566)
     Total Material
       Flux                                 0.0631953 +/- 0.00253304
   Incoming Energy [32.550885998350566, 37.39937302478794)
     Total Material
       Flux                                 0.0552973 +/- 0.00160356
   Incoming Energy [37.39937302478794, 42.97004704320835)
     Total Material
       Flux                                 0.0632808 +/- 0.00152523
   Incoming Energy [42.97004704320835, 49.37047852839004)
     Total Material
       Flux                                 0.0693093 +/- 0.00227034
   Incoming Energy [49.37047852839004, 56.72426068491978)
     Total Material
       Flux                                 0.0648804 +/- 0.00223916
   Incoming Energy [56.72426068491978, 65.1733960488242)
     Total Material
       Flux                                 0.0662112 +/- 0.00257438
   Incoming Energy [65.1733960488242, 74.88103857590015)
     Total Material
       Flux                                 0.0638317 +/- 0.00220596
   Incoming Energy [74.88103857590015, 86.03464416684491)
     Total Material
       Flux                                 0.0725066 +/- 0.00202869
   Incoming Energy [86.03464416684491, 98.84959046625586)
     Total Material
       Flux                                 0.0674962 +/- 0.00255738
   Incoming Energy [98.84959046625586, 113.57333583431051)
     Total Material
       Flux                                 0.0697527 +/- 0.00283452
   Incoming Energy [113.57333583431051, 130.49019780144016)
     Total Material
       Flux                                 0.074271 +/- 0.00241044
   Incoming Energy [130.49019780144016, 149.9268432786044)
     Total Material
       Flux                                 0.0728564 +/- 0.00195529
   Incoming Energy [149.9268432786044, 172.2585965398784)
     Total Material
       Flux                                 0.0755474 +/- 0.00312148
   Incoming Energy [172.2585965398784, 197.91668678535572)
     Total Material
       Flux                                 0.0763644 +/- 0.00178643
   Incoming Energy [197.91668678535572, 227.39657523579274)
     Total Material
       Flux                                 0.0808491 +/- 0.00247486
   Incoming Energy [227.39657523579274, 261.26752255633266)
     Total Material
       Flux                                 0.0773675 +/- 0.00313897
   Incoming Energy [261.26752255633266, 300.1835813575586)
     Total Material
       Flux                                 0.0793635 +/- 0.00267818
   Incoming Energy [300.1835813575586, 344.89622604057524)
     Total Material
       Flux                                 0.0837507 +/- 0.00285535
   Incoming Energy [344.89622604057524, 396.2688638701478)
     Total Material
       Flux                                 0.0780035 +/- 0.00144199
   Incoming Energy [396.2688638701478, 455.29350748669475)
     Total Material
       Flux                                 0.0755984 +/- 0.00196107
   Incoming Energy [455.29350748669475, 523.1099308056258)
     Total Material
       Flux                                 0.076838 +/- 0.00216133
   Incoming Energy [523.1099308056258, 601.0276782070375)
     Total Material
       Flux                                 0.0835583 +/- 0.00177167
   Incoming Energy [601.0276782070375, 690.5513520162317)
     Total Material
       Flux                                 0.0827745 +/- 0.00287046
   Incoming Energy [690.5513520162317, 793.4096665797492)
     Total Material
       Flux                                 0.0830065 +/- 0.00281487
   Incoming Energy [793.4096665797492, 911.5888299750818)
     Total Material
       Flux                                 0.0827962 +/- 0.00286953
   Incoming Energy [911.5888299750818, 1047.3708979594487)
     Total Material
       Flux                                 0.086384 +/- 0.00248215
   Incoming Energy [1047.3708979594487, 1203.3778407775906)
     Total Material
       Flux                                 0.0858049 +/- 0.00309183
   Incoming Energy [1203.3778407775906, 1382.6221737646536)
     Total Material
       Flux                                 0.0858031 +/- 0.00196067
   Incoming Energy [1382.6221737646536, 1588.5651294280526)
     Total Material
       Flux                                 0.0862578 +/- 0.00281337
   Incoming Energy [1588.5651294280526, 1825.1834943190388)
     Total Material
       Flux                                 0.0852591 +/- 0.00231372
   Incoming Energy [1825.1834943190388, 2097.046401323231)
     Total Material
       Flux                                 0.0839168 +/- 0.00257545
   Incoming Energy [2097.046401323231, 2409.403560239527)
     Total Material
       Flux                                 0.0903671 +/- 0.00174852
   Incoming Energy [2409.403560239527, 2768.286630392061)
     Total Material
       Flux                                 0.0847349 +/- 0.00265101
   Incoming Energy [2768.286630392061, 3180.625692794119)
     Total Material
       Flux                                 0.0877498 +/- 0.00365081
   Incoming Energy [3180.625692794119, 3654.383070957247)
     Total Material
       Flux                                 0.0904918 +/- 0.00241715
   Incoming Energy [3654.383070957247, 4198.707084443906)
     Total Material
       Flux                                 0.0909802 +/- 0.00290486
   Incoming Energy [4198.707084443906, 4824.108704165374)
     Total Material
       Flux                                 0.0913776 +/- 0.00208892
   Incoming Energy [4824.108704165374, 5542.664520663096)
     Total Material
       Flux                                 0.0900926 +/- 0.0025739
   Incoming Energy [5542.664520663096, 6368.249944718586)
     Total Material
       Flux                                 0.085337 +/- 0.00229498
   Incoming Energy [6368.249944718586, 7316.807143427177)
     Total Material
       Flux                                 0.0893677 +/- 0.00246483
   Incoming Energy [7316.807143427177, 8406.652885618316)
     Total Material
       Flux                                 0.0931584 +/- 0.00370636
   Incoming Energy [8406.652885618316, 9658.832241158709)
     Total Material
       Flux                                 0.094018 +/- 0.00364294
   Incoming Energy [9658.832241158709, 11097.5249641207)
     Total Material
       Flux                                 0.0985116 +/- 0.0026692
   Incoming Energy [11097.5249641207, 12750.512407130129)
     Total Material
       Flux                                 0.0940214 +/- 0.00216792
   Incoming Energy [12750.512407130129, 14649.713983072817)
     Total Material
       Flux                                 0.0966554 +/- 0.00249114
   Incoming Energy [14649.713983072817, 16831.80353330955)
     Total Material
       Flux                                 0.103321 +/- 0.00336623
   Incoming Energy [16831.80353330955, 19338.91750455232)
     Total Material
       Flux                                 0.0948798 +/- 0.00259271
   Incoming Energy [19338.91750455232, 22219.468609395193)
     Total Material
       Flux                                 0.105556 +/- 0.00368878
   Incoming Energy [22219.468609395193, 25529.080682395164)
     Total Material
       Flux                                 0.105155 +/- 0.00319763
   Incoming Energy [25529.080682395164, 29331.662783900363)
     Total Material
       Flux                                 0.105306 +/- 0.00253366
   Incoming Energy [29331.662783900363, 33700.64329271925)
     Total Material
       Flux                                 0.116857 +/- 0.00334365
   Incoming Energy [33700.64329271925, 38720.38781812557)
     Total Material
       Flux                                 0.112961 +/- 0.00358607
   Incoming Energy [38720.38781812557, 44487.82831127576)
     Total Material
       Flux                                 0.118759 +/- 0.00345065
   Incoming Energy [44487.82831127576, 51114.334834401656)
     Total Material
       Flux                                 0.117648 +/- 0.00379146
   Incoming Energy [51114.334834401656, 58727.86613189465)
     Total Material
       Flux                                 0.122123 +/- 0.00373269
   Incoming Energy [58727.86613189465, 67475.44053110685)
     Total Material
       Flux                                 0.134516 +/- 0.00262322
   Incoming Energy [67475.44053110685, 77525.97488629464)
     Total Material
       Flux                                 0.135463 +/- 0.00409185
   Incoming Energy [77525.97488629464, 89073.54638610421)
     Total Material
       Flux                                 0.135154 +/- 0.00277312
   Incoming Energy [89073.54638610421, 102341.14021054527)
     Total Material
       Flux                                 0.147233 +/- 0.00395252
   Incoming Energy [102341.14021054527, 117584.95540521534)
     Total Material
       Flux                                 0.161133 +/- 0.00447215
   Incoming Energy [117584.95540521534, 135099.3521198025)
     Total Material
       Flux                                 0.166383 +/- 0.00552789
   Incoming Energy [135099.3521198025, 155222.5357427048)
     Total Material
       Flux                                 0.164639 +/- 0.00464467
   Incoming Energy [155222.5357427048, 178343.08769319058)
     Total Material
       Flux                                 0.184493 +/- 0.00619024
   Incoming Energy [178343.08769319058, 204907.4689815846)
     Total Material
       Flux                                 0.198828 +/- 0.00455611
   Incoming Energy [204907.4689815846, 235428.64143224107)
     Total Material
       Flux                                 0.216483 +/- 0.00616416
   Incoming Energy [235428.64143224107, 270495.97304631316)
     Total Material
       Flux                                 0.232535 +/- 0.00558298
   Incoming Energy [270495.97304631316, 310786.6187782014)
     Total Material
       Flux                                 0.256862 +/- 0.00472409
   Incoming Energy [310786.6187782014, 357078.59649004554)
     Total Material
       Flux                                 0.275351 +/- 0.00615731
   Incoming Energy [357078.59649004554, 410265.81058271904)
     Total Material
       Flux                                 0.248128 +/- 0.00671731
   Incoming Energy [410265.81058271904, 471375.31341167097)
     Total Material
       Flux                                 0.22812 +/- 0.00564222
   Incoming Energy [471375.31341167097, 541587.1378079465)
     Total Material
       Flux                                 0.302873 +/- 0.00840589
   Incoming Energy [541587.1378079465, 622257.0836730232)
     Total Material
       Flux                                 0.34803 +/- 0.00659584
   Incoming Energy [622257.0836730232, 714942.8986597562)
     Total Material
       Flux                                 0.368492 +/- 0.0112533
   Incoming Energy [714942.8986597562, 821434.3584919422)
     Total Material
       Flux                                 0.42241 +/- 0.00691922
   Incoming Energy [821434.3584919422, 943787.8277775352)
     Total Material
       Flux                                 0.38482 +/- 0.00773174
   Incoming Energy [943787.8277775352, 1084365.9686896086)
     Total Material
       Flux                                 0.27799 +/- 0.0109166
   Incoming Energy [1084365.9686896086, 1245883.3642950081)
     Total Material
       Flux                                 0.38778 +/- 0.00786334
   Incoming Energy [1245883.3642950081, 1431458.9375234756)
     Total Material
       Flux                                 0.375235 +/- 0.00858026
   Incoming Energy [1431458.9375234756, 1644676.1779946627)
     Total Material
       Flux                                 0.414716 +/- 0.00781095
   Incoming Energy [1644676.1779946627, 1889652.3396912038)
     Total Material
       Flux                                 0.371892 +/- 0.00892267
   Incoming Energy [1889652.3396912038, 2171117.945694501)
     Total Material
       Flux                                 0.367507 +/- 0.0114226
   Incoming Energy [2171117.945694501, 2494508.135230317)
     Total Material
       Flux                                 0.441728 +/- 0.0161019
   Incoming Energy [2494508.135230317, 2866067.616948244)
     Total Material
       Flux                                 0.419947 +/- 0.0149131
   Incoming Energy [2866067.616948244, 3292971.255097148)
     Total Material
       Flux                                 0.345613 +/- 0.00756157
   Incoming Energy [3292971.255097148, 3783462.6171319326)
     Total Material
       Flux                                 0.247879 +/- 0.0102134
   Incoming Energy [3783462.6171319326, 4347013.158125018)
     Total Material
       Flux                                 0.216236 +/- 0.0149731
   Incoming Energy [4347013.158125018, 4994505.11585514)
     Total Material
       Flux                                 0.186757 +/- 0.0125298
   Incoming Energy [4994505.11585514, 5738441.648302381)
     Total Material
       Flux                                 0.138901 +/- 0.00879566
   Incoming Energy [5738441.648302381, 6593188.271333542)
     Total Material
       Flux                                 0.105102 +/- 0.0122341
   Incoming Energy [6593188.271333542, 7575250.258771921)
     Total Material
       Flux                                 0.0475004 +/- 0.00673267
   Incoming Energy [7575250.258771921, 8703591.361485148)
     Total Material
       Flux                                 0.0256118 +/- 0.00394239
   Incoming Energy [8703591.361485148, 10000000)
     Total Material
       Flux                                 0.0127278 +/- 0.00282408
 ===================>     TALLY 27: FISSION_ENERGY     <====================

 Cell 25
   Incoming Energy [9.999999999999999e-06, 1.1489510001873086e-05)
     Total Material
       Fission Rate                         0 +/- 0
   Incoming Energy [1.1489510001873086e-05, 1.3200884008314168e-05)
     Total Material
       Fission Rate                         0 +/- 0
   Incoming Energy [1.3200884008314168e-05, 1.516716888470924e-05)
     Total Material
       Fission Rate                         0 +/- 0
   Incoming Energy [1.516716888470924e-05, 1.742633386009651e-05)
     Total Material
       Fission Rate                         0 +/- 0
   Incoming Energy [1.742633386009651e-05, 2.0022003718155845e-05)
     Total Material
       Fission Rate                         0 +/- 0
   Incoming Energy [2.0022003718155845e-05, 2.3004301197729168e-05)
     Total Material
       Fission Rate                         0 +/- 0
   Incoming Energy [2.3004301197729168e-05, 2.643081486974103e-05)
     Total Material
       Fission Rate                         0 +/- 0
   Incoming Energy [2.643081486974103e-05, 3.0367711180354606e-05)
     Total Material
       Fission Rate                         0 +/- 0
   Incoming Energy [3.0367711180354606e-05, 3.489101213406774e-05)
     Total Material
       Fission Rate                         0 +/- 0
   Incoming Energy [3.489101213406774e-05, 4.008806328898465e-05)
     Total Material
       Fission Rate                         0 +/- 0
   Incoming Energy [4.008806328898465e-05, 4.6059220411451034e-05)
     Total Material
       Fission Rate                         0 +/- 0
   Incoming Energy [4.6059220411451034e-05, 5.2919787359584364e-05)
     Total Material
       Fission Rate                         0 +/- 0
   Incoming Energy [5.2919787359584364e-05, 6.080224261649427e-05)
     Total Material
       Fission Rate                         0 +/- 0
   Incoming Energy [6.080224261649427e-05, 6.985879746785249e-05)
     Total Material
       Fission Rate                         0 +/- 0
   Incoming Energy [6.985879746785249e-05, 8.026433522257174e-05)
     Total Material
       Fission Rate                         0 +/- 0
   Incoming Energy [8.026433522257174e-05, 9.221978823334323e-05)
     Total Material
       Fission Rate                         0 +/- 0
   Incoming Energy [9.221978823334323e-05, 0.00010595601792776158)
     Total Material
       Fission Rate                         0 +/- 0
   Incoming Energy [0.00010595601792776158, 0.00012173827277396621)
     Total Material
       Fission Rate                         0 +/- 0
   Incoming Energy [0.00012173827277396621, 0.00013987131026472387)
     Total Material
       Fission Rate                         0 +/- 0
   Incoming Energy [0.00013987131026472387, 0.00016070528182616383)
     Total Material
       Fission Rate                         0 +/- 0
   Incoming Energy [0.00016070528182616383, 0.00018464249428955425)
     Total Material
       Fission Rate                         0 +/- 0
   Incoming Energy [0.00018464249428955425, 0.00021214517849106298)
     Total Material
       Fission Rate                         0 +/- 0
   Incoming Energy [0.00021214517849106298, 0.00024374441501222218)
     Total Material
       Fission Rate                         0.000130518 +/- 0.000130518
   Incoming Energy [0.00024374441501222218, 0.0002800503894183631)
     Total Material
       Fission Rate                         0 +/- 0
   Incoming Energy [0.0002800503894183631, 0.0003217641750250735)
     Total Material
       Fission Rate                         0 +/- 0
   Incoming Energy [0.0003217641750250735, 0.00036969127071950243)
     Total Material
       Fission Rate                         0 +/- 0
   Incoming Energy [0.00036969127071950243, 0.00042475715525368984)
     Total Material
       Fission Rate                         0 +/- 0
   Incoming Energy [0.00042475715525368984, 0.0004880251583654434)
     Total Material
       Fission Rate                         0 +/- 0
   Incoming Energy [0.0004880251583654434, 0.0005607169938205458)
     Total Material
       Fission Rate                         0 +/- 0
   Incoming Energy [0.0005607169938205458, 0.000644236350872137)
     Total Material
       Fission Rate                         0 +/- 0
   Incoming Energy [0.000644236350872137, 0.0007401959996915637)
     Total Material
       Fission Rate                         0.000114317 +/- 8.80534e-05
   Incoming Energy [0.0007401959996915637, 0.0008504489341802677)
     Total Material
       Fission Rate                         0 +/- 0
   Incoming Energy [0.0008504489341802677, 0.00097712415353465)
     Total Material
       Fission Rate                         0 +/- 0
   Incoming Energy [0.00097712415353465, 0.0011226677735108135)
     Total Material
       Fission Rate                         0 +/- 0
   Incoming Energy [0.0011226677735108135, 0.001289890261253308)
     Total Material
       Fission Rate                         5.89093e-05 +/- 4.36427e-05
   Incoming Energy [0.001289890261253308, 0.0014820207057988585)
     Total Material
       Fission Rate                         0.00011438 +/- 7.87319e-05
   Incoming Energy [0.0014820207057988585, 0.0017027691722258996)
     Total Material
       Fission Rate                         0.000195447 +/- 0.000137459
   Incoming Energy [0.0017027691722258996, 0.0019563983435170627)
     Total Material
       Fission Rate                         0.000156756 +/- 8.74582e-05
   Incoming Energy [0.0019563983435170627, 0.002247805833548725)
     Total Material
       Fission Rate                         0.00010548 +/- 4.32901e-05
   Incoming Energy [0.002247805833548725, 0.002582618760682675)
     Total Material
       Fission Rate                         0.000117817 +/- 9.45361e-05
   Incoming Energy [0.002582618760682675, 0.0029673024081888696)
     Total Material
       Fission Rate                         0.000652677 +/- 0.0002051
   Incoming Energy [0.0029673024081888696, 0.003409285069746811)
     Total Material
       Fission Rate                         0.000930455 +/- 0.000291331
   Incoming Energy [0.003409285069746811, 0.003917101490809256)
     Total Material
       Fission Rate                         0.000660484 +/- 0.000249153
   Incoming Energy [0.003917101490809256, 0.004500557675700498)
     Total Material
       Fission Rate                         0.000439427 +/- 0.000156743
   Incoming Energy [0.004500557675700498, 0.0051709202428967555)
     Total Material
       Fission Rate                         0.00111504 +/- 0.00032543
   Incoming Energy [0.0051709202428967555, 0.0059411339849650335)
     Total Material
       Fission Rate                         0.00134761 +/- 0.000283795
   Incoming Energy [0.0059411339849650335, 0.006826071834272386)
     Total Material
       Fission Rate                         0.00177106 +/- 0.000460085
   Incoming Energy [0.006826071834272386, 0.007842822061337682)
     Total Material
       Fission Rate                         0.00252846 +/- 0.000516975
   Incoming Energy [0.007842822061337682, 0.009011018251665018)
     Total Material
       Fission Rate                         0.00183345 +/- 0.000301582
   Incoming Energy [0.009011018251665018, 0.010353218432956616)
     Total Material
       Fission Rate                         0.00294596 +/- 0.000343362
   Incoming Energy [0.010353218432956616, 0.011895340673703195)
     Total Material
       Fission Rate                         0.0045946 +/- 0.000668912
   Incoming Energy [0.011895340673703195, 0.013667163564620059)
     Total Material
       Fission Rate                         0.00491214 +/- 0.000665747
   Incoming Energy [0.013667163564620059, 0.015702901247293774)
     Total Material
       Fission Rate                         0.00592651 +/- 0.00070251
   Incoming Energy [0.015702901247293774, 0.018041864093920716)
     Total Material
       Fission Rate                         0.0083014 +/- 0.000764793
   Incoming Energy [0.018041864093920716, 0.0207292177959537)
     Total Material
       Fission Rate                         0.00928547 +/- 0.000788101
   Incoming Energy [0.0207292177959537, 0.023816855519761582)
     Total Material
       Fission Rate                         0.0121189 +/- 0.00089962
   Incoming Energy [0.023816855519761582, 0.027364399970746692)
     Total Material
       Fission Rate                         0.0153231 +/- 0.00102471
   Incoming Energy [0.027364399970746692, 0.031440354715915)
     Total Material
       Fission Rate                         0.0139906 +/- 0.000752415
   Incoming Energy [0.031440354715915, 0.0361234269970943)
     Total Material
       Fission Rate                         0.0149678 +/- 0.00113941
   Incoming Energy [0.0361234269970943, 0.041504047578504726)
     Total Material
       Fission Rate                         0.0182806 +/- 0.00127115
   Incoming Energy [0.041504047578504726, 0.04768611697714469)
     Total Material
       Fission Rate                         0.0194309 +/- 0.0013103
   Incoming Energy [0.04768611697714469, 0.054789011795939396)
     Total Material
       Fission Rate                         0.0181103 +/- 0.00128463
   Incoming Energy [0.054789011795939396, 0.06294988990221888)
     Total Material
       Fission Rate                         0.0203972 +/- 0.00108017
   Incoming Energy [0.06294988990221888, 0.07232633896483534)
     Total Material
       Fission Rate                         0.0175565 +/- 0.000885981
   Incoming Energy [0.07232633896483534, 0.08309941949353386)
     Total Material
       Fission Rate                         0.017461 +/- 0.00100281
   Incoming Energy [0.08309941949353386, 0.09547716114208056)
     Total Material
       Fission Rate                         0.0151561 +/- 0.000624332
   Incoming Energy [0.09547716114208056, 0.1096985797892384)
     Total Material
       Fission Rate                         0.0163449 +/- 0.000842624
   Incoming Energy [0.1096985797892384, 0.12603829296797275)
     Total Material
       Fission Rate                         0.0141324 +/- 0.00060494
   Incoming Energy [0.12603829296797275, 0.1448118227674533)
     Total Material
       Fission Rate                         0.0143448 +/- 0.000804459
   Incoming Energy [0.1448118227674533, 0.16638168860761274)
     Total Material
       Fission Rate                         0.0134808 +/- 0.000884583
   Incoming Energy [0.16638168860761274, 0.19116440753856997)
     Total Material
       Fission Rate                         0.0118654 +/- 0.000676673
   Incoming Energy [0.19116440753856997, 0.2196385372416547)
     Total Material
       Fission Rate                         0.0133742 +/- 0.000812781
   Incoming Energy [0.2196385372416547, 0.2523539170434766)
     Total Material
       Fission Rate                         0.0127931 +/- 0.000667143
   Incoming Energy [0.2523539170434766, 0.28994228538828754)
     Total Material
       Fission Rate                         0.0113043 +/- 0.000647639
   Incoming Energy [0.28994228538828754, 0.333129478793467)
     Total Material
       Fission Rate                         0.0120252 +/- 0.000828488
   Incoming Energy [0.333129478793467, 0.38274944785163073)
     Total Material
       Fission Rate                         0.0101117 +/- 0.000717665
   Incoming Energy [0.38274944785163073, 0.4397603609302721)
     Total Material
       Fission Rate                         0.00893622 +/- 0.000529415
   Incoming Energy [0.4397603609302721, 0.505263106533568)
     Total Material
       Fission Rate                         0.00779607 +/- 0.000402473
   Incoming Energy [0.505263106533568, 0.5805225516094895)
     Total Material
       Fission Rate                         0.00776112 +/- 0.00037728
   Incoming Energy [0.5805225516094895, 0.6669919663030115)
     Total Material
       Fission Rate                         0.00622389 +/- 0.000406091
   Incoming Energy [0.6669919663030115, 0.7663410868007446)
     Total Material
       Fission Rate                         0.00639243 +/- 0.000306845
   Incoming Energy [0.7663410868007446, 0.8804883581643465)
     Total Material
       Fission Rate                         0.00619169 +/- 0.000219513
   Incoming Energy [0.8804883581643465, 1.011637979766207)
     Total Material
       Fission Rate                         0.00660138 +/- 0.00047085
   Incoming Energy [1.011637979766207, 1.162322468679852)
     Total Material
       Fission Rate                         0.00957143 +/- 0.000475338
   Incoming Energy [1.162322468679852, 1.3354515629298973)
     Total Material
       Fission Rate                         0.00466167 +/- 0.000374679
   Incoming Energy [1.3354515629298973, 1.53436840893001)
     Total Material
       Fission Rate                         0.00221849 +/- 9.53568e-05
   Incoming Energy [1.53436840893001, 1.762914118095948)
     Total Material
       Fission Rate                         0.00181588 +/- 8.95332e-05
   Incoming Energy [1.762914118095948, 2.0255019392306663)
     Total Material
       Fission Rate                         0.00182157 +/- 8.28907e-05
   Incoming Energy [2.0255019392306663, 2.327202478960407)
     Total Material
       Fission Rate                         0.0017807 +/- 0.000112784
   Incoming Energy [2.327202478960407, 2.673841615839944)
     Total Material
       Fission Rate                         0.00135688 +/- 6.82444e-05
   Incoming Energy [2.673841615839944, 3.072112998861753)
     Total Material
       Fission Rate                         0.00239974 +/- 0.000150001
   Incoming Energy [3.072112998861753, 3.52970730273065)
     Total Material
       Fission Rate                         0.00383511 +/- 0.00028534
   Incoming Energy [3.52970730273065, 4.0554607358408274)
     Total Material
       Fission Rate                         0.00298046 +/- 0.000281133
   Incoming Energy [4.0554607358408274, 4.659525668664678)
     Total Material
       Fission Rate                         0.00053479 +/- 2.55104e-05
   Incoming Energy [4.659525668664678, 5.3535666774107185)
     Total Material
       Fission Rate                         0.00117776 +/- 7.84335e-05
   Incoming Energy [5.3535666774107185, 6.150985788580504)
     Total Material
       Fission Rate                         0.00213216 +/- 0.00015071
   Incoming Energy [6.150985788580504, 7.067181273927491)
     Total Material
       Fission Rate                         0.00235823 +/- 0.000153646
   Incoming Energy [7.067181273927491, 8.119844993184008)
     Total Material
       Fission Rate                         0.00131537 +/- 0.000109962
   Incoming Energy [8.119844993184008, 9.329304026284676)
     Total Material
       Fission Rate                         0.0108342 +/- 0.000676735
   Incoming Energy [9.329304026284676, 10.718913192051264)
     Total Material
       Fission Rate                         0.00359364 +/- 0.000152078
   Incoming Energy [10.718913192051264, 12.315506032928262)
     Total Material
       Fission Rate                         0.00295402 +/- 0.000161469
   Incoming Energy [12.315506032928262, 14.149912974345758)
     Total Material
       Fission Rate                         0.00639922 +/- 0.000426571
   Incoming Energy [14.149912974345758, 16.257556664437935)
     Total Material
       Fission Rate                         0.00400935 +/- 0.000250234
   Incoming Energy [16.257556664437935, 18.679135990207808)
     Total Material
       Fission Rate                         0.00361033 +/- 0.000207932
   Incoming Energy [18.679135990207808, 21.461411978584014)
     Total Material
       Fission Rate                         0.00607653 +/- 0.000701311
   Incoming Energy [21.461411978584014, 24.658110758226037)
     Total Material
       Fission Rate                         0.00377163 +/- 0.000322726
   Incoming Energy [24.658110758226037, 28.330961018393243)
     Total Material
       Fission Rate                         0.00604156 +/- 0.000335695
   Incoming Energy [28.330961018393243, 32.550885998350566)
     Total Material
       Fission Rate                         0.00274839 +/- 0.000240797
   Incoming Energy [32.550885998350566, 37.39937302478794)
     Total Material
       Fission Rate                         0.00671009 +/- 0.000468913
   Incoming Energy [37.39937302478794, 42.97004704320835)
     Total Material
       Fission Rate                         0.00455521 +/- 0.00035767
   Incoming Energy [42.97004704320835, 49.37047852839004)
     Total Material
       Fission Rate                         0.00570037 +/- 0.000251993
   Incoming Energy [49.37047852839004, 56.72426068491978)
     Total Material
       Fission Rate                         0.00786773 +/- 0.000363294
   Incoming Energy [56.72426068491978, 65.1733960488242)
     Total Material
       Fission Rate                         0.00408786 +/- 0.000280763
   Incoming Energy [65.1733960488242, 74.88103857590015)
     Total Material
       Fission Rate                         0.00371722 +/- 0.00033529
   Incoming Energy [74.88103857590015, 86.03464416684491)
     Total Material
       Fission Rate                         0.00399206 +/- 0.000225084
   Incoming Energy [86.03464416684491, 98.84959046625586)
     Total Material
       Fission Rate                         0.00348707 +/- 0.000232109
   Incoming Energy [98.84959046625586, 113.57333583431051)
     Total Material
       Fission Rate                         0.00203503 +/- 0.000138114
   Incoming Energy [113.57333583431051, 130.49019780144016)
     Total Material
       Fission Rate                         0.00430559 +/- 0.000206323
   Incoming Energy [130.49019780144016, 149.9268432786044)
     Total Material
       Fission Rate                         0.00397369 +/- 0.000209655
   Incoming Energy [149.9268432786044, 172.2585965398784)
     Total Material
       Fission Rate                         0.00327796 +/- 0.000199099
   Incoming Energy [172.2585965398784, 197.91668678535572)
     Total Material
       Fission Rate                         0.00268105 +/- 0.000131051
   Incoming Energy [197.91668678535572, 227.39657523579274)
     Total Material
       Fission Rate                         0.00424064 +/- 0.000216097
   Incoming Energy [227.39657523579274, 261.26752255633266)
     Total Material
       Fission Rate                         0.00350709 +/- 0.000151212
   Incoming Energy [261.26752255633266, 300.1835813575586)
     Total Material
       Fission Rate                         0.00379144 +/- 0.000274233
   Incoming Energy [300.1835813575586, 344.89622604057524)
     Total Material
       Fission Rate                         0.00301278 +/- 0.000166499
   Incoming Energy [344.89622604057524, 396.2688638701478)
     Total Material
       Fission Rate                         0.00220718 +/- 0.000102832
   Incoming Energy [396.2688638701478, 455.29350748669475)
     Total Material
       Fission Rate                         0.00235533 +/- 0.000138324
   Incoming Energy [455.29350748669475, 523.1099308056258)
     Total Material
       Fission Rate                         0.00276583 +/- 0.000107766
   Incoming Energy [523.1099308056258, 601.0276782070375)
     Total Material
       Fission Rate                         0.00256936 +/- 8.98148e-05
   Incoming Energy [601.0276782070375, 690.5513520162317)
     Total Material
       Fission Rate                         0.0021344 +/- 9.682e-05
   Incoming Energy [690.5513520162317, 793.4096665797492)
     Total Material
       Fission Rate                         0.00214275 +/- 0.000127967
   Incoming Energy [793.4096665797492, 911.5888299750818)
     Total Material
       Fission Rate                         0.00168415 +/- 9.56144e-05
   Incoming Energy [911.5888299750818, 1047.3708979594487)
     Total Material
       Fission Rate                         0.00158726 +/- 4.76181e-05
   Incoming Energy [1047.3708979594487, 1203.3778407775906)
     Total Material
       Fission Rate                         0.00195863 +/- 0.000111959
   Incoming Energy [1203.3778407775906, 1382.6221737646536)
     Total Material
       Fission Rate                         0.00167498 +/- 6.34882e-05
   Incoming Energy [1382.6221737646536, 1588.5651294280526)
     Total Material
       Fission Rate                         0.00119764 +/- 6.42132e-05
   Incoming Energy [1588.5651294280526, 1825.1834943190388)
     Total Material
       Fission Rate                         0.00154258 +/- 8.63546e-05
   Incoming Energy [1825.1834943190388, 2097.046401323231)
     Total Material
       Fission Rate                         0.00126634 +/- 5.92152e-05
   Incoming Energy [2097.046401323231, 2409.403560239527)
     Total Material
       Fission Rate                         0.00118693 +/- 4.07819e-05
   Incoming Energy [2409.403560239527, 2768.286630392061)
     Total Material
       Fission Rate                         0.00124065 +/- 5.08535e-05
   Incoming Energy [2768.286630392061, 3180.625692794119)
     Total Material
       Fission Rate                         0.00111567 +/- 5.92229e-05
   Incoming Energy [3180.625692794119, 3654.383070957247)
     Total Material
       Fission Rate                         0.00112586 +/- 4.77946e-05
   Incoming Energy [3654.383070957247, 4198.707084443906)
     Total Material
       Fission Rate                         0.00109971 +/- 4.62467e-05
   Incoming Energy [4198.707084443906, 4824.108704165374)
     Total Material
       Fission Rate                         0.00104577 +/- 4.65562e-05
   Incoming Energy [4824.108704165374, 5542.664520663096)
     Total Material
       Fission Rate                         0.000935906 +/- 4.45202e-05
   Incoming Energy [5542.664520663096, 6368.249944718586)
     Total Material
       Fission Rate                         0.000823559 +/- 3.90329e-05
   Incoming Energy [6368.249944718586, 7316.807143427177)
     Total Material
       Fission Rate                         0.000800283 +/- 3.54585e-05
   Incoming Energy [7316.807143427177, 8406.652885618316)
     Total Material
       Fission Rate                         0.000704764 +/- 3.53625e-05
   Incoming Energy [8406.652885618316, 9658.832241158709)
     Total Material
       Fission Rate                         0.000750092 +/- 4.08236e-05
   Incoming Energy [9658.832241158709, 11097.5249641207)
     Total Material
       Fission Rate                         0.000683043 +/- 2.5623e-05
   Incoming Energy [11097.5249641207, 12750.512407130129)
     Total Material
       Fission Rate                         0.000651445 +/- 2.90944e-05
   Incoming Energy [12750.512407130129, 14649.713983072817)
     Total Material
       Fission Rate                         0.000660838 +/- 3.15818e-05
   Incoming Energy [14649.713983072817, 16831.80353330955)
     Total Material
       Fission Rate                         0.000640896 +/- 2.31238e-05
   Incoming Energy [16831.80353330955, 19338.91750455232)
     Total Material
       Fission Rate                         0.000583947 +/- 1.7708e-05
   Incoming Energy [19338.91750455232, 22219.468609395193)
     Total Material
       Fission Rate                         0.000627315 +/- 2.68194e-05
   Incoming Energy [22219.468609395193, 25529.080682395164)
     Total Material
       Fission Rate                         0.000613734 +/- 3.03847e-05
   Incoming Energy [25529.080682395164, 29331.662783900363)
     Total Material
       Fission Rate                         0.000581792 +/- 1.56045e-05
   Incoming Energy [29331.662783900363, 33700.64329271925)
     Total Material
       Fission Rate                         0.000607749 +/- 1.92092e-05
   Incoming Energy [33700.64329271925, 38720.38781812557)
     Total Material
       Fission Rate                         0.000586291 +/- 1.48319e-05
   Incoming Energy [38720.38781812557, 44487.82831127576)
     Total Material
       Fission Rate                         0.000578081 +/- 2.77475e-05
   Incoming Energy [44487.82831127576, 51114.334834401656)
     Total Material
       Fission Rate                         0.000581969 +/- 1.7103e-05
   Incoming Energy [51114.334834401656, 58727.86613189465)
     Total Material
       Fission Rate                         0.000595992 +/- 2.8617e-05
   Incoming Energy [58727.86613189465, 67475.44053110685)
     Total Material
       Fission Rate                         0.000619234 +/- 1.78609e-05
   Incoming Energy [67475.44053110685, 77525.97488629464)
     Total Material
       Fission Rate                         0.000604086 +/- 1.81437e-05
   Incoming Energy [77525.97488629464, 89073.54638610421)
     Total Material
       Fission Rate                         0.000558521 +/- 2.10469e-05
   Incoming Energy [89073.54638610421, 102341.14021054527)
     Total Material
       Fission Rate                         0.000603707 +/- 2.06172e-05
   Incoming Energy [102341.14021054527, 117584.95540521534)
     Total Material
       Fission Rate                         0.000669508 +/- 2.23195e-05
   Incoming Energy [117584.95540521534, 135099.3521198025)
     Total Material
       Fission Rate                         0.000671021 +/- 2.93523e-05
   Incoming Energy [135099.3521198025, 155222.5357427048)
     Total Material
       Fission Rate                         0.000632308 +/- 2.41147e-05
   Incoming Energy [155222.5357427048, 178343.08769319058)
     Total Material
       Fission Rate                         0.000678226 +/- 2.37784e-05
   Incoming Energy [178343.08769319058, 204907.4689815846)
     Total Material
       Fission Rate                         0.000738462 +/- 1.86316e-05
   Incoming Energy [204907.4689815846, 235428.64143224107)
     Total Material
       Fission Rate                         0.000779652 +/- 2.98859e-05
   Incoming Energy [235428.64143224107, 270495.97304631316)
     Total Material
       Fission Rate                         0.000834027 +/- 2.23012e-05
   Incoming Energy [270495.97304631316, 310786.6187782014)
     Total Material
       Fission Rate                         0.000902961 +/- 2.33588e-05
   Incoming Energy [310786.6187782014, 357078.59649004554)
     Total Material
       Fission Rate                         0.000939045 +/- 2.43818e-05
   Incoming Energy [357078.59649004554, 410265.81058271904)
     Total Material
       Fission Rate                         0.000840716 +/- 2.51835e-05
   Incoming Energy [410265.81058271904, 471375.31341167097)
     Total Material
       Fission Rate                         0.000756949 +/- 2.26321e-05
   Incoming Energy [471375.31341167097, 541587.1378079465)
     Total Material
       Fission Rate                         0.000999503 +/- 2.95404e-05
   Incoming Energy [541587.1378079465, 622257.0836730232)
     Total Material
       Fission Rate                         0.0011031 +/- 2.69765e-05
   Incoming Energy [622257.0836730232, 714942.8986597562)
     Total Material
       Fission Rate                         0.00116911 +/- 3.71642e-05
   Incoming Energy [714942.8986597562, 821434.3584919422)
     Total Material
       Fission Rate                         0.00136539 +/- 2.8027e-05
   Incoming Energy [821434.3584919422, 943787.8277775352)
     Total Material
       Fission Rate                         0.00127008 +/- 2.865e-05
   Incoming Energy [943787.8277775352, 1084365.9686896086)
     Total Material
       Fission Rate                         0.00100654 +/- 3.61553e-05
   Incoming Energy [1084365.9686896086, 1245883.3642950081)
     Total Material
       Fission Rate                         0.00145176 +/- 3.13293e-05
   Incoming Energy [1245883.3642950081, 1431458.9375234756)
     Total Material
       Fission Rate                         0.00178401 +/- 3.90966e-05
   Incoming Energy [1431458.9375234756, 1644676.1779946627)
     Total Material
       Fission Rate                         0.00319588 +/- 6.70805e-05
   Incoming Energy [1644676.1779946627, 1889652.3396912038)
     Total Material
       Fission Rate                         0.00334966 +/- 9.01806e-05
   Incoming Energy [1889652.3396912038, 2171117.945694501)
     Total Material
       Fission Rate                         0.00355483 +/- 0.000100405
   Incoming Energy [2171117.945694501, 2494508.135230317)
     Total Material
       Fission Rate                         0.00430511 +/- 0.000159932
   Incoming Energy [2494508.135230317, 2866067.616948244)
     Total Material
       Fission Rate                         0.0039912 +/- 0.000142326
   Incoming Energy [2866067.616948244, 3292971.255097148)
     Total Material
       Fission Rate                         0.00319009 +/- 6.04984e-05
   Incoming Energy [3292971.255097148, 3783462.6171319326)
     Total Material
       Fission Rate                         0.00241926 +/- 9.12974e-05
   Incoming Energy [3783462.6171319326, 4347013.158125018)
     Total Material
       Fission Rate                         0.00206771 +/- 0.00013109
   Incoming Energy [4347013.158125018, 4994505.11585514)
     Total Material
       Fission Rate                         0.00173976 +/- 0.000110971
   Incoming Energy [4994505.11585514, 5738441.648302381)
     Total Material
       Fission Rate                         0.00131979 +/- 9.122e-05
   Incoming Energy [5738441.648302381, 6593188.271333542)
     Total Material
       Fission Rate                         0.0011217 +/- 0.000121645
   Incoming Energy [6593188.271333542, 7575250.258771921)
     Total Material
       Fission Rate                         0.000733024 +/- 9.24201e-05
   Incoming Energy [7575250.258771921, 8703591.361485148)
     Total Material
       Fission Rate                         0.000448592 +/- 5.95171e-05
   Incoming Energy [8703591.361485148, 10000000)
     Total Material
       Fission Rate                         0.000201536 +/- 4.69176e-05
