 =================>     TALLY 43: FUEL_FLUX_SPECTRUM     <==================

 Cell 43
   Incoming Energy [9.999999999999999e-06, 1.1489510001873086e-05)
     Total Material
       Flux                                 0 +/- 0
   Incoming Energy [1.1489510001873086e-05, 1.3200884008314168e-05)
     Total Material
       Flux                                 0 +/- 0
   Incoming Energy [1.3200884008314168e-05, 1.516716888470924e-05)
     Total Material
       Flux                                 0 +/- 0
   Incoming Energy [1.516716888470924e-05, 1.742633386009651e-05)
     Total Material
       Flux                                 0 +/- 0
   Incoming Energy [1.742633386009651e-05, 2.0022003718155845e-05)
     Total Material
       Flux                                 0 +/- 0
   Incoming Energy [2.0022003718155845e-05, 2.3004301197729168e-05)
     Total Material
       Flux                                 0 +/- 0
   Incoming Energy [2.3004301197729168e-05, 2.643081486974103e-05)
     Total Material
       Flux                                 0 +/- 0
   Incoming Energy [2.643081486974103e-05, 3.0367711180354606e-05)
     Total Material
       Flux                                 0 +/- 0
   Incoming Energy [3.0367711180354606e-05, 3.489101213406774e-05)
     Total Material
       Flux                                 0 +/- 0
   Incoming Energy [3.489101213406774e-05, 4.008806328898465e-05)
     Total Material
       Flux                                 0 +/- 0
   Incoming Energy [4.008806328898465e-05, 4.6059220411451034e-05)
     Total Material
       Flux                                 0 +/- 0
   Incoming Energy [4.6059220411451034e-05, 5.2919787359584364e-05)
     Total Material
       Flux                                 0 +/- 0
   Incoming Energy [5.2919787359584364e-05, 6.080224261649427e-05)
     Total Material
       Flux                                 0 +/- 0
   Incoming Energy [6.080224261649427e-05, 6.985879746785249e-05)
     Total Material
       Flux                                 0 +/- 0
   Incoming Energy [6.985879746785249e-05, 8.026433522257174e-05)
     Total Material
       Flux                                 0 +/- 0
   Incoming Energy [8.026433522257174e-05, 9.221978823334323e-05)
     Total Material
       Flux                                 0 +/- 0
   Incoming Energy [9.221978823334323e-05, 0.00010595601792776158)
     Total Material
       Flux                                 0 +/- 0
   Incoming Energy [0.00010595601792776158, 0.00012173827277396621)
     Total Material
       Flux                                 0 +/- 0
   Incoming Energy [0.00012173827277396621, 0.00013987131026472387)
     Total Material
       Flux                                 0 +/- 0
   Incoming Energy [0.00013987131026472387, 0.00016070528182616383)
     Total Material
       Flux                                 0 +/- 0
   Incoming Energy [0.00016070528182616383, 0.00018464249428955425)
     Total Material
       Flux                                 0 +/- 0
   Incoming Energy [0.00018464249428955425, 0.00021214517849106298)
     Total Material
       Flux                                 0 +/- 0
   Incoming Energy [0.00021214517849106298, 0.00024374441501222218)
     Total Material
       Flux                                 0 +/- 0
   Incoming Energy [0.00024374441501222218, 0.0002800503894183631)
     Total Material
       Flux                                 0 +/- 0
   Incoming Energy [0.0002800503894183631, 0.0003217641750250735)
     Total Material
       Flux                                 1.98998e-06 +/- 1.98998e-06
   Incoming Energy [0.0003217641750250735, 0.00036969127071950243)
     Total Material
       Flux                                 0 +/- 0
   Incoming Energy [0.00036969127071950243, 0.00042475715525368984)
     Total Material
       Flux                                 0 +/- 0
   Incoming Energy [0.00042475715525368984, 0.0004880251583654434)
     Total Material
       Flux                                 6.69053e-06 +/- 6.69053e-06
   Incoming Energy [0.0004880251583654434, 0.0005607169938205458)
     Total Material
       Flux                                 0 +/- 0
   Incoming Energy [0.0005607169938205458, 0.000644236350872137)
     Total Material
       Flux                                 0 +/- 0
   Incoming Energy [0.000644236350872137, 0.0007401959996915637)
     Total Material
       Flux                                 0 +/- 0
   Incoming Energy [0.0007401959996915637, 0.0008504489341802677)
     Total Material
       Flux                                 1.16393e-06 +/- 1.16393e-06
   Incoming Energy [0.0008504489341802677, 0.00097712415353465)
     Total Material
       Flux                                 4.93238e-06 +/- 4.93238e-06
   Incoming Energy [0.00097712415353465, 0.0011226677735108135)
     Total Material
       Flux                                 0 +/- 0
   Incoming Energy [0.0011226677735108135, 0.001289890261253308)
     Total Material
       Flux                                 1.59471e-05 +/- 1.55878e-05
   Incoming Energy [0.001289890261253308, 0.0014820207057988585)
     Total Material
       Flux                                 8.19776e-06 +/- 6.31128e-06
   Incoming Energy [0.0014820207057988585, 0.0017027691722258996)
     Total Material
       Flux                                 0 +/- 0
   Incoming Energy [0.0017027691722258996, 0.0019563983435170627)
     Total Material
       Flux                                 3.2839e-06 +/- 2.56204e-06
   Incoming Energy [0.0019563983435170627, 0.002247805833548725)
     Total Material
       Flux                                 9.69771e-06 +/- 8.21236e-06
   Incoming Energy [0.002247805833548725, 0.002582618760682675)
     Total Material
       Flux                                 1.40809e-05 +/- 9.73746e-06
   Incoming Energy [0.002582618760682675, 0.0029673024081888696)
     Total Material
       Flux                                 2.6611e-05 +/- 1.83113e-05
   Incoming Energy [0.0029673024081888696, 0.003409285069746811)
     Total Material
       Flux                                 2.40285e-05 +/- 1.08275e-05
   Incoming Energy [0.003409285069746811, 0.003917101490809256)
     Total Material
       Flux                                 6.54057e-05 +/- 3.20979e-05
   Incoming Energy [0.003917101490809256, 0.004500557675700498)
     Total Material
       Flux                                 8.96629e-05 +/- 3.72957e-05
   Incoming Energy [0.004500557675700498, 0.0051709202428967555)
     Total Material
       Flux                                 0.000113942 +/- 3.485e-05
   Incoming Energy [0.0051709202428967555, 0.0059411339849650335)
     Total Material
       Flux                                 0.000116631 +/- 4.53421e-05
   Incoming Energy [0.0059411339849650335, 0.006826071834272386)
     Total Material
       Flux                                 0.00022996 +/- 8.64251e-05
   Incoming Energy [0.006826071834272386, 0.007842822061337682)
     Total Material
       Flux                                 0.000185943 +/- 6.83296e-05
   Incoming Energy [0.007842822061337682, 0.009011018251665018)
     Total Material
       Flux                                 0.000390732 +/- 7.56499e-05
   Incoming Energy [0.009011018251665018, 0.010353218432956616)
     Total Material
       Flux                                 0.000669884 +/- 0.000172745
   Incoming Energy [0.010353218432956616, 0.011895340673703195)
     Total Material
       Flux                                 0.000557752 +/- 9.89975e-05
   Incoming Energy [0.011895340673703195, 0.013667163564620059)
     Total Material
       Flux                                 0.000864716 +/- 0.000155737
   Incoming Energy [0.013667163564620059, 0.015702901247293774)
     Total Material
       Flux                                 0.0011492 +/- 0.000103023
   Incoming Energy [0.015702901247293774, 0.018041864093920716)
     Total Material
       Flux                                 0.00148475 +/- 0.000219717
   Incoming Energy [0.018041864093920716, 0.0207292177959537)
     Total Material
       Flux                                 0.0015235 +/- 0.000147833
   Incoming Energy [0.0207292177959537, 0.023816855519761582)
     Total Material
       Flux                                 0.00278644 +/- 0.000448561
   Incoming Energy [0.023816855519761582, 0.027364399970746692)
     Total Material
       Flux                                 0.00266041 +/- 0.000313997
   Incoming Energy [0.027364399970746692, 0.031440354715915)
     Total Material
       Flux                                 0.00334243 +/- 0.000347915
   Incoming Energy [0.031440354715915, 0.0361234269970943)
     Total Material
       Flux                                 0.0043008 +/- 0.000317877
   Incoming Energy [0.0361234269970943, 0.041504047578504726)
     Total Material
       Flux                                 0.00496216 +/- 0.000484212
   Incoming Energy [0.041504047578504726, 0.04768611697714469)
     Total Material
       Flux                                 0.0057199 +/- 0.000482981
   Incoming Energy [0.04768611697714469, 0.054789011795939396)
     Total Material
       Flux                                 0.00643156 +/- 0.000383125
   Incoming Energy [0.054789011795939396, 0.06294988990221888)
     Total Material
       Flux                                 0.00735583 +/- 0.000675176
   Incoming Energy [0.06294988990221888, 0.07232633896483534)
     Total Material
       Flux                                 0.00880036 +/- 0.000801726
   Incoming Energy [0.07232633896483534, 0.08309941949353386)
     Total Material
       Flux                                 0.00949851 +/- 0.000668398
   Incoming Energy [0.08309941949353386, 0.09547716114208056)
     Total Material
       Flux                                 0.00962395 +/- 0.000672278
   Incoming Energy [0.09547716114208056, 0.1096985797892384)
     Total Material
       Flux                                 0.00906612 +/- 0.000433146
   Incoming Energy [0.1096985797892384, 0.12603829296797275)
     Total Material
       Flux                                 0.0119108 +/- 0.000979937
   Incoming Energy [0.12603829296797275, 0.1448118227674533)
     Total Material
       Flux                                 0.0122716 +/- 0.00111548
   Incoming Energy [0.1448118227674533, 0.16638168860761274)
     Total Material
       Flux                                 0.0107721 +/- 0.000827817
   Incoming Energy [0.16638168860761274, 0.19116440753856997)
     Total Material
       Flux                                 0.0120161 +/- 0.000916908
   Incoming Energy [0.19116440753856997, 0.2196385372416547)
     Total Material
       Flux                                 0.0122332 +/- 0.000665685
   Incoming Energy [0.2196385372416547, 0.2523539170434766)
     Total Material
       Flux                                 0.0122702 +/- 0.000628548
   Incoming Energy [0.2523539170434766, 0.28994228538828754)
     Total Material
       Flux                                 0.0127004 +/- 0.00069713
   Incoming Energy [0.28994228538828754, 0.333129478793467)
     Total Material
       Flux                                 0.011802 +/- 0.000912702
   Incoming Energy [0.333129478793467, 0.38274944785163073)
     Total Material
       Flux                                 0.0157027 +/- 0.00111679
   Incoming Energy [0.38274944785163073, 0.4397603609302721)
     Total Material
       Flux                                 0.015828 +/- 0.00112016
   Incoming Energy [0.4397603609302721, 0.505263106533568)
     Total Material
       Flux                                 0.0204783 +/- 0.00109233
   Incoming Energy [0.505263106533568, 0.5805225516094895)
     Total Material
       Flux                                 0.0188309 +/- 0.00117507
   Incoming Energy [0.5805225516094895, 0.6669919663030115)
     Total Material
       Flux                                 0.0235033 +/- 0.00106153
   Incoming Energy [0.6669919663030115, 0.7663410868007446)
     Total Material
       Flux                                 0.0252307 +/- 0.00191795
   Incoming Energy [0.7663410868007446, 0.8804883581643465)
     Total Material
       Flux                                 0.0276975 +/- 0.0023007
   Incoming Energy [0.8804883581643465, 1.011637979766207)
     Total Material
       Flux                                 0.0261212 +/- 0.00179869
   Incoming Energy [1.011637979766207, 1.162322468679852)
     Total Material
       Flux                                 0.0227403 +/- 0.00143492
   Incoming Energy [1.162322468679852, 1.3354515629298973)
     Total Material
       Flux                                 0.0283855 +/- 0.00138104
   Incoming Energy [1.3354515629298973, 1.53436840893001)
     Total Material
       Flux                                 0.0328656 +/- 0.00204302
   Incoming Energy [1.53436840893001, 1.762914118095948)
     Total Material
       Flux                                 0.0312745 +/- 0.00212094
   Incoming Energy [1.762914118095948, 2.0255019392306663)
     Total Material
       Flux                                 0.0326002 +/- 0.00154395
   Incoming Energy [2.0255019392306663, 2.327202478960407)
     Total Material
       Flux                                 0.0337014 +/- 0.00218395
   Incoming Energy [2.327202478960407, 2.673841615839944)
     Total Material
       Flux                                 0.0343489 +/- 0.00201991
   Incoming Energy [2.673841615839944, 3.072112998861753)
     Total Material
       Flux                                 0.036511 +/- 0.0031169
   Incoming Energy [3.072112998861753, 3.52970730273065)
     Total Material
       Flux                                 0.028962 +/- 0.00247821
   Incoming Energy [3.52970730273065, 4.0554607358408274)
     Total Material
       Flux                                 0.0303821 +/- 0.00213887
   Incoming Energy [4.0554607358408274, 4.659525668664678)
     Total Material
       Flux                                 0.033575 +/- 0.00202049
   Incoming Energy [4.659525668664678, 5.3535666774107185)
     Total Material
       Flux                                 0.0314981 +/- 0.00142088
   Incoming Energy [5.3535666774107185, 6.150985788580504)
     Total Material
       Flux                                 0.0321292 +/- 0.00173688
   Incoming Energy [6.150985788580504, 7.067181273927491)
     Total Material
       Flux                                 0.0104513 +/- 0.000550792
   Incoming Energy [7.067181273927491, 8.119844993184008)
     Total Material
       Flux                                 0.03474 +/- 0.00182114
   Incoming Energy [8.119844993184008, 9.329304026284676)
     Total Material
       Flux                                 0.0215888 +/- 0.00148732
   Incoming Energy [9.329304026284676, 10.718913192051264)
     Total Material
       Flux                                 0.0331007 +/- 0.00176256
   Incoming Energy [10.718913192051264, 12.315506032928262)
     Total Material
       Flux                                 0.0314204 +/- 0.00128058
   Incoming Energy [12.315506032928262, 14.149912974345758)
     Total Material
       Flux                                 0.0314739 +/- 0.00132658
   Incoming Energy [14.149912974345758, 16.257556664437935)
     Total Material
       Flux                                 0.0371113 +/- 0.00191516
   Incoming Energy [16.257556664437935, 18.679135990207808)
     Total Material
       Flux                                 0.0353767 +/- 0.00280831
   Incoming Energy [18.679135990207808, 21.461411978584014)
     Total Material
       Flux                                 0.0235089 +/- 0.00101276
   Incoming Energy [21.461411978584014, 24.658110758226037)
     Total Material
       Flux                                 0.036267 +/- 0.00201837
   Incoming Energy [24.658110758226037, 28.330961018393243)
     Total Material
       Flux                                 0.0371283 +/- 0.00196802
   Incoming Energy [28.330961018393243, 32.550885998350566)
     Total Material
       Flux                                 0.0426811 +/- 0.0021746
   Incoming Energy [32.550885998350566, 37.39937302478794)
     Total Material
       Flux                                 0.0270208 +/- 0.00176981
   Incoming Energy [37.39937302478794, 42.97004704320835)
     Total Material
       Flux                                 0.0379992 +/- 0.00190448
   Incoming Energy [42.97004704320835, 49.37047852839004)
     Total Material
       Flux                                 0.045091 +/- 0.00229707
   Incoming Energy [49.37047852839004, 56.72426068491978)
     Total Material
       Flux                                 0.0409177 +/- 0.00189614
   Incoming Energy [56.72426068491978, 65.1733960488242)
     Total Material
       Flux                                 0.0484642 +/- 0.00235602
   Incoming Energy [65.1733960488242, 74.88103857590015)
     Total Material
       Flux                                 0.042453 +/- 0.00182334
   Incoming Energy [74.88103857590015, 86.03464416684491)
     Total Material
       Flux                                 0.0500381 +/- 0.00205219
   Incoming Energy [86.03464416684491, 98.84959046625586)
     Total Material
       Flux                                 0.049039 +/- 0.0011911
   Incoming Energy [98.84959046625586, 113.57333583431051)
     Total Material
       Flux                                 0.0492981 +/- 0.00286006
   Incoming Energy [113.57333583431051, 130.49019780144016)
     Total Material
       Flux                                 0.0506138 +/- 0.00173008
   Incoming Energy [130.49019780144016, 149.9268432786044)
     Total Material
       Flux                                 0.0533561 +/- 0.00300381
   Incoming Energy [149.9268432786044, 172.2585965398784)
     Total Material
       Flux                                 0.0538859 +/- 0.00262529
   Incoming Energy [172.2585965398784, 197.91668678535572)
     Total Material
       Flux                                 0.0545158 +/- 0.00254381
   Incoming Energy [197.91668678535572, 227.39657523579274)
     Total Material
       Flux                                 0.0587292 +/- 0.00238999
   Incoming Energy [227.39657523579274, 261.26752255633266)
     Total Material
       Flux                                 0.0554865 +/- 0.00171432
   Incoming Energy [261.26752255633266, 300.1835813575586)
     Total Material
       Flux                                 0.0526321 +/- 0.00422422
   Incoming Energy [300.1835813575586, 344.89622604057524)
     Total Material
       Flux                                 0.0602671 +/- 0.00266988
   Incoming Energy [344.89622604057524, 396.2688638701478)
     Total Material
       Flux                                 0.0611811 +/- 0.00253125
   Incoming Energy [396.2688638701478, 455.29350748669475)
     Total Material
       Flux                                 0.0598169 +/- 0.00177452
   Incoming Energy [455.29350748669475, 523.1099308056258)
     Total Material
       Flux                                 0.0671932 +/- 0.0029244
   Incoming Energy [523.1099308056258, 601.0276782070375)
     Total Material
       Flux                                 0.063037 +/- 0.00255256
   Incoming Energy [601.0276782070375, 690.5513520162317)
     Total Material
       Flux                                 0.0673399 +/- 0.00232514
   Incoming Energy [690.5513520162317, 793.4096665797492)
     Total Material
       Flux                                 0.0676568 +/- 0.00260378
   Incoming Energy [793.4096665797492, 911.5888299750818)
     Total Material
       Flux                                 0.0685863 +/- 0.00389926
   Incoming Energy [911.5888299750818, 1047.3708979594487)
     Total Material
       Flux                                 0.0653722 +/- 0.00257698
   Incoming Energy [1047.3708979594487, 1203.3778407775906)
     Total Material
       Flux                                 0.0695431 +/- 0.0033917
   Incoming Energy [1203.3778407775906, 1382.6221737646536)
     Total Material
       Flux                                 0.0708027 +/- 0.00261937
   Incoming Energy [1382.6221737646536, 1588.5651294280526)
     Total Material
       Flux                                 0.0680618 +/- 0.00336668
   Incoming Energy [1588.5651294280526, 1825.1834943190388)
     Total Material
       Flux                                 0.0707928 +/- 0.00201006
   Incoming Energy [1825.1834943190388, 2097.046401323231)
     Total Material
       Flux                                 0.0747779 +/- 0.00308723
   Incoming Energy [2097.046401323231, 2409.403560239527)
     Total Material
       Flux                                 0.0737228 +/- 0.0028337
   Incoming Energy [2409.403560239527, 2768.286630392061)
     Total Material
       Flux                                 0.0730715 +/- 0.00277901
   Incoming Energy [2768.286630392061, 3180.625692794119)
     Total Material
       Flux                                 0.0742437 +/- 0.00345748
   Incoming Energy [3180.625692794119, 3654.383070957247)
     Total Material
       Flux                                 0.0792617 +/- 0.00301516
   Incoming Energy [3654.383070957247, 4198.707084443906)
     Total Material
       Flux                                 0.0732327 +/- 0.00276108
   Incoming Energy [4198.707084443906, 4824.108704165374)
     Total Material
       Flux                                 0.0837991 +/- 0.00291029
   Incoming Energy [4824.108704165374, 5542.664520663096)
     Total Material
       Flux                                 0.0812096 +/- 0.00281004
   Incoming Energy [5542.664520663096, 6368.249944718586)
     Total Material
       Flux                                 0.0840538 +/- 0.00414701
   Incoming Energy [6368.249944718586, 7316.807143427177)
     Total Material
       Flux                                 0.0856751 +/- 0.00342959
   Incoming Energy [7316.807143427177, 8406.652885618316)
     Total Material
       Flux                                 0.0841093 +/- 0.00279989
   Incoming Energy [8406.652885618316, 9658.832241158709)
     Total Material
       Flux                                 0.0773468 +/- 0.00364285
   Incoming Energy [9658.832241158709, 11097.5249641207)
     Total Material
       Flux                                 0.082958 +/- 0.00387888
   Incoming Energy [11097.5249641207, 12750.512407130129)
     Total Material
       Flux                                 0.0843649 +/- 0.00255768
   Incoming Energy [12750.512407130129, 14649.713983072817)
     Total Material
       Flux                                 0.0851764 +/- 0.00278098
   Incoming Energy [14649.713983072817, 16831.80353330955)
     Total Material
       Flux                                 0.0885602 +/- 0.00277485
   Incoming Energy [16831.80353330955, 19338.91750455232)
     Total Material
       Flux                                 0.0830987 +/- 0.00270644
   Incoming Energy [19338.91750455232, 22219.468609395193)
     Total Material
       Flux                                 0.08637 +/- 0.00292252
   Incoming Energy [22219.468609395193, 25529.080682395164)
     Total Material
       Flux                                 0.0911679 +/- 0.00428301
   Incoming Energy [25529.080682395164, 29331.662783900363)
     Total Material
       Flux                                 0.093135 +/- 0.00286628
   Incoming Energy [29331.662783900363, 33700.64329271925)
     Total Material
       Flux                                 0.0970638 +/- 0.003266
   Incoming Energy [33700.64329271925, 38720.38781812557)
     Total Material
       Flux                                 0.0964048 +/- 0.0051139
   Incoming Energy [38720.38781812557, 44487.82831127576)
     Total Material
       Flux                                 0.10442 +/- 0.00518159
   Incoming Energy [44487.82831127576, 51114.334834401656)
     Total Material
       Flux                                 0.107421 +/- 0.00479041
   Incoming Energy [51114.334834401656, 58727.86613189465)
     Total Material
       Flux                                 0.113072 +/- 0.00258409
   Incoming Energy [58727.86613189465, 67475.44053110685)
     Total Material
       Flux                                 0.119283 +/- 0.00438772
   Incoming Energy [67475.44053110685, 77525.97488629464)
     Total Material
       Flux                                 0.115874 +/- 0.00421797
   Incoming Energy [77525.97488629464, 89073.54638610421)
     Total Material
       Flux                                 0.129105 +/- 0.00373016
   Incoming Energy [89073.54638610421, 102341.14021054527)
     Total Material
       Flux                                 0.136068 +/- 0.00557306
   Incoming Energy [102341.14021054527, 117584.95540521534)
     Total Material
       Flux                                 0.150541 +/- 0.00674869
   Incoming Energy [117584.95540521534, 135099.3521198025)
     Total Material
       Flux                                 0.147557 +/- 0.00636396
   Incoming Energy [135099.3521198025, 155222.5357427048)
     Total Material
       Flux                                 0.162085 +/- 0.00490493
   Incoming Energy [155222.5357427048, 178343.08769319058)
     Total Material
       Flux                                 0.178169 +/- 0.00585108
   Incoming Energy [178343.08769319058, 204907.4689815846)
     Total Material
       Flux                                 0.175346 +/- 0.00717127
   Incoming Energy [204907.4689815846, 235428.64143224107)
     Total Material
       Flux                                 0.203342 +/- 0.00598869
   Incoming Energy [235428.64143224107, 270495.97304631316)
     Total Material
       Flux                                 0.218456 +/- 0.00661386
   Incoming Energy [270495.97304631316, 310786.6187782014)
     Total Material
       Flux                                 0.243708 +/- 0.00480096
   Incoming Energy [310786.6187782014, 357078.59649004554)
     Total Material
       Flux                                 0.275497 +/- 0.0112717
   Incoming Energy [357078.59649004554, 410265.81058271904)
     Total Material
       Flux                                 0.227174 +/- 0.00458962
   Incoming Energy [410265.81058271904, 471375.31341167097)
     Total Material
       Flux                                 0.196762 +/- 0.00429135
   Incoming Energy [471375.31341167097, 541587.1378079465)
     Total Material
       Flux                                 0.290902 +/- 0.00999247
   Incoming Energy [541587.1378079465, 622257.0836730232)
     Total Material
       Flux                                 0.323469 +/- 0.00908122
   Incoming Energy [622257.0836730232, 714942.8986597562)
     Total Material
       Flux                                 0.354037 +/- 0.012996
   Incoming Energy [714942.8986597562, 821434.3584919422)
     Total Material
       Flux                                 0.414934 +/- 0.013018
   Incoming Energy [821434.3584919422, 943787.8277775352)
     Total Material
       Flux                                 0.342927 +/- 0.010429
   Incoming Energy [943787.8277775352, 1084365.9686896086)
     Total Material
       Flux                                 0.250555 +/- 0.00587234
   Incoming Energy [1084365.9686896086, 1245883.3642950081)
     Total Material
       Flux                                 0.326845 +/- 0.00900708
   Incoming Energy [1245883.3642950081, 1431458.9375234756)
     Total Material
       Flux                                 0.312975 +/- 0.00821977
   Incoming Energy [1431458.9375234756, 1644676.1779946627)
     Total Material
       Flux                                 0.326648 +/- 0.0111527
   Incoming Energy [1644676.1779946627, 1889652.3396912038)
     Total Material
       Flux                                 0.349348 +/- 0.0131738
   Incoming Energy [1889652.3396912038, 2171117.945694501)
     Total Material
       Flux                                 0.311647 +/- 0.0112535
   Incoming Energy [2171117.945694501, 2494508.135230317)
     Total Material
       Flux                                 0.363072 +/- 0.0146097
   Incoming Energy [2494508.135230317, 2866067.616948244)
     Total Material
       Flux                                 0.351917 +/- 0.013231
   Incoming Energy [2866067.616948244, 3292971.255097148)
     Total Material
       Flux                                 0.281028 +/- 0.0116965
   Incoming Energy [3292971.255097148, 3783462.6171319326)
     Total Material
       Flux                                 0.217403 +/- 0.011424
   Incoming Energy [3783462.6171319326, 4347013.158125018)
     Total Material
       Flux                                 0.163062 +/- 0.00915343
   Incoming Energy [4347013.158125018, 4994505.11585514)
     Total Material
       Flux                                 0.152866 +/- 0.00839923
   Incoming Energy [4994505.11585514, 5738441.648302381)
     Total Material
       Flux                                 0.1171 +/- 0.00645603
   Incoming Energy [5738441.648302381, 6593188.271333542)
     Total Material
       Flux                                 0.0688833 +/- 0.0057374
   Incoming Energy [6593188.271333542, 7575250.258771921)
     Total Material
       Flux                                 0.0402578 +/- 0.00542326
   Incoming Energy [7575250.258771921, 8703591.361485148)
     Total Material
       Flux                                 0.024175 +/- 0.00478115
   Incoming Energy [8703591.361485148, 10000000)
     Total Material
       Flux                                 0.0105728 +/- 0.00276033
 =================>     TALLY 44: WATER_FLUX_SPECTRUM     <=================

 Cell 45
   Incoming Energy [9.999999999999999e-06, 1.1489510001873086e-05)
     Total Material
       Flux                                 0 +/- 0
   Incoming Energy [1.1489510001873086e-05, 1.3200884008314168e-05)
     Total Material
       Flux                                 0 +/- 0
   Incoming Energy [1.3200884008314168e-05, 1.516716888470924e-05)
     Total Material
       Flux                                 0 +/- 0
   Incoming Energy [1.516716888470924e-05, 1.742633386009651e-05)
     Total Material
       Flux                                 0 +/- 0
   Incoming Energy [1.742633386009651e-05, 2.0022003718155845e-05)
     Total Material
       Flux                                 0 +/- 0
   Incoming Energy [2.0022003718155845e-05, 2.3004301197729168e-05)
     Total Material
       Flux                                 0 +/- 0
   Incoming Energy [2.3004301197729168e-05, 2.643081486974103e-05)
     Total Material
       Flux                                 0 +/- 0
   Incoming Energy [2.643081486974103e-05, 3.0367711180354606e-05)
     Total Material
       Flux                                 0 +/- 0
   Incoming Energy [3.0367711180354606e-05, 3.489101213406774e-05)
     Total Material
       Flux                                 0 +/- 0
   Incoming Energy [3.489101213406774e-05, 4.008806328898465e-05)
     Total Material
       Flux                                 0 +/- 0
   Incoming Energy [4.008806328898465e-05, 4.6059220411451034e-05)
     Total Material
       Flux                                 0 +/- 0
   Incoming Energy [4.6059220411451034e-05, 5.2919787359584364e-05)
     Total Material
       Flux                                 0 +/- 0
   Incoming Energy [5.2919787359584364e-05, 6.080224261649427e-05)
     Total Material
       Flux                                 0 +/- 0
   Incoming Energy [6.080224261649427e-05, 6.985879746785249e-05)
     Total Material
       Flux                                 0 +/- 0
   Incoming Energy [6.985879746785249e-05, 8.026433522257174e-05)
     Total Material
       Flux                                 0 +/- 0
   Incoming Energy [8.026433522257174e-05, 9.221978823334323e-05)
     Total Material
       Flux                                 0 +/- 0
   Incoming Energy [9.221978823334323e-05, 0.00010595601792776158)
     Total Material
       Flux                                 0 +/- 0
   Incoming Energy [0.00010595601792776158, 0.00012173827277396621)
     Total Material
       Flux                                 1.10295e-06 +/- 1.10295e-06
   Incoming Energy [0.00012173827277396621, 0.00013987131026472387)
     Total Material
       Flux                                 0 +/- 0
   Incoming Energy [0.00013987131026472387, 0.00016070528182616383)
     Total Material
       Flux                                 0 +/- 0
   Incoming Energy [0.00016070528182616383, 0.00018464249428955425)
     Total Material
       Flux                                 1.49801e-06 +/- 1.49801e-06
   Incoming Energy [0.00018464249428955425, 0.00021214517849106298)
     Total Material
       Flux                                 0 +/- 0
   Incoming Energy [0.00021214517849106298, 0.00024374441501222218)
     Total Material
       Flux                                 0 +/- 0
   Incoming Energy [0.00024374441501222218, 0.0002800503894183631)
     Total Material
       Flux                                 0 +/- 0
   Incoming Energy [0.0002800503894183631, 0.0003217641750250735)
     Total Material
       Flux                                 1.3705e-05 +/- 1.33909e-05
   Incoming Energy [0.0003217641750250735, 0.00036969127071950243)
     Total Material
       Flux                                 1.76935e-07 +/- 1.76935e-07
   Incoming Energy [0.00036969127071950243, 0.00042475715525368984)
     Total Material
       Flux                                 0 +/- 0
   Incoming Energy [0.00042475715525368984, 0.0004880251583654434)
     Total Material
       Flux                                 5.8067e-06 +/- 4.7771e-06
   Incoming Energy [0.0004880251583654434, 0.0005607169938205458)
     Total Material
       Flux                                 2.18445e-06 +/- 1.40768e-06
   Incoming Energy [0.0005607169938205458, 0.000644236350872137)
     Total Material
       Flux                                 1.78484e-05 +/- 1.25062e-05
   Incoming Energy [0.000644236350872137, 0.0007401959996915637)
     Total Material
       Flux                                 6.03218e-06 +/- 5.17702e-06
   Incoming Energy [0.0007401959996915637, 0.0008504489341802677)
     Total Material
       Flux                                 2.08293e-05 +/- 1.36792e-05
   Incoming Energy [0.0008504489341802677, 0.00097712415353465)
     Total Material
       Flux                                 2.33476e-05 +/- 1.19965e-05
   Incoming Energy [0.00097712415353465, 0.0011226677735108135)
     Total Material
       Flux                                 3.64545e-05 +/- 1.69965e-05
   Incoming Energy [0.0011226677735108135, 0.001289890261253308)
     Total Material
       Flux                                 5.16058e-05 +/- 3.64736e-05
   Incoming Energy [0.001289890261253308, 0.0014820207057988585)
     Total Material
       Flux                                 4.45318e-05 +/- 2.07691e-05
   Incoming Energy [0.0014820207057988585, 0.0017027691722258996)
     Total Material
       Flux                                 4.24467e-05 +/- 2.36784e-05
   Incoming Energy [0.0017027691722258996, 0.0019563983435170627)
     Total Material
       Flux                                 3.27286e-05 +/- 1.54412e-05
   Incoming Energy [0.0019563983435170627, 0.002247805833548725)
     Total Material
       Flux                                 0.000128323 +/- 4.42006e-05
   Incoming Energy [0.002247805833548725, 0.002582618760682675)
     Total Material
       Flux                                 0.000269305 +/- 6.64177e-05
   Incoming Energy [0.002582618760682675, 0.0029673024081888696)
     Total Material
       Flux                                 0.00027906 +/- 8.42371e-05
   Incoming Energy [0.0029673024081888696, 0.003409285069746811)
     Total Material
       Flux                                 0.000511663 +/- 0.000113606
   Incoming Energy [0.003409285069746811, 0.003917101490809256)
     Total Material
       Flux                                 0.00031683 +/- 7.81558e-05
   Incoming Energy [0.003917101490809256, 0.004500557675700498)
     Total Material
       Flux                                 0.000634187 +/- 8.3057e-05
   Incoming Energy [0.004500557675700498, 0.0051709202428967555)
     Total Material
       Flux                                 0.000652998 +/- 0.000112399
   Incoming Energy [0.0051709202428967555, 0.0059411339849650335)
     Total Material
       Flux                                 0.00114675 +/- 0.000187171
   Incoming Energy [0.0059411339849650335, 0.006826071834272386)
     Total Material
       Flux                                 0.00111209 +/- 0.00014237
   Incoming Energy [0.006826071834272386, 0.007842822061337682)
     Total Material
       Flux                                 0.00167482 +/- 0.000217728
   Incoming Energy [0.007842822061337682, 0.009011018251665018)
     Total Material
       Flux                                 0.00189094 +/- 0.000261685
   Incoming Energy [0.009011018251665018, 0.010353218432956616)
     Total Material
       Flux                                 0.00261174 +/- 0.000261503
   Incoming Energy [0.010353218432956616, 0.011895340673703195)
     Total Material
       Flux                                 0.00315649 +/- 0.000289088
   Incoming Energy [0.011895340673703195, 0.013667163564620059)
     Total Material
       Flux                                 0.00424308 +/- 0.000501937
   Incoming Energy [0.013667163564620059, 0.015702901247293774)
     Total Material
       Flux                                 0.00453201 +/- 0.000523687
   Incoming Energy [0.015702901247293774, 0.018041864093920716)
     Total Material
       Flux                                 0.00641113 +/- 0.000553566
   Incoming Energy [0.018041864093920716, 0.0207292177959537)
     Total Material
       Flux                                 0.00610841 +/- 0.000521933
   Incoming Energy [0.0207292177959537, 0.023816855519761582)
     Total Material
       Flux                                 0.00824446 +/- 0.000492456
   Incoming Energy [0.023816855519761582, 0.027364399970746692)
     Total Material
       Flux                                 0.00887786 +/- 0.000500941
   Incoming Energy [0.027364399970746692, 0.031440354715915)
     Total Material
       Flux                                 0.010337 +/- 0.000717342
   Incoming Energy [0.031440354715915, 0.0361234269970943)
     Total Material
       Flux                                 0.0125337 +/- 0.000665297
   Incoming Energy [0.0361234269970943, 0.041504047578504726)
     Total Material
       Flux                                 0.0126947 +/- 0.000889759
   Incoming Energy [0.041504047578504726, 0.04768611697714469)
     Total Material
       Flux                                 0.0142959 +/- 0.000867857
   Incoming Energy [0.04768611697714469, 0.054789011795939396)
     Total Material
       Flux                                 0.0159586 +/- 0.000870618
   Incoming Energy [0.054789011795939396, 0.06294988990221888)
     Total Material
       Flux                                 0.0174143 +/- 0.000854341
   Incoming Energy [0.06294988990221888, 0.07232633896483534)
     Total Material
       Flux                                 0.0178697 +/- 0.000921871
   Incoming Energy [0.07232633896483534, 0.08309941949353386)
     Total Material
       Flux                                 0.018892 +/- 0.000800149
   Incoming Energy [0.08309941949353386, 0.09547716114208056)
     Total Material
       Flux                                 0.0176496 +/- 0.000830979
   Incoming Energy [0.09547716114208056, 0.1096985797892384)
     Total Material
       Flux                                 0.019737 +/- 0.00100114
   Incoming Energy [0.1096985797892384, 0.12603829296797275)
     Total Material
       Flux                                 0.020822 +/- 0.00103936
   Incoming Energy [0.12603829296797275, 0.1448118227674533)
     Total Material
       Flux                                 0.0208027 +/- 0.00121496
   Incoming Energy [0.1448118227674533, 0.16638168860761274)
     Total Material
       Flux                                 0.0205006 +/- 0.00130454
   Incoming Energy [0.16638168860761274, 0.19116440753856997)
     Total Material
       Flux                                 0.0202711 +/- 0.000952303
   Incoming Energy [0.19116440753856997, 0.2196385372416547)
     Total Material
       Flux                                 0.0177673 +/- 0.00105942
   Incoming Energy [0.2196385372416547, 0.2523539170434766)
     Total Material
       Flux                                 0.0191737 +/- 0.000725506
   Incoming Energy [0.2523539170434766, 0.28994228538828754)
     Total Material
       Flux                                 0.0205586 +/- 0.00108569
   Incoming Energy [0.28994228538828754, 0.333129478793467)
     Total Material
       Flux                                 0.021657 +/- 0.00111134
   Incoming Energy [0.333129478793467, 0.38274944785163073)
     Total Material
       Flux                                 0.0241605 +/- 0.00118168
   Incoming Energy [0.38274944785163073, 0.4397603609302721)
     Total Material
       Flux                                 0.0224868 +/- 0.00108145
   Incoming Energy [0.4397603609302721, 0.505263106533568)
     Total Material
       Flux                                 0.0261604 +/- 0.000806013
   Incoming Energy [0.505263106533568, 0.5805225516094895)
     Total Material
       Flux                                 0.026598 +/- 0.0014548
   Incoming Energy [0.5805225516094895, 0.6669919663030115)
     Total Material
       Flux                                 0.0271164 +/- 0.00126043
   Incoming Energy [0.6669919663030115, 0.7663410868007446)
     Total Material
       Flux                                 0.0304116 +/- 0.00129915
   Incoming Energy [0.7663410868007446, 0.8804883581643465)
     Total Material
       Flux                                 0.0336478 +/- 0.00222685
   Incoming Energy [0.8804883581643465, 1.011637979766207)
     Total Material
       Flux                                 0.0312374 +/- 0.0016619
   Incoming Energy [1.011637979766207, 1.162322468679852)
     Total Material
       Flux                                 0.0280005 +/- 0.0011324
   Incoming Energy [1.162322468679852, 1.3354515629298973)
     Total Material
       Flux                                 0.0328054 +/- 0.00137071
   Incoming Energy [1.3354515629298973, 1.53436840893001)
     Total Material
       Flux                                 0.0391327 +/- 0.00172244
   Incoming Energy [1.53436840893001, 1.762914118095948)
     Total Material
       Flux                                 0.0364729 +/- 0.00156981
   Incoming Energy [1.762914118095948, 2.0255019392306663)
     Total Material
       Flux                                 0.0357676 +/- 0.00127198
   Incoming Energy [2.0255019392306663, 2.327202478960407)
     Total Material
       Flux                                 0.036278 +/- 0.00134525
   Incoming Energy [2.327202478960407, 2.673841615839944)
     Total Material
       Flux                                 0.0369573 +/- 0.00154639
   Incoming Energy [2.673841615839944, 3.072112998861753)
     Total Material
       Flux                                 0.037886 +/- 0.00222889
   Incoming Energy [3.072112998861753, 3.52970730273065)
     Total Material
       Flux                                 0.03294 +/- 0.00206971
   Incoming Energy [3.52970730273065, 4.0554607358408274)
     Total Material
       Flux                                 0.0356142 +/- 0.00145811
   Incoming Energy [4.0554607358408274, 4.659525668664678)
     Total Material
       Flux                                 0.0371078 +/- 0.00111997
   Incoming Energy [4.659525668664678, 5.3535666774107185)
     Total Material
       Flux                                 0.0370102 +/- 0.00197509
   Incoming Energy [5.3535666774107185, 6.150985788580504)
     Total Material
       Flux                                 0.0379407 +/- 0.00159988
   Incoming Energy [6.150985788580504, 7.067181273927491)
     Total Material
       Flux                                 0.0303369 +/- 0.00148126
   Incoming Energy [7.067181273927491, 8.119844993184008)
     Total Material
       Flux                                 0.042343 +/- 0.00160042
   Incoming Energy [8.119844993184008, 9.329304026284676)
     Total Material
       Flux                                 0.0332157 +/- 0.00175238
   Incoming Energy [9.329304026284676, 10.718913192051264)
     Total Material
       Flux                                 0.0388406 +/- 0.00160872
   Incoming Energy [10.718913192051264, 12.315506032928262)
     Total Material
       Flux                                 0.0380638 +/- 0.00165235
   Incoming Energy [12.315506032928262, 14.149912974345758)
     Total Material
       Flux                                 0.0409639 +/- 0.00195844
   Incoming Energy [14.149912974345758, 16.257556664437935)
     Total Material
       Flux                                 0.0438309 +/- 0.00215003
   Incoming Energy [16.257556664437935, 18.679135990207808)
     Total Material
       Flux                                 0.0419473 +/- 0.0026519
   Incoming Energy [18.679135990207808, 21.461411978584014)
     Total Material
       Flux                                 0.0395043 +/- 0.00152554
   Incoming Energy [21.461411978584014, 24.658110758226037)
     Total Material
       Flux                                 0.044776 +/- 0.00185845
   Incoming Energy [24.658110758226037, 28.330961018393243)
     Total Material
       Flux                                 0.0468927 +/- 0.00247547
   Incoming Energy [28.330961018393243, 32.550885998350566)
     Total Material
       Flux                                 0.0505907 +/- 0.00212749
   Incoming Energy [32.550885998350566, 37.39937302478794)
     Total Material
       Flux                                 0.0438291 +/- 0.00191179
   Incoming Energy [37.39937302478794, 42.97004704320835)
     Total Material
       Flux                                 0.0489542 +/- 0.00223852
   Incoming Energy [42.97004704320835, 49.37047852839004)
     Total Material
       Flux                                 0.0521841 +/- 0.00170849
   Incoming Energy [49.37047852839004, 56.72426068491978)
     Total Material
       Flux                                 0.0543765 +/- 0.00173821
   Incoming Energy [56.72426068491978, 65.1733960488242)
     Total Material
       Flux                                 0.057281 +/- 0.00201997
   Incoming Energy [65.1733960488242, 74.88103857590015)
     Total Material
       Flux                                 0.0550419 +/- 0.00121715
   Incoming Energy [74.88103857590015, 86.03464416684491)
     Total Material
       Flux                                 0.0563904 +/- 0.00195249
   Incoming Energy [86.03464416684491, 98.84959046625586)
     Total Material
       Flux                                 0.059754 +/- 0.0013754
   Incoming Energy [98.84959046625586, 113.57333583431051)
     Total Material
       Flux                                 0.0603272 +/- 0.00243602
   Incoming Energy [113.57333583431051, 130.49019780144016)
     Total Material
       Flux                                 0.0629321 +/- 0.00184572
   Incoming Energy [130.49019780144016, 149.9268432786044)
     Total Material
       Flux                                 0.0614056 +/- 0.00231604
   Incoming Energy [149.9268432786044, 172.2585965398784)
     Total Material
       Flux                                 0.0620715 +/- 0.0029098
   Incoming Energy [172.2585965398784, 197.91668678535572)
     Total Material
       Flux                                 0.0669168 +/- 0.00312414
   Incoming Energy [197.91668678535572, 227.39657523579274)
     Total Material
       Flux                                 0.0639173 +/- 0.00196474
   Incoming Energy [227.39657523579274, 261.26752255633266)
     Total Material
       Flux                                 0.0627613 +/- 0.00240526
   Incoming Energy [261.26752255633266, 300.1835813575586)
     Total Material
       Flux                                 0.0660783 +/- 0.00314718
   Incoming Energy [300.1835813575586, 344.89622604057524)
     Total Material
       Flux                                 0.0701351 +/- 0.00235453
   Incoming Energy [344.89622604057524, 396.2688638701478)
     Total Material
       Flux                                 0.0685677 +/- 0.00164242
   Incoming Energy [396.2688638701478, 455.29350748669475)
     Total Material
       Flux                                 0.0691561 +/- 0.0017591
   Incoming Energy [455.29350748669475, 523.1099308056258)
     Total Material
       Flux                                 0.0719238 +/- 0.00206521
   Incoming Energy [523.1099308056258, 601.0276782070375)
     Total Material
       Flux                                 0.0735414 +/- 0.00276268
   Incoming Energy [601.0276782070375, 690.5513520162317)
     Total Material
       Flux                                 0.0725116 +/- 0.00220617
   Incoming Energy [690.5513520162317, 793.4096665797492)
     Total Material
       Flux                                 0.0767147 +/- 0.00253655
   Incoming Energy [793.4096665797492, 911.5888299750818)
     Total Material
       Flux                                 0.0747371 +/- 0.00242383
   Incoming Energy [911.5888299750818, 1047.3708979594487)
     Total Material
       Flux                                 0.0747807 +/- 0.00224786
   Incoming Energy [1047.3708979594487, 1203.3778407775906)
     Total Material
       Flux                                 0.0765488 +/- 0.00315424
   Incoming Energy [1203.3778407775906, 1382.6221737646536)
     Total Material
       Flux                                 0.0791237 +/- 0.00273163
   Incoming Energy [1382.6221737646536, 1588.5651294280526)
     Total Material
       Flux                                 0.0772513 +/- 0.00332867
   Incoming Energy [1588.5651294280526, 1825.1834943190388)
     Total Material
       Flux                                 0.0794254 +/- 0.00244888
   Incoming Energy [1825.1834943190388, 2097.046401323231)
     Total Material
       Flux                                 0.0796266 +/- 0.00197773
   Incoming Energy [2097.046401323231, 2409.403560239527)
     Total Material
       Flux                                 0.0832499 +/- 0.00234749
   Incoming Energy [2409.403560239527, 2768.286630392061)
     Total Material
       Flux                                 0.0794944 +/- 0.00237852
   Incoming Energy [2768.286630392061, 3180.625692794119)
     Total Material
       Flux                                 0.0824812 +/- 0.0028398
   Incoming Energy [3180.625692794119, 3654.383070957247)
     Total Material
       Flux                                 0.0857405 +/- 0.00237303
   Incoming Energy [3654.383070957247, 4198.707084443906)
     Total Material
       Flux                                 0.0824591 +/- 0.00222817
   Incoming Energy [4198.707084443906, 4824.108704165374)
     Total Material
       Flux                                 0.0870655 +/- 0.00268353
   Incoming Energy [4824.108704165374, 5542.664520663096)
     Total Material
       Flux                                 0.089859 +/- 0.00241074
   Incoming Energy [5542.664520663096, 6368.249944718586)
     Total Material
       Flux                                 0.0884933 +/- 0.00366044
   Incoming Energy [6368.249944718586, 7316.807143427177)
     Total Material
       Flux                                 0.0953265 +/- 0.00299556
   Incoming Energy [7316.807143427177, 8406.652885618316)
     Total Material
       Flux                                 0.088152 +/- 0.00245659
   Incoming Energy [8406.652885618316, 9658.832241158709)
     Total Material
       Flux                                 0.0866884 +/- 0.00318566
   Incoming Energy [9658.832241158709, 11097.5249641207)
     Total Material
       Flux                                 0.0888899 +/- 0.00279696
   Incoming Energy [11097.5249641207, 12750.512407130129)
     Total Material
       Flux                                 0.0888717 +/- 0.00247053
   Incoming Energy [12750.512407130129, 14649.713983072817)
     Total Material
       Flux                                 0.0922996 +/- 0.00240152
   Incoming Energy [14649.713983072817, 16831.80353330955)
     Total Material
       Flux                                 0.0917802 +/- 0.00239144
   Incoming Energy [16831.80353330955, 19338.91750455232)
     Total Material
       Flux                                 0.0902008 +/- 0.00234056
   Incoming Energy [19338.91750455232, 22219.468609395193)
     Total Material
       Flux                                 0.0955789 +/- 0.00203023
   Incoming Energy [22219.468609395193, 25529.080682395164)
     Total Material
       Flux                                 0.0981778 +/- 0.00317712
   Incoming Energy [25529.080682395164, 29331.662783900363)
     Total Material
       Flux                                 0.0968099 +/- 0.0021525
   Incoming Energy [29331.662783900363, 33700.64329271925)
     Total Material
       Flux                                 0.104972 +/- 0.00290765
   Incoming Energy [33700.64329271925, 38720.38781812557)
     Total Material
       Flux                                 0.103713 +/- 0.00397763
   Incoming Energy [38720.38781812557, 44487.82831127576)
     Total Material
       Flux                                 0.108815 +/- 0.00343293
   Incoming Energy [44487.82831127576, 51114.334834401656)
     Total Material
       Flux                                 0.111603 +/- 0.0047257
   Incoming Energy [51114.334834401656, 58727.86613189465)
     Total Material
       Flux                                 0.118914 +/- 0.00313289
   Incoming Energy [58727.86613189465, 67475.44053110685)
     Total Material
       Flux                                 0.126488 +/- 0.00433585
   Incoming Energy [67475.44053110685, 77525.97488629464)
     Total Material
       Flux                                 0.12301 +/- 0.00352309
   Incoming Energy [77525.97488629464, 89073.54638610421)
     Total Material
       Flux                                 0.133163 +/- 0.00405649
   Incoming Energy [89073.54638610421, 102341.14021054527)
     Total Material
       Flux                                 0.142457 +/- 0.00568707
   Incoming Energy [102341.14021054527, 117584.95540521534)
     Total Material
       Flux                                 0.1525 +/- 0.0047037
   Incoming Energy [117584.95540521534, 135099.3521198025)
     Total Material
       Flux                                 0.150934 +/- 0.00523447
   Incoming Energy [135099.3521198025, 155222.5357427048)
     Total Material
       Flux                                 0.168006 +/- 0.00394081
   Incoming Energy [155222.5357427048, 178343.08769319058)
     Total Material
       Flux                                 0.179976 +/- 0.00435378
   Incoming Energy [178343.08769319058, 204907.4689815846)
     Total Material
       Flux                                 0.186182 +/- 0.00711742
   Incoming Energy [204907.4689815846, 235428.64143224107)
     Total Material
       Flux                                 0.204375 +/- 0.00532018
   Incoming Energy [235428.64143224107, 270495.97304631316)
     Total Material
       Flux                                 0.220623 +/- 0.00535548
   Incoming Energy [270495.97304631316, 310786.6187782014)
     Total Material
       Flux                                 0.251291 +/- 0.00416854
   Incoming Energy [310786.6187782014, 357078.59649004554)
     Total Material
       Flux                                 0.274459 +/- 0.00886862
   Incoming Energy [357078.59649004554, 410265.81058271904)
     Total Material
       Flux                                 0.232613 +/- 0.00608948
   Incoming Energy [410265.81058271904, 471375.31341167097)
     Total Material
       Flux                                 0.194277 +/- 0.00441574
   Incoming Energy [471375.31341167097, 541587.1378079465)
     Total Material
       Flux                                 0.291304 +/- 0.0104374
   Incoming Energy [541587.1378079465, 622257.0836730232)
     Total Material
       Flux                                 0.322418 +/- 0.0103518
   Incoming Energy [622257.0836730232, 714942.8986597562)
     Total Material
       Flux                                 0.343003 +/- 0.0119565
   Incoming Energy [714942.8986597562, 821434.3584919422)
     Total Material
       Flux                                 0.40114 +/- 0.0129723
   Incoming Energy [821434.3584919422, 943787.8277775352)
     Total Material
       Flux                                 0.330016 +/- 0.0110369
   Incoming Energy [943787.8277775352, 1084365.9686896086)
     Total Material
       Flux                                 0.23906 +/- 0.00486634
   Incoming Energy [1084365.9686896086, 1245883.3642950081)
     Total Material
       Flux                                 0.320025 +/- 0.00678338
   Incoming Energy [1245883.3642950081, 1431458.9375234756)
     Total Material
       Flux                                 0.304793 +/- 0.0080779
   Incoming Energy [1431458.9375234756, 1644676.1779946627)
     Total Material
       Flux                                 0.324711 +/- 0.0139353
   Incoming Energy [1644676.1779946627, 1889652.3396912038)
     Total Material
       Flux                                 0.349905 +/- 0.0123691
   Incoming Energy [1889652.3396912038, 2171117.945694501)
     Total Material
       Flux                                 0.310281 +/- 0.00986243
   Incoming Energy [2171117.945694501, 2494508.135230317)
     Total Material
       Flux                                 0.361742 +/- 0.0154894
   Incoming Energy [2494508.135230317, 2866067.616948244)
     Total Material
       Flux                                 0.347078 +/- 0.0130181
   Incoming Energy [2866067.616948244, 3292971.255097148)
     Total Material
       Flux                                 0.277485 +/- 0.0112624
   Incoming Energy [3292971.255097148, 3783462.6171319326)
     Total Material
       Flux                                 0.215825 +/- 0.0100355
   Incoming Energy [3783462.6171319326, 4347013.158125018)
     Total Material
       Flux                                 0.169875 +/- 0.00867196
   Incoming Energy [4347013.158125018, 4994505.11585514)
     Total Material
       Flux                                 0.156592 +/- 0.00820826
   Incoming Energy [4994505.11585514, 5738441.648302381)
     Total Material
       Flux                                 0.119512 +/- 0.00596665
   Incoming Energy [5738441.648302381, 6593188.271333542)
     Total Material
       Flux                                 0.0698596 +/- 0.00575852
   Incoming Energy [6593188.271333542, 7575250.258771921)
     Total Material
       Flux                                 0.0414707 +/- 0.00575368
   Incoming Energy [7575250.258771921, 8703591.361485148)
     Total Material
       Flux                                 0.0249868 +/- 0.00475341
   Incoming Energy [8703591.361485148, 10000000)
     Total Material
       Flux                                 0.0105367 +/- 0.00275126
 ===================>     TALLY 45: FISSION_ENERGY     <====================

 Cell 43
   Incoming Energy [9.999999999999999e-06, 1.1489510001873086e-05)
     Total Material
       Fission Rate                         0 +/- 0
   Incoming Energy [1.1489510001873086e-05, 1.3200884008314168e-05)
     Total Material
       Fission Rate                         0 +/- 0
   Incoming Energy [1.3200884008314168e-05, 1.516716888470924e-05)
     Total Material
       Fission Rate                         0 +/- 0
   Incoming Energy [1.516716888470924e-05, 1.742633386009651e-05)
     Total Material
       Fission Rate                         0 +/- 0
   Incoming Energy [1.742633386009651e-05, 2.0022003718155845e-05)
     Total Material
       Fission Rate                         0 +/- 0
   Incoming Energy [2.0022003718155845e-05, 2.3004301197729168e-05)
     Total Material
       Fission Rate                         0 +/- 0
   Incoming Energy [2.3004301197729168e-05, 2.643081486974103e-05)
     Total Material
       Fission Rate                         0 +/- 0
   Incoming Energy [2.643081486974103e-05, 3.0367711180354606e-05)
     Total Material
       Fission Rate                         0 +/- 0
   Incoming Energy [3.0367711180354606e-05, 3.489101213406774e-05)
     Total Material
       Fission Rate                         0 +/- 0
   Incoming Energy [3.489101213406774e-05, 4.008806328898465e-05)
     Total Material
       Fission Rate                         0 +/- 0
   Incoming Energy [4.008806328898465e-05, 4.6059220411451034e-05)
     Total Material
       Fission Rate                         0 +/- 0
   Incoming Energy [4.6059220411451034e-05, 5.2919787359584364e-05)
     Total Material
       Fission Rate                         0 +/- 0
   Incoming Energy [5.2919787359584364e-05, 6.080224261649427e-05)
     Total Material
       Fission Rate                         0 +/- 0
   Incoming Energy [6.080224261649427e-05, 6.985879746785249e-05)
     Total Material
       Fission Rate                         0 +/- 0
   Incoming Energy [6.985879746785249e-05, 8.026433522257174e-05)
     Total Material
       Fission Rate                         0 +/- 0
   Incoming Energy [8.026433522257174e-05, 9.221978823334323e-05)
     Total Material
       Fission Rate                         0 +/- 0
   Incoming Energy [9.221978823334323e-05, 0.00010595601792776158)
     Total Material
       Fission Rate                         0 +/- 0
   Incoming Energy [0.00010595601792776158, 0.00012173827277396621)
     Total Material
       Fission Rate                         0 +/- 0
   Incoming Energy [0.00012173827277396621, 0.00013987131026472387)
     Total Material
       Fission Rate                         0 +/- 0
   Incoming Energy [0.00013987131026472387, 0.00016070528182616383)
     Total Material
       Fission Rate                         0 +/- 0
   Incoming Energy [0.00016070528182616383, 0.00018464249428955425)
     Total Material
       Fission Rate                         0 +/- 0
   Incoming Energy [0.00018464249428955425, 0.00021214517849106298)
     Total Material
       Fission Rate                         0 +/- 0
   Incoming Energy [0.00021214517849106298, 0.00024374441501222218)
     Total Material
       Fission Rate                         0 +/- 0
   Incoming Energy [0.00024374441501222218, 0.0002800503894183631)
     Total Material
       Fission Rate                         0 +/- 0
   Incoming Energy [0.0002800503894183631, 0.0003217641750250735)
     Total Material
       Fission Rate                         5.23285e-05 +/- 5.23285e-05
   Incoming Energy [0.0003217641750250735, 0.00036969127071950243)
     Total Material
       Fission Rate                         0 +/- 0
   Incoming Energy [0.00036969127071950243, 0.00042475715525368984)
     Total Material
       Fission Rate                         0 +/- 0
   Incoming Energy [0.00042475715525368984, 0.0004880251583654434)
     Total Material
       Fission Rate                         0.000140713 +/- 0.000140713
   Incoming Energy [0.0004880251583654434, 0.0005607169938205458)
     Total Material
       Fission Rate                         0 +/- 0
   Incoming Energy [0.0005607169938205458, 0.000644236350872137)
     Total Material
       Fission Rate                         0 +/- 0
   Incoming Energy [0.000644236350872137, 0.0007401959996915637)
     Total Material
       Fission Rate                         0 +/- 0
   Incoming Energy [0.0007401959996915637, 0.0008504489341802677)
     Total Material
       Fission Rate                         1.90862e-05 +/- 1.90862e-05
   Incoming Energy [0.0008504489341802677, 0.00097712415353465)
     Total Material
       Fission Rate                         7.65394e-05 +/- 7.65394e-05
   Incoming Energy [0.00097712415353465, 0.0011226677735108135)
     Total Material
       Fission Rate                         0 +/- 0
   Incoming Energy [0.0011226677735108135, 0.001289890261253308)
     Total Material
       Fission Rate                         0.000208839 +/- 0.000203962
   Incoming Energy [0.001289890261253308, 0.0014820207057988585)
     Total Material
       Fission Rate                         0.000101485 +/- 7.78075e-05
   Incoming Energy [0.0014820207057988585, 0.0017027691722258996)
     Total Material
       Fission Rate                         0 +/- 0
   Incoming Energy [0.0017027691722258996, 0.0019563983435170627)
     Total Material
       Fission Rate                         3.57706e-05 +/- 2.80916e-05
   Incoming Energy [0.0019563983435170627, 0.002247805833548725)
     Total Material
       Fission Rate                         9.42589e-05 +/- 7.9723e-05
   Incoming Energy [0.002247805833548725, 0.002582618760682675)
     Total Material
       Fission Rate                         0.000127352 +/- 8.77294e-05
   Incoming Energy [0.002582618760682675, 0.0029673024081888696)
     Total Material
       Fission Rate                         0.000225746 +/- 0.000155337
   Incoming Energy [0.0029673024081888696, 0.003409285069746811)
     Total Material
       Fission Rate                         0.000196347 +/- 8.8188e-05
   Incoming Energy [0.003409285069746811, 0.003917101490809256)
     Total Material
       Fission Rate                         0.000491794 +/- 0.000241547
   Incoming Energy [0.003917101490809256, 0.004500557675700498)
     Total Material
       Fission Rate                         0.000626445 +/- 0.00026089
   Incoming Energy [0.004500557675700498, 0.0051709202428967555)
     Total Material
       Fission Rate                         0.000735157 +/- 0.000223995
   Incoming Energy [0.0051709202428967555, 0.0059411339849650335)
     Total Material
       Fission Rate                         0.000701183 +/- 0.000272326
   Incoming Energy [0.0059411339849650335, 0.006826071834272386)
     Total Material
       Fission Rate                         0.00129459 +/- 0.00048543
   Incoming Energy [0.006826071834272386, 0.007842822061337682)
     Total Material
       Fission Rate                         0.000980507 +/- 0.000361615
   Incoming Energy [0.007842822061337682, 0.009011018251665018)
     Total Material
       Fission Rate                         0.00189805 +/- 0.000370277
   Incoming Energy [0.009011018251665018, 0.010353218432956616)
     Total Material
       Fission Rate                         0.00303347 +/- 0.000793021
   Incoming Energy [0.010353218432956616, 0.011895340673703195)
     Total Material
       Fission Rate                         0.00236373 +/- 0.000419108
   Incoming Energy [0.011895340673703195, 0.013667163564620059)
     Total Material
       Fission Rate                         0.00340204 +/- 0.000617085
   Incoming Energy [0.013667163564620059, 0.015702901247293774)
     Total Material
       Fission Rate                         0.00420598 +/- 0.000378743
   Incoming Energy [0.015702901247293774, 0.018041864093920716)
     Total Material
       Fission Rate                         0.00503559 +/- 0.00074387
   Incoming Energy [0.018041864093920716, 0.0207292177959537)
     Total Material
       Fission Rate                         0.00479276 +/- 0.000463915
   Incoming Energy [0.0207292177959537, 0.023816855519761582)
     Total Material
       Fission Rate                         0.00811614 +/- 0.00130482
   Incoming Energy [0.023816855519761582, 0.027364399970746692)
     Total Material
       Fission Rate                         0.00718939 +/- 0.000842272
   Incoming Energy [0.027364399970746692, 0.031440354715915)
     Total Material
       Fission Rate                         0.00837204 +/- 0.000879814
   Incoming Energy [0.031440354715915, 0.0361234269970943)
     Total Material
       Fission Rate                         0.00992854 +/- 0.000740518
   Incoming Energy [0.0361234269970943, 0.041504047578504726)
     Total Material
       Fission Rate                         0.0106151 +/- 0.00103277
   Incoming Energy [0.041504047578504726, 0.04768611697714469)
     Total Material
       Fission Rate                         0.0111919 +/- 0.000945229
   Incoming Energy [0.04768611697714469, 0.054789011795939396)
     Total Material
       Fission Rate                         0.0116367 +/- 0.000690672
   Incoming Energy [0.054789011795939396, 0.06294988990221888)
     Total Material
       Fission Rate                         0.0122012 +/- 0.00111671
   Incoming Energy [0.06294988990221888, 0.07232633896483534)
     Total Material
       Fission Rate                         0.0133838 +/- 0.0012138
   Incoming Energy [0.07232633896483534, 0.08309941949353386)
     Total Material
       Fission Rate                         0.0131179 +/- 0.000918977
   Incoming Energy [0.08309941949353386, 0.09547716114208056)
     Total Material
       Fission Rate                         0.0121075 +/- 0.000843643
   Incoming Energy [0.09547716114208056, 0.1096985797892384)
     Total Material
       Fission Rate                         0.0104481 +/- 0.000501126
   Incoming Energy [0.1096985797892384, 0.12603829296797275)
     Total Material
       Fission Rate                         0.0124849 +/- 0.00101369
   Incoming Energy [0.12603829296797275, 0.1448118227674533)
     Total Material
       Fission Rate                         0.011788 +/- 0.00106263
   Incoming Energy [0.1448118227674533, 0.16638168860761274)
     Total Material
       Fission Rate                         0.00955195 +/- 0.000741536
   Incoming Energy [0.16638168860761274, 0.19116440753856997)
     Total Material
       Fission Rate                         0.0100082 +/- 0.000761215
   Incoming Energy [0.19116440753856997, 0.2196385372416547)
     Total Material
       Fission Rate                         0.00994108 +/- 0.000540734
   Incoming Energy [0.2196385372416547, 0.2523539170434766)
     Total Material
       Fission Rate                         0.010318 +/- 0.000530726
   Incoming Energy [0.2523539170434766, 0.28994228538828754)
     Total Material
       Fission Rate                         0.0113546 +/- 0.000623156
   Incoming Energy [0.28994228538828754, 0.333129478793467)
     Total Material
       Fission Rate                         0.00997422 +/- 0.00077123
   Incoming Energy [0.333129478793467, 0.38274944785163073)
     Total Material
       Fission Rate                         0.0106672 +/- 0.000755966
   Incoming Energy [0.38274944785163073, 0.4397603609302721)
     Total Material
       Fission Rate                         0.00817928 +/- 0.000563884
   Incoming Energy [0.4397603609302721, 0.505263106533568)
     Total Material
       Fission Rate                         0.00844237 +/- 0.000432732
   Incoming Energy [0.505263106533568, 0.5805225516094895)
     Total Material
       Fission Rate                         0.0064937 +/- 0.000408136
   Incoming Energy [0.5805225516094895, 0.6669919663030115)
     Total Material
       Fission Rate                         0.00702708 +/- 0.000324453
   Incoming Energy [0.6669919663030115, 0.7663410868007446)
     Total Material
       Fission Rate                         0.00679327 +/- 0.000522663
   Incoming Energy [0.7663410868007446, 0.8804883581643465)
     Total Material
       Fission Rate                         0.00708901 +/- 0.000589026
   Incoming Energy [0.8804883581643465, 1.011637979766207)
     Total Material
       Fission Rate                         0.00735077 +/- 0.000508933
   Incoming Energy [1.011637979766207, 1.162322468679852)
     Total Material
       Fission Rate                         0.00978053 +/- 0.000620198
   Incoming Energy [1.162322468679852, 1.3354515629298973)
     Total Material
       Fission Rate                         0.0053465 +/- 0.000263446
   Incoming Energy [1.3354515629298973, 1.53436840893001)
     Total Material
       Fission Rate                         0.002733 +/- 0.000171397
   Incoming Energy [1.53436840893001, 1.762914118095948)
     Total Material
       Fission Rate                         0.00215314 +/- 0.000145496
   Incoming Energy [1.762914118095948, 2.0255019392306663)
     Total Material
       Fission Rate                         0.00230444 +/- 0.000110483
   Incoming Energy [2.0255019392306663, 2.327202478960407)
     Total Material
       Fission Rate                         0.00230872 +/- 0.000158301
   Incoming Energy [2.327202478960407, 2.673841615839944)
     Total Material
       Fission Rate                         0.00158547 +/- 9.06267e-05
   Incoming Energy [2.673841615839944, 3.072112998861753)
     Total Material
       Fission Rate                         0.00300327 +/- 0.000256031
   Incoming Energy [3.072112998861753, 3.52970730273065)
     Total Material
       Fission Rate                         0.00417732 +/- 0.000350285
   Incoming Energy [3.52970730273065, 4.0554607358408274)
     Total Material
       Fission Rate                         0.00301404 +/- 0.000345419
   Incoming Energy [4.0554607358408274, 4.659525668664678)
     Total Material
       Fission Rate                         0.000586479 +/- 3.6313e-05
   Incoming Energy [4.659525668664678, 5.3535666774107185)
     Total Material
       Fission Rate                         0.00122911 +/- 4.96057e-05
   Incoming Energy [5.3535666774107185, 6.150985788580504)
     Total Material
       Fission Rate                         0.00279845 +/- 0.000177699
   Incoming Energy [6.150985788580504, 7.067181273927491)
     Total Material
       Fission Rate                         0.00233082 +/- 0.000156694
   Incoming Energy [7.067181273927491, 8.119844993184008)
     Total Material
       Fission Rate                         0.00157269 +/- 0.000143157
   Incoming Energy [8.119844993184008, 9.329304026284676)
     Total Material
       Fission Rate                         0.010313 +/- 0.000911487
   Incoming Energy [9.329304026284676, 10.718913192051264)
     Total Material
       Fission Rate                         0.00420458 +/- 0.000237449
   Incoming Energy [10.718913192051264, 12.315506032928262)
     Total Material
       Fission Rate                         0.00333521 +/- 0.000218008
   Incoming Energy [12.315506032928262, 14.149912974345758)
     Total Material
       Fission Rate                         0.00691939 +/- 0.000447928
   Incoming Energy [14.149912974345758, 16.257556664437935)
     Total Material
       Fission Rate                         0.00418552 +/- 0.000233365
   Incoming Energy [16.257556664437935, 18.679135990207808)
     Total Material
       Fission Rate                         0.00410381 +/- 0.000371379
   Incoming Energy [18.679135990207808, 21.461411978584014)
     Total Material
       Fission Rate                         0.00663066 +/- 0.000538617
   Incoming Energy [21.461411978584014, 24.658110758226037)
     Total Material
       Fission Rate                         0.00517911 +/- 0.000501221
   Incoming Energy [24.658110758226037, 28.330961018393243)
     Total Material
       Fission Rate                         0.00711536 +/- 0.000389836
   Incoming Energy [28.330961018393243, 32.550885998350566)
     Total Material
       Fission Rate                         0.00301207 +/- 0.000262404
   Incoming Energy [32.550885998350566, 37.39937302478794)
     Total Material
       Fission Rate                         0.00686464 +/- 0.000644817
   Incoming Energy [37.39937302478794, 42.97004704320835)
     Total Material
       Fission Rate                         0.00553912 +/- 0.000313152
   Incoming Energy [42.97004704320835, 49.37047852839004)
     Total Material
       Fission Rate                         0.0067132 +/- 0.000334558
   Incoming Energy [49.37047852839004, 56.72426068491978)
     Total Material
       Fission Rate                         0.0105572 +/- 0.000431356
   Incoming Energy [56.72426068491978, 65.1733960488242)
     Total Material
       Fission Rate                         0.00549374 +/- 0.000291128
   Incoming Energy [65.1733960488242, 74.88103857590015)
     Total Material
       Fission Rate                         0.00436899 +/- 0.000348393
   Incoming Energy [74.88103857590015, 86.03464416684491)
     Total Material
       Fission Rate                         0.00600372 +/- 0.000314559
   Incoming Energy [86.03464416684491, 98.84959046625586)
     Total Material
       Fission Rate                         0.00506763 +/- 0.000131739
   Incoming Energy [98.84959046625586, 113.57333583431051)
     Total Material
       Fission Rate                         0.00311634 +/- 0.000243632
   Incoming Energy [113.57333583431051, 130.49019780144016)
     Total Material
       Fission Rate                         0.00563871 +/- 0.000259034
   Incoming Energy [130.49019780144016, 149.9268432786044)
     Total Material
       Fission Rate                         0.00527396 +/- 0.000334629
   Incoming Energy [149.9268432786044, 172.2585965398784)
     Total Material
       Fission Rate                         0.00435152 +/- 0.000190433
   Incoming Energy [172.2585965398784, 197.91668678535572)
     Total Material
       Fission Rate                         0.00430156 +/- 0.000264184
   Incoming Energy [197.91668678535572, 227.39657523579274)
     Total Material
       Fission Rate                         0.00588107 +/- 0.000216267
   Incoming Energy [227.39657523579274, 261.26752255633266)
     Total Material
       Fission Rate                         0.00483338 +/- 0.00019115
   Incoming Energy [261.26752255633266, 300.1835813575586)
     Total Material
       Fission Rate                         0.00496407 +/- 0.000495355
   Incoming Energy [300.1835813575586, 344.89622604057524)
     Total Material
       Fission Rate                         0.0041011 +/- 0.00020371
   Incoming Energy [344.89622604057524, 396.2688638701478)
     Total Material
       Fission Rate                         0.00292546 +/- 0.000138703
   Incoming Energy [396.2688638701478, 455.29350748669475)
     Total Material
       Fission Rate                         0.00348154 +/- 0.000208594
   Incoming Energy [455.29350748669475, 523.1099308056258)
     Total Material
       Fission Rate                         0.00445298 +/- 0.00022081
   Incoming Energy [523.1099308056258, 601.0276782070375)
     Total Material
       Fission Rate                         0.00389431 +/- 0.000173281
   Incoming Energy [601.0276782070375, 690.5513520162317)
     Total Material
       Fission Rate                         0.00333601 +/- 0.000107183
   Incoming Energy [690.5513520162317, 793.4096665797492)
     Total Material
       Fission Rate                         0.00331865 +/- 0.000124616
   Incoming Energy [793.4096665797492, 911.5888299750818)
     Total Material
       Fission Rate                         0.00269213 +/- 0.000173363
   Incoming Energy [911.5888299750818, 1047.3708979594487)
     Total Material
       Fission Rate                         0.00215744 +/- 0.000103131
   Incoming Energy [1047.3708979594487, 1203.3778407775906)
     Total Material
       Fission Rate                         0.00305805 +/- 0.000162718
   Incoming Energy [1203.3778407775906, 1382.6221737646536)
     Total Material
       Fission Rate                         0.00249536 +/- 0.000119473
   Incoming Energy [1382.6221737646536, 1588.5651294280526)
     Total Material
       Fission Rate                         0.00207481 +/- 0.000109015
   Incoming Energy [1588.5651294280526, 1825.1834943190388)
     Total Material
       Fission Rate                         0.00217612 +/- 6.43822e-05
   Incoming Energy [1825.1834943190388, 2097.046401323231)
     Total Material
       Fission Rate                         0.00207788 +/- 0.0001045
   Incoming Energy [2097.046401323231, 2409.403560239527)
     Total Material
       Fission Rate                         0.00181672 +/- 7.01234e-05
   Incoming Energy [2409.403560239527, 2768.286630392061)
     Total Material
       Fission Rate                         0.0018222 +/- 7.42756e-05
   Incoming Energy [2768.286630392061, 3180.625692794119)
     Total Material
       Fission Rate                         0.00171496 +/- 7.88862e-05
   Incoming Energy [3180.625692794119, 3654.383070957247)
     Total Material
       Fission Rate                         0.00178624 +/- 6.01234e-05
   Incoming Energy [3654.383070957247, 4198.707084443906)
     Total Material
       Fission Rate                         0.00154625 +/- 5.86107e-05
   Incoming Energy [4198.707084443906, 4824.108704165374)
     Total Material
       Fission Rate                         0.001666 +/- 6.65732e-05
   Incoming Energy [4824.108704165374, 5542.664520663096)
     Total Material
       Fission Rate                         0.00144977 +/- 5.67711e-05
   Incoming Energy [5542.664520663096, 6368.249944718586)
     Total Material
       Fission Rate                         0.00141966 +/- 7.44713e-05
   Incoming Energy [6368.249944718586, 7316.807143427177)
     Total Material
       Fission Rate                         0.00132005 +/- 5.07043e-05
   Incoming Energy [7316.807143427177, 8406.652885618316)
     Total Material
       Fission Rate                         0.00115882 +/- 4.36654e-05
   Incoming Energy [8406.652885618316, 9658.832241158709)
     Total Material
       Fission Rate                         0.00110894 +/- 5.5005e-05
   Incoming Energy [9658.832241158709, 11097.5249641207)
     Total Material
       Fission Rate                         0.00110498 +/- 5.27371e-05
   Incoming Energy [11097.5249641207, 12750.512407130129)
     Total Material
       Fission Rate                         0.00106421 +/- 3.40385e-05
   Incoming Energy [12750.512407130129, 14649.713983072817)
     Total Material
       Fission Rate                         0.0010879 +/- 3.34899e-05
   Incoming Energy [14649.713983072817, 16831.80353330955)
     Total Material
       Fission Rate                         0.00102393 +/- 3.22394e-05
   Incoming Energy [16831.80353330955, 19338.91750455232)
     Total Material
       Fission Rate                         0.00094598 +/- 3.26066e-05
   Incoming Energy [19338.91750455232, 22219.468609395193)
     Total Material
       Fission Rate                         0.000919382 +/- 3.0366e-05
   Incoming Energy [22219.468609395193, 25529.080682395164)
     Total Material
       Fission Rate                         0.000932282 +/- 4.27587e-05
   Incoming Energy [25529.080682395164, 29331.662783900363)
     Total Material
       Fission Rate                         0.000912834 +/- 2.81214e-05
   Incoming Energy [29331.662783900363, 33700.64329271925)
     Total Material
       Fission Rate                         0.000924087 +/- 3.09867e-05
   Incoming Energy [33700.64329271925, 38720.38781812557)
     Total Material
       Fission Rate                         0.000879701 +/- 4.67752e-05
   Incoming Energy [38720.38781812557, 44487.82831127576)
     Total Material
       Fission Rate                         0.000914446 +/- 4.54032e-05
   Incoming Energy [44487.82831127576, 51114.334834401656)
     Total Material
       Fission Rate                         0.000916208 +/- 4.08279e-05
   Incoming Energy [51114.334834401656, 58727.86613189465)
     Total Material
       Fission Rate                         0.000950644 +/- 2.17651e-05
   Incoming Energy [58727.86613189465, 67475.44053110685)
     Total Material
       Fission Rate                         0.000976162 +/- 3.59225e-05
   Incoming Energy [67475.44053110685, 77525.97488629464)
     Total Material
       Fission Rate                         0.000911554 +/- 3.31721e-05
   Incoming Energy [77525.97488629464, 89073.54638610421)
     Total Material
       Fission Rate                         0.000969543 +/- 2.80866e-05
   Incoming Energy [89073.54638610421, 102341.14021054527)
     Total Material
       Fission Rate                         0.000998185 +/- 4.08936e-05
   Incoming Energy [102341.14021054527, 117584.95540521534)
     Total Material
       Fission Rate                         0.00107637 +/- 4.81951e-05
   Incoming Energy [117584.95540521534, 135099.3521198025)
     Total Material
       Fission Rate                         0.00101482 +/- 4.38361e-05
   Incoming Energy [135099.3521198025, 155222.5357427048)
     Total Material
       Fission Rate                         0.00108448 +/- 3.28559e-05
   Incoming Energy [155222.5357427048, 178343.08769319058)
     Total Material
       Fission Rate                         0.00115727 +/- 3.796e-05
   Incoming Energy [178343.08769319058, 204907.4689815846)
     Total Material
       Fission Rate                         0.00110586 +/- 4.52437e-05
   Incoming Energy [204907.4689815846, 235428.64143224107)
     Total Material
       Fission Rate                         0.00124599 +/- 3.68513e-05
   Incoming Energy [235428.64143224107, 270495.97304631316)
     Total Material
       Fission Rate                         0.00129629 +/- 3.90923e-05
   Incoming Energy [270495.97304631316, 310786.6187782014)
     Total Material
       Fission Rate                         0.00139992 +/- 2.75598e-05
   Incoming Energy [310786.6187782014, 357078.59649004554)
     Total Material
       Fission Rate                         0.00157796 +/- 6.4532e-05
   Incoming Energy [357078.59649004554, 410265.81058271904)
     Total Material
       Fission Rate                         0.00128206 +/- 2.58066e-05
   Incoming Energy [410265.81058271904, 471375.31341167097)
     Total Material
       Fission Rate                         0.00107799 +/- 2.35279e-05
   Incoming Energy [471375.31341167097, 541587.1378079465)
     Total Material
       Fission Rate                         0.00153817 +/- 5.27748e-05
   Incoming Energy [541587.1378079465, 622257.0836730232)
     Total Material
       Fission Rate                         0.00168847 +/- 4.74538e-05
   Incoming Energy [622257.0836730232, 714942.8986597562)
     Total Material
       Fission Rate                         0.00184317 +/- 6.76421e-05
   Incoming Energy [714942.8986597562, 821434.3584919422)
     Total Material
       Fission Rate                         0.00217901 +/- 6.83974e-05
   Incoming Energy [821434.3584919422, 943787.8277775352)
     Total Material
       Fission Rate                         0.0018721 +/- 5.70131e-05
   Incoming Energy [943787.8277775352, 1084365.9686896086)
     Total Material
       Fission Rate                         0.00147434 +/- 3.45926e-05
   Incoming Energy [1084365.9686896086, 1245883.3642950081)
     Total Material
       Fission Rate                         0.0020128 +/- 5.5635e-05
   Incoming Energy [1245883.3642950081, 1431458.9375234756)
     Total Material
       Fission Rate                         0.00246094 +/- 6.33529e-05
   Incoming Energy [1431458.9375234756, 1644676.1779946627)
     Total Material
       Fission Rate                         0.00414013 +/- 0.000146397
   Incoming Energy [1644676.1779946627, 1889652.3396912038)
     Total Material
       Fission Rate                         0.00513423 +/- 0.000193193
   Incoming Energy [1889652.3396912038, 2171117.945694501)
     Total Material
       Fission Rate                         0.00495205 +/- 0.000179179
   Incoming Energy [2171117.945694501, 2494508.135230317)
     Total Material
       Fission Rate                         0.00583206 +/- 0.00023472
   Incoming Energy [2494508.135230317, 2866067.616948244)
     Total Material
       Fission Rate                         0.00557772 +/- 0.000209625
   Incoming Energy [2866067.616948244, 3292971.255097148)
     Total Material
       Fission Rate                         0.00434271 +/- 0.000180843
   Incoming Energy [3292971.255097148, 3783462.6171319326)
     Total Material
       Fission Rate                         0.00338139 +/- 0.000177699
   Incoming Energy [3783462.6171319326, 4347013.158125018)
     Total Material
       Fission Rate                         0.00254206 +/- 0.000142696
   Incoming Energy [4347013.158125018, 4994505.11585514)
     Total Material
       Fission Rate                         0.00236575 +/- 0.000130169
   Incoming Energy [4994505.11585514, 5738441.648302381)
     Total Material
       Fission Rate                         0.00176982 +/- 9.75934e-05
   Incoming Energy [5738441.648302381, 6593188.271333542)
     Total Material
       Fission Rate                         0.00122338 +/- 0.000102339
   Incoming Energy [6593188.271333542, 7575250.258771921)
     Total Material
       Fission Rate                         0.000992921 +/- 0.000136214
   Incoming Energy [7575250.258771921, 8703591.361485148)
     Total Material
       Fission Rate                         0.000648079 +/- 0.000128694
   Incoming Energy [8703591.361485148, 10000000)
     Total Material
       Fission Rate                         0.000285653 +/- 7.46169e-05
