 ==================>     TALLY 4: FUEL_FLUX_SPECTRUM     <==================

 Cell 4
   Incoming Energy [9.999999999999999e-06, 1.1489510001873086e-05)
     Total Material
       Flux                                 0 +/- 0
   Incoming Energy [1.1489510001873086e-05, 1.3200884008314168e-05)
     Total Material
       Flux                                 0 +/- 0
   Incoming Energy [1.3200884008314168e-05, 1.516716888470924e-05)
     Total Material
       Flux                                 0 +/- 0
   Incoming Energy [1.516716888470924e-05, 1.742633386009651e-05)
     Total Material
       Flux                                 0 +/- 0
   Incoming Energy [1.742633386009651e-05, 2.0022003718155845e-05)
     Total Material
       Flux                                 0 +/- 0
   Incoming Energy [2.0022003718155845e-05, 2.3004301197729168e-05)
     Total Material
       Flux                                 0 +/- 0
   Incoming Energy [2.3004301197729168e-05, 2.643081486974103e-05)
     Total Material
       Flux                                 0 +/- 0
   Incoming Energy [2.643081486974103e-05, 3.0367711180354606e-05)
     Total Material
       Flux                                 0 +/- 0
   Incoming Energy [3.0367711180354606e-05, 3.489101213406774e-05)
     Total Material
       Flux                                 0 +/- 0
   Incoming Energy [3.489101213406774e-05, 4.008806328898465e-05)
     Total Material
       Flux                                 0 +/- 0
   Incoming Energy [4.008806328898465e-05, 4.6059220411451034e-05)
     Total Material
       Flux                                 0 +/- 0
   Incoming Energy [4.6059220411451034e-05, 5.2919787359584364e-05)
     Total Material
       Flux                                 0 +/- 0
   Incoming Energy [5.2919787359584364e-05, 6.080224261649427e-05)
     Total Material
       Flux                                 0 +/- 0
   Incoming Energy [6.080224261649427e-05, 6.985879746785249e-05)
     Total Material
       Flux                                 0 +/- 0
   Incoming Energy [6.985879746785249e-05, 8.026433522257174e-05)
     Total Material
       Flux                                 0 +/- 0
   Incoming Energy [8.026433522257174e-05, 9.221978823334323e-05)
     Total Material
       Flux                                 0 +/- 0
   Incoming Energy [9.221978823334323e-05, 0.00010595601792776158)
     Total Material
       Flux                                 0 +/- 0
   Incoming Energy [0.00010595601792776158, 0.00012173827277396621)
     Total Material
       Flux                                 0 +/- 0
   Incoming Energy [0.00012173827277396621, 0.00013987131026472387)
     Total Material
       Flux                                 0 +/- 0
   Incoming Energy [0.00013987131026472387, 0.00016070528182616383)
     Total Material
       Flux                                 0 +/- 0
   Incoming Energy [0.00016070528182616383, 0.00018464249428955425)
     Total Material
       Flux                                 0 +/- 0
   Incoming Energy [0.00018464249428955425, 0.00021214517849106298)
     Total Material
       Flux                                 0 +/- 0
   Incoming Energy [0.00021214517849106298, 0.00024374441501222218)
     Total Material
       Flux                                 0 +/- 0
   Incoming Energy [0.00024374441501222218, 0.0002800503894183631)
     Total Material
       Flux                                 6.87818e-07 +/- 6.87818e-07
   Incoming Energy [0.0002800503894183631, 0.0003217641750250735)
     Total Material
       Flux                                 0 +/- 0
   Incoming Energy [0.0003217641750250735, 0.00036969127071950243)
     Total Material
       Flux                                 0 +/- 0
   Incoming Energy [0.00036969127071950243, 0.00042475715525368984)
     Total Material
       Flux                                 1.41164e-06 +/- 1.41164e-06
   Incoming Energy [0.00042475715525368984, 0.0004880251583654434)
     Total Material
       Flux                                 0 +/- 0
   Incoming Energy [0.0004880251583654434, 0.0005607169938205458)
     Total Material
       Flux                                 1.00732e-07 +/- 1.00732e-07
   Incoming Energy [0.0005607169938205458, 0.000644236350872137)
     Total Material
       Flux                                 1.81061e-06 +/- 1.81061e-06
   Incoming Energy [0.000644236350872137, 0.0007401959996915637)
     Total Material
       Flux                                 0 +/- 0
   Incoming Energy [0.0007401959996915637, 0.0008504489341802677)
     Total Material
       Flux                                 2.27119e-06 +/- 2.27119e-06
   Incoming Energy [0.0008504489341802677, 0.00097712415353465)
     Total Material
       Flux                                 6.64706e-07 +/- 6.64706e-07
   Incoming Energy [0.00097712415353465, 0.0011226677735108135)
     Total Material
       Flux                                 8.56385e-06 +/- 7.93107e-06
   Incoming Energy [0.0011226677735108135, 0.001289890261253308)
     Total Material
       Flux                                 1.30199e-06 +/- 1.05909e-06
   Incoming Energy [0.001289890261253308, 0.0014820207057988585)
     Total Material
       Flux                                 3.00703e-05 +/- 1.43035e-05
   Incoming Energy [0.0014820207057988585, 0.0017027691722258996)
     Total Material
       Flux                                 2.40343e-05 +/- 1.59549e-05
   Incoming Energy [0.0017027691722258996, 0.0019563983435170627)
     Total Material
       Flux                                 1.28422e-05 +/- 8.25504e-06
   Incoming Energy [0.0019563983435170627, 0.002247805833548725)
     Total Material
       Flux                                 4.59407e-05 +/- 1.85002e-05
   Incoming Energy [0.002247805833548725, 0.002582618760682675)
     Total Material
       Flux                                 1.45766e-05 +/- 5.94184e-06
   Incoming Energy [0.002582618760682675, 0.0029673024081888696)
     Total Material
       Flux                                 0.000108542 +/- 4.49472e-05
   Incoming Energy [0.0029673024081888696, 0.003409285069746811)
     Total Material
       Flux                                 6.74649e-05 +/- 2.33438e-05
   Incoming Energy [0.003409285069746811, 0.003917101490809256)
     Total Material
       Flux                                 0.000121907 +/- 4.95048e-05
   Incoming Energy [0.003917101490809256, 0.004500557675700498)
     Total Material
       Flux                                 0.000225225 +/- 5.98141e-05
   Incoming Energy [0.004500557675700498, 0.0051709202428967555)
     Total Material
       Flux                                 0.000312919 +/- 6.97904e-05
   Incoming Energy [0.0051709202428967555, 0.0059411339849650335)
     Total Material
       Flux                                 0.000286968 +/- 8.14732e-05
   Incoming Energy [0.0059411339849650335, 0.006826071834272386)
     Total Material
       Flux                                 0.00042282 +/- 7.87521e-05
   Incoming Energy [0.006826071834272386, 0.007842822061337682)
     Total Material
       Flux                                 0.000860199 +/- 0.000114643
   Incoming Energy [0.007842822061337682, 0.009011018251665018)
     Total Material
       Flux                                 0.000749702 +/- 0.000138758
   Incoming Energy [0.009011018251665018, 0.010353218432956616)
     Total Material
       Flux                                 0.00134255 +/- 0.000124918
   Incoming Energy [0.010353218432956616, 0.011895340673703195)
     Total Material
       Flux                                 0.00145184 +/- 0.00017805
   Incoming Energy [0.011895340673703195, 0.013667163564620059)
     Total Material
       Flux                                 0.00195949 +/- 0.000187301
   Incoming Energy [0.013667163564620059, 0.015702901247293774)
     Total Material
       Flux                                 0.00273214 +/- 0.000268859
   Incoming Energy [0.015702901247293774, 0.018041864093920716)
     Total Material
       Flux                                 0.00443278 +/- 0.000286046
   Incoming Energy [0.018041864093920716, 0.0207292177959537)
     Total Material
       Flux                                 0.00485979 +/- 0.000412288
   Incoming Energy [0.0207292177959537, 0.023816855519761582)
     Total Material
       Flux                                 0.00608235 +/- 0.00035498
   Incoming Energy [0.023816855519761582, 0.027364399970746692)
     Total Material
       Flux                                 0.00746367 +/- 0.00041708
   Incoming Energy [0.027364399970746692, 0.031440354715915)
     Total Material
       Flux                                 0.0086842 +/- 0.000575239
   Incoming Energy [0.031440354715915, 0.0361234269970943)
     Total Material
       Flux                                 0.0105197 +/- 0.000684237
   Incoming Energy [0.0361234269970943, 0.041504047578504726)
     Total Material
       Flux                                 0.0133645 +/- 0.000500116
   Incoming Energy [0.041504047578504726, 0.04768611697714469)
     Total Material
       Flux                                 0.0138756 +/- 0.000506091
   Incoming Energy [0.04768611697714469, 0.054789011795939396)
     Total Material
       Flux                                 0.0149703 +/- 0.000887641
   Incoming Energy [0.054789011795939396, 0.06294988990221888)
     Total Material
       Flux                                 0.0178755 +/- 0.000756947
   Incoming Energy [0.06294988990221888, 0.07232633896483534)
     Total Material
       Flux                                 0.0174268 +/- 0.00093819
   Incoming Energy [0.07232633896483534, 0.08309941949353386)
     Total Material
       Flux                                 0.0161136 +/- 0.000901157
   Incoming Energy [0.08309941949353386, 0.09547716114208056)
     Total Material
       Flux                                 0.0184562 +/- 0.000717899
   Incoming Energy [0.09547716114208056, 0.1096985797892384)
     Total Material
       Flux                                 0.0175186 +/- 0.000662404
   Incoming Energy [0.1096985797892384, 0.12603829296797275)
     Total Material
       Flux                                 0.0170954 +/- 0.000949699
   Incoming Energy [0.12603829296797275, 0.1448118227674533)
     Total Material
       Flux                                 0.0149196 +/- 0.00108602
   Incoming Energy [0.1448118227674533, 0.16638168860761274)
     Total Material
       Flux                                 0.0140298 +/- 0.000684372
   Incoming Energy [0.16638168860761274, 0.19116440753856997)
     Total Material
       Flux                                 0.013098 +/- 0.000494527
   Incoming Energy [0.19116440753856997, 0.2196385372416547)
     Total Material
       Flux                                 0.0135163 +/- 0.000705983
   Incoming Energy [0.2196385372416547, 0.2523539170434766)
     Total Material
       Flux                                 0.0116657 +/- 0.000735259
   Incoming Energy [0.2523539170434766, 0.28994228538828754)
     Total Material
       Flux                                 0.0130968 +/- 0.000835367
   Incoming Energy [0.28994228538828754, 0.333129478793467)
     Total Material
       Flux                                 0.0142012 +/- 0.000726815
   Incoming Energy [0.333129478793467, 0.38274944785163073)
     Total Material
       Flux                                 0.0134512 +/- 0.000872534
   Incoming Energy [0.38274944785163073, 0.4397603609302721)
     Total Material
       Flux                                 0.0143955 +/- 0.000864931
   Incoming Energy [0.4397603609302721, 0.505263106533568)
     Total Material
       Flux                                 0.0171284 +/- 0.00115323
   Incoming Energy [0.505263106533568, 0.5805225516094895)
     Total Material
       Flux                                 0.017202 +/- 0.000873555
   Incoming Energy [0.5805225516094895, 0.6669919663030115)
     Total Material
       Flux                                 0.0168079 +/- 0.000863868
   Incoming Energy [0.6669919663030115, 0.7663410868007446)
     Total Material
       Flux                                 0.0170951 +/- 0.0011905
   Incoming Energy [0.7663410868007446, 0.8804883581643465)
     Total Material
       Flux                                 0.0208917 +/- 0.0015869
   Incoming Energy [0.8804883581643465, 1.011637979766207)
     Total Material
       Flux                                 0.0167178 +/- 0.00126621
   Incoming Energy [1.011637979766207, 1.162322468679852)
     Total Material
       Flux                                 0.0156109 +/- 0.000924657
   Incoming Energy [1.162322468679852, 1.3354515629298973)
     Total Material
       Flux                                 0.0181411 +/- 0.000930415
   Incoming Energy [1.3354515629298973, 1.53436840893001)
     Total Material
       Flux                                 0.020274 +/- 0.000995745
   Incoming Energy [1.53436840893001, 1.762914118095948)
     Total Material
       Flux                                 0.0186574 +/- 0.00108411
   Incoming Energy [1.762914118095948, 2.0255019392306663)
     Total Material
       Flux                                 0.019842 +/- 0.00078984
   Incoming Energy [2.0255019392306663, 2.327202478960407)
     Total Material
       Flux                                 0.0211908 +/- 0.00150441
   Incoming Energy [2.327202478960407, 2.673841615839944)
     Total Material
       Flux                                 0.0217635 +/- 0.000989242
   Incoming Energy [2.673841615839944, 3.072112998861753)
     Total Material
       Flux                                 0.0200961 +/- 0.00128035
   Incoming Energy [3.072112998861753, 3.52970730273065)
     Total Material
       Flux                                 0.017703 +/- 0.000845351
   Incoming Energy [3.52970730273065, 4.0554607358408274)
     Total Material
       Flux                                 0.0186948 +/- 0.00101125
   Incoming Energy [4.0554607358408274, 4.659525668664678)
     Total Material
       Flux                                 0.021325 +/- 0.00102968
   Incoming Energy [4.659525668664678, 5.3535666774107185)
     Total Material
       Flux                                 0.0191207 +/- 0.0010773
   Incoming Energy [5.3535666774107185, 6.150985788580504)
     Total Material
       Flux                                 0.0194086 +/- 0.000887585
   Incoming Energy [6.150985788580504, 7.067181273927491)
     Total Material
       Flux                                 0.00918602 +/- 0.000408024
   Incoming Energy [7.067181273927491, 8.119844993184008)
     Total Material
       Flux                                 0.0182878 +/- 0.00121269
   Incoming Energy [8.119844993184008, 9.329304026284676)
     Total Material
       Flux                                 0.0153285 +/- 0.000999367
   Incoming Energy [9.329304026284676, 10.718913192051264)
     Total Material
       Flux                                 0.0223638 +/- 0.0016245
   Incoming Energy [10.718913192051264, 12.315506032928262)
     Total Material
       Flux                                 0.0200757 +/- 0.00139749
   Incoming Energy [12.315506032928262, 14.149912974345758)
     Total Material
       Flux                                 0.0207725 +/- 0.000876732
   Incoming Energy [14.149912974345758, 16.257556664437935)
     Total Material
       Flux                                 0.0201097 +/- 0.000952082
   Incoming Energy [16.257556664437935, 18.679135990207808)
     Total Material
       Flux                                 0.020429 +/- 0.00104682
   Incoming Energy [18.679135990207808, 21.461411978584014)
     Total Material
       Flux                                 0.0141893 +/- 0.000783643
   Incoming Energy [21.461411978584014, 24.658110758226037)
     Total Material
       Flux                                 0.0199262 +/- 0.000885574
   Incoming Energy [24.658110758226037, 28.330961018393243)
     Total Material
       Flux                                 0.0193648 +/- 0.00121419
   Incoming Energy [28.330961018393243, 32.550885998350566)
     Total Material
       Flux                                 0.019407 +/- 0.00113029
   Incoming Energy [32.550885998350566, 37.39937302478794)
     Total Material
       Flux                                 0.0147369 +/- 0.000775717
   Incoming Energy [37.39937302478794, 42.97004704320835)
     Total Material
       Flux                                 0.0223004 +/- 0.0014558
   Incoming Energy [42.97004704320835, 49.37047852839004)
     Total Material
       Flux                                 0.020486 +/- 0.000991337
   Incoming Energy [49.37047852839004, 56.72426068491978)
     Total Material
       Flux                                 0.0202783 +/- 0.00145935
   Incoming Energy [56.72426068491978, 65.1733960488242)
     Total Material
       Flux                                 0.0237917 +/- 0.00100123
   Incoming Energy [65.1733960488242, 74.88103857590015)
     Total Material
       Flux                                 0.0223715 +/- 0.00100851
   Incoming Energy [74.88103857590015, 86.03464416684491)
     Total Material
       Flux                                 0.0252772 +/- 0.00129122
   Incoming Energy [86.03464416684491, 98.84959046625586)
     Total Material
       Flux                                 0.0242907 +/- 0.00132279
   Incoming Energy [98.84959046625586, 113.57333583431051)
     Total Material
       Flux                                 0.023543 +/- 0.000886151
   Incoming Energy [113.57333583431051, 130.49019780144016)
     Total Material
       Flux                                 0.0239176 +/- 0.00104053
   Incoming Energy [130.49019780144016, 149.9268432786044)
     Total Material
       Flux                                 0.0263181 +/- 0.00133798
   Incoming Energy [149.9268432786044, 172.2585965398784)
     Total Material
       Flux                                 0.0222431 +/- 0.00116498
   Incoming Energy [172.2585965398784, 197.91668678535572)
     Total Material
       Flux                                 0.024699 +/- 0.00125542
   Incoming Energy [197.91668678535572, 227.39657523579274)
     Total Material
       Flux                                 0.0247707 +/- 0.00144894
   Incoming Energy [227.39657523579274, 261.26752255633266)
     Total Material
       Flux                                 0.0280294 +/- 0.00169521
   Incoming Energy [261.26752255633266, 300.1835813575586)
     Total Material
       Flux                                 0.0242312 +/- 0.00116869
   Incoming Energy [300.1835813575586, 344.89622604057524)
     Total Material
       Flux                                 0.0273261 +/- 0.0012187
   Incoming Energy [344.89622604057524, 396.2688638701478)
     Total Material
       Flux                                 0.0256055 +/- 0.00104768
   Incoming Energy [396.2688638701478, 455.29350748669475)
     Total Material
       Flux                                 0.0286389 +/- 0.00134502
   Incoming Energy [455.29350748669475, 523.1099308056258)
     Total Material
       Flux                                 0.0284464 +/- 0.00127572
   Incoming Energy [523.1099308056258, 601.0276782070375)
     Total Material
       Flux                                 0.0266734 +/- 0.00133837
   Incoming Energy [601.0276782070375, 690.5513520162317)
     Total Material
       Flux                                 0.028422 +/- 0.0017044
   Incoming Energy [690.5513520162317, 793.4096665797492)
     Total Material
       Flux                                 0.0267375 +/- 0.00111637
   Incoming Energy [793.4096665797492, 911.5888299750818)
     Total Material
       Flux                                 0.0270663 +/- 0.00160412
   Incoming Energy [911.5888299750818, 1047.3708979594487)
     Total Material
       Flux                                 0.0259248 +/- 0.00143134
   Incoming Energy [1047.3708979594487, 1203.3778407775906)
     Total Material
       Flux                                 0.0291667 +/- 0.00141749
   Incoming Energy [1203.3778407775906, 1382.6221737646536)
     Total Material
       Flux                                 0.028574 +/- 0.000973399
   Incoming Energy [1382.6221737646536, 1588.5651294280526)
     Total Material
       Flux                                 0.0294831 +/- 0.00103496
   Incoming Energy [1588.5651294280526, 1825.1834943190388)
     Total Material
       Flux                                 0.0288199 +/- 0.00120347
   Incoming Energy [1825.1834943190388, 2097.046401323231)
     Total Material
       Flux                                 0.0280934 +/- 0.00141512
   Incoming Energy [2097.046401323231, 2409.403560239527)
     Total Material
       Flux                                 0.0284776 +/- 0.00110759
   Incoming Energy [2409.403560239527, 2768.286630392061)
     Total Material
       Flux                                 0.0303395 +/- 0.00149272
   Incoming Energy [2768.286630392061, 3180.625692794119)
     Total Material
       Flux                                 0.030974 +/- 0.000808954
   Incoming Energy [3180.625692794119, 3654.383070957247)
     Total Material
       Flux                                 0.0284504 +/- 0.00112832
   Incoming Energy [3654.383070957247, 4198.707084443906)
     Total Material
       Flux                                 0.0305196 +/- 0.00211196
   Incoming Energy [4198.707084443906, 4824.108704165374)
     Total Material
       Flux                                 0.0291722 +/- 0.00109718
   Incoming Energy [4824.108704165374, 5542.664520663096)
     Total Material
       Flux                                 0.0299326 +/- 0.00140013
   Incoming Energy [5542.664520663096, 6368.249944718586)
     Total Material
       Flux                                 0.0292164 +/- 0.00130249
   Incoming Energy [6368.249944718586, 7316.807143427177)
     Total Material
       Flux                                 0.0306657 +/- 0.00120821
   Incoming Energy [7316.807143427177, 8406.652885618316)
     Total Material
       Flux                                 0.0314196 +/- 0.00161739
   Incoming Energy [8406.652885618316, 9658.832241158709)
     Total Material
       Flux                                 0.0326737 +/- 0.00130209
   Incoming Energy [9658.832241158709, 11097.5249641207)
     Total Material
       Flux                                 0.0310102 +/- 0.00130149
   Incoming Energy [11097.5249641207, 12750.512407130129)
     Total Material
       Flux                                 0.0340073 +/- 0.00162977
   Incoming Energy [12750.512407130129, 14649.713983072817)
     Total Material
       Flux                                 0.0324329 +/- 0.00123292
   Incoming Energy [14649.713983072817, 16831.80353330955)
     Total Material
       Flux                                 0.0333702 +/- 0.00112155
   Incoming Energy [16831.80353330955, 19338.91750455232)
     Total Material
       Flux                                 0.0312463 +/- 0.00118071
   Incoming Energy [19338.91750455232, 22219.468609395193)
     Total Material
       Flux                                 0.0354612 +/- 0.00171408
   Incoming Energy [22219.468609395193, 25529.080682395164)
     Total Material
       Flux                                 0.0328607 +/- 0.00217031
   Incoming Energy [25529.080682395164, 29331.662783900363)
     Total Material
       Flux                                 0.0336278 +/- 0.00177857
   Incoming Energy [29331.662783900363, 33700.64329271925)
     Total Material
       Flux                                 0.0363967 +/- 0.00122395
   Incoming Energy [33700.64329271925, 38720.38781812557)
     Total Material
       Flux                                 0.0376608 +/- 0.00159327
   Incoming Energy [38720.38781812557, 44487.82831127576)
     Total Material
       Flux                                 0.0385293 +/- 0.00130997
   Incoming Energy [44487.82831127576, 51114.334834401656)
     Total Material
       Flux                                 0.0397279 +/- 0.00174579
   Incoming Energy [51114.334834401656, 58727.86613189465)
     Total Material
       Flux                                 0.0408459 +/- 0.0012591
   Incoming Energy [58727.86613189465, 67475.44053110685)
     Total Material
       Flux                                 0.0409534 +/- 0.00210651
   Incoming Energy [67475.44053110685, 77525.97488629464)
     Total Material
       Flux                                 0.045231 +/- 0.00221685
   Incoming Energy [77525.97488629464, 89073.54638610421)
     Total Material
       Flux                                 0.0445907 +/- 0.00164529
   Incoming Energy [89073.54638610421, 102341.14021054527)
     Total Material
       Flux                                 0.04966 +/- 0.00214603
   Incoming Energy [102341.14021054527, 117584.95540521534)
     Total Material
       Flux                                 0.050946 +/- 0.00198316
   Incoming Energy [117584.95540521534, 135099.3521198025)
     Total Material
       Flux                                 0.0541636 +/- 0.00233954
   Incoming Energy [135099.3521198025, 155222.5357427048)
     Total Material
       Flux                                 0.0615214 +/- 0.00240042
   Incoming Energy [155222.5357427048, 178343.08769319058)
     Total Material
       Flux                                 0.0628575 +/- 0.00241454
   Incoming Energy [178343.08769319058, 204907.4689815846)
     Total Material
       Flux                                 0.0674334 +/- 0.00198959
   Incoming Energy [204907.4689815846, 235428.64143224107)
     Total Material
       Flux                                 0.0768336 +/- 0.0027715
   Incoming Energy [235428.64143224107, 270495.97304631316)
     Total Material
       Flux                                 0.0814716 +/- 0.00237911
   Incoming Energy [270495.97304631316, 310786.6187782014)
     Total Material
       Flux                                 0.0910128 +/- 0.00214777
   Incoming Energy [310786.6187782014, 357078.59649004554)
     Total Material
       Flux                                 0.0999566 +/- 0.00352254
   Incoming Energy [357078.59649004554, 410265.81058271904)
     Total Material
       Flux                                 0.0860838 +/- 0.00275847
   Incoming Energy [410265.81058271904, 471375.31341167097)
     Total Material
       Flux                                 0.0807632 +/- 0.00179758
   Incoming Energy [471375.31341167097, 541587.1378079465)
     Total Material
       Flux                                 0.11512 +/- 0.00490803
   Incoming Energy [541587.1378079465, 622257.0836730232)
     Total Material
       Flux                                 0.119424 +/- 0.00323333
   Incoming Energy [622257.0836730232, 714942.8986597562)
     Total Material
       Flux                                 0.136104 +/- 0.00318488
   Incoming Energy [714942.8986597562, 821434.3584919422)
     Total Material
       Flux                                 0.166046 +/- 0.00412873
   Incoming Energy [821434.3584919422, 943787.8277775352)
     Total Material
       Flux                                 0.137981 +/- 0.00343224
   Incoming Energy [943787.8277775352, 1084365.9686896086)
     Total Material
       Flux                                 0.119347 +/- 0.00319961
   Incoming Energy [1084365.9686896086, 1245883.3642950081)
     Total Material
       Flux                                 0.145699 +/- 0.00531572
   Incoming Energy [1245883.3642950081, 1431458.9375234756)
     Total Material
       Flux                                 0.150144 +/- 0.00496597
   Incoming Energy [1431458.9375234756, 1644676.1779946627)
     Total Material
       Flux                                 0.154933 +/- 0.00497815
   Incoming Energy [1644676.1779946627, 1889652.3396912038)
     Total Material
       Flux                                 0.150264 +/- 0.00453184
   Incoming Energy [1889652.3396912038, 2171117.945694501)
     Total Material
       Flux                                 0.155651 +/- 0.00555902
   Incoming Energy [2171117.945694501, 2494508.135230317)
     Total Material
       Flux                                 0.173321 +/- 0.00673413
   Incoming Energy [2494508.135230317, 2866067.616948244)
     Total Material
       Flux                                 0.161834 +/- 0.00392129
   Incoming Energy [2866067.616948244, 3292971.255097148)
     Total Material
       Flux                                 0.150319 +/- 0.00591494
   Incoming Energy [3292971.255097148, 3783462.6171319326)
     Total Material
       Flux                                 0.104387 +/- 0.00255771
   Incoming Energy [3783462.6171319326, 4347013.158125018)
     Total Material
       Flux                                 0.0933076 +/- 0.00414895
   Incoming Energy [4347013.158125018, 4994505.11585514)
     Total Material
       Flux                                 0.0715091 +/- 0.00363628
   Incoming Energy [4994505.11585514, 5738441.648302381)
     Total Material
       Flux                                 0.0551499 +/- 0.0043714
   Incoming Energy [5738441.648302381, 6593188.271333542)
     Total Material
       Flux                                 0.0383373 +/- 0.00440449
   Incoming Energy [6593188.271333542, 7575250.258771921)
     Total Material
       Flux                                 0.020697 +/- 0.00197668
   Incoming Energy [7575250.258771921, 8703591.361485148)
     Total Material
       Flux                                 0.0119972 +/- 0.00126632
   Incoming Energy [8703591.361485148, 10000000)
     Total Material
       Flux                                 0.00494518 +/- 0.00134367
 =================>     TALLY 5: WATER_FLUX_SPECTRUM     <==================

 Cell 6
   Incoming Energy [9.999999999999999e-06, 1.1489510001873086e-05)
     Total Material
       Flux                                 0 +/- 0
   Incoming Energy [1.1489510001873086e-05, 1.3200884008314168e-05)
     Total Material
       Flux                                 0 +/- 0
   Incoming Energy [1.3200884008314168e-05, 1.516716888470924e-05)
     Total Material
       Flux                                 0 +/- 0
   Incoming Energy [1.516716888470924e-05, 1.742633386009651e-05)
     Total Material
       Flux                                 0 +/- 0
   Incoming Energy [1.742633386009651e-05, 2.0022003718155845e-05)
     Total Material
       Flux                                 0 +/- 0
   Incoming Energy [2.0022003718155845e-05, 2.3004301197729168e-05)
     Total Material
       Flux                                 0 +/- 0
   Incoming Energy [2.3004301197729168e-05, 2.643081486974103e-05)
     Total Material
       Flux                                 2.33973e-06 +/- 2.33973e-06
   Incoming Energy [2.643081486974103e-05, 3.0367711180354606e-05)
     Total Material
       Flux                                 0 +/- 0
   Incoming Energy [3.0367711180354606e-05, 3.489101213406774e-05)
     Total Material
       Flux                                 1.62256e-06 +/- 1.62256e-06
   Incoming Energy [3.489101213406774e-05, 4.008806328898465e-05)
     Total Material
       Flux                                 0 +/- 0
   Incoming Energy [4.008806328898465e-05, 4.6059220411451034e-05)
     Total Material
       Flux                                 0 +/- 0
   Incoming Energy [4.6059220411451034e-05, 5.2919787359584364e-05)
     Total Material
       Flux                                 1.72757e-06 +/- 1.72757e-06
   Incoming Energy [5.2919787359584364e-05, 6.080224261649427e-05)
     Total Material
       Flux                                 0 +/- 0
   Incoming Energy [6.080224261649427e-05, 6.985879746785249e-05)
     Total Material
       Flux                                 0 +/- 0
   Incoming Energy [6.985879746785249e-05, 8.026433522257174e-05)
     Total Material
       Flux                                 0 +/- 0
   Incoming Energy [8.026433522257174e-05, 9.221978823334323e-05)
     Total Material
       Flux                                 4.83505e-06 +/- 2.626e-06
   Incoming Energy [9.221978823334323e-05, 0.00010595601792776158)
     Total Material
       Flux                                 2.07686e-06 +/- 2.07686e-06
   Incoming Energy [0.00010595601792776158, 0.00012173827277396621)
     Total Material
       Flux                                 1.58755e-07 +/- 1.58755e-07
   Incoming Energy [0.00012173827277396621, 0.00013987131026472387)
     Total Material
       Flux                                 2.30078e-06 +/- 2.30078e-06
   Incoming Energy [0.00013987131026472387, 0.00016070528182616383)
     Total Material
       Flux                                 5.9131e-07 +/- 5.9131e-07
   Incoming Energy [0.00016070528182616383, 0.00018464249428955425)
     Total Material
       Flux                                 1.24398e-06 +/- 1.0851e-06
   Incoming Energy [0.00018464249428955425, 0.00021214517849106298)
     Total Material
       Flux                                 2.46114e-06 +/- 2.40837e-06
   Incoming Energy [0.00021214517849106298, 0.00024374441501222218)
     Total Material
       Flux                                 2.66506e-05 +/- 1.94046e-05
   Incoming Energy [0.00024374441501222218, 0.0002800503894183631)
     Total Material
       Flux                                 2.71575e-05 +/- 1.74654e-05
   Incoming Energy [0.0002800503894183631, 0.0003217641750250735)
     Total Material
       Flux                                 1.62503e-05 +/- 8.21006e-06
   Incoming Energy [0.0003217641750250735, 0.00036969127071950243)
     Total Material
       Flux                                 1.38092e-05 +/- 1.31387e-05
   Incoming Energy [0.00036969127071950243, 0.00042475715525368984)
     Total Material
       Flux                                 3.54908e-05 +/- 2.51445e-05
   Incoming Energy [0.00042475715525368984, 0.0004880251583654434)
     Total Material
       Flux                                 8.5651e-05 +/- 4.83126e-05
   Incoming Energy [0.0004880251583654434, 0.0005607169938205458)
     Total Material
       Flux                                 7.66207e-05 +/- 2.99873e-05
   Incoming Energy [0.0005607169938205458, 0.000644236350872137)
     Total Material
       Flux                                 8.9444e-05 +/- 2.14637e-05
   Incoming Energy [0.000644236350872137, 0.0007401959996915637)
     Total Material
       Flux                                 0.000111414 +/- 4.26937e-05
   Incoming Energy [0.0007401959996915637, 0.0008504489341802677)
     Total Material
       Flux                                 0.000173161 +/- 5.51316e-05
   Incoming Energy [0.0008504489341802677, 0.00097712415353465)
     Total Material
       Flux                                 0.000162228 +/- 7.36565e-05
   Incoming Energy [0.00097712415353465, 0.0011226677735108135)
     Total Material
       Flux                                 0.000359924 +/- 8.31566e-05
   Incoming Energy [0.0011226677735108135, 0.001289890261253308)
     Total Material
       Flux                                 0.000371396 +/- 0.000106103
   Incoming Energy [0.001289890261253308, 0.0014820207057988585)
     Total Material
       Flux                                 0.000512733 +/- 7.53854e-05
   Incoming Energy [0.0014820207057988585, 0.0017027691722258996)
     Total Material
       Flux                                 0.000507195 +/- 8.88617e-05
   Incoming Energy [0.0017027691722258996, 0.0019563983435170627)
     Total Material
       Flux                                 0.00078883 +/- 0.000119566
   Incoming Energy [0.0019563983435170627, 0.002247805833548725)
     Total Material
       Flux                                 0.0009912 +/- 0.000165482
   Incoming Energy [0.002247805833548725, 0.002582618760682675)
     Total Material
       Flux                                 0.0012851 +/- 0.000156672
   Incoming Energy [0.002582618760682675, 0.0029673024081888696)
     Total Material
       Flux                                 0.00168097 +/- 0.000193021
   Incoming Energy [0.0029673024081888696, 0.003409285069746811)
     Total Material
       Flux                                 0.00242205 +/- 0.000332815
   Incoming Energy [0.003409285069746811, 0.003917101490809256)
     Total Material
       Flux                                 0.00342634 +/- 0.000266103
   Incoming Energy [0.003917101490809256, 0.004500557675700498)
     Total Material
       Flux                                 0.00393785 +/- 0.000268829
   Incoming Energy [0.004500557675700498, 0.0051709202428967555)
     Total Material
       Flux                                 0.00454363 +/- 0.000218132
   Incoming Energy [0.0051709202428967555, 0.0059411339849650335)
     Total Material
       Flux                                 0.00583424 +/- 0.000386241
   Incoming Energy [0.0059411339849650335, 0.006826071834272386)
     Total Material
       Flux                                 0.007115 +/- 0.000328077
   Incoming Energy [0.006826071834272386, 0.007842822061337682)
     Total Material
       Flux                                 0.00935457 +/- 0.000578886
   Incoming Energy [0.007842822061337682, 0.009011018251665018)
     Total Material
       Flux                                 0.0105646 +/- 0.000578512
   Incoming Energy [0.009011018251665018, 0.010353218432956616)
     Total Material
       Flux                                 0.0143646 +/- 0.000859171
   Incoming Energy [0.010353218432956616, 0.011895340673703195)
     Total Material
       Flux                                 0.0165334 +/- 0.000830736
   Incoming Energy [0.011895340673703195, 0.013667163564620059)
     Total Material
       Flux                                 0.0218312 +/- 0.00105422
   Incoming Energy [0.013667163564620059, 0.015702901247293774)
     Total Material
       Flux                                 0.0270935 +/- 0.000781623
   Incoming Energy [0.015702901247293774, 0.018041864093920716)
     Total Material
       Flux                                 0.0346205 +/- 0.00135935
   Incoming Energy [0.018041864093920716, 0.0207292177959537)
     Total Material
       Flux                                 0.0407054 +/- 0.00148817
   Incoming Energy [0.0207292177959537, 0.023816855519761582)
     Total Material
       Flux                                 0.0483447 +/- 0.000989531
   Incoming Energy [0.023816855519761582, 0.027364399970746692)
     Total Material
       Flux                                 0.0566217 +/- 0.00148693
   Incoming Energy [0.027364399970746692, 0.031440354715915)
     Total Material
       Flux                                 0.0659002 +/- 0.00164163
   Incoming Energy [0.031440354715915, 0.0361234269970943)
     Total Material
       Flux                                 0.0731383 +/- 0.00292505
   Incoming Energy [0.0361234269970943, 0.041504047578504726)
     Total Material
       Flux                                 0.083431 +/- 0.00233212
   Incoming Energy [0.041504047578504726, 0.04768611697714469)
     Total Material
       Flux                                 0.089669 +/- 0.00295039
   Incoming Energy [0.04768611697714469, 0.054789011795939396)
     Total Material
       Flux                                 0.0919659 +/- 0.00287724
   Incoming Energy [0.054789011795939396, 0.06294988990221888)
     Total Material
       Flux                                 0.0955977 +/- 0.00202366
   Incoming Energy [0.06294988990221888, 0.07232633896483534)
     Total Material
       Flux                                 0.0987838 +/- 0.00204255
   Incoming Energy [0.07232633896483534, 0.08309941949353386)
     Total Material
       Flux                                 0.0904014 +/- 0.00299612
   Incoming Energy [0.08309941949353386, 0.09547716114208056)
     Total Material
       Flux                                 0.0903777 +/- 0.00230844
   Incoming Energy [0.09547716114208056, 0.1096985797892384)
     Total Material
       Flux                                 0.0812618 +/- 0.00207447
   Incoming Energy [0.1096985797892384, 0.12603829296797275)
     Total Material
       Flux                                 0.0750255 +/- 0.00237702
   Incoming Energy [0.12603829296797275, 0.1448118227674533)
     Total Material
       Flux                                 0.0690512 +/- 0.0026501
   Incoming Energy [0.1448118227674533, 0.16638168860761274)
     Total Material
       Flux                                 0.0632679 +/- 0.00178529
   Incoming Energy [0.16638168860761274, 0.19116440753856997)
     Total Material
       Flux                                 0.0584035 +/- 0.00165749
   Incoming Energy [0.19116440753856997, 0.2196385372416547)
     Total Material
       Flux                                 0.0616023 +/- 0.00211605
   Incoming Energy [0.2196385372416547, 0.2523539170434766)
     Total Material
       Flux                                 0.0547514 +/- 0.00183638
   Incoming Energy [0.2523539170434766, 0.28994228538828754)
     Total Material
       Flux                                 0.0575038 +/- 0.00247999
   Incoming Energy [0.28994228538828754, 0.333129478793467)
     Total Material
       Flux                                 0.0597638 +/- 0.00237746
   Incoming Energy [0.333129478793467, 0.38274944785163073)
     Total Material
       Flux                                 0.05511 +/- 0.00217834
   Incoming Energy [0.38274944785163073, 0.4397603609302721)
     Total Material
       Flux                                 0.0597272 +/- 0.00318004
   Incoming Energy [0.4397603609302721, 0.505263106533568)
     Total Material
       Flux                                 0.0643785 +/- 0.00196171
   Incoming Energy [0.505263106533568, 0.5805225516094895)
     Total Material
       Flux                                 0.0605802 +/- 0.00207586
   Incoming Energy [0.5805225516094895, 0.6669919663030115)
     Total Material
       Flux                                 0.0581341 +/- 0.00238278
   Incoming Energy [0.6669919663030115, 0.7663410868007446)
     Total Material
       Flux                                 0.0595924 +/- 0.00222956
   Incoming Energy [0.7663410868007446, 0.8804883581643465)
     Total Material
       Flux                                 0.0663931 +/- 0.00255369
   Incoming Energy [0.8804883581643465, 1.011637979766207)
     Total Material
       Flux                                 0.0592308 +/- 0.00238877
   Incoming Energy [1.011637979766207, 1.162322468679852)
     Total Material
       Flux                                 0.0595298 +/- 0.00215132
   Incoming Energy [1.162322468679852, 1.3354515629298973)
     Total Material
       Flux                                 0.0613977 +/- 0.0023638
   Incoming Energy [1.3354515629298973, 1.53436840893001)
     Total Material
       Flux                                 0.0642277 +/- 0.00208903
   Incoming Energy [1.53436840893001, 1.762914118095948)
     Total Material
       Flux                                 0.0682185 +/- 0.00208255
   Incoming Energy [1.762914118095948, 2.0255019392306663)
     Total Material
       Flux                                 0.0627008 +/- 0.00253206
   Incoming Energy [2.0255019392306663, 2.327202478960407)
     Total Material
       Flux                                 0.0725744 +/- 0.00296065
   Incoming Energy [2.327202478960407, 2.673841615839944)
     Total Material
       Flux                                 0.0678152 +/- 0.00212129
   Incoming Energy [2.673841615839944, 3.072112998861753)
     Total Material
       Flux                                 0.0626802 +/- 0.00268081
   Incoming Energy [3.072112998861753, 3.52970730273065)
     Total Material
       Flux                                 0.064329 +/- 0.002217
   Incoming Energy [3.52970730273065, 4.0554607358408274)
     Total Material
       Flux                                 0.0626913 +/- 0.00261392
   Incoming Energy [4.0554607358408274, 4.659525668664678)
     Total Material
       Flux                                 0.0662153 +/- 0.00142733
   Incoming Energy [4.659525668664678, 5.3535666774107185)
     Total Material
       Flux                                 0.0646281 +/- 0.00274122
   Incoming Energy [5.3535666774107185, 6.150985788580504)
     Total Material
       Flux                                 0.0673672 +/- 0.00204548
   Incoming Energy [6.150985788580504, 7.067181273927491)
     Total Material
       Flux                                 0.0585532 +/- 0.00194049
   Incoming Energy [7.067181273927491, 8.119844993184008)
     Total Material
       Flux                                 0.0695614 +/- 0.00256151
   Incoming Energy [8.119844993184008, 9.329304026284676)
     Total Material
       Flux                                 0.0679983 +/- 0.00297516
   Incoming Energy [9.329304026284676, 10.718913192051264)
     Total Material
       Flux                                 0.0757992 +/- 0.00316731
   Incoming Energy [10.718913192051264, 12.315506032928262)
     Total Material
       Flux                                 0.0727335 +/- 0.00323179
   Incoming Energy [12.315506032928262, 14.149912974345758)
     Total Material
       Flux                                 0.0713022 +/- 0.00156123
   Incoming Energy [14.149912974345758, 16.257556664437935)
     Total Material
       Flux                                 0.0692389 +/- 0.00252424
   Incoming Energy [16.257556664437935, 18.679135990207808)
     Total Material
       Flux                                 0.0727025 +/- 0.00279291
   Incoming Energy [18.679135990207808, 21.461411978584014)
     Total Material
       Flux                                 0.0684945 +/- 0.00264114
   Incoming Energy [21.461411978584014, 24.658110758226037)
     Total Material
       Flux                                 0.076664 +/- 0.00199495
   Incoming Energy [24.658110758226037, 28.330961018393243)
     Total Material
       Flux                                 0.07549 +/- 0.00325568
   Incoming Energy [28.330961018393243, 32.550885998350566)
     Total Material
       Flux                                 0.0712878 +/- 0.00243198
   Incoming Energy [32.550885998350566, 37.39937302478794)
     Total Material
       Flux                                 0.0675209 +/- 0.00220513
   Incoming Energy [37.39937302478794, 42.97004704320835)
     Total Material
       Flux                                 0.0778631 +/- 0.00299767
   Incoming Energy [42.97004704320835, 49.37047852839004)
     Total Material
       Flux                                 0.0737057 +/- 0.00219585
   Incoming Energy [49.37047852839004, 56.72426068491978)
     Total Material
       Flux                                 0.0744543 +/- 0.00263012
   Incoming Energy [56.72426068491978, 65.1733960488242)
     Total Material
       Flux                                 0.0791982 +/- 0.00164096
   Incoming Energy [65.1733960488242, 74.88103857590015)
     Total Material
       Flux                                 0.0785202 +/- 0.00190031
   Incoming Energy [74.88103857590015, 86.03464416684491)
     Total Material
       Flux                                 0.0817692 +/- 0.00197231
   Incoming Energy [86.03464416684491, 98.84959046625586)
     Total Material
       Flux                                 0.0803039 +/- 0.00247013
   Incoming Energy [98.84959046625586, 113.57333583431051)
     Total Material
       Flux                                 0.0784434 +/- 0.00207223
   Incoming Energy [113.57333583431051, 130.49019780144016)
     Total Material
       Flux                                 0.0792388 +/- 0.00170655
   Incoming Energy [130.49019780144016, 149.9268432786044)
     Total Material
       Flux                                 0.0879318 +/- 0.00262496
   Incoming Energy [149.9268432786044, 172.2585965398784)
     Total Material
       Flux                                 0.0796893 +/- 0.00238906
   Incoming Energy [172.2585965398784, 197.91668678535572)
     Total Material
       Flux                                 0.0834283 +/- 0.00199858
   Incoming Energy [197.91668678535572, 227.39657523579274)
     Total Material
       Flux                                 0.0838855 +/- 0.00298708
   Incoming Energy [227.39657523579274, 261.26752255633266)
     Total Material
       Flux                                 0.0867566 +/- 0.00298037
   Incoming Energy [261.26752255633266, 300.1835813575586)
     Total Material
       Flux                                 0.0882123 +/- 0.00345101
   Incoming Energy [300.1835813575586, 344.89622604057524)
     Total Material
       Flux                                 0.0881832 +/- 0.00290442
   Incoming Energy [344.89622604057524, 396.2688638701478)
     Total Material
       Flux                                 0.0870296 +/- 0.00216673
   Incoming Energy [396.2688638701478, 455.29350748669475)
     Total Material
       Flux                                 0.0880266 +/- 0.00263357
   Incoming Energy [455.29350748669475, 523.1099308056258)
     Total Material
       Flux                                 0.0899194 +/- 0.00205041
   Incoming Energy [523.1099308056258, 601.0276782070375)
     Total Material
       Flux                                 0.0854182 +/- 0.00344101
   Incoming Energy [601.0276782070375, 690.5513520162317)
     Total Material
       Flux                                 0.0886114 +/- 0.00278169
   Incoming Energy [690.5513520162317, 793.4096665797492)
     Total Material
       Flux                                 0.0898086 +/- 0.00283417
   Incoming Energy [793.4096665797492, 911.5888299750818)
     Total Material
       Flux                                 0.092002 +/- 0.00322504
   Incoming Energy [911.5888299750818, 1047.3708979594487)
     Total Material
       Flux                                 0.088489 +/- 0.00318196
   Incoming Energy [1047.3708979594487, 1203.3778407775906)
     Total Material
       Flux                                 0.0925638 +/- 0.00313496
   Incoming Energy [1203.3778407775906, 1382.6221737646536)
     Total Material
       Flux                                 0.091954 +/- 0.00218168
   Incoming Energy [1382.6221737646536, 1588.5651294280526)
     Total Material
       Flux                                 0.0939513 +/- 0.00156369
   Incoming Energy [1588.5651294280526, 1825.1834943190388)
     Total Material
       Flux                                 0.0946685 +/- 0.00357056
   Incoming Energy [1825.1834943190388, 2097.046401323231)
     Total Material
       Flux                                 0.0905674 +/- 0.00230664
   Incoming Energy [2097.046401323231, 2409.403560239527)
     Total Material
       Flux                                 0.0965288 +/- 0.00315806
   Incoming Energy [2409.403560239527, 2768.286630392061)
     Total Material
       Flux                                 0.0999637 +/- 0.00281242
   Incoming Energy [2768.286630392061, 3180.625692794119)
     Total Material
       Flux                                 0.0972752 +/- 0.00160522
   Incoming Energy [3180.625692794119, 3654.383070957247)
     Total Material
       Flux                                 0.0930129 +/- 0.00295496
   Incoming Energy [3654.383070957247, 4198.707084443906)
     Total Material
       Flux                                 0.0974255 +/- 0.00304017
   Incoming Energy [4198.707084443906, 4824.108704165374)
     Total Material
       Flux                                 0.0980717 +/- 0.00213007
   Incoming Energy [4824.108704165374, 5542.664520663096)
     Total Material
       Flux                                 0.0969732 +/- 0.00308785
   Incoming Energy [5542.664520663096, 6368.249944718586)
     Total Material
       Flux                                 0.0909559 +/- 0.00271414
   Incoming Energy [6368.249944718586, 7316.807143427177)
     Total Material
       Flux                                 0.0986063 +/- 0.00191181
   Incoming Energy [7316.807143427177, 8406.652885618316)
     Total Material
       Flux                                 0.0992499 +/- 0.00278467
   Incoming Energy [8406.652885618316, 9658.832241158709)
     Total Material
       Flux                                 0.100264 +/- 0.00351369
   Incoming Energy [9658.832241158709, 11097.5249641207)
     Total Material
       Flux                                 0.0982696 +/- 0.00209089
   Incoming Energy [11097.5249641207, 12750.512407130129)
     Total Material
       Flux                                 0.105791 +/- 0.00327775
   Incoming Energy [12750.512407130129, 14649.713983072817)
     Total Material
       Flux                                 0.102248 +/- 0.00272197
   Incoming Energy [14649.713983072817, 16831.80353330955)
     Total Material
       Flux                                 0.10348 +/- 0.00297796
   Incoming Energy [16831.80353330955, 19338.91750455232)
     Total Material
       Flux                                 0.105719 +/- 0.00248312
   Incoming Energy [19338.91750455232, 22219.468609395193)
     Total Material
       Flux                                 0.108046 +/- 0.00314893
   Incoming Energy [22219.468609395193, 25529.080682395164)
     Total Material
       Flux                                 0.102243 +/- 0.00382275
   Incoming Energy [25529.080682395164, 29331.662783900363)
     Total Material
       Flux                                 0.114217 +/- 0.00339507
   Incoming Energy [29331.662783900363, 33700.64329271925)
     Total Material
       Flux                                 0.112661 +/- 0.00337908
   Incoming Energy [33700.64329271925, 38720.38781812557)
     Total Material
       Flux                                 0.114713 +/- 0.00186888
   Incoming Energy [38720.38781812557, 44487.82831127576)
     Total Material
       Flux                                 0.120646 +/- 0.00251458
   Incoming Energy [44487.82831127576, 51114.334834401656)
     Total Material
       Flux                                 0.124924 +/- 0.003141
   Incoming Energy [51114.334834401656, 58727.86613189465)
     Total Material
       Flux                                 0.125017 +/- 0.00229198
   Incoming Energy [58727.86613189465, 67475.44053110685)
     Total Material
       Flux                                 0.126585 +/- 0.00558147
   Incoming Energy [67475.44053110685, 77525.97488629464)
     Total Material
       Flux                                 0.139309 +/- 0.00357212
   Incoming Energy [77525.97488629464, 89073.54638610421)
     Total Material
       Flux                                 0.145362 +/- 0.00580352
   Incoming Energy [89073.54638610421, 102341.14021054527)
     Total Material
       Flux                                 0.152461 +/- 0.00469096
   Incoming Energy [102341.14021054527, 117584.95540521534)
     Total Material
       Flux                                 0.154003 +/- 0.00577926
   Incoming Energy [117584.95540521534, 135099.3521198025)
     Total Material
       Flux                                 0.16804 +/- 0.00583479
   Incoming Energy [135099.3521198025, 155222.5357427048)
     Total Material
       Flux                                 0.184033 +/- 0.00514779
   Incoming Energy [155222.5357427048, 178343.08769319058)
     Total Material
       Flux                                 0.187223 +/- 0.00623075
   Incoming Energy [178343.08769319058, 204907.4689815846)
     Total Material
       Flux                                 0.198434 +/- 0.00373053
   Incoming Energy [204907.4689815846, 235428.64143224107)
     Total Material
       Flux                                 0.233098 +/- 0.00509312
   Incoming Energy [235428.64143224107, 270495.97304631316)
     Total Material
       Flux                                 0.235433 +/- 0.00454579
   Incoming Energy [270495.97304631316, 310786.6187782014)
     Total Material
       Flux                                 0.263168 +/- 0.0061665
   Incoming Energy [310786.6187782014, 357078.59649004554)
     Total Material
       Flux                                 0.283694 +/- 0.00642829
   Incoming Energy [357078.59649004554, 410265.81058271904)
     Total Material
       Flux                                 0.247314 +/- 0.0060361
   Incoming Energy [410265.81058271904, 471375.31341167097)
     Total Material
       Flux                                 0.234833 +/- 0.00711915
   Incoming Energy [471375.31341167097, 541587.1378079465)
     Total Material
       Flux                                 0.337329 +/- 0.0125203
   Incoming Energy [541587.1378079465, 622257.0836730232)
     Total Material
       Flux                                 0.33981 +/- 0.00905331
   Incoming Energy [622257.0836730232, 714942.8986597562)
     Total Material
       Flux                                 0.387345 +/- 0.0100323
   Incoming Energy [714942.8986597562, 821434.3584919422)
     Total Material
       Flux                                 0.462466 +/- 0.010173
   Incoming Energy [821434.3584919422, 943787.8277775352)
     Total Material
       Flux                                 0.384937 +/- 0.0103674
   Incoming Energy [943787.8277775352, 1084365.9686896086)
     Total Material
       Flux                                 0.329694 +/- 0.00718992
   Incoming Energy [1084365.9686896086, 1245883.3642950081)
     Total Material
       Flux                                 0.403761 +/- 0.0144461
   Incoming Energy [1245883.3642950081, 1431458.9375234756)
     Total Material
       Flux                                 0.424503 +/- 0.0133643
   Incoming Energy [1431458.9375234756, 1644676.1779946627)
     Total Material
       Flux                                 0.453253 +/- 0.0147021
   Incoming Energy [1644676.1779946627, 1889652.3396912038)
     Total Material
       Flux                                 0.424956 +/- 0.0123349
   Incoming Energy [1889652.3396912038, 2171117.945694501)
     Total Material
       Flux                                 0.433595 +/- 0.0152654
   Incoming Energy [2171117.945694501, 2494508.135230317)
     Total Material
       Flux                                 0.489957 +/- 0.0188961
   Incoming Energy [2494508.135230317, 2866067.616948244)
     Total Material
       Flux                                 0.466173 +/- 0.00988724
   Incoming Energy [2866067.616948244, 3292971.255097148)
     Total Material
       Flux                                 0.424141 +/- 0.0145348
   Incoming Energy [3292971.255097148, 3783462.6171319326)
     Total Material
       Flux                                 0.286074 +/- 0.00905053
   Incoming Energy [3783462.6171319326, 4347013.158125018)
     Total Material
       Flux                                 0.266897 +/- 0.0118488
   Incoming Energy [4347013.158125018, 4994505.11585514)
     Total Material
       Flux                                 0.202509 +/- 0.0109467
   Incoming Energy [4994505.11585514, 5738441.648302381)
     Total Material
       Flux                                 0.165296 +/- 0.0112236
   Incoming Energy [5738441.648302381, 6593188.271333542)
     Total Material
       Flux                                 0.11159 +/- 0.0110723
   Incoming Energy [6593188.271333542, 7575250.258771921)
     Total Material
       Flux                                 0.0611303 +/- 0.00672329
   Incoming Energy [7575250.258771921, 8703591.361485148)
     Total Material
       Flux                                 0.0339255 +/- 0.00349311
   Incoming Energy [8703591.361485148, 10000000)
     Total Material
       Flux                                 0.0133223 +/- 0.00387657
 ====================>     TALLY 6: FISSION_ENERGY     <====================

 Cell 4
   Incoming Energy [9.999999999999999e-06, 1.1489510001873086e-05)
     Total Material
       Fission Rate                         0 +/- 0
   Incoming Energy [1.1489510001873086e-05, 1.3200884008314168e-05)
     Total Material
       Fission Rate                         0 +/- 0
   Incoming Energy [1.3200884008314168e-05, 1.516716888470924e-05)
     Total Material
       Fission Rate                         0 +/- 0
   Incoming Energy [1.516716888470924e-05, 1.742633386009651e-05)
     Total Material
       Fission Rate                         0 +/- 0
   Incoming Energy [1.742633386009651e-05, 2.0022003718155845e-05)
     Total Material
       Fission Rate                         0 +/- 0
   Incoming Energy [2.0022003718155845e-05, 2.3004301197729168e-05)
     Total Material
       Fission Rate                         0 +/- 0
   Incoming Energy [2.3004301197729168e-05, 2.643081486974103e-05)
     Total Material
       Fission Rate                         0 +/- 0
   Incoming Energy [2.643081486974103e-05, 3.0367711180354606e-05)
     Total Material
       Fission Rate                         0 +/- 0
   Incoming Energy [3.0367711180354606e-05, 3.489101213406774e-05)
     Total Material
       Fission Rate                         0 +/- 0
   Incoming Energy [3.489101213406774e-05, 4.008806328898465e-05)
     Total Material
       Fission Rate                         0 +/- 0
   Incoming Energy [4.008806328898465e-05, 4.6059220411451034e-05)
     Total Material
       Fission Rate                         0 +/- 0
   Incoming Energy [4.6059220411451034e-05, 5.2919787359584364e-05)
     Total Material
       Fission Rate                         0 +/- 0
   Incoming Energy [5.2919787359584364e-05, 6.080224261649427e-05)
     Total Material
       Fission Rate                         0 +/- 0
   Incoming Energy [6.080224261649427e-05, 6.985879746785249e-05)
     Total Material
       Fission Rate                         0 +/- 0
   Incoming Energy [6.985879746785249e-05, 8.026433522257174e-05)
     Total Material
       Fission Rate                         0 +/- 0
   Incoming Energy [8.026433522257174e-05, 9.221978823334323e-05)
     Total Material
       Fission Rate                         0 +/- 0
   Incoming Energy [9.221978823334323e-05, 0.00010595601792776158)
     Total Material
       Fission Rate                         0 +/- 0
   Incoming Energy [0.00010595601792776158, 0.00012173827277396621)
     Total Material
       Fission Rate                         0 +/- 0
   Incoming Energy [0.00012173827277396621, 0.00013987131026472387)
     Total Material
       Fission Rate                         0 +/- 0
   Incoming Energy [0.00013987131026472387, 0.00016070528182616383)
     Total Material
       Fission Rate                         0 +/- 0
   Incoming Energy [0.00016070528182616383, 0.00018464249428955425)
     Total Material
       Fission Rate                         0 +/- 0
   Incoming Energy [0.00018464249428955425, 0.00021214517849106298)
     Total Material
       Fission Rate                         0 +/- 0
   Incoming Energy [0.00021214517849106298, 0.00024374441501222218)
     Total Material
       Fission Rate                         0 +/- 0
   Incoming Energy [0.00024374441501222218, 0.0002800503894183631)
     Total Material
       Fission Rate                         1.93874e-05 +/- 1.93874e-05
   Incoming Energy [0.0002800503894183631, 0.0003217641750250735)
     Total Material
       Fission Rate                         0 +/- 0
   Incoming Energy [0.0003217641750250735, 0.00036969127071950243)
     Total Material
       Fission Rate                         0 +/- 0
   Incoming Energy [0.00036969127071950243, 0.00042475715525368984)
     Total Material
       Fission Rate                         3.32876e-05 +/- 3.32876e-05
   Incoming Energy [0.00042475715525368984, 0.0004880251583654434)
     Total Material
       Fission Rate                         0 +/- 0
   Incoming Energy [0.0004880251583654434, 0.0005607169938205458)
     Total Material
       Fission Rate                         2.05249e-06 +/- 2.05249e-06
   Incoming Energy [0.0005607169938205458, 0.000644236350872137)
     Total Material
       Fission Rate                         3.50921e-05 +/- 3.50921e-05
   Incoming Energy [0.000644236350872137, 0.0007401959996915637)
     Total Material
       Fission Rate                         0 +/- 0
   Incoming Energy [0.0007401959996915637, 0.0008504489341802677)
     Total Material
       Fission Rate                         3.69675e-05 +/- 3.69675e-05
   Incoming Energy [0.0008504489341802677, 0.00097712415353465)
     Total Material
       Fission Rate                         9.9566e-06 +/- 9.9566e-06
   Incoming Energy [0.00097712415353465, 0.0011226677735108135)
     Total Material
       Fission Rate                         0.000118633 +/- 0.000109598
   Incoming Energy [0.0011226677735108135, 0.001289890261253308)
     Total Material
       Fission Rate                         1.72082e-05 +/- 1.40567e-05
   Incoming Energy [0.001289890261253308, 0.0014820207057988585)
     Total Material
       Fission Rate                         0.000362732 +/- 0.000171215
   Incoming Energy [0.0014820207057988585, 0.0017027691722258996)
     Total Material
       Fission Rate                         0.000275656 +/- 0.000184469
   Incoming Energy [0.0017027691722258996, 0.0019563983435170627)
     Total Material
       Fission Rate                         0.000136241 +/- 8.66276e-05
   Incoming Energy [0.0019563983435170627, 0.002247805833548725)
     Total Material
       Fission Rate                         0.000462621 +/- 0.000187993
   Incoming Energy [0.002247805833548725, 0.002582618760682675)
     Total Material
       Fission Rate                         0.000135903 +/- 5.54525e-05
   Incoming Energy [0.002582618760682675, 0.0029673024081888696)
     Total Material
       Fission Rate                         0.00094699 +/- 0.000394008
   Incoming Energy [0.0029673024081888696, 0.003409285069746811)
     Total Material
       Fission Rate                         0.000540659 +/- 0.000185643
   Incoming Energy [0.003409285069746811, 0.003917101490809256)
     Total Material
       Fission Rate                         0.00091892 +/- 0.000374023
   Incoming Energy [0.003917101490809256, 0.004500557675700498)
     Total Material
       Fission Rate                         0.00158151 +/- 0.000421419
   Incoming Energy [0.004500557675700498, 0.0051709202428967555)
     Total Material
       Fission Rate                         0.0020231 +/- 0.000452124
   Incoming Energy [0.0051709202428967555, 0.0059411339849650335)
     Total Material
       Fission Rate                         0.00173251 +/- 0.000492093
   Incoming Energy [0.0059411339849650335, 0.006826071834272386)
     Total Material
       Fission Rate                         0.00236376 +/- 0.000437445
   Incoming Energy [0.006826071834272386, 0.007842822061337682)
     Total Material
       Fission Rate                         0.00451279 +/- 0.000594743
   Incoming Energy [0.007842822061337682, 0.009011018251665018)
     Total Material
       Fission Rate                         0.00365214 +/- 0.000672145
   Incoming Energy [0.009011018251665018, 0.010353218432956616)
     Total Material
       Fission Rate                         0.00608377 +/- 0.00055614
   Incoming Energy [0.010353218432956616, 0.011895340673703195)
     Total Material
       Fission Rate                         0.00612481 +/- 0.000757493
   Incoming Energy [0.011895340673703195, 0.013667163564620059)
     Total Material
       Fission Rate                         0.00769386 +/- 0.000730028
   Incoming Energy [0.013667163564620059, 0.015702901247293774)
     Total Material
       Fission Rate                         0.00994338 +/- 0.000977532
   Incoming Energy [0.015702901247293774, 0.018041864093920716)
     Total Material
       Fission Rate                         0.0149702 +/- 0.000950838
   Incoming Energy [0.018041864093920716, 0.0207292177959537)
     Total Material
       Fission Rate                         0.01524 +/- 0.00129429
   Incoming Energy [0.0207292177959537, 0.023816855519761582)
     Total Material
       Fission Rate                         0.0177104 +/- 0.00102588
   Incoming Energy [0.023816855519761582, 0.027364399970746692)
     Total Material
       Fission Rate                         0.0201316 +/- 0.00112841
   Incoming Energy [0.027364399970746692, 0.031440354715915)
     Total Material
       Fission Rate                         0.0217257 +/- 0.00143367
   Incoming Energy [0.031440354715915, 0.0361234269970943)
     Total Material
       Fission Rate                         0.0243383 +/- 0.00159005
   Incoming Energy [0.0361234269970943, 0.041504047578504726)
     Total Material
       Fission Rate                         0.0285999 +/- 0.00107622
   Incoming Energy [0.041504047578504726, 0.04768611697714469)
     Total Material
       Fission Rate                         0.0272843 +/- 0.00099179
   Incoming Energy [0.04768611697714469, 0.054789011795939396)
     Total Material
       Fission Rate                         0.0270676 +/- 0.00160557
   Incoming Energy [0.054789011795939396, 0.06294988990221888)
     Total Material
       Fission Rate                         0.029624 +/- 0.00126402
   Incoming Energy [0.06294988990221888, 0.07232633896483534)
     Total Material
       Fission Rate                         0.0264979 +/- 0.0014206
   Incoming Energy [0.07232633896483534, 0.08309941949353386)
     Total Material
       Fission Rate                         0.0223426 +/- 0.00125885
   Incoming Energy [0.08309941949353386, 0.09547716114208056)
     Total Material
       Fission Rate                         0.0233293 +/- 0.00091764
   Incoming Energy [0.09547716114208056, 0.1096985797892384)
     Total Material
       Fission Rate                         0.0202049 +/- 0.000762345
   Incoming Energy [0.1096985797892384, 0.12603829296797275)
     Total Material
       Fission Rate                         0.0179431 +/- 0.00100252
   Incoming Energy [0.12603829296797275, 0.1448118227674533)
     Total Material
       Fission Rate                         0.0143036 +/- 0.0010451
   Incoming Energy [0.1448118227674533, 0.16638168860761274)
     Total Material
       Fission Rate                         0.0124609 +/- 0.000609882
   Incoming Energy [0.16638168860761274, 0.19116440753856997)
     Total Material
       Fission Rate                         0.0109179 +/- 0.000407564
   Incoming Energy [0.19116440753856997, 0.2196385372416547)
     Total Material
       Fission Rate                         0.0109841 +/- 0.000573824
   Incoming Energy [0.2196385372416547, 0.2523539170434766)
     Total Material
       Fission Rate                         0.00980077 +/- 0.000618639
   Incoming Energy [0.2523539170434766, 0.28994228538828754)
     Total Material
       Fission Rate                         0.0117174 +/- 0.000745113
   Incoming Energy [0.28994228538828754, 0.333129478793467)
     Total Material
       Fission Rate                         0.012081 +/- 0.000615344
   Incoming Energy [0.333129478793467, 0.38274944785163073)
     Total Material
       Fission Rate                         0.00912642 +/- 0.000586626
   Incoming Energy [0.38274944785163073, 0.4397603609302721)
     Total Material
       Fission Rate                         0.00745718 +/- 0.000444072
   Incoming Energy [0.4397603609302721, 0.505263106533568)
     Total Material
       Fission Rate                         0.007118 +/- 0.000493873
   Incoming Energy [0.505263106533568, 0.5805225516094895)
     Total Material
       Fission Rate                         0.00596799 +/- 0.000304083
   Incoming Energy [0.5805225516094895, 0.6669919663030115)
     Total Material
       Fission Rate                         0.00503807 +/- 0.000259756
   Incoming Energy [0.6669919663030115, 0.7663410868007446)
     Total Material
       Fission Rate                         0.00459082 +/- 0.000320039
   Incoming Energy [0.7663410868007446, 0.8804883581643465)
     Total Material
       Fission Rate                         0.00534857 +/- 0.000406348
   Incoming Energy [0.8804883581643465, 1.011637979766207)
     Total Material
       Fission Rate                         0.00472486 +/- 0.000354122
   Incoming Energy [1.011637979766207, 1.162322468679852)
     Total Material
       Fission Rate                         0.00669537 +/- 0.00036572
   Incoming Energy [1.162322468679852, 1.3354515629298973)
     Total Material
       Fission Rate                         0.00347013 +/- 0.000180568
   Incoming Energy [1.3354515629298973, 1.53436840893001)
     Total Material
       Fission Rate                         0.00168739 +/- 8.45725e-05
   Incoming Energy [1.53436840893001, 1.762914118095948)
     Total Material
       Fission Rate                         0.00128235 +/- 7.40895e-05
   Incoming Energy [1.762914118095948, 2.0255019392306663)
     Total Material
       Fission Rate                         0.00139567 +/- 5.58142e-05
   Incoming Energy [2.0255019392306663, 2.327202478960407)
     Total Material
       Fission Rate                         0.00147686 +/- 0.000107326
   Incoming Energy [2.327202478960407, 2.673841615839944)
     Total Material
       Fission Rate                         0.0010007 +/- 4.40831e-05
   Incoming Energy [2.673841615839944, 3.072112998861753)
     Total Material
       Fission Rate                         0.00168037 +/- 8.83663e-05
   Incoming Energy [3.072112998861753, 3.52970730273065)
     Total Material
       Fission Rate                         0.00260279 +/- 0.000123542
   Incoming Energy [3.52970730273065, 4.0554607358408274)
     Total Material
       Fission Rate                         0.00204391 +/- 0.000165529
   Incoming Energy [4.0554607358408274, 4.659525668664678)
     Total Material
       Fission Rate                         0.00037357 +/- 1.6545e-05
   Incoming Energy [4.659525668664678, 5.3535666774107185)
     Total Material
       Fission Rate                         0.0007716 +/- 4.98866e-05
   Incoming Energy [5.3535666774107185, 6.150985788580504)
     Total Material
       Fission Rate                         0.0017074 +/- 8.25164e-05
   Incoming Energy [6.150985788580504, 7.067181273927491)
     Total Material
       Fission Rate                         0.00197733 +/- 8.57953e-05
   Incoming Energy [7.067181273927491, 8.119844993184008)
     Total Material
       Fission Rate                         0.000765973 +/- 7.61834e-05
   Incoming Energy [8.119844993184008, 9.329304026284676)
     Total Material
       Fission Rate                         0.00737949 +/- 0.000717307
   Incoming Energy [9.329304026284676, 10.718913192051264)
     Total Material
       Fission Rate                         0.00291783 +/- 0.000162229
   Incoming Energy [10.718913192051264, 12.315506032928262)
     Total Material
       Fission Rate                         0.00218618 +/- 0.000155277
   Incoming Energy [12.315506032928262, 14.149912974345758)
     Total Material
       Fission Rate                         0.0045324 +/- 0.000230592
   Incoming Energy [14.149912974345758, 16.257556664437935)
     Total Material
       Fission Rate                         0.00248249 +/- 0.000137939
   Incoming Energy [16.257556664437935, 18.679135990207808)
     Total Material
       Fission Rate                         0.00246555 +/- 0.000169057
   Incoming Energy [18.679135990207808, 21.461411978584014)
     Total Material
       Fission Rate                         0.00438949 +/- 0.000208245
   Incoming Energy [21.461411978584014, 24.658110758226037)
     Total Material
       Fission Rate                         0.00311199 +/- 0.000217941
   Incoming Energy [24.658110758226037, 28.330961018393243)
     Total Material
       Fission Rate                         0.00373892 +/- 0.000275112
   Incoming Energy [28.330961018393243, 32.550885998350566)
     Total Material
       Fission Rate                         0.00205717 +/- 0.000188945
   Incoming Energy [32.550885998350566, 37.39937302478794)
     Total Material
       Fission Rate                         0.00446009 +/- 0.000410178
   Incoming Energy [37.39937302478794, 42.97004704320835)
     Total Material
       Fission Rate                         0.00313864 +/- 0.000287298
   Incoming Energy [42.97004704320835, 49.37047852839004)
     Total Material
       Fission Rate                         0.00328676 +/- 0.000138879
   Incoming Energy [49.37047852839004, 56.72426068491978)
     Total Material
       Fission Rate                         0.00537478 +/- 0.000463241
   Incoming Energy [56.72426068491978, 65.1733960488242)
     Total Material
       Fission Rate                         0.00268534 +/- 0.000161019
   Incoming Energy [65.1733960488242, 74.88103857590015)
     Total Material
       Fission Rate                         0.00256565 +/- 0.00014882
   Incoming Energy [74.88103857590015, 86.03464416684491)
     Total Material
       Fission Rate                         0.00299565 +/- 0.000203333
   Incoming Energy [86.03464416684491, 98.84959046625586)
     Total Material
       Fission Rate                         0.00249641 +/- 0.000141924
   Incoming Energy [98.84959046625586, 113.57333583431051)
     Total Material
       Fission Rate                         0.00156399 +/- 0.000117992
   Incoming Energy [113.57333583431051, 130.49019780144016)
     Total Material
       Fission Rate                         0.00228878 +/- 0.000156992
   Incoming Energy [130.49019780144016, 149.9268432786044)
     Total Material
       Fission Rate                         0.00277681 +/- 0.000138709
   Incoming Energy [149.9268432786044, 172.2585965398784)
     Total Material
       Fission Rate                         0.00166289 +/- 0.000104984
   Incoming Energy [172.2585965398784, 197.91668678535572)
     Total Material
       Fission Rate                         0.00201 +/- 0.000151459
   Incoming Energy [197.91668678535572, 227.39657523579274)
     Total Material
       Fission Rate                         0.00274299 +/- 0.00017049
   Incoming Energy [227.39657523579274, 261.26752255633266)
     Total Material
       Fission Rate                         0.00259031 +/- 0.000155477
   Incoming Energy [261.26752255633266, 300.1835813575586)
     Total Material
       Fission Rate                         0.00223143 +/- 0.000165688
   Incoming Energy [300.1835813575586, 344.89622604057524)
     Total Material
       Fission Rate                         0.00179153 +/- 8.82837e-05
   Incoming Energy [344.89622604057524, 396.2688638701478)
     Total Material
       Fission Rate                         0.0013293 +/- 6.1431e-05
   Incoming Energy [396.2688638701478, 455.29350748669475)
     Total Material
       Fission Rate                         0.00170117 +/- 6.46604e-05
   Incoming Energy [455.29350748669475, 523.1099308056258)
     Total Material
       Fission Rate                         0.00195439 +/- 0.000119171
   Incoming Energy [523.1099308056258, 601.0276782070375)
     Total Material
       Fission Rate                         0.00168009 +/- 9.34914e-05
   Incoming Energy [601.0276782070375, 690.5513520162317)
     Total Material
       Fission Rate                         0.0013814 +/- 8.85712e-05
   Incoming Energy [690.5513520162317, 793.4096665797492)
     Total Material
       Fission Rate                         0.00137592 +/- 8.19984e-05
   Incoming Energy [793.4096665797492, 911.5888299750818)
     Total Material
       Fission Rate                         0.00100341 +/- 7.23472e-05
   Incoming Energy [911.5888299750818, 1047.3708979594487)
     Total Material
       Fission Rate                         0.000832498 +/- 7.03032e-05
   Incoming Energy [1047.3708979594487, 1203.3778407775906)
     Total Material
       Fission Rate                         0.00128883 +/- 8.26609e-05
   Incoming Energy [1203.3778407775906, 1382.6221737646536)
     Total Material
       Fission Rate                         0.000992348 +/- 3.85994e-05
   Incoming Energy [1382.6221737646536, 1588.5651294280526)
     Total Material
       Fission Rate                         0.000892814 +/- 4.71618e-05
   Incoming Energy [1588.5651294280526, 1825.1834943190388)
     Total Material
       Fission Rate                         0.000916509 +/- 3.77857e-05
   Incoming Energy [1825.1834943190388, 2097.046401323231)
     Total Material
       Fission Rate                         0.00079694 +/- 4.64754e-05
   Incoming Energy [2097.046401323231, 2409.403560239527)
     Total Material
       Fission Rate                         0.0006946 +/- 3.30657e-05
   Incoming Energy [2409.403560239527, 2768.286630392061)
     Total Material
       Fission Rate                         0.000806619 +/- 4.34166e-05
   Incoming Energy [2768.286630392061, 3180.625692794119)
     Total Material
       Fission Rate                         0.000690898 +/- 2.1856e-05
   Incoming Energy [3180.625692794119, 3654.383070957247)
     Total Material
       Fission Rate                         0.00063444 +/- 3.12261e-05
   Incoming Energy [3654.383070957247, 4198.707084443906)
     Total Material
       Fission Rate                         0.000652082 +/- 4.9656e-05
   Incoming Energy [4198.707084443906, 4824.108704165374)
     Total Material
       Fission Rate                         0.000590443 +/- 2.4589e-05
   Incoming Energy [4824.108704165374, 5542.664520663096)
     Total Material
       Fission Rate                         0.000531068 +/- 2.52657e-05
   Incoming Energy [5542.664520663096, 6368.249944718586)
     Total Material
       Fission Rate                         0.000497498 +/- 2.21066e-05
   Incoming Energy [6368.249944718586, 7316.807143427177)
     Total Material
       Fission Rate                         0.000480438 +/- 1.87508e-05
   Incoming Energy [7316.807143427177, 8406.652885618316)
     Total Material
       Fission Rate                         0.000429158 +/- 2.28573e-05
   Incoming Energy [8406.652885618316, 9658.832241158709)
     Total Material
       Fission Rate                         0.000459282 +/- 2.21472e-05
   Incoming Energy [9658.832241158709, 11097.5249641207)
     Total Material
       Fission Rate                         0.000416636 +/- 1.99986e-05
   Incoming Energy [11097.5249641207, 12750.512407130129)
     Total Material
       Fission Rate                         0.000428968 +/- 2.32727e-05
   Incoming Energy [12750.512407130129, 14649.713983072817)
     Total Material
       Fission Rate                         0.000419522 +/- 1.82836e-05
   Incoming Energy [14649.713983072817, 16831.80353330955)
     Total Material
       Fission Rate                         0.000384501 +/- 1.49915e-05
   Incoming Energy [16831.80353330955, 19338.91750455232)
     Total Material
       Fission Rate                         0.000353431 +/- 1.39667e-05
   Incoming Energy [19338.91750455232, 22219.468609395193)
     Total Material
       Fission Rate                         0.000381332 +/- 1.83809e-05
   Incoming Energy [22219.468609395193, 25529.080682395164)
     Total Material
       Fission Rate                         0.000336134 +/- 2.25279e-05
   Incoming Energy [25529.080682395164, 29331.662783900363)
     Total Material
       Fission Rate                         0.000329578 +/- 1.7453e-05
   Incoming Energy [29331.662783900363, 33700.64329271925)
     Total Material
       Fission Rate                         0.000346568 +/- 1.16699e-05
   Incoming Energy [33700.64329271925, 38720.38781812557)
     Total Material
       Fission Rate                         0.000343502 +/- 1.44647e-05
   Incoming Energy [38720.38781812557, 44487.82831127576)
     Total Material
       Fission Rate                         0.000337437 +/- 1.14835e-05
   Incoming Energy [44487.82831127576, 51114.334834401656)
     Total Material
       Fission Rate                         0.000338819 +/- 1.48916e-05
   Incoming Energy [51114.334834401656, 58727.86613189465)
     Total Material
       Fission Rate                         0.000343296 +/- 1.05611e-05
   Incoming Energy [58727.86613189465, 67475.44053110685)
     Total Material
       Fission Rate                         0.000335257 +/- 1.72246e-05
   Incoming Energy [67475.44053110685, 77525.97488629464)
     Total Material
       Fission Rate                         0.000355565 +/- 1.73884e-05
   Incoming Energy [77525.97488629464, 89073.54638610421)
     Total Material
       Fission Rate                         0.00033495 +/- 1.23552e-05
   Incoming Energy [89073.54638610421, 102341.14021054527)
     Total Material
       Fission Rate                         0.000364239 +/- 1.5733e-05
   Incoming Energy [102341.14021054527, 117584.95540521534)
     Total Material
       Fission Rate                         0.000363992 +/- 1.42092e-05
   Incoming Energy [117584.95540521534, 135099.3521198025)
     Total Material
       Fission Rate                         0.000372639 +/- 1.60535e-05
   Incoming Energy [135099.3521198025, 155222.5357427048)
     Total Material
       Fission Rate                         0.00041181 +/- 1.60896e-05
   Incoming Energy [155222.5357427048, 178343.08769319058)
     Total Material
       Fission Rate                         0.000408114 +/- 1.56723e-05
   Incoming Energy [178343.08769319058, 204907.4689815846)
     Total Material
       Fission Rate                         0.000425261 +/- 1.25458e-05
   Incoming Energy [204907.4689815846, 235428.64143224107)
     Total Material
       Fission Rate                         0.000470865 +/- 1.69607e-05
   Incoming Energy [235428.64143224107, 270495.97304631316)
     Total Material
       Fission Rate                         0.000483205 +/- 1.41045e-05
   Incoming Energy [270495.97304631316, 310786.6187782014)
     Total Material
       Fission Rate                         0.000522798 +/- 1.23397e-05
   Incoming Energy [310786.6187782014, 357078.59649004554)
     Total Material
       Fission Rate                         0.000572442 +/- 2.01453e-05
   Incoming Energy [357078.59649004554, 410265.81058271904)
     Total Material
       Fission Rate                         0.000485894 +/- 1.5554e-05
   Incoming Energy [410265.81058271904, 471375.31341167097)
     Total Material
       Fission Rate                         0.000442655 +/- 9.84687e-06
   Incoming Energy [471375.31341167097, 541587.1378079465)
     Total Material
       Fission Rate                         0.000608807 +/- 2.59687e-05
   Incoming Energy [541587.1378079465, 622257.0836730232)
     Total Material
       Fission Rate                         0.000623332 +/- 1.6897e-05
   Incoming Energy [622257.0836730232, 714942.8986597562)
     Total Material
       Fission Rate                         0.000708576 +/- 1.65954e-05
   Incoming Energy [714942.8986597562, 821434.3584919422)
     Total Material
       Fission Rate                         0.000872025 +/- 2.16975e-05
   Incoming Energy [821434.3584919422, 943787.8277775352)
     Total Material
       Fission Rate                         0.000753799 +/- 1.85862e-05
   Incoming Energy [943787.8277775352, 1084365.9686896086)
     Total Material
       Fission Rate                         0.000702128 +/- 1.89659e-05
   Incoming Energy [1084365.9686896086, 1245883.3642950081)
     Total Material
       Fission Rate                         0.000896997 +/- 3.27243e-05
   Incoming Energy [1245883.3642950081, 1431458.9375234756)
     Total Material
       Fission Rate                         0.00117383 +/- 4.03875e-05
   Incoming Energy [1431458.9375234756, 1644676.1779946627)
     Total Material
       Fission Rate                         0.0019607 +/- 6.41514e-05
   Incoming Energy [1644676.1779946627, 1889652.3396912038)
     Total Material
       Fission Rate                         0.00220412 +/- 6.6281e-05
   Incoming Energy [1889652.3396912038, 2171117.945694501)
     Total Material
       Fission Rate                         0.00247637 +/- 8.87461e-05
   Incoming Energy [2171117.945694501, 2494508.135230317)
     Total Material
       Fission Rate                         0.00278407 +/- 0.00010811
   Incoming Energy [2494508.135230317, 2866067.616948244)
     Total Material
       Fission Rate                         0.00256564 +/- 6.23243e-05
   Incoming Energy [2866067.616948244, 3292971.255097148)
     Total Material
       Fission Rate                         0.00232295 +/- 9.13237e-05
   Incoming Energy [3292971.255097148, 3783462.6171319326)
     Total Material
       Fission Rate                         0.00162318 +/- 3.97615e-05
   Incoming Energy [3783462.6171319326, 4347013.158125018)
     Total Material
       Fission Rate                         0.00145463 +/- 6.46813e-05
   Incoming Energy [4347013.158125018, 4994505.11585514)
     Total Material
       Fission Rate                         0.00110523 +/- 5.62023e-05
   Incoming Energy [4994505.11585514, 5738441.648302381)
     Total Material
       Fission Rate                         0.000833706 +/- 6.60238e-05
   Incoming Energy [5738441.648302381, 6593188.271333542)
     Total Material
       Fission Rate                         0.000677227 +/- 8.11921e-05
   Incoming Energy [6593188.271333542, 7575250.258771921)
     Total Material
       Fission Rate                         0.000509286 +/- 4.99179e-05
   Incoming Energy [7575250.258771921, 8703591.361485148)
     Total Material
       Fission Rate                         0.000321918 +/- 3.39127e-05
   Incoming Energy [8703591.361485148, 10000000)
     Total Material
       Fission Rate                         0.000133513 +/- 3.63207e-05
