 ==================>     TALLY 7: FUEL_FLUX_SPECTRUM     <==================

 Cell 7
   Incoming Energy [9.999999999999999e-06, 1.1489510001873086e-05)
     Total Material
       Flux                                 0 +/- 0
   Incoming Energy [1.1489510001873086e-05, 1.3200884008314168e-05)
     Total Material
       Flux                                 0 +/- 0
   Incoming Energy [1.3200884008314168e-05, 1.516716888470924e-05)
     Total Material
       Flux                                 0 +/- 0
   Incoming Energy [1.516716888470924e-05, 1.742633386009651e-05)
     Total Material
       Flux                                 0 +/- 0
   Incoming Energy [1.742633386009651e-05, 2.0022003718155845e-05)
     Total Material
       Flux                                 0 +/- 0
   Incoming Energy [2.0022003718155845e-05, 2.3004301197729168e-05)
     Total Material
       Flux                                 0 +/- 0
   Incoming Energy [2.3004301197729168e-05, 2.643081486974103e-05)
     Total Material
       Flux                                 0 +/- 0
   Incoming Energy [2.643081486974103e-05, 3.0367711180354606e-05)
     Total Material
       Flux                                 0 +/- 0
   Incoming Energy [3.0367711180354606e-05, 3.489101213406774e-05)
     Total Material
       Flux                                 0 +/- 0
   Incoming Energy [3.489101213406774e-05, 4.008806328898465e-05)
     Total Material
       Flux                                 0 +/- 0
   Incoming Energy [4.008806328898465e-05, 4.6059220411451034e-05)
     Total Material
       Flux                                 0 +/- 0
   Incoming Energy [4.6059220411451034e-05, 5.2919787359584364e-05)
     Total Material
       Flux                                 0 +/- 0
   Incoming Energy [5.2919787359584364e-05, 6.080224261649427e-05)
     Total Material
       Flux                                 0 +/- 0
   Incoming Energy [6.080224261649427e-05, 6.985879746785249e-05)
     Total Material
       Flux                                 0 +/- 0
   Incoming Energy [6.985879746785249e-05, 8.026433522257174e-05)
     Total Material
       Flux                                 0 +/- 0
   Incoming Energy [8.026433522257174e-05, 9.221978823334323e-05)
     Total Material
       Flux                                 0 +/- 0
   Incoming Energy [9.221978823334323e-05, 0.00010595601792776158)
     Total Material
       Flux                                 0 +/- 0
   Incoming Energy [0.00010595601792776158, 0.00012173827277396621)
     Total Material
       Flux                                 0 +/- 0
   Incoming Energy [0.00012173827277396621, 0.00013987131026472387)
     Total Material
       Flux                                 0 +/- 0
   Incoming Energy [0.00013987131026472387, 0.00016070528182616383)
     Total Material
       Flux                                 0 +/- 0
   Incoming Energy [0.00016070528182616383, 0.00018464249428955425)
     Total Material
       Flux                                 0 +/- 0
   Incoming Energy [0.00018464249428955425, 0.00021214517849106298)
     Total Material
       Flux                                 0 +/- 0
   Incoming Energy [0.00021214517849106298, 0.00024374441501222218)
     Total Material
       Flux                                 0 +/- 0
   Incoming Energy [0.00024374441501222218, 0.0002800503894183631)
     Total Material
       Flux                                 0 +/- 0
   Incoming Energy [0.0002800503894183631, 0.0003217641750250735)
     Total Material
       Flux                                 2.46418e-06 +/- 2.46418e-06
   Incoming Energy [0.0003217641750250735, 0.00036969127071950243)
     Total Material
       Flux                                 0 +/- 0
   Incoming Energy [0.00036969127071950243, 0.00042475715525368984)
     Total Material
       Flux                                 0 +/- 0
   Incoming Energy [0.00042475715525368984, 0.0004880251583654434)
     Total Material
       Flux                                 0 +/- 0
   Incoming Energy [0.0004880251583654434, 0.0005607169938205458)
     Total Material
       Flux                                 0 +/- 0
   Incoming Energy [0.0005607169938205458, 0.000644236350872137)
     Total Material
       Flux                                 1.32867e-05 +/- 1.25683e-05
   Incoming Energy [0.000644236350872137, 0.0007401959996915637)
     Total Material
       Flux                                 4.29613e-06 +/- 4.29613e-06
   Incoming Energy [0.0007401959996915637, 0.0008504489341802677)
     Total Material
       Flux                                 2.95108e-05 +/- 1.64852e-05
   Incoming Energy [0.0008504489341802677, 0.00097712415353465)
     Total Material
       Flux                                 2.35732e-06 +/- 2.35732e-06
   Incoming Energy [0.00097712415353465, 0.0011226677735108135)
     Total Material
       Flux                                 3.42988e-07 +/- 3.42988e-07
   Incoming Energy [0.0011226677735108135, 0.001289890261253308)
     Total Material
       Flux                                 1.08477e-05 +/- 7.07123e-06
   Incoming Energy [0.001289890261253308, 0.0014820207057988585)
     Total Material
       Flux                                 1.18312e-05 +/- 1.06137e-05
   Incoming Energy [0.0014820207057988585, 0.0017027691722258996)
     Total Material
       Flux                                 5.68217e-06 +/- 5.68217e-06
   Incoming Energy [0.0017027691722258996, 0.0019563983435170627)
     Total Material
       Flux                                 2.594e-05 +/- 1.35987e-05
   Incoming Energy [0.0019563983435170627, 0.002247805833548725)
     Total Material
       Flux                                 4.02002e-05 +/- 1.97758e-05
   Incoming Energy [0.002247805833548725, 0.002582618760682675)
     Total Material
       Flux                                 7.27666e-05 +/- 2.51413e-05
   Incoming Energy [0.002582618760682675, 0.0029673024081888696)
     Total Material
       Flux                                 0.000107231 +/- 4.42866e-05
   Incoming Energy [0.0029673024081888696, 0.003409285069746811)
     Total Material
       Flux                                 0.000160823 +/- 4.35257e-05
   Incoming Energy [0.003409285069746811, 0.003917101490809256)
     Total Material
       Flux                                 0.000108514 +/- 4.09647e-05
   Incoming Energy [0.003917101490809256, 0.004500557675700498)
     Total Material
       Flux                                 0.000112259 +/- 2.59979e-05
   Incoming Energy [0.004500557675700498, 0.0051709202428967555)
     Total Material
       Flux                                 0.000250295 +/- 0.00010039
   Incoming Energy [0.0051709202428967555, 0.0059411339849650335)
     Total Material
       Flux                                 0.000357086 +/- 7.23805e-05
   Incoming Energy [0.0059411339849650335, 0.006826071834272386)
     Total Material
       Flux                                 0.0003738 +/- 6.77785e-05
   Incoming Energy [0.006826071834272386, 0.007842822061337682)
     Total Material
       Flux                                 0.000548725 +/- 8.78929e-05
   Incoming Energy [0.007842822061337682, 0.009011018251665018)
     Total Material
       Flux                                 0.000591348 +/- 0.000113887
   Incoming Energy [0.009011018251665018, 0.010353218432956616)
     Total Material
       Flux                                 0.00116941 +/- 0.000158589
   Incoming Energy [0.010353218432956616, 0.011895340673703195)
     Total Material
       Flux                                 0.00160869 +/- 0.000179029
   Incoming Energy [0.011895340673703195, 0.013667163564620059)
     Total Material
       Flux                                 0.00210384 +/- 0.000229368
   Incoming Energy [0.013667163564620059, 0.015702901247293774)
     Total Material
       Flux                                 0.00330635 +/- 0.000348029
   Incoming Energy [0.015702901247293774, 0.018041864093920716)
     Total Material
       Flux                                 0.0034488 +/- 0.000377842
   Incoming Energy [0.018041864093920716, 0.0207292177959537)
     Total Material
       Flux                                 0.00472916 +/- 0.000130303
   Incoming Energy [0.0207292177959537, 0.023816855519761582)
     Total Material
       Flux                                 0.00560159 +/- 0.000328054
   Incoming Energy [0.023816855519761582, 0.027364399970746692)
     Total Material
       Flux                                 0.00698568 +/- 0.00040041
   Incoming Energy [0.027364399970746692, 0.031440354715915)
     Total Material
       Flux                                 0.00798917 +/- 0.000454557
   Incoming Energy [0.031440354715915, 0.0361234269970943)
     Total Material
       Flux                                 0.00947826 +/- 0.000593559
   Incoming Energy [0.0361234269970943, 0.041504047578504726)
     Total Material
       Flux                                 0.0116894 +/- 0.0006623
   Incoming Energy [0.041504047578504726, 0.04768611697714469)
     Total Material
       Flux                                 0.0136648 +/- 0.000581459
   Incoming Energy [0.04768611697714469, 0.054789011795939396)
     Total Material
       Flux                                 0.0140026 +/- 0.000869394
   Incoming Energy [0.054789011795939396, 0.06294988990221888)
     Total Material
       Flux                                 0.0167242 +/- 0.00057904
   Incoming Energy [0.06294988990221888, 0.07232633896483534)
     Total Material
       Flux                                 0.0179909 +/- 0.000865427
   Incoming Energy [0.07232633896483534, 0.08309941949353386)
     Total Material
       Flux                                 0.0178177 +/- 0.000684865
   Incoming Energy [0.08309941949353386, 0.09547716114208056)
     Total Material
       Flux                                 0.0173869 +/- 0.00100692
   Incoming Energy [0.09547716114208056, 0.1096985797892384)
     Total Material
       Flux                                 0.0156401 +/- 0.000880385
   Incoming Energy [0.1096985797892384, 0.12603829296797275)
     Total Material
       Flux                                 0.0150526 +/- 0.000726658
   Incoming Energy [0.12603829296797275, 0.1448118227674533)
     Total Material
       Flux                                 0.0143376 +/- 0.000597647
   Incoming Energy [0.1448118227674533, 0.16638168860761274)
     Total Material
       Flux                                 0.0148758 +/- 0.000870224
   Incoming Energy [0.16638168860761274, 0.19116440753856997)
     Total Material
       Flux                                 0.0146942 +/- 0.000941212
   Incoming Energy [0.19116440753856997, 0.2196385372416547)
     Total Material
       Flux                                 0.0141249 +/- 0.000814041
   Incoming Energy [0.2196385372416547, 0.2523539170434766)
     Total Material
       Flux                                 0.0124852 +/- 0.000674377
   Incoming Energy [0.2523539170434766, 0.28994228538828754)
     Total Material
       Flux                                 0.0118348 +/- 0.000665084
   Incoming Energy [0.28994228538828754, 0.333129478793467)
     Total Material
       Flux                                 0.0150119 +/- 0.000756732
   Incoming Energy [0.333129478793467, 0.38274944785163073)
     Total Material
       Flux                                 0.014723 +/- 0.00104816
   Incoming Energy [0.38274944785163073, 0.4397603609302721)
     Total Material
       Flux                                 0.0175531 +/- 0.000780454
   Incoming Energy [0.4397603609302721, 0.505263106533568)
     Total Material
       Flux                                 0.0164823 +/- 0.000830177
   Incoming Energy [0.505263106533568, 0.5805225516094895)
     Total Material
       Flux                                 0.0161013 +/- 0.00143094
   Incoming Energy [0.5805225516094895, 0.6669919663030115)
     Total Material
       Flux                                 0.0172545 +/- 0.000820096
   Incoming Energy [0.6669919663030115, 0.7663410868007446)
     Total Material
       Flux                                 0.0179872 +/- 0.00106544
   Incoming Energy [0.7663410868007446, 0.8804883581643465)
     Total Material
       Flux                                 0.01826 +/- 0.00104891
   Incoming Energy [0.8804883581643465, 1.011637979766207)
     Total Material
       Flux                                 0.0183389 +/- 0.000939367
   Incoming Energy [1.011637979766207, 1.162322468679852)
     Total Material
       Flux                                 0.0175764 +/- 0.0009694
   Incoming Energy [1.162322468679852, 1.3354515629298973)
     Total Material
       Flux                                 0.0186132 +/- 0.00150966
   Incoming Energy [1.3354515629298973, 1.53436840893001)
     Total Material
       Flux                                 0.0193492 +/- 0.00133116
   Incoming Energy [1.53436840893001, 1.762914118095948)
     Total Material
       Flux                                 0.0201747 +/- 0.00107511
   Incoming Energy [1.762914118095948, 2.0255019392306663)
     Total Material
       Flux                                 0.0201125 +/- 0.000984914
   Incoming Energy [2.0255019392306663, 2.327202478960407)
     Total Material
       Flux                                 0.0211878 +/- 0.00118214
   Incoming Energy [2.327202478960407, 2.673841615839944)
     Total Material
       Flux                                 0.0209024 +/- 0.00146981
   Incoming Energy [2.673841615839944, 3.072112998861753)
     Total Material
       Flux                                 0.0217926 +/- 0.00149139
   Incoming Energy [3.072112998861753, 3.52970730273065)
     Total Material
       Flux                                 0.0206701 +/- 0.00102983
   Incoming Energy [3.52970730273065, 4.0554607358408274)
     Total Material
       Flux                                 0.0187094 +/- 0.00109186
   Incoming Energy [4.0554607358408274, 4.659525668664678)
     Total Material
       Flux                                 0.0215396 +/- 0.00136628
   Incoming Energy [4.659525668664678, 5.3535666774107185)
     Total Material
       Flux                                 0.019224 +/- 0.000979781
   Incoming Energy [5.3535666774107185, 6.150985788580504)
     Total Material
       Flux                                 0.0183489 +/- 0.000948065
   Incoming Energy [6.150985788580504, 7.067181273927491)
     Total Material
       Flux                                 0.00928603 +/- 0.000713932
   Incoming Energy [7.067181273927491, 8.119844993184008)
     Total Material
       Flux                                 0.0228049 +/- 0.000795806
   Incoming Energy [8.119844993184008, 9.329304026284676)
     Total Material
       Flux                                 0.0184606 +/- 0.00130572
   Incoming Energy [9.329304026284676, 10.718913192051264)
     Total Material
       Flux                                 0.0227 +/- 0.00132957
   Incoming Energy [10.718913192051264, 12.315506032928262)
     Total Material
       Flux                                 0.02003 +/- 0.00113263
   Incoming Energy [12.315506032928262, 14.149912974345758)
     Total Material
       Flux                                 0.0202717 +/- 0.00146391
   Incoming Energy [14.149912974345758, 16.257556664437935)
     Total Material
       Flux                                 0.0214252 +/- 0.0015001
   Incoming Energy [16.257556664437935, 18.679135990207808)
     Total Material
       Flux                                 0.0231737 +/- 0.000875741
   Incoming Energy [18.679135990207808, 21.461411978584014)
     Total Material
       Flux                                 0.0139401 +/- 0.000943616
   Incoming Energy [21.461411978584014, 24.658110758226037)
     Total Material
       Flux                                 0.0227904 +/- 0.00112863
   Incoming Energy [24.658110758226037, 28.330961018393243)
     Total Material
       Flux                                 0.0229729 +/- 0.000461767
   Incoming Energy [28.330961018393243, 32.550885998350566)
     Total Material
       Flux                                 0.0230267 +/- 0.000850206
   Incoming Energy [32.550885998350566, 37.39937302478794)
     Total Material
       Flux                                 0.0172305 +/- 0.000905093
   Incoming Energy [37.39937302478794, 42.97004704320835)
     Total Material
       Flux                                 0.0238478 +/- 0.00111765
   Incoming Energy [42.97004704320835, 49.37047852839004)
     Total Material
       Flux                                 0.0217506 +/- 0.00085613
   Incoming Energy [49.37047852839004, 56.72426068491978)
     Total Material
       Flux                                 0.0219429 +/- 0.0013056
   Incoming Energy [56.72426068491978, 65.1733960488242)
     Total Material
       Flux                                 0.0279668 +/- 0.00117754
   Incoming Energy [65.1733960488242, 74.88103857590015)
     Total Material
       Flux                                 0.0237328 +/- 0.00137726
   Incoming Energy [74.88103857590015, 86.03464416684491)
     Total Material
       Flux                                 0.0262227 +/- 0.00125543
   Incoming Energy [86.03464416684491, 98.84959046625586)
     Total Material
       Flux                                 0.0268237 +/- 0.00127927
   Incoming Energy [98.84959046625586, 113.57333583431051)
     Total Material
       Flux                                 0.0241987 +/- 0.00159221
   Incoming Energy [113.57333583431051, 130.49019780144016)
     Total Material
       Flux                                 0.0262487 +/- 0.000820775
   Incoming Energy [130.49019780144016, 149.9268432786044)
     Total Material
       Flux                                 0.0280271 +/- 0.00107219
   Incoming Energy [149.9268432786044, 172.2585965398784)
     Total Material
       Flux                                 0.0275571 +/- 0.00137874
   Incoming Energy [172.2585965398784, 197.91668678535572)
     Total Material
       Flux                                 0.0264916 +/- 0.00135543
   Incoming Energy [197.91668678535572, 227.39657523579274)
     Total Material
       Flux                                 0.0255053 +/- 0.00135481
   Incoming Energy [227.39657523579274, 261.26752255633266)
     Total Material
       Flux                                 0.0272953 +/- 0.000913019
   Incoming Energy [261.26752255633266, 300.1835813575586)
     Total Material
       Flux                                 0.0270865 +/- 0.00150143
   Incoming Energy [300.1835813575586, 344.89622604057524)
     Total Material
       Flux                                 0.0265731 +/- 0.00130131
   Incoming Energy [344.89622604057524, 396.2688638701478)
     Total Material
       Flux                                 0.0297337 +/- 0.00116401
   Incoming Energy [396.2688638701478, 455.29350748669475)
     Total Material
       Flux                                 0.0266417 +/- 0.00180247
   Incoming Energy [455.29350748669475, 523.1099308056258)
     Total Material
       Flux                                 0.0290587 +/- 0.00148454
   Incoming Energy [523.1099308056258, 601.0276782070375)
     Total Material
       Flux                                 0.0285702 +/- 0.00116975
   Incoming Energy [601.0276782070375, 690.5513520162317)
     Total Material
       Flux                                 0.0306073 +/- 0.00100076
   Incoming Energy [690.5513520162317, 793.4096665797492)
     Total Material
       Flux                                 0.0280127 +/- 0.00133145
   Incoming Energy [793.4096665797492, 911.5888299750818)
     Total Material
       Flux                                 0.0301512 +/- 0.00133766
   Incoming Energy [911.5888299750818, 1047.3708979594487)
     Total Material
       Flux                                 0.0310322 +/- 0.00146517
   Incoming Energy [1047.3708979594487, 1203.3778407775906)
     Total Material
       Flux                                 0.0309423 +/- 0.00175932
   Incoming Energy [1203.3778407775906, 1382.6221737646536)
     Total Material
       Flux                                 0.0303081 +/- 0.00168772
   Incoming Energy [1382.6221737646536, 1588.5651294280526)
     Total Material
       Flux                                 0.0309151 +/- 0.00166302
   Incoming Energy [1588.5651294280526, 1825.1834943190388)
     Total Material
       Flux                                 0.0310821 +/- 0.00140179
   Incoming Energy [1825.1834943190388, 2097.046401323231)
     Total Material
       Flux                                 0.0297501 +/- 0.001079
   Incoming Energy [2097.046401323231, 2409.403560239527)
     Total Material
       Flux                                 0.0330221 +/- 0.00125827
   Incoming Energy [2409.403560239527, 2768.286630392061)
     Total Material
       Flux                                 0.0318354 +/- 0.00162306
   Incoming Energy [2768.286630392061, 3180.625692794119)
     Total Material
       Flux                                 0.0311662 +/- 0.00187045
   Incoming Energy [3180.625692794119, 3654.383070957247)
     Total Material
       Flux                                 0.0299058 +/- 0.00126214
   Incoming Energy [3654.383070957247, 4198.707084443906)
     Total Material
       Flux                                 0.0307594 +/- 0.00104064
   Incoming Energy [4198.707084443906, 4824.108704165374)
     Total Material
       Flux                                 0.0319798 +/- 0.00190276
   Incoming Energy [4824.108704165374, 5542.664520663096)
     Total Material
       Flux                                 0.0332839 +/- 0.00146196
   Incoming Energy [5542.664520663096, 6368.249944718586)
     Total Material
       Flux                                 0.0349533 +/- 0.00170958
   Incoming Energy [6368.249944718586, 7316.807143427177)
     Total Material
       Flux                                 0.0329631 +/- 0.00135866
   Incoming Energy [7316.807143427177, 8406.652885618316)
     Total Material
       Flux                                 0.0331799 +/- 0.00160663
   Incoming Energy [8406.652885618316, 9658.832241158709)
     Total Material
       Flux                                 0.0306798 +/- 0.00136381
   Incoming Energy [9658.832241158709, 11097.5249641207)
     Total Material
       Flux                                 0.0366319 +/- 0.00145965
   Incoming Energy [11097.5249641207, 12750.512407130129)
     Total Material
       Flux                                 0.0332728 +/- 0.00122563
   Incoming Energy [12750.512407130129, 14649.713983072817)
     Total Material
       Flux                                 0.0324844 +/- 0.00165388
   Incoming Energy [14649.713983072817, 16831.80353330955)
     Total Material
       Flux                                 0.037321 +/- 0.00165579
   Incoming Energy [16831.80353330955, 19338.91750455232)
     Total Material
       Flux                                 0.0359932 +/- 0.0015018
   Incoming Energy [19338.91750455232, 22219.468609395193)
     Total Material
       Flux                                 0.0381855 +/- 0.00144818
   Incoming Energy [22219.468609395193, 25529.080682395164)
     Total Material
       Flux                                 0.0368421 +/- 0.00151271
   Incoming Energy [25529.080682395164, 29331.662783900363)
     Total Material
       Flux                                 0.038768 +/- 0.00106257
   Incoming Energy [29331.662783900363, 33700.64329271925)
     Total Material
       Flux                                 0.0368079 +/- 0.00152715
   Incoming Energy [33700.64329271925, 38720.38781812557)
     Total Material
       Flux                                 0.0401684 +/- 0.00188166
   Incoming Energy [38720.38781812557, 44487.82831127576)
     Total Material
       Flux                                 0.0437175 +/- 0.00178133
   Incoming Energy [44487.82831127576, 51114.334834401656)
     Total Material
       Flux                                 0.043209 +/- 0.00263085
   Incoming Energy [51114.334834401656, 58727.86613189465)
     Total Material
       Flux                                 0.0430913 +/- 0.00206451
   Incoming Energy [58727.86613189465, 67475.44053110685)
     Total Material
       Flux                                 0.0445973 +/- 0.00273597
   Incoming Energy [67475.44053110685, 77525.97488629464)
     Total Material
       Flux                                 0.0485018 +/- 0.00234898
   Incoming Energy [77525.97488629464, 89073.54638610421)
     Total Material
       Flux                                 0.0464764 +/- 0.00132648
   Incoming Energy [89073.54638610421, 102341.14021054527)
     Total Material
       Flux                                 0.0517062 +/- 0.00167055
   Incoming Energy [102341.14021054527, 117584.95540521534)
     Total Material
       Flux                                 0.0546665 +/- 0.00195682
   Incoming Energy [117584.95540521534, 135099.3521198025)
     Total Material
       Flux                                 0.0610584 +/- 0.0025237
   Incoming Energy [135099.3521198025, 155222.5357427048)
     Total Material
       Flux                                 0.063356 +/- 0.00276822
   Incoming Energy [155222.5357427048, 178343.08769319058)
     Total Material
       Flux                                 0.0701622 +/- 0.00255774
   Incoming Energy [178343.08769319058, 204907.4689815846)
     Total Material
       Flux                                 0.0764174 +/- 0.00309509
   Incoming Energy [204907.4689815846, 235428.64143224107)
     Total Material
       Flux                                 0.0774611 +/- 0.00191603
   Incoming Energy [235428.64143224107, 270495.97304631316)
     Total Material
       Flux                                 0.0848746 +/- 0.00222672
   Incoming Energy [270495.97304631316, 310786.6187782014)
     Total Material
       Flux                                 0.0938887 +/- 0.00299683
   Incoming Energy [310786.6187782014, 357078.59649004554)
     Total Material
       Flux                                 0.10964 +/- 0.00419006
   Incoming Energy [357078.59649004554, 410265.81058271904)
     Total Material
       Flux                                 0.0965682 +/- 0.00356843
   Incoming Energy [410265.81058271904, 471375.31341167097)
     Total Material
       Flux                                 0.0841196 +/- 0.00170208
   Incoming Energy [471375.31341167097, 541587.1378079465)
     Total Material
       Flux                                 0.116981 +/- 0.00256093
   Incoming Energy [541587.1378079465, 622257.0836730232)
     Total Material
       Flux                                 0.138276 +/- 0.00471086
   Incoming Energy [622257.0836730232, 714942.8986597562)
     Total Material
       Flux                                 0.150373 +/- 0.00326917
   Incoming Energy [714942.8986597562, 821434.3584919422)
     Total Material
       Flux                                 0.162138 +/- 0.00575983
   Incoming Energy [821434.3584919422, 943787.8277775352)
     Total Material
       Flux                                 0.150544 +/- 0.00304019
   Incoming Energy [943787.8277775352, 1084365.9686896086)
     Total Material
       Flux                                 0.125022 +/- 0.00441584
   Incoming Energy [1084365.9686896086, 1245883.3642950081)
     Total Material
       Flux                                 0.161864 +/- 0.00401736
   Incoming Energy [1245883.3642950081, 1431458.9375234756)
     Total Material
       Flux                                 0.154425 +/- 0.00642366
   Incoming Energy [1431458.9375234756, 1644676.1779946627)
     Total Material
       Flux                                 0.162124 +/- 0.00606977
   Incoming Energy [1644676.1779946627, 1889652.3396912038)
     Total Material
       Flux                                 0.161447 +/- 0.00537727
   Incoming Energy [1889652.3396912038, 2171117.945694501)
     Total Material
       Flux                                 0.160123 +/- 0.00389897
   Incoming Energy [2171117.945694501, 2494508.135230317)
     Total Material
       Flux                                 0.181155 +/- 0.00474963
   Incoming Energy [2494508.135230317, 2866067.616948244)
     Total Material
       Flux                                 0.168512 +/- 0.00501317
   Incoming Energy [2866067.616948244, 3292971.255097148)
     Total Material
       Flux                                 0.146116 +/- 0.00555257
   Incoming Energy [3292971.255097148, 3783462.6171319326)
     Total Material
       Flux                                 0.101407 +/- 0.00504916
   Incoming Energy [3783462.6171319326, 4347013.158125018)
     Total Material
       Flux                                 0.10281 +/- 0.00534431
   Incoming Energy [4347013.158125018, 4994505.11585514)
     Total Material
       Flux                                 0.0884668 +/- 0.00342503
   Incoming Energy [4994505.11585514, 5738441.648302381)
     Total Material
       Flux                                 0.0655667 +/- 0.00324617
   Incoming Energy [5738441.648302381, 6593188.271333542)
     Total Material
       Flux                                 0.0410047 +/- 0.00442776
   Incoming Energy [6593188.271333542, 7575250.258771921)
     Total Material
       Flux                                 0.02164 +/- 0.00225831
   Incoming Energy [7575250.258771921, 8703591.361485148)
     Total Material
       Flux                                 0.0123081 +/- 0.00212345
   Incoming Energy [8703591.361485148, 10000000)
     Total Material
       Flux                                 0.00696354 +/- 0.00121557
 =================>     TALLY 8: WATER_FLUX_SPECTRUM     <==================

 Cell 9
   Incoming Energy [9.999999999999999e-06, 1.1489510001873086e-05)
     Total Material
       Flux                                 0 +/- 0
   Incoming Energy [1.1489510001873086e-05, 1.3200884008314168e-05)
     Total Material
       Flux                                 0 +/- 0
   Incoming Energy [1.3200884008314168e-05, 1.516716888470924e-05)
     Total Material
       Flux                                 0 +/- 0
   Incoming Energy [1.516716888470924e-05, 1.742633386009651e-05)
     Total Material
       Flux                                 0 +/- 0
   Incoming Energy [1.742633386009651e-05, 2.0022003718155845e-05)
     Total Material
       Flux                                 0 +/- 0
   Incoming Energy [2.0022003718155845e-05, 2.3004301197729168e-05)
     Total Material
       Flux                                 0 +/- 0
   Incoming Energy [2.3004301197729168e-05, 2.643081486974103e-05)
     Total Material
       Flux                                 0 +/- 0
   Incoming Energy [2.643081486974103e-05, 3.0367711180354606e-05)
     Total Material
       Flux                                 0 +/- 0
   Incoming Energy [3.0367711180354606e-05, 3.489101213406774e-05)
     Total Material
       Flux                                 0 +/- 0
   Incoming Energy [3.489101213406774e-05, 4.008806328898465e-05)
     Total Material
       Flux                                 0 +/- 0
   Incoming Energy [4.008806328898465e-05, 4.6059220411451034e-05)
     Total Material
       Flux                                 0 +/- 0
   Incoming Energy [4.6059220411451034e-05, 5.2919787359584364e-05)
     Total Material
       Flux                                 1.44335e-06 +/- 1.44335e-06
   Incoming Energy [5.2919787359584364e-05, 6.080224261649427e-05)
     Total Material
       Flux                                 0 +/- 0
   Incoming Energy [6.080224261649427e-05, 6.985879746785249e-05)
     Total Material
       Flux                                 1.23265e-06 +/- 1.23265e-06
   Incoming Energy [6.985879746785249e-05, 8.026433522257174e-05)
     Total Material
       Flux                                 1.36047e-07 +/- 1.36047e-07
   Incoming Energy [8.026433522257174e-05, 9.221978823334323e-05)
     Total Material
       Flux                                 0 +/- 0
   Incoming Energy [9.221978823334323e-05, 0.00010595601792776158)
     Total Material
       Flux                                 6.36085e-06 +/- 3.67632e-06
   Incoming Energy [0.00010595601792776158, 0.00012173827277396621)
     Total Material
       Flux                                 4.20572e-06 +/- 3.22024e-06
   Incoming Energy [0.00012173827277396621, 0.00013987131026472387)
     Total Material
       Flux                                 1.7649e-05 +/- 1.19208e-05
   Incoming Energy [0.00013987131026472387, 0.00016070528182616383)
     Total Material
       Flux                                 9.7821e-06 +/- 6.89737e-06
   Incoming Energy [0.00016070528182616383, 0.00018464249428955425)
     Total Material
       Flux                                 1.6516e-06 +/- 1.28913e-06
   Incoming Energy [0.00018464249428955425, 0.00021214517849106298)
     Total Material
       Flux                                 8.42504e-06 +/- 4.91713e-06
   Incoming Energy [0.00021214517849106298, 0.00024374441501222218)
     Total Material
       Flux                                 2.3801e-05 +/- 1.38501e-05
   Incoming Energy [0.00024374441501222218, 0.0002800503894183631)
     Total Material
       Flux                                 1.12734e-05 +/- 1.12734e-05
   Incoming Energy [0.0002800503894183631, 0.0003217641750250735)
     Total Material
       Flux                                 4.15547e-05 +/- 1.86547e-05
   Incoming Energy [0.0003217641750250735, 0.00036969127071950243)
     Total Material
       Flux                                 4.71995e-05 +/- 2.35106e-05
   Incoming Energy [0.00036969127071950243, 0.00042475715525368984)
     Total Material
       Flux                                 2.54826e-05 +/- 1.15372e-05
   Incoming Energy [0.00042475715525368984, 0.0004880251583654434)
     Total Material
       Flux                                 3.72401e-05 +/- 1.99236e-05
   Incoming Energy [0.0004880251583654434, 0.0005607169938205458)
     Total Material
       Flux                                 0.000106165 +/- 4.0684e-05
   Incoming Energy [0.0005607169938205458, 0.000644236350872137)
     Total Material
       Flux                                 0.000110203 +/- 3.23651e-05
   Incoming Energy [0.000644236350872137, 0.0007401959996915637)
     Total Material
       Flux                                 4.88373e-05 +/- 1.75802e-05
   Incoming Energy [0.0007401959996915637, 0.0008504489341802677)
     Total Material
       Flux                                 0.000217137 +/- 7.88697e-05
   Incoming Energy [0.0008504489341802677, 0.00097712415353465)
     Total Material
       Flux                                 0.000210898 +/- 7.7564e-05
   Incoming Energy [0.00097712415353465, 0.0011226677735108135)
     Total Material
       Flux                                 0.000230769 +/- 5.58656e-05
   Incoming Energy [0.0011226677735108135, 0.001289890261253308)
     Total Material
       Flux                                 0.000331194 +/- 6.37979e-05
   Incoming Energy [0.001289890261253308, 0.0014820207057988585)
     Total Material
       Flux                                 0.000293384 +/- 5.96276e-05
   Incoming Energy [0.0014820207057988585, 0.0017027691722258996)
     Total Material
       Flux                                 0.000534786 +/- 0.000105614
   Incoming Energy [0.0017027691722258996, 0.0019563983435170627)
     Total Material
       Flux                                 0.000642993 +/- 0.000123652
   Incoming Energy [0.0019563983435170627, 0.002247805833548725)
     Total Material
       Flux                                 0.000972124 +/- 0.000137509
   Incoming Energy [0.002247805833548725, 0.002582618760682675)
     Total Material
       Flux                                 0.0011836 +/- 0.000164187
   Incoming Energy [0.002582618760682675, 0.0029673024081888696)
     Total Material
       Flux                                 0.00172956 +/- 0.000284878
   Incoming Energy [0.0029673024081888696, 0.003409285069746811)
     Total Material
       Flux                                 0.00191324 +/- 0.000217612
   Incoming Energy [0.003409285069746811, 0.003917101490809256)
     Total Material
       Flux                                 0.00235083 +/- 0.000343008
   Incoming Energy [0.003917101490809256, 0.004500557675700498)
     Total Material
       Flux                                 0.00302403 +/- 0.000331569
   Incoming Energy [0.004500557675700498, 0.0051709202428967555)
     Total Material
       Flux                                 0.00457882 +/- 0.000400306
   Incoming Energy [0.0051709202428967555, 0.0059411339849650335)
     Total Material
       Flux                                 0.00484213 +/- 0.000413669
   Incoming Energy [0.0059411339849650335, 0.006826071834272386)
     Total Material
       Flux                                 0.00649889 +/- 0.000476224
   Incoming Energy [0.006826071834272386, 0.007842822061337682)
     Total Material
       Flux                                 0.00846001 +/- 0.000540358
   Incoming Energy [0.007842822061337682, 0.009011018251665018)
     Total Material
       Flux                                 0.0100324 +/- 0.000624404
   Incoming Energy [0.009011018251665018, 0.010353218432956616)
     Total Material
       Flux                                 0.01324 +/- 0.000915977
   Incoming Energy [0.010353218432956616, 0.011895340673703195)
     Total Material
       Flux                                 0.0157735 +/- 0.00092904
   Incoming Energy [0.011895340673703195, 0.013667163564620059)
     Total Material
       Flux                                 0.0199412 +/- 0.00106935
   Incoming Energy [0.013667163564620059, 0.015702901247293774)
     Total Material
       Flux                                 0.0234617 +/- 0.00106811
   Incoming Energy [0.015702901247293774, 0.018041864093920716)
     Total Material
       Flux                                 0.028141 +/- 0.00110252
   Incoming Energy [0.018041864093920716, 0.0207292177959537)
     Total Material
       Flux                                 0.0344183 +/- 0.00137096
   Incoming Energy [0.0207292177959537, 0.023816855519761582)
     Total Material
       Flux                                 0.0422896 +/- 0.00167878
   Incoming Energy [0.023816855519761582, 0.027364399970746692)
     Total Material
       Flux                                 0.048664 +/- 0.0016195
   Incoming Energy [0.027364399970746692, 0.031440354715915)
     Total Material
       Flux                                 0.0566563 +/- 0.00116945
   Incoming Energy [0.031440354715915, 0.0361234269970943)
     Total Material
       Flux                                 0.0647192 +/- 0.00159792
   Incoming Energy [0.0361234269970943, 0.041504047578504726)
     Total Material
       Flux                                 0.070808 +/- 0.00199763
   Incoming Energy [0.041504047578504726, 0.04768611697714469)
     Total Material
       Flux                                 0.0772751 +/- 0.00204468
   Incoming Energy [0.04768611697714469, 0.054789011795939396)
     Total Material
       Flux                                 0.0800586 +/- 0.00260907
   Incoming Energy [0.054789011795939396, 0.06294988990221888)
     Total Material
       Flux                                 0.0860217 +/- 0.00246405
   Incoming Energy [0.06294988990221888, 0.07232633896483534)
     Total Material
       Flux                                 0.084057 +/- 0.00232803
   Incoming Energy [0.07232633896483534, 0.08309941949353386)
     Total Material
       Flux                                 0.0870566 +/- 0.00196084
   Incoming Energy [0.08309941949353386, 0.09547716114208056)
     Total Material
       Flux                                 0.0785662 +/- 0.00369494
   Incoming Energy [0.09547716114208056, 0.1096985797892384)
     Total Material
       Flux                                 0.0740508 +/- 0.00241085
   Incoming Energy [0.1096985797892384, 0.12603829296797275)
     Total Material
       Flux                                 0.0722304 +/- 0.00141429
   Incoming Energy [0.12603829296797275, 0.1448118227674533)
     Total Material
       Flux                                 0.0682581 +/- 0.00196736
   Incoming Energy [0.1448118227674533, 0.16638168860761274)
     Total Material
       Flux                                 0.0611137 +/- 0.0019647
   Incoming Energy [0.16638168860761274, 0.19116440753856997)
     Total Material
       Flux                                 0.0556733 +/- 0.00119674
   Incoming Energy [0.19116440753856997, 0.2196385372416547)
     Total Material
       Flux                                 0.0540528 +/- 0.00185954
   Incoming Energy [0.2196385372416547, 0.2523539170434766)
     Total Material
       Flux                                 0.0530851 +/- 0.00171634
   Incoming Energy [0.2523539170434766, 0.28994228538828754)
     Total Material
       Flux                                 0.0497204 +/- 0.00199629
   Incoming Energy [0.28994228538828754, 0.333129478793467)
     Total Material
       Flux                                 0.057002 +/- 0.00208896
   Incoming Energy [0.333129478793467, 0.38274944785163073)
     Total Material
       Flux                                 0.054588 +/- 0.00230592
   Incoming Energy [0.38274944785163073, 0.4397603609302721)
     Total Material
       Flux                                 0.0565928 +/- 0.0014377
   Incoming Energy [0.4397603609302721, 0.505263106533568)
     Total Material
       Flux                                 0.0593591 +/- 0.00151346
   Incoming Energy [0.505263106533568, 0.5805225516094895)
     Total Material
       Flux                                 0.0554428 +/- 0.00226706
   Incoming Energy [0.5805225516094895, 0.6669919663030115)
     Total Material
       Flux                                 0.0579643 +/- 0.00211935
   Incoming Energy [0.6669919663030115, 0.7663410868007446)
     Total Material
       Flux                                 0.0585912 +/- 0.0027704
   Incoming Energy [0.7663410868007446, 0.8804883581643465)
     Total Material
       Flux                                 0.05616 +/- 0.00203202
   Incoming Energy [0.8804883581643465, 1.011637979766207)
     Total Material
       Flux                                 0.061468 +/- 0.00271856
   Incoming Energy [1.011637979766207, 1.162322468679852)
     Total Material
       Flux                                 0.0609642 +/- 0.00235874
   Incoming Energy [1.162322468679852, 1.3354515629298973)
     Total Material
       Flux                                 0.0580722 +/- 0.00283177
   Incoming Energy [1.3354515629298973, 1.53436840893001)
     Total Material
       Flux                                 0.0567534 +/- 0.00255976
   Incoming Energy [1.53436840893001, 1.762914118095948)
     Total Material
       Flux                                 0.0634662 +/- 0.00278525
   Incoming Energy [1.762914118095948, 2.0255019392306663)
     Total Material
       Flux                                 0.0612767 +/- 0.00246691
   Incoming Energy [2.0255019392306663, 2.327202478960407)
     Total Material
       Flux                                 0.0624704 +/- 0.00262306
   Incoming Energy [2.327202478960407, 2.673841615839944)
     Total Material
       Flux                                 0.0641791 +/- 0.00235006
   Incoming Energy [2.673841615839944, 3.072112998861753)
     Total Material
       Flux                                 0.0648588 +/- 0.00272749
   Incoming Energy [3.072112998861753, 3.52970730273065)
     Total Material
       Flux                                 0.0645637 +/- 0.00174245
   Incoming Energy [3.52970730273065, 4.0554607358408274)
     Total Material
       Flux                                 0.061924 +/- 0.00216907
   Incoming Energy [4.0554607358408274, 4.659525668664678)
     Total Material
       Flux                                 0.0647793 +/- 0.00201386
   Incoming Energy [4.659525668664678, 5.3535666774107185)
     Total Material
       Flux                                 0.0621921 +/- 0.00305915
   Incoming Energy [5.3535666774107185, 6.150985788580504)
     Total Material
       Flux                                 0.0596137 +/- 0.00217301
   Incoming Energy [6.150985788580504, 7.067181273927491)
     Total Material
       Flux                                 0.0568184 +/- 0.00219686
   Incoming Energy [7.067181273927491, 8.119844993184008)
     Total Material
       Flux                                 0.0698896 +/- 0.00184587
   Incoming Energy [8.119844993184008, 9.329304026284676)
     Total Material
       Flux                                 0.0656522 +/- 0.00235574
   Incoming Energy [9.329304026284676, 10.718913192051264)
     Total Material
       Flux                                 0.0734208 +/- 0.00256402
   Incoming Energy [10.718913192051264, 12.315506032928262)
     Total Material
       Flux                                 0.0658965 +/- 0.0023532
   Incoming Energy [12.315506032928262, 14.149912974345758)
     Total Material
       Flux                                 0.0669756 +/- 0.00243098
   Incoming Energy [14.149912974345758, 16.257556664437935)
     Total Material
       Flux                                 0.0674159 +/- 0.00224578
   Incoming Energy [16.257556664437935, 18.679135990207808)
     Total Material
       Flux                                 0.0717903 +/- 0.00181233
   Incoming Energy [18.679135990207808, 21.461411978584014)
     Total Material
       Flux                                 0.0630942 +/- 0.00250251
   Incoming Energy [21.461411978584014, 24.658110758226037)
     Total Material
       Flux                                 0.0739637 +/- 0.00244505
   Incoming Energy [24.658110758226037, 28.330961018393243)
     Total Material
       Flux                                 0.0722902 +/- 0.00163051
   Incoming Energy [28.330961018393243, 32.550885998350566)
     Total Material
       Flux                                 0.0731475 +/- 0.00264021
   Incoming Energy [32.550885998350566, 37.39937302478794)
     Total Material
       Flux                                 0.0673653 +/- 0.00229903
   Incoming Energy [37.39937302478794, 42.97004704320835)
     Total Material
       Flux                                 0.0739528 +/- 0.00196623
   Incoming Energy [42.97004704320835, 49.37047852839004)
     Total Material
       Flux                                 0.0739074 +/- 0.00247536
   Incoming Energy [49.37047852839004, 56.72426068491978)
     Total Material
       Flux                                 0.0717159 +/- 0.00214914
   Incoming Energy [56.72426068491978, 65.1733960488242)
     Total Material
       Flux                                 0.0827445 +/- 0.00228383
   Incoming Energy [65.1733960488242, 74.88103857590015)
     Total Material
       Flux                                 0.0798394 +/- 0.0030597
   Incoming Energy [74.88103857590015, 86.03464416684491)
     Total Material
       Flux                                 0.0836176 +/- 0.00226066
   Incoming Energy [86.03464416684491, 98.84959046625586)
     Total Material
       Flux                                 0.0828482 +/- 0.00267377
   Incoming Energy [98.84959046625586, 113.57333583431051)
     Total Material
       Flux                                 0.0799784 +/- 0.00258728
   Incoming Energy [113.57333583431051, 130.49019780144016)
     Total Material
       Flux                                 0.0821817 +/- 0.00203913
   Incoming Energy [130.49019780144016, 149.9268432786044)
     Total Material
       Flux                                 0.0835962 +/- 0.00222864
   Incoming Energy [149.9268432786044, 172.2585965398784)
     Total Material
       Flux                                 0.0849891 +/- 0.0026402
   Incoming Energy [172.2585965398784, 197.91668678535572)
     Total Material
       Flux                                 0.0861068 +/- 0.00381091
   Incoming Energy [197.91668678535572, 227.39657523579274)
     Total Material
       Flux                                 0.0840821 +/- 0.00276915
   Incoming Energy [227.39657523579274, 261.26752255633266)
     Total Material
       Flux                                 0.0841925 +/- 0.00354168
   Incoming Energy [261.26752255633266, 300.1835813575586)
     Total Material
       Flux                                 0.0856092 +/- 0.00204173
   Incoming Energy [300.1835813575586, 344.89622604057524)
     Total Material
       Flux                                 0.0829552 +/- 0.00249658
   Incoming Energy [344.89622604057524, 396.2688638701478)
     Total Material
       Flux                                 0.0870541 +/- 0.00210202
   Incoming Energy [396.2688638701478, 455.29350748669475)
     Total Material
       Flux                                 0.0869274 +/- 0.00343103
   Incoming Energy [455.29350748669475, 523.1099308056258)
     Total Material
       Flux                                 0.0873156 +/- 0.00277613
   Incoming Energy [523.1099308056258, 601.0276782070375)
     Total Material
       Flux                                 0.0885527 +/- 0.00243715
   Incoming Energy [601.0276782070375, 690.5513520162317)
     Total Material
       Flux                                 0.0897509 +/- 0.00220854
   Incoming Energy [690.5513520162317, 793.4096665797492)
     Total Material
       Flux                                 0.0863691 +/- 0.00334241
   Incoming Energy [793.4096665797492, 911.5888299750818)
     Total Material
       Flux                                 0.090886 +/- 0.00298034
   Incoming Energy [911.5888299750818, 1047.3708979594487)
     Total Material
       Flux                                 0.0928268 +/- 0.00254575
   Incoming Energy [1047.3708979594487, 1203.3778407775906)
     Total Material
       Flux                                 0.0915729 +/- 0.00248012
   Incoming Energy [1203.3778407775906, 1382.6221737646536)
     Total Material
       Flux                                 0.0930873 +/- 0.0031412
   Incoming Energy [1382.6221737646536, 1588.5651294280526)
     Total Material
       Flux                                 0.094326 +/- 0.00243849
   Incoming Energy [1588.5651294280526, 1825.1834943190388)
     Total Material
       Flux                                 0.0907908 +/- 0.00314904
   Incoming Energy [1825.1834943190388, 2097.046401323231)
     Total Material
       Flux                                 0.0937689 +/- 0.0026438
   Incoming Energy [2097.046401323231, 2409.403560239527)
     Total Material
       Flux                                 0.0996612 +/- 0.00308868
   Incoming Energy [2409.403560239527, 2768.286630392061)
     Total Material
       Flux                                 0.0921728 +/- 0.0021547
   Incoming Energy [2768.286630392061, 3180.625692794119)
     Total Material
       Flux                                 0.0896981 +/- 0.00271664
   Incoming Energy [3180.625692794119, 3654.383070957247)
     Total Material
       Flux                                 0.0926706 +/- 0.00266136
   Incoming Energy [3654.383070957247, 4198.707084443906)
     Total Material
       Flux                                 0.096123 +/- 0.00309725
   Incoming Energy [4198.707084443906, 4824.108704165374)
     Total Material
       Flux                                 0.0965203 +/- 0.00246475
   Incoming Energy [4824.108704165374, 5542.664520663096)
     Total Material
       Flux                                 0.0967206 +/- 0.00353686
   Incoming Energy [5542.664520663096, 6368.249944718586)
     Total Material
       Flux                                 0.0983127 +/- 0.00311068
   Incoming Energy [6368.249944718586, 7316.807143427177)
     Total Material
       Flux                                 0.100355 +/- 0.00346017
   Incoming Energy [7316.807143427177, 8406.652885618316)
     Total Material
       Flux                                 0.0986114 +/- 0.00274169
   Incoming Energy [8406.652885618316, 9658.832241158709)
     Total Material
       Flux                                 0.096234 +/- 0.0026381
   Incoming Energy [9658.832241158709, 11097.5249641207)
     Total Material
       Flux                                 0.101892 +/- 0.00322554
   Incoming Energy [11097.5249641207, 12750.512407130129)
     Total Material
       Flux                                 0.100727 +/- 0.0030417
   Incoming Energy [12750.512407130129, 14649.713983072817)
     Total Material
       Flux                                 0.100731 +/- 0.00325222
   Incoming Energy [14649.713983072817, 16831.80353330955)
     Total Material
       Flux                                 0.10632 +/- 0.00349502
   Incoming Energy [16831.80353330955, 19338.91750455232)
     Total Material
       Flux                                 0.10639 +/- 0.00383464
   Incoming Energy [19338.91750455232, 22219.468609395193)
     Total Material
       Flux                                 0.104299 +/- 0.00258897
   Incoming Energy [22219.468609395193, 25529.080682395164)
     Total Material
       Flux                                 0.104811 +/- 0.00338561
   Incoming Energy [25529.080682395164, 29331.662783900363)
     Total Material
       Flux                                 0.107148 +/- 0.00215617
   Incoming Energy [29331.662783900363, 33700.64329271925)
     Total Material
       Flux                                 0.109229 +/- 0.00336347
   Incoming Energy [33700.64329271925, 38720.38781812557)
     Total Material
       Flux                                 0.118528 +/- 0.00294633
   Incoming Energy [38720.38781812557, 44487.82831127576)
     Total Material
       Flux                                 0.126081 +/- 0.00380264
   Incoming Energy [44487.82831127576, 51114.334834401656)
     Total Material
       Flux                                 0.128724 +/- 0.00470575
   Incoming Energy [51114.334834401656, 58727.86613189465)
     Total Material
       Flux                                 0.12492 +/- 0.00339982
   Incoming Energy [58727.86613189465, 67475.44053110685)
     Total Material
       Flux                                 0.132811 +/- 0.00632477
   Incoming Energy [67475.44053110685, 77525.97488629464)
     Total Material
       Flux                                 0.141386 +/- 0.0059944
   Incoming Energy [77525.97488629464, 89073.54638610421)
     Total Material
       Flux                                 0.138747 +/- 0.00377169
   Incoming Energy [89073.54638610421, 102341.14021054527)
     Total Material
       Flux                                 0.147485 +/- 0.00464221
   Incoming Energy [102341.14021054527, 117584.95540521534)
     Total Material
       Flux                                 0.15337 +/- 0.00483157
   Incoming Energy [117584.95540521534, 135099.3521198025)
     Total Material
       Flux                                 0.171258 +/- 0.00516794
   Incoming Energy [135099.3521198025, 155222.5357427048)
     Total Material
       Flux                                 0.176016 +/- 0.00469549
   Incoming Energy [155222.5357427048, 178343.08769319058)
     Total Material
       Flux                                 0.197982 +/- 0.00643033
   Incoming Energy [178343.08769319058, 204907.4689815846)
     Total Material
       Flux                                 0.20349 +/- 0.00605362
   Incoming Energy [204907.4689815846, 235428.64143224107)
     Total Material
       Flux                                 0.215582 +/- 0.00488937
   Incoming Energy [235428.64143224107, 270495.97304631316)
     Total Material
       Flux                                 0.237787 +/- 0.00287625
   Incoming Energy [270495.97304631316, 310786.6187782014)
     Total Material
       Flux                                 0.251138 +/- 0.00813019
   Incoming Energy [310786.6187782014, 357078.59649004554)
     Total Material
       Flux                                 0.290815 +/- 0.0080771
   Incoming Energy [357078.59649004554, 410265.81058271904)
     Total Material
       Flux                                 0.258628 +/- 0.00677972
   Incoming Energy [410265.81058271904, 471375.31341167097)
     Total Material
       Flux                                 0.231335 +/- 0.00370258
   Incoming Energy [471375.31341167097, 541587.1378079465)
     Total Material
       Flux                                 0.311177 +/- 0.00640342
   Incoming Energy [541587.1378079465, 622257.0836730232)
     Total Material
       Flux                                 0.357809 +/- 0.00911798
   Incoming Energy [622257.0836730232, 714942.8986597562)
     Total Material
       Flux                                 0.394722 +/- 0.00915613
   Incoming Energy [714942.8986597562, 821434.3584919422)
     Total Material
       Flux                                 0.428346 +/- 0.0125725
   Incoming Energy [821434.3584919422, 943787.8277775352)
     Total Material
       Flux                                 0.408196 +/- 0.00752628
   Incoming Energy [943787.8277775352, 1084365.9686896086)
     Total Material
       Flux                                 0.317859 +/- 0.0100229
   Incoming Energy [1084365.9686896086, 1245883.3642950081)
     Total Material
       Flux                                 0.416084 +/- 0.00900642
   Incoming Energy [1245883.3642950081, 1431458.9375234756)
     Total Material
       Flux                                 0.399329 +/- 0.0145704
   Incoming Energy [1431458.9375234756, 1644676.1779946627)
     Total Material
       Flux                                 0.43178 +/- 0.0154747
   Incoming Energy [1644676.1779946627, 1889652.3396912038)
     Total Material
       Flux                                 0.433151 +/- 0.0109679
   Incoming Energy [1889652.3396912038, 2171117.945694501)
     Total Material
       Flux                                 0.425832 +/- 0.0113342
   Incoming Energy [2171117.945694501, 2494508.135230317)
     Total Material
       Flux                                 0.490288 +/- 0.0124386
   Incoming Energy [2494508.135230317, 2866067.616948244)
     Total Material
       Flux                                 0.444885 +/- 0.0110621
   Incoming Energy [2866067.616948244, 3292971.255097148)
     Total Material
       Flux                                 0.394225 +/- 0.0129671
   Incoming Energy [3292971.255097148, 3783462.6171319326)
     Total Material
       Flux                                 0.2679 +/- 0.0139656
   Incoming Energy [3783462.6171319326, 4347013.158125018)
     Total Material
       Flux                                 0.273047 +/- 0.0139928
   Incoming Energy [4347013.158125018, 4994505.11585514)
     Total Material
       Flux                                 0.231587 +/- 0.00897028
   Incoming Energy [4994505.11585514, 5738441.648302381)
     Total Material
       Flux                                 0.170881 +/- 0.0104199
   Incoming Energy [5738441.648302381, 6593188.271333542)
     Total Material
       Flux                                 0.114772 +/- 0.0122154
   Incoming Energy [6593188.271333542, 7575250.258771921)
     Total Material
       Flux                                 0.0583373 +/- 0.00663076
   Incoming Energy [7575250.258771921, 8703591.361485148)
     Total Material
       Flux                                 0.029818 +/- 0.00454239
   Incoming Energy [8703591.361485148, 10000000)
     Total Material
       Flux                                 0.0165967 +/- 0.00265331
 ====================>     TALLY 9: FISSION_ENERGY     <====================

 Cell 7
   Incoming Energy [9.999999999999999e-06, 1.1489510001873086e-05)
     Total Material
       Fission Rate                         0 +/- 0
   Incoming Energy [1.1489510001873086e-05, 1.3200884008314168e-05)
     Total Material
       Fission Rate                         0 +/- 0
   Incoming Energy [1.3200884008314168e-05, 1.516716888470924e-05)
     Total Material
       Fission Rate                         0 +/- 0
   Incoming Energy [1.516716888470924e-05, 1.742633386009651e-05)
     Total Material
       Fission Rate                         0 +/- 0
   Incoming Energy [1.742633386009651e-05, 2.0022003718155845e-05)
     Total Material
       Fission Rate                         0 +/- 0
   Incoming Energy [2.0022003718155845e-05, 2.3004301197729168e-05)
     Total Material
       Fission Rate                         0 +/- 0
   Incoming Energy [2.3004301197729168e-05, 2.643081486974103e-05)
     Total Material
       Fission Rate                         0 +/- 0
   Incoming Energy [2.643081486974103e-05, 3.0367711180354606e-05)
     Total Material
       Fission Rate                         0 +/- 0
   Incoming Energy [3.0367711180354606e-05, 3.489101213406774e-05)
     Total Material
       Fission Rate                         0 +/- 0
   Incoming Energy [3.489101213406774e-05, 4.008806328898465e-05)
     Total Material
       Fission Rate                         0 +/- 0
   Incoming Energy [4.008806328898465e-05, 4.6059220411451034e-05)
     Total Material
       Fission Rate                         0 +/- 0
   Incoming Energy [4.6059220411451034e-05, 5.2919787359584364e-05)
     Total Material
       Fission Rate                         0 +/- 0
   Incoming Energy [5.2919787359584364e-05, 6.080224261649427e-05)
     Total Material
       Fission Rate                         0 +/- 0
   Incoming Energy [6.080224261649427e-05, 6.985879746785249e-05)
     Total Material
       Fission Rate                         0 +/- 0
   Incoming Energy [6.985879746785249e-05, 8.026433522257174e-05)
     Total Material
       Fission Rate                         0 +/- 0
   Incoming Energy [8.026433522257174e-05, 9.221978823334323e-05)
     Total Material
       Fission Rate                         0 +/- 0
   Incoming Energy [9.221978823334323e-05, 0.00010595601792776158)
     Total Material
       Fission Rate                         0 +/- 0
   Incoming Energy [0.00010595601792776158, 0.00012173827277396621)
     Total Material
       Fission Rate                         0 +/- 0
   Incoming Energy [0.00012173827277396621, 0.00013987131026472387)
     Total Material
       Fission Rate                         0 +/- 0
   Incoming Energy [0.00013987131026472387, 0.00016070528182616383)
     Total Material
       Fission Rate                         0 +/- 0
   Incoming Energy [0.00016070528182616383, 0.00018464249428955425)
     Total Material
       Fission Rate                         0 +/- 0
   Incoming Energy [0.00018464249428955425, 0.00021214517849106298)
     Total Material
       Fission Rate                         0 +/- 0
   Incoming Energy [0.00021214517849106298, 0.00024374441501222218)
     Total Material
       Fission Rate                         0 +/- 0
   Incoming Energy [0.00024374441501222218, 0.0002800503894183631)
     Total Material
       Fission Rate                         0 +/- 0
   Incoming Energy [0.0002800503894183631, 0.0003217641750250735)
     Total Material
       Fission Rate                         6.45478e-05 +/- 6.45478e-05
   Incoming Energy [0.0003217641750250735, 0.00036969127071950243)
     Total Material
       Fission Rate                         0 +/- 0
   Incoming Energy [0.00036969127071950243, 0.00042475715525368984)
     Total Material
       Fission Rate                         0 +/- 0
   Incoming Energy [0.00042475715525368984, 0.0004880251583654434)
     Total Material
       Fission Rate                         0 +/- 0
   Incoming Energy [0.0004880251583654434, 0.0005607169938205458)
     Total Material
       Fission Rate                         0 +/- 0
   Incoming Energy [0.0005607169938205458, 0.000644236350872137)
     Total Material
       Fission Rate                         0.000245869 +/- 0.000232247
   Incoming Energy [0.000644236350872137, 0.0007401959996915637)
     Total Material
       Fission Rate                         7.48683e-05 +/- 7.48683e-05
   Incoming Energy [0.0007401959996915637, 0.0008504489341802677)
     Total Material
       Fission Rate                         0.000484174 +/- 0.000271141
   Incoming Energy [0.0008504489341802677, 0.00097712415353465)
     Total Material
       Fission Rate                         3.58172e-05 +/- 3.58172e-05
   Incoming Energy [0.00097712415353465, 0.0011226677735108135)
     Total Material
       Fission Rate                         4.94647e-06 +/- 4.94647e-06
   Incoming Energy [0.0011226677735108135, 0.001289890261253308)
     Total Material
       Fission Rate                         0.000145354 +/- 9.53693e-05
   Incoming Energy [0.001289890261253308, 0.0014820207057988585)
     Total Material
       Fission Rate                         0.000149529 +/- 0.000134108
   Incoming Energy [0.0014820207057988585, 0.0017027691722258996)
     Total Material
       Fission Rate                         6.38096e-05 +/- 6.38096e-05
   Incoming Energy [0.0017027691722258996, 0.0019563983435170627)
     Total Material
       Fission Rate                         0.000275421 +/- 0.000142536
   Incoming Energy [0.0019563983435170627, 0.002247805833548725)
     Total Material
       Fission Rate                         0.000409665 +/- 0.000202127
   Incoming Energy [0.002247805833548725, 0.002582618760682675)
     Total Material
       Fission Rate                         0.000677597 +/- 0.000235377
   Incoming Energy [0.002582618760682675, 0.0029673024081888696)
     Total Material
       Fission Rate                         0.000929504 +/- 0.000383666
   Incoming Energy [0.0029673024081888696, 0.003409285069746811)
     Total Material
       Fission Rate                         0.00129082 +/- 0.000350953
   Incoming Energy [0.003409285069746811, 0.003917101490809256)
     Total Material
       Fission Rate                         0.000820916 +/- 0.000311519
   Incoming Energy [0.003917101490809256, 0.004500557675700498)
     Total Material
       Fission Rate                         0.000786211 +/- 0.000183066
   Incoming Energy [0.004500557675700498, 0.0051709202428967555)
     Total Material
       Fission Rate                         0.00162613 +/- 0.000648005
   Incoming Energy [0.0051709202428967555, 0.0059411339849650335)
     Total Material
       Fission Rate                         0.00216635 +/- 0.00044369
   Incoming Energy [0.0059411339849650335, 0.006826071834272386)
     Total Material
       Fission Rate                         0.00211021 +/- 0.000380829
   Incoming Energy [0.006826071834272386, 0.007842822061337682)
     Total Material
       Fission Rate                         0.00290558 +/- 0.000464566
   Incoming Energy [0.007842822061337682, 0.009011018251665018)
     Total Material
       Fission Rate                         0.0028976 +/- 0.00055998
   Incoming Energy [0.009011018251665018, 0.010353218432956616)
     Total Material
       Fission Rate                         0.0052888 +/- 0.000717562
   Incoming Energy [0.010353218432956616, 0.011895340673703195)
     Total Material
       Fission Rate                         0.00677104 +/- 0.000751629
   Incoming Energy [0.011895340673703195, 0.013667163564620059)
     Total Material
       Fission Rate                         0.00824091 +/- 0.000895139
   Incoming Energy [0.013667163564620059, 0.015702901247293774)
     Total Material
       Fission Rate                         0.012076 +/- 0.00127437
   Incoming Energy [0.015702901247293774, 0.018041864093920716)
     Total Material
       Fission Rate                         0.0116709 +/- 0.00128377
   Incoming Energy [0.018041864093920716, 0.0207292177959537)
     Total Material
       Fission Rate                         0.0148675 +/- 0.000416384
   Incoming Energy [0.0207292177959537, 0.023816855519761582)
     Total Material
       Fission Rate                         0.0163217 +/- 0.000951159
   Incoming Energy [0.023816855519761582, 0.027364399970746692)
     Total Material
       Fission Rate                         0.0189196 +/- 0.00109428
   Incoming Energy [0.027364399970746692, 0.031440354715915)
     Total Material
       Fission Rate                         0.0199852 +/- 0.00113015
   Incoming Energy [0.031440354715915, 0.0361234269970943)
     Total Material
       Fission Rate                         0.0218934 +/- 0.00137471
   Incoming Energy [0.0361234269970943, 0.041504047578504726)
     Total Material
       Fission Rate                         0.0249421 +/- 0.00143036
   Incoming Energy [0.041504047578504726, 0.04768611697714469)
     Total Material
       Fission Rate                         0.0268398 +/- 0.0011422
   Incoming Energy [0.04768611697714469, 0.054789011795939396)
     Total Material
       Fission Rate                         0.0253033 +/- 0.00157523
   Incoming Energy [0.054789011795939396, 0.06294988990221888)
     Total Material
       Fission Rate                         0.0277939 +/- 0.000955411
   Incoming Energy [0.06294988990221888, 0.07232633896483534)
     Total Material
       Fission Rate                         0.0272439 +/- 0.00132016
   Incoming Energy [0.07232633896483534, 0.08309941949353386)
     Total Material
       Fission Rate                         0.024709 +/- 0.000953023
   Incoming Energy [0.08309941949353386, 0.09547716114208056)
     Total Material
       Fission Rate                         0.0219558 +/- 0.00125415
   Incoming Energy [0.09547716114208056, 0.1096985797892384)
     Total Material
       Fission Rate                         0.0180112 +/- 0.00100755
   Incoming Energy [0.1096985797892384, 0.12603829296797275)
     Total Material
       Fission Rate                         0.0157808 +/- 0.00076884
   Incoming Energy [0.12603829296797275, 0.1448118227674533)
     Total Material
       Fission Rate                         0.0137684 +/- 0.000564927
   Incoming Energy [0.1448118227674533, 0.16638168860761274)
     Total Material
       Fission Rate                         0.0131708 +/- 0.000772689
   Incoming Energy [0.16638168860761274, 0.19116440753856997)
     Total Material
       Fission Rate                         0.0122359 +/- 0.000781391
   Incoming Energy [0.19116440753856997, 0.2196385372416547)
     Total Material
       Fission Rate                         0.0114798 +/- 0.000661189
   Incoming Energy [0.2196385372416547, 0.2523539170434766)
     Total Material
       Fission Rate                         0.0104854 +/- 0.000569813
   Incoming Energy [0.2523539170434766, 0.28994228538828754)
     Total Material
       Fission Rate                         0.0105636 +/- 0.00059344
   Incoming Energy [0.28994228538828754, 0.333129478793467)
     Total Material
       Fission Rate                         0.0127484 +/- 0.000638042
   Incoming Energy [0.333129478793467, 0.38274944785163073)
     Total Material
       Fission Rate                         0.00999005 +/- 0.000717429
   Incoming Energy [0.38274944785163073, 0.4397603609302721)
     Total Material
       Fission Rate                         0.00908431 +/- 0.000410042
   Incoming Energy [0.4397603609302721, 0.505263106533568)
     Total Material
       Fission Rate                         0.00684514 +/- 0.000338609
   Incoming Energy [0.505263106533568, 0.5805225516094895)
     Total Material
       Fission Rate                         0.00558218 +/- 0.000497616
   Incoming Energy [0.5805225516094895, 0.6669919663030115)
     Total Material
       Fission Rate                         0.00517339 +/- 0.000244907
   Incoming Energy [0.6669919663030115, 0.7663410868007446)
     Total Material
       Fission Rate                         0.00484137 +/- 0.000288164
   Incoming Energy [0.7663410868007446, 0.8804883581643465)
     Total Material
       Fission Rate                         0.00466964 +/- 0.000267965
   Incoming Energy [0.8804883581643465, 1.011637979766207)
     Total Material
       Fission Rate                         0.00517108 +/- 0.000259901
   Incoming Energy [1.011637979766207, 1.162322468679852)
     Total Material
       Fission Rate                         0.00748437 +/- 0.000398435
   Incoming Energy [1.162322468679852, 1.3354515629298973)
     Total Material
       Fission Rate                         0.00386792 +/- 0.000309128
   Incoming Energy [1.3354515629298973, 1.53436840893001)
     Total Material
       Fission Rate                         0.00159825 +/- 0.000104904
   Incoming Energy [1.53436840893001, 1.762914118095948)
     Total Material
       Fission Rate                         0.00138613 +/- 7.36226e-05
   Incoming Energy [1.762914118095948, 2.0255019392306663)
     Total Material
       Fission Rate                         0.00145286 +/- 7.33993e-05
   Incoming Energy [2.0255019392306663, 2.327202478960407)
     Total Material
       Fission Rate                         0.00143276 +/- 7.39081e-05
   Incoming Energy [2.327202478960407, 2.673841615839944)
     Total Material
       Fission Rate                         0.00095253 +/- 6.63668e-05
   Incoming Energy [2.673841615839944, 3.072112998861753)
     Total Material
       Fission Rate                         0.00179872 +/- 0.000130548
   Incoming Energy [3.072112998861753, 3.52970730273065)
     Total Material
       Fission Rate                         0.00301219 +/- 0.000177444
   Incoming Energy [3.52970730273065, 4.0554607358408274)
     Total Material
       Fission Rate                         0.00226452 +/- 0.000160618
   Incoming Energy [4.0554607358408274, 4.659525668664678)
     Total Material
       Fission Rate                         0.000377716 +/- 2.41254e-05
   Incoming Energy [4.659525668664678, 5.3535666774107185)
     Total Material
       Fission Rate                         0.000787428 +/- 4.68896e-05
   Incoming Energy [5.3535666774107185, 6.150985788580504)
     Total Material
       Fission Rate                         0.00160923 +/- 8.58938e-05
   Incoming Energy [6.150985788580504, 7.067181273927491)
     Total Material
       Fission Rate                         0.00213693 +/- 0.000192604
   Incoming Energy [7.067181273927491, 8.119844993184008)
     Total Material
       Fission Rate                         0.00103211 +/- 8.63906e-05
   Incoming Energy [8.119844993184008, 9.329304026284676)
     Total Material
       Fission Rate                         0.00877613 +/- 0.000766416
   Incoming Energy [9.329304026284676, 10.718913192051264)
     Total Material
       Fission Rate                         0.00280058 +/- 0.000150066
   Incoming Energy [10.718913192051264, 12.315506032928262)
     Total Material
       Fission Rate                         0.00235166 +/- 0.000119568
   Incoming Energy [12.315506032928262, 14.149912974345758)
     Total Material
       Fission Rate                         0.00486273 +/- 0.000365639
   Incoming Energy [14.149912974345758, 16.257556664437935)
     Total Material
       Fission Rate                         0.0025917 +/- 0.000199957
   Incoming Energy [16.257556664437935, 18.679135990207808)
     Total Material
       Fission Rate                         0.00277682 +/- 0.000170549
   Incoming Energy [18.679135990207808, 21.461411978584014)
     Total Material
       Fission Rate                         0.0038596 +/- 0.000257358
   Incoming Energy [21.461411978584014, 24.658110758226037)
     Total Material
       Fission Rate                         0.00328739 +/- 0.000175214
   Incoming Energy [24.658110758226037, 28.330961018393243)
     Total Material
       Fission Rate                         0.00430065 +/- 0.000171746
   Incoming Energy [28.330961018393243, 32.550885998350566)
     Total Material
       Fission Rate                         0.00197304 +/- 0.000175261
   Incoming Energy [32.550885998350566, 37.39937302478794)
     Total Material
       Fission Rate                         0.00477476 +/- 0.000460377
   Incoming Energy [37.39937302478794, 42.97004704320835)
     Total Material
       Fission Rate                         0.00357038 +/- 0.000227972
   Incoming Energy [42.97004704320835, 49.37047852839004)
     Total Material
       Fission Rate                         0.00349289 +/- 0.000131269
   Incoming Energy [49.37047852839004, 56.72426068491978)
     Total Material
       Fission Rate                         0.00596594 +/- 0.000446564
   Incoming Energy [56.72426068491978, 65.1733960488242)
     Total Material
       Fission Rate                         0.00312111 +/- 0.00018156
   Incoming Energy [65.1733960488242, 74.88103857590015)
     Total Material
       Fission Rate                         0.0024771 +/- 0.000216802
   Incoming Energy [74.88103857590015, 86.03464416684491)
     Total Material
       Fission Rate                         0.00310308 +/- 0.000204645
   Incoming Energy [86.03464416684491, 98.84959046625586)
     Total Material
       Fission Rate                         0.00277171 +/- 0.000179566
   Incoming Energy [98.84959046625586, 113.57333583431051)
     Total Material
       Fission Rate                         0.00157383 +/- 0.000115866
   Incoming Energy [113.57333583431051, 130.49019780144016)
     Total Material
       Fission Rate                         0.00289196 +/- 0.000217066
   Incoming Energy [130.49019780144016, 149.9268432786044)
     Total Material
       Fission Rate                         0.00296808 +/- 0.000171894
   Incoming Energy [149.9268432786044, 172.2585965398784)
     Total Material
       Fission Rate                         0.00214973 +/- 0.00011342
   Incoming Energy [172.2585965398784, 197.91668678535572)
     Total Material
       Fission Rate                         0.00220179 +/- 0.000131765
   Incoming Energy [197.91668678535572, 227.39657523579274)
     Total Material
       Fission Rate                         0.00250009 +/- 0.000160165
   Incoming Energy [227.39657523579274, 261.26752255633266)
     Total Material
       Fission Rate                         0.00244173 +/- 0.000134391
   Incoming Energy [261.26752255633266, 300.1835813575586)
     Total Material
       Fission Rate                         0.00252096 +/- 0.000147334
   Incoming Energy [300.1835813575586, 344.89622604057524)
     Total Material
       Fission Rate                         0.00184589 +/- 0.000116067
   Incoming Energy [344.89622604057524, 396.2688638701478)
     Total Material
       Fission Rate                         0.00141517 +/- 8.52184e-05
   Incoming Energy [396.2688638701478, 455.29350748669475)
     Total Material
       Fission Rate                         0.00154483 +/- 0.000128421
   Incoming Energy [455.29350748669475, 523.1099308056258)
     Total Material
       Fission Rate                         0.00204916 +/- 8.50165e-05
   Incoming Energy [523.1099308056258, 601.0276782070375)
     Total Material
       Fission Rate                         0.00170637 +/- 9.73159e-05
   Incoming Energy [601.0276782070375, 690.5513520162317)
     Total Material
       Fission Rate                         0.00152664 +/- 7.54718e-05
   Incoming Energy [690.5513520162317, 793.4096665797492)
     Total Material
       Fission Rate                         0.00144498 +/- 6.31363e-05
   Incoming Energy [793.4096665797492, 911.5888299750818)
     Total Material
       Fission Rate                         0.00112617 +/- 6.47821e-05
   Incoming Energy [911.5888299750818, 1047.3708979594487)
     Total Material
       Fission Rate                         0.00096612 +/- 5.32827e-05
   Incoming Energy [1047.3708979594487, 1203.3778407775906)
     Total Material
       Fission Rate                         0.00134729 +/- 7.3416e-05
   Incoming Energy [1203.3778407775906, 1382.6221737646536)
     Total Material
       Fission Rate                         0.00102405 +/- 4.93817e-05
   Incoming Energy [1382.6221737646536, 1588.5651294280526)
     Total Material
       Fission Rate                         0.000927006 +/- 5.83764e-05
   Incoming Energy [1588.5651294280526, 1825.1834943190388)
     Total Material
       Fission Rate                         0.000955156 +/- 5.25148e-05
   Incoming Energy [1825.1834943190388, 2097.046401323231)
     Total Material
       Fission Rate                         0.000824151 +/- 2.53024e-05
   Incoming Energy [2097.046401323231, 2409.403560239527)
     Total Material
       Fission Rate                         0.000799156 +/- 3.73749e-05
   Incoming Energy [2409.403560239527, 2768.286630392061)
     Total Material
       Fission Rate                         0.000801328 +/- 3.69153e-05
   Incoming Energy [2768.286630392061, 3180.625692794119)
     Total Material
       Fission Rate                         0.000710954 +/- 4.24867e-05
   Incoming Energy [3180.625692794119, 3654.383070957247)
     Total Material
       Fission Rate                         0.000678298 +/- 3.27042e-05
   Incoming Energy [3654.383070957247, 4198.707084443906)
     Total Material
       Fission Rate                         0.000672317 +/- 2.79766e-05
   Incoming Energy [4198.707084443906, 4824.108704165374)
     Total Material
       Fission Rate                         0.000647906 +/- 3.9899e-05
   Incoming Energy [4824.108704165374, 5542.664520663096)
     Total Material
       Fission Rate                         0.00061718 +/- 2.5424e-05
   Incoming Energy [5542.664520663096, 6368.249944718586)
     Total Material
       Fission Rate                         0.000569213 +/- 2.79962e-05
   Incoming Energy [6368.249944718586, 7316.807143427177)
     Total Material
       Fission Rate                         0.000506512 +/- 2.4299e-05
   Incoming Energy [7316.807143427177, 8406.652885618316)
     Total Material
       Fission Rate                         0.000461088 +/- 2.59883e-05
   Incoming Energy [8406.652885618316, 9658.832241158709)
     Total Material
       Fission Rate                         0.000447892 +/- 2.36694e-05
   Incoming Energy [9658.832241158709, 11097.5249641207)
     Total Material
       Fission Rate                         0.000493633 +/- 2.01916e-05
   Incoming Energy [11097.5249641207, 12750.512407130129)
     Total Material
       Fission Rate                         0.000424842 +/- 1.69011e-05
   Incoming Energy [12750.512407130129, 14649.713983072817)
     Total Material
       Fission Rate                         0.000408192 +/- 2.09887e-05
   Incoming Energy [14649.713983072817, 16831.80353330955)
     Total Material
       Fission Rate                         0.000428494 +/- 1.90167e-05
   Incoming Energy [16831.80353330955, 19338.91750455232)
     Total Material
       Fission Rate                         0.00040489 +/- 1.78866e-05
   Incoming Energy [19338.91750455232, 22219.468609395193)
     Total Material
       Fission Rate                         0.00040892 +/- 1.68652e-05
   Incoming Energy [22219.468609395193, 25529.080682395164)
     Total Material
       Fission Rate                         0.000384923 +/- 1.62085e-05
   Incoming Energy [25529.080682395164, 29331.662783900363)
     Total Material
       Fission Rate                         0.000379565 +/- 1.04204e-05
   Incoming Energy [29331.662783900363, 33700.64329271925)
     Total Material
       Fission Rate                         0.000350114 +/- 1.46317e-05
   Incoming Energy [33700.64329271925, 38720.38781812557)
     Total Material
       Fission Rate                         0.000366255 +/- 1.71446e-05
   Incoming Energy [38720.38781812557, 44487.82831127576)
     Total Material
       Fission Rate                         0.000382569 +/- 1.55681e-05
   Incoming Energy [44487.82831127576, 51114.334834401656)
     Total Material
       Fission Rate                         0.000368581 +/- 2.24279e-05
   Incoming Energy [51114.334834401656, 58727.86613189465)
     Total Material
       Fission Rate                         0.000362222 +/- 1.73075e-05
   Incoming Energy [58727.86613189465, 67475.44053110685)
     Total Material
       Fission Rate                         0.000365222 +/- 2.23635e-05
   Incoming Energy [67475.44053110685, 77525.97488629464)
     Total Material
       Fission Rate                         0.000381282 +/- 1.84392e-05
   Incoming Energy [77525.97488629464, 89073.54638610421)
     Total Material
       Fission Rate                         0.000349341 +/- 9.98007e-06
   Incoming Energy [89073.54638610421, 102341.14021054527)
     Total Material
       Fission Rate                         0.000379355 +/- 1.22755e-05
   Incoming Energy [102341.14021054527, 117584.95540521534)
     Total Material
       Fission Rate                         0.000390669 +/- 1.39505e-05
   Incoming Energy [117584.95540521534, 135099.3521198025)
     Total Material
       Fission Rate                         0.000419919 +/- 1.73688e-05
   Incoming Energy [135099.3521198025, 155222.5357427048)
     Total Material
       Fission Rate                         0.00042406 +/- 1.85128e-05
   Incoming Energy [155222.5357427048, 178343.08769319058)
     Total Material
       Fission Rate                         0.000455715 +/- 1.66428e-05
   Incoming Energy [178343.08769319058, 204907.4689815846)
     Total Material
       Fission Rate                         0.000482073 +/- 1.95454e-05
   Incoming Energy [204907.4689815846, 235428.64143224107)
     Total Material
       Fission Rate                         0.000474891 +/- 1.17597e-05
   Incoming Energy [235428.64143224107, 270495.97304631316)
     Total Material
       Fission Rate                         0.000503567 +/- 1.3236e-05
   Incoming Energy [270495.97304631316, 310786.6187782014)
     Total Material
       Fission Rate                         0.000539232 +/- 1.71986e-05
   Incoming Energy [310786.6187782014, 357078.59649004554)
     Total Material
       Fission Rate                         0.00062805 +/- 2.39978e-05
   Incoming Energy [357078.59649004554, 410265.81058271904)
     Total Material
       Fission Rate                         0.000544956 +/- 2.0135e-05
   Incoming Energy [410265.81058271904, 471375.31341167097)
     Total Material
       Fission Rate                         0.000461125 +/- 9.16846e-06
   Incoming Energy [471375.31341167097, 541587.1378079465)
     Total Material
       Fission Rate                         0.000618676 +/- 1.35432e-05
   Incoming Energy [541587.1378079465, 622257.0836730232)
     Total Material
       Fission Rate                         0.00072178 +/- 2.45789e-05
   Incoming Energy [622257.0836730232, 714942.8986597562)
     Total Material
       Fission Rate                         0.000782816 +/- 1.70238e-05
   Incoming Energy [714942.8986597562, 821434.3584919422)
     Total Material
       Fission Rate                         0.000851425 +/- 3.02392e-05
   Incoming Energy [821434.3584919422, 943787.8277775352)
     Total Material
       Fission Rate                         0.000822781 +/- 1.6463e-05
   Incoming Energy [943787.8277775352, 1084365.9686896086)
     Total Material
       Fission Rate                         0.000735375 +/- 2.57365e-05
   Incoming Energy [1084365.9686896086, 1245883.3642950081)
     Total Material
       Fission Rate                         0.000996816 +/- 2.4746e-05
   Incoming Energy [1245883.3642950081, 1431458.9375234756)
     Total Material
       Fission Rate                         0.00120054 +/- 4.93395e-05
   Incoming Energy [1431458.9375234756, 1644676.1779946627)
     Total Material
       Fission Rate                         0.00204842 +/- 8.04555e-05
   Incoming Energy [1644676.1779946627, 1889652.3396912038)
     Total Material
       Fission Rate                         0.00237298 +/- 7.9541e-05
   Incoming Energy [1889652.3396912038, 2171117.945694501)
     Total Material
       Fission Rate                         0.00254554 +/- 6.17071e-05
   Incoming Energy [2171117.945694501, 2494508.135230317)
     Total Material
       Fission Rate                         0.00291003 +/- 7.62794e-05
   Incoming Energy [2494508.135230317, 2866067.616948244)
     Total Material
       Fission Rate                         0.00267085 +/- 7.93085e-05
   Incoming Energy [2866067.616948244, 3292971.255097148)
     Total Material
       Fission Rate                         0.00225757 +/- 8.58577e-05
   Incoming Energy [3292971.255097148, 3783462.6171319326)
     Total Material
       Fission Rate                         0.00157672 +/- 7.85043e-05
   Incoming Energy [3783462.6171319326, 4347013.158125018)
     Total Material
       Fission Rate                         0.00160276 +/- 8.33164e-05
   Incoming Energy [4347013.158125018, 4994505.11585514)
     Total Material
       Fission Rate                         0.0013683 +/- 5.30121e-05
   Incoming Energy [4994505.11585514, 5738441.648302381)
     Total Material
       Fission Rate                         0.000991183 +/- 4.92072e-05
   Incoming Energy [5738441.648302381, 6593188.271333542)
     Total Material
       Fission Rate                         0.000742941 +/- 8.30932e-05
   Incoming Energy [6593188.271333542, 7575250.258771921)
     Total Material
       Fission Rate                         0.000532029 +/- 5.51463e-05
   Incoming Energy [7575250.258771921, 8703591.361485148)
     Total Material
       Fission Rate                         0.000330431 +/- 5.69799e-05
   Incoming Energy [8703591.361485148, 10000000)
     Total Material
       Fission Rate                         0.00018771 +/- 3.26931e-05
