 =================>     TALLY 16: FUEL_FLUX_SPECTRUM     <==================

 Cell 16
   Incoming Energy [9.999999999999999e-06, 1.1489510001873086e-05)
     Total Material
       Flux                                 0 +/- 0
   Incoming Energy [1.1489510001873086e-05, 1.3200884008314168e-05)
     Total Material
       Flux                                 0 +/- 0
   Incoming Energy [1.3200884008314168e-05, 1.516716888470924e-05)
     Total Material
       Flux                                 0 +/- 0
   Incoming Energy [1.516716888470924e-05, 1.742633386009651e-05)
     Total Material
       Flux                                 0 +/- 0
   Incoming Energy [1.742633386009651e-05, 2.0022003718155845e-05)
     Total Material
       Flux                                 0 +/- 0
   Incoming Energy [2.0022003718155845e-05, 2.3004301197729168e-05)
     Total Material
       Flux                                 0 +/- 0
   Incoming Energy [2.3004301197729168e-05, 2.643081486974103e-05)
     Total Material
       Flux                                 0 +/- 0
   Incoming Energy [2.643081486974103e-05, 3.0367711180354606e-05)
     Total Material
       Flux                                 0 +/- 0
   Incoming Energy [3.0367711180354606e-05, 3.489101213406774e-05)
     Total Material
       Flux                                 0 +/- 0
   Incoming Energy [3.489101213406774e-05, 4.008806328898465e-05)
     Total Material
       Flux                                 0 +/- 0
   Incoming Energy [4.008806328898465e-05, 4.6059220411451034e-05)
     Total Material
       Flux                                 0 +/- 0
   Incoming Energy [4.6059220411451034e-05, 5.2919787359584364e-05)
     Total Material
       Flux                                 0 +/- 0
   Incoming Energy [5.2919787359584364e-05, 6.080224261649427e-05)
     Total Material
       Flux                                 0 +/- 0
   Incoming Energy [6.080224261649427e-05, 6.985879746785249e-05)
     Total Material
       Flux                                 0 +/- 0
   Incoming Energy [6.985879746785249e-05, 8.026433522257174e-05)
     Total Material
       Flux                                 0 +/- 0
   Incoming Energy [8.026433522257174e-05, 9.221978823334323e-05)
     Total Material
       Flux                                 0 +/- 0
   Incoming Energy [9.221978823334323e-05, 0.00010595601792776158)
     Total Material
       Flux                                 3.95833e-07 +/- 3.95833e-07
   Incoming Energy [0.00010595601792776158, 0.00012173827277396621)
     Total Material
       Flux                                 0 +/- 0
   Incoming Energy [0.00012173827277396621, 0.00013987131026472387)
     Total Material
       Flux                                 0 +/- 0
   Incoming Energy [0.00013987131026472387, 0.00016070528182616383)
     Total Material
       Flux                                 0 +/- 0
   Incoming Energy [0.00016070528182616383, 0.00018464249428955425)
     Total Material
       Flux                                 0 +/- 0
   Incoming Energy [0.00018464249428955425, 0.00021214517849106298)
     Total Material
       Flux                                 0 +/- 0
   Incoming Energy [0.00021214517849106298, 0.00024374441501222218)
     Total Material
       Flux                                 0 +/- 0
   Incoming Energy [0.00024374441501222218, 0.0002800503894183631)
     Total Material
       Flux                                 1.14891e-06 +/- 1.14891e-06
   Incoming Energy [0.0002800503894183631, 0.0003217641750250735)
     Total Material
       Flux                                 0 +/- 0
   Incoming Energy [0.0003217641750250735, 0.00036969127071950243)
     Total Material
       Flux                                 0 +/- 0
   Incoming Energy [0.00036969127071950243, 0.00042475715525368984)
     Total Material
       Flux                                 0 +/- 0
   Incoming Energy [0.00042475715525368984, 0.0004880251583654434)
     Total Material
       Flux                                 0 +/- 0
   Incoming Energy [0.0004880251583654434, 0.0005607169938205458)
     Total Material
       Flux                                 0 +/- 0
   Incoming Energy [0.0005607169938205458, 0.000644236350872137)
     Total Material
       Flux                                 2.67701e-07 +/- 2.67701e-07
   Incoming Energy [0.000644236350872137, 0.0007401959996915637)
     Total Material
       Flux                                 1.36893e-05 +/- 1.01661e-05
   Incoming Energy [0.0007401959996915637, 0.0008504489341802677)
     Total Material
       Flux                                 0 +/- 0
   Incoming Energy [0.0008504489341802677, 0.00097712415353465)
     Total Material
       Flux                                 0 +/- 0
   Incoming Energy [0.00097712415353465, 0.0011226677735108135)
     Total Material
       Flux                                 5.18878e-06 +/- 3.54108e-06
   Incoming Energy [0.0011226677735108135, 0.001289890261253308)
     Total Material
       Flux                                 1.036e-05 +/- 4.81738e-06
   Incoming Energy [0.001289890261253308, 0.0014820207057988585)
     Total Material
       Flux                                 2.36757e-05 +/- 1.67744e-05
   Incoming Energy [0.0014820207057988585, 0.0017027691722258996)
     Total Material
       Flux                                 7.66167e-06 +/- 6.02819e-06
   Incoming Energy [0.0017027691722258996, 0.0019563983435170627)
     Total Material
       Flux                                 1.69046e-05 +/- 8.54245e-06
   Incoming Energy [0.0019563983435170627, 0.002247805833548725)
     Total Material
       Flux                                 1.14957e-05 +/- 5.095e-06
   Incoming Energy [0.002247805833548725, 0.002582618760682675)
     Total Material
       Flux                                 3.27825e-05 +/- 2.33533e-05
   Incoming Energy [0.002582618760682675, 0.0029673024081888696)
     Total Material
       Flux                                 7.60186e-05 +/- 2.55967e-05
   Incoming Energy [0.0029673024081888696, 0.003409285069746811)
     Total Material
       Flux                                 8.51446e-05 +/- 3.3446e-05
   Incoming Energy [0.003409285069746811, 0.003917101490809256)
     Total Material
       Flux                                 9.82939e-05 +/- 3.73356e-05
   Incoming Energy [0.003917101490809256, 0.004500557675700498)
     Total Material
       Flux                                 0.000252939 +/- 5.7985e-05
   Incoming Energy [0.004500557675700498, 0.0051709202428967555)
     Total Material
       Flux                                 0.000285583 +/- 6.73713e-05
   Incoming Energy [0.0051709202428967555, 0.0059411339849650335)
     Total Material
       Flux                                 0.000345267 +/- 5.47005e-05
   Incoming Energy [0.0059411339849650335, 0.006826071834272386)
     Total Material
       Flux                                 0.000520975 +/- 6.84373e-05
   Incoming Energy [0.006826071834272386, 0.007842822061337682)
     Total Material
       Flux                                 0.000576661 +/- 0.000115358
   Incoming Energy [0.007842822061337682, 0.009011018251665018)
     Total Material
       Flux                                 0.000672863 +/- 8.34123e-05
   Incoming Energy [0.009011018251665018, 0.010353218432956616)
     Total Material
       Flux                                 0.00120798 +/- 0.000196699
   Incoming Energy [0.010353218432956616, 0.011895340673703195)
     Total Material
       Flux                                 0.0014184 +/- 8.26778e-05
   Incoming Energy [0.011895340673703195, 0.013667163564620059)
     Total Material
       Flux                                 0.00178236 +/- 0.000187651
   Incoming Energy [0.013667163564620059, 0.015702901247293774)
     Total Material
       Flux                                 0.00223857 +/- 0.000320003
   Incoming Energy [0.015702901247293774, 0.018041864093920716)
     Total Material
       Flux                                 0.00247554 +/- 0.000277481
   Incoming Energy [0.018041864093920716, 0.0207292177959537)
     Total Material
       Flux                                 0.00417006 +/- 0.000276214
   Incoming Energy [0.0207292177959537, 0.023816855519761582)
     Total Material
       Flux                                 0.00481789 +/- 0.000317647
   Incoming Energy [0.023816855519761582, 0.027364399970746692)
     Total Material
       Flux                                 0.00621159 +/- 0.000434678
   Incoming Energy [0.027364399970746692, 0.031440354715915)
     Total Material
       Flux                                 0.00784443 +/- 0.000580304
   Incoming Energy [0.031440354715915, 0.0361234269970943)
     Total Material
       Flux                                 0.00813651 +/- 0.000627742
   Incoming Energy [0.0361234269970943, 0.041504047578504726)
     Total Material
       Flux                                 0.00997606 +/- 0.000480432
   Incoming Energy [0.041504047578504726, 0.04768611697714469)
     Total Material
       Flux                                 0.0126565 +/- 0.000950397
   Incoming Energy [0.04768611697714469, 0.054789011795939396)
     Total Material
       Flux                                 0.0129894 +/- 0.00070926
   Incoming Energy [0.054789011795939396, 0.06294988990221888)
     Total Material
       Flux                                 0.0126559 +/- 0.000678868
   Incoming Energy [0.06294988990221888, 0.07232633896483534)
     Total Material
       Flux                                 0.0155999 +/- 0.000527284
   Incoming Energy [0.07232633896483534, 0.08309941949353386)
     Total Material
       Flux                                 0.018856 +/- 0.00104311
   Incoming Energy [0.08309941949353386, 0.09547716114208056)
     Total Material
       Flux                                 0.0155556 +/- 0.00100176
   Incoming Energy [0.09547716114208056, 0.1096985797892384)
     Total Material
       Flux                                 0.0168131 +/- 0.00104386
   Incoming Energy [0.1096985797892384, 0.12603829296797275)
     Total Material
       Flux                                 0.0173182 +/- 0.00126442
   Incoming Energy [0.12603829296797275, 0.1448118227674533)
     Total Material
       Flux                                 0.0149667 +/- 0.00042633
   Incoming Energy [0.1448118227674533, 0.16638168860761274)
     Total Material
       Flux                                 0.0145898 +/- 0.000830072
   Incoming Energy [0.16638168860761274, 0.19116440753856997)
     Total Material
       Flux                                 0.014797 +/- 0.00122173
   Incoming Energy [0.19116440753856997, 0.2196385372416547)
     Total Material
       Flux                                 0.0137853 +/- 0.000760315
   Incoming Energy [0.2196385372416547, 0.2523539170434766)
     Total Material
       Flux                                 0.0136705 +/- 0.000812042
   Incoming Energy [0.2523539170434766, 0.28994228538828754)
     Total Material
       Flux                                 0.0135454 +/- 0.000868538
   Incoming Energy [0.28994228538828754, 0.333129478793467)
     Total Material
       Flux                                 0.0139604 +/- 0.000868937
   Incoming Energy [0.333129478793467, 0.38274944785163073)
     Total Material
       Flux                                 0.0156694 +/- 0.0010207
   Incoming Energy [0.38274944785163073, 0.4397603609302721)
     Total Material
       Flux                                 0.0152797 +/- 0.000767401
   Incoming Energy [0.4397603609302721, 0.505263106533568)
     Total Material
       Flux                                 0.0177323 +/- 0.000972967
   Incoming Energy [0.505263106533568, 0.5805225516094895)
     Total Material
       Flux                                 0.0190045 +/- 0.00109615
   Incoming Energy [0.5805225516094895, 0.6669919663030115)
     Total Material
       Flux                                 0.0208495 +/- 0.000962692
   Incoming Energy [0.6669919663030115, 0.7663410868007446)
     Total Material
       Flux                                 0.0215314 +/- 0.00111982
   Incoming Energy [0.7663410868007446, 0.8804883581643465)
     Total Material
       Flux                                 0.0214549 +/- 0.000926856
   Incoming Energy [0.8804883581643465, 1.011637979766207)
     Total Material
       Flux                                 0.0208087 +/- 0.00101967
   Incoming Energy [1.011637979766207, 1.162322468679852)
     Total Material
       Flux                                 0.0180278 +/- 0.000774588
   Incoming Energy [1.162322468679852, 1.3354515629298973)
     Total Material
       Flux                                 0.0226875 +/- 0.000957578
   Incoming Energy [1.3354515629298973, 1.53436840893001)
     Total Material
       Flux                                 0.0225111 +/- 0.00089393
   Incoming Energy [1.53436840893001, 1.762914118095948)
     Total Material
       Flux                                 0.0232409 +/- 0.00128026
   Incoming Energy [1.762914118095948, 2.0255019392306663)
     Total Material
       Flux                                 0.0228178 +/- 0.00102823
   Incoming Energy [2.0255019392306663, 2.327202478960407)
     Total Material
       Flux                                 0.0225145 +/- 0.00140922
   Incoming Energy [2.327202478960407, 2.673841615839944)
     Total Material
       Flux                                 0.0234768 +/- 0.000940263
   Incoming Energy [2.673841615839944, 3.072112998861753)
     Total Material
       Flux                                 0.0261322 +/- 0.00127377
   Incoming Energy [3.072112998861753, 3.52970730273065)
     Total Material
       Flux                                 0.0206272 +/- 0.00142362
   Incoming Energy [3.52970730273065, 4.0554607358408274)
     Total Material
       Flux                                 0.0225806 +/- 0.000988478
   Incoming Energy [4.0554607358408274, 4.659525668664678)
     Total Material
       Flux                                 0.0253899 +/- 0.00168224
   Incoming Energy [4.659525668664678, 5.3535666774107185)
     Total Material
       Flux                                 0.0216768 +/- 0.000867707
   Incoming Energy [5.3535666774107185, 6.150985788580504)
     Total Material
       Flux                                 0.0229038 +/- 0.00156748
   Incoming Energy [6.150985788580504, 7.067181273927491)
     Total Material
       Flux                                 0.00930544 +/- 0.000635691
   Incoming Energy [7.067181273927491, 8.119844993184008)
     Total Material
       Flux                                 0.0261037 +/- 0.00162465
   Incoming Energy [8.119844993184008, 9.329304026284676)
     Total Material
       Flux                                 0.0189199 +/- 0.00110372
   Incoming Energy [9.329304026284676, 10.718913192051264)
     Total Material
       Flux                                 0.025582 +/- 0.00170336
   Incoming Energy [10.718913192051264, 12.315506032928262)
     Total Material
       Flux                                 0.0230997 +/- 0.00176196
   Incoming Energy [12.315506032928262, 14.149912974345758)
     Total Material
       Flux                                 0.024648 +/- 0.00164755
   Incoming Energy [14.149912974345758, 16.257556664437935)
     Total Material
       Flux                                 0.0267396 +/- 0.00139995
   Incoming Energy [16.257556664437935, 18.679135990207808)
     Total Material
       Flux                                 0.0273834 +/- 0.00189881
   Incoming Energy [18.679135990207808, 21.461411978584014)
     Total Material
       Flux                                 0.017537 +/- 0.000916244
   Incoming Energy [21.461411978584014, 24.658110758226037)
     Total Material
       Flux                                 0.0253817 +/- 0.00112171
   Incoming Energy [24.658110758226037, 28.330961018393243)
     Total Material
       Flux                                 0.0258338 +/- 0.00123111
   Incoming Energy [28.330961018393243, 32.550885998350566)
     Total Material
       Flux                                 0.0269855 +/- 0.00114764
   Incoming Energy [32.550885998350566, 37.39937302478794)
     Total Material
       Flux                                 0.021348 +/- 0.000810457
   Incoming Energy [37.39937302478794, 42.97004704320835)
     Total Material
       Flux                                 0.0264003 +/- 0.00160993
   Incoming Energy [42.97004704320835, 49.37047852839004)
     Total Material
       Flux                                 0.0260372 +/- 0.00164766
   Incoming Energy [49.37047852839004, 56.72426068491978)
     Total Material
       Flux                                 0.0258758 +/- 0.00107518
   Incoming Energy [56.72426068491978, 65.1733960488242)
     Total Material
       Flux                                 0.0297951 +/- 0.00189157
   Incoming Energy [65.1733960488242, 74.88103857590015)
     Total Material
       Flux                                 0.0270762 +/- 0.000917325
   Incoming Energy [74.88103857590015, 86.03464416684491)
     Total Material
       Flux                                 0.0306483 +/- 0.00155231
   Incoming Energy [86.03464416684491, 98.84959046625586)
     Total Material
       Flux                                 0.0325873 +/- 0.00121394
   Incoming Energy [98.84959046625586, 113.57333583431051)
     Total Material
       Flux                                 0.027975 +/- 0.000956125
   Incoming Energy [113.57333583431051, 130.49019780144016)
     Total Material
       Flux                                 0.0313982 +/- 0.00160934
   Incoming Energy [130.49019780144016, 149.9268432786044)
     Total Material
       Flux                                 0.0341271 +/- 0.00139053
   Incoming Energy [149.9268432786044, 172.2585965398784)
     Total Material
       Flux                                 0.0312922 +/- 0.00127145
   Incoming Energy [172.2585965398784, 197.91668678535572)
     Total Material
       Flux                                 0.035458 +/- 0.00122616
   Incoming Energy [197.91668678535572, 227.39657523579274)
     Total Material
       Flux                                 0.031847 +/- 0.00176489
   Incoming Energy [227.39657523579274, 261.26752255633266)
     Total Material
       Flux                                 0.0322273 +/- 0.00174585
   Incoming Energy [261.26752255633266, 300.1835813575586)
     Total Material
       Flux                                 0.0349433 +/- 0.00188079
   Incoming Energy [300.1835813575586, 344.89622604057524)
     Total Material
       Flux                                 0.0391139 +/- 0.00139532
   Incoming Energy [344.89622604057524, 396.2688638701478)
     Total Material
       Flux                                 0.0351562 +/- 0.00172833
   Incoming Energy [396.2688638701478, 455.29350748669475)
     Total Material
       Flux                                 0.0382467 +/- 0.0021137
   Incoming Energy [455.29350748669475, 523.1099308056258)
     Total Material
       Flux                                 0.0354608 +/- 0.00172414
   Incoming Energy [523.1099308056258, 601.0276782070375)
     Total Material
       Flux                                 0.0364935 +/- 0.00121523
   Incoming Energy [601.0276782070375, 690.5513520162317)
     Total Material
       Flux                                 0.0367709 +/- 0.00162756
   Incoming Energy [690.5513520162317, 793.4096665797492)
     Total Material
       Flux                                 0.0358342 +/- 0.00181043
   Incoming Energy [793.4096665797492, 911.5888299750818)
     Total Material
       Flux                                 0.0402391 +/- 0.00209006
   Incoming Energy [911.5888299750818, 1047.3708979594487)
     Total Material
       Flux                                 0.0349346 +/- 0.00199795
   Incoming Energy [1047.3708979594487, 1203.3778407775906)
     Total Material
       Flux                                 0.0343163 +/- 0.00120881
   Incoming Energy [1203.3778407775906, 1382.6221737646536)
     Total Material
       Flux                                 0.0359702 +/- 0.0017372
   Incoming Energy [1382.6221737646536, 1588.5651294280526)
     Total Material
       Flux                                 0.0334861 +/- 0.00149447
   Incoming Energy [1588.5651294280526, 1825.1834943190388)
     Total Material
       Flux                                 0.0388856 +/- 0.00204314
   Incoming Energy [1825.1834943190388, 2097.046401323231)
     Total Material
       Flux                                 0.0380652 +/- 0.00219338
   Incoming Energy [2097.046401323231, 2409.403560239527)
     Total Material
       Flux                                 0.0433649 +/- 0.0019813
   Incoming Energy [2409.403560239527, 2768.286630392061)
     Total Material
       Flux                                 0.0399633 +/- 0.00190322
   Incoming Energy [2768.286630392061, 3180.625692794119)
     Total Material
       Flux                                 0.0423176 +/- 0.00177046
   Incoming Energy [3180.625692794119, 3654.383070957247)
     Total Material
       Flux                                 0.0416199 +/- 0.00178795
   Incoming Energy [3654.383070957247, 4198.707084443906)
     Total Material
       Flux                                 0.039932 +/- 0.00149919
   Incoming Energy [4198.707084443906, 4824.108704165374)
     Total Material
       Flux                                 0.0408091 +/- 0.00244993
   Incoming Energy [4824.108704165374, 5542.664520663096)
     Total Material
       Flux                                 0.0402266 +/- 0.00183629
   Incoming Energy [5542.664520663096, 6368.249944718586)
     Total Material
       Flux                                 0.0409504 +/- 0.00140044
   Incoming Energy [6368.249944718586, 7316.807143427177)
     Total Material
       Flux                                 0.0410266 +/- 0.00122167
   Incoming Energy [7316.807143427177, 8406.652885618316)
     Total Material
       Flux                                 0.0393526 +/- 0.00143783
   Incoming Energy [8406.652885618316, 9658.832241158709)
     Total Material
       Flux                                 0.0410181 +/- 0.00200527
   Incoming Energy [9658.832241158709, 11097.5249641207)
     Total Material
       Flux                                 0.0416443 +/- 0.0020736
   Incoming Energy [11097.5249641207, 12750.512407130129)
     Total Material
       Flux                                 0.0419956 +/- 0.00205882
   Incoming Energy [12750.512407130129, 14649.713983072817)
     Total Material
       Flux                                 0.0425956 +/- 0.0026933
   Incoming Energy [14649.713983072817, 16831.80353330955)
     Total Material
       Flux                                 0.0455796 +/- 0.00227748
   Incoming Energy [16831.80353330955, 19338.91750455232)
     Total Material
       Flux                                 0.0463056 +/- 0.002011
   Incoming Energy [19338.91750455232, 22219.468609395193)
     Total Material
       Flux                                 0.04343 +/- 0.00173605
   Incoming Energy [22219.468609395193, 25529.080682395164)
     Total Material
       Flux                                 0.046147 +/- 0.00158107
   Incoming Energy [25529.080682395164, 29331.662783900363)
     Total Material
       Flux                                 0.0504084 +/- 0.00167588
   Incoming Energy [29331.662783900363, 33700.64329271925)
     Total Material
       Flux                                 0.0493948 +/- 0.00194466
   Incoming Energy [33700.64329271925, 38720.38781812557)
     Total Material
       Flux                                 0.0481214 +/- 0.00183412
   Incoming Energy [38720.38781812557, 44487.82831127576)
     Total Material
       Flux                                 0.0532538 +/- 0.0023851
   Incoming Energy [44487.82831127576, 51114.334834401656)
     Total Material
       Flux                                 0.0530072 +/- 0.00149714
   Incoming Energy [51114.334834401656, 58727.86613189465)
     Total Material
       Flux                                 0.053515 +/- 0.00180687
   Incoming Energy [58727.86613189465, 67475.44053110685)
     Total Material
       Flux                                 0.0571562 +/- 0.00231939
   Incoming Energy [67475.44053110685, 77525.97488629464)
     Total Material
       Flux                                 0.0587205 +/- 0.00206505
   Incoming Energy [77525.97488629464, 89073.54638610421)
     Total Material
       Flux                                 0.0680908 +/- 0.00405855
   Incoming Energy [89073.54638610421, 102341.14021054527)
     Total Material
       Flux                                 0.0583789 +/- 0.0020004
   Incoming Energy [102341.14021054527, 117584.95540521534)
     Total Material
       Flux                                 0.0684927 +/- 0.0022482
   Incoming Energy [117584.95540521534, 135099.3521198025)
     Total Material
       Flux                                 0.0738633 +/- 0.00222498
   Incoming Energy [135099.3521198025, 155222.5357427048)
     Total Material
       Flux                                 0.0795219 +/- 0.00280617
   Incoming Energy [155222.5357427048, 178343.08769319058)
     Total Material
       Flux                                 0.0803671 +/- 0.0032618
   Incoming Energy [178343.08769319058, 204907.4689815846)
     Total Material
       Flux                                 0.0937043 +/- 0.00281972
   Incoming Energy [204907.4689815846, 235428.64143224107)
     Total Material
       Flux                                 0.0993202 +/- 0.00326339
   Incoming Energy [235428.64143224107, 270495.97304631316)
     Total Material
       Flux                                 0.114517 +/- 0.00600362
   Incoming Energy [270495.97304631316, 310786.6187782014)
     Total Material
       Flux                                 0.118618 +/- 0.00340269
   Incoming Energy [310786.6187782014, 357078.59649004554)
     Total Material
       Flux                                 0.144552 +/- 0.00350976
   Incoming Energy [357078.59649004554, 410265.81058271904)
     Total Material
       Flux                                 0.123543 +/- 0.00328117
   Incoming Energy [410265.81058271904, 471375.31341167097)
     Total Material
       Flux                                 0.106383 +/- 0.00293922
   Incoming Energy [471375.31341167097, 541587.1378079465)
     Total Material
       Flux                                 0.153143 +/- 0.00473028
   Incoming Energy [541587.1378079465, 622257.0836730232)
     Total Material
       Flux                                 0.168751 +/- 0.0055584
   Incoming Energy [622257.0836730232, 714942.8986597562)
     Total Material
       Flux                                 0.182929 +/- 0.00502587
   Incoming Energy [714942.8986597562, 821434.3584919422)
     Total Material
       Flux                                 0.21263 +/- 0.00625886
   Incoming Energy [821434.3584919422, 943787.8277775352)
     Total Material
       Flux                                 0.195907 +/- 0.00571177
   Incoming Energy [943787.8277775352, 1084365.9686896086)
     Total Material
       Flux                                 0.151115 +/- 0.00434355
   Incoming Energy [1084365.9686896086, 1245883.3642950081)
     Total Material
       Flux                                 0.192569 +/- 0.00475784
   Incoming Energy [1245883.3642950081, 1431458.9375234756)
     Total Material
       Flux                                 0.185692 +/- 0.00641153
   Incoming Energy [1431458.9375234756, 1644676.1779946627)
     Total Material
       Flux                                 0.214679 +/- 0.00699473
   Incoming Energy [1644676.1779946627, 1889652.3396912038)
     Total Material
       Flux                                 0.195938 +/- 0.00557461
   Incoming Energy [1889652.3396912038, 2171117.945694501)
     Total Material
       Flux                                 0.191412 +/- 0.0038565
   Incoming Energy [2171117.945694501, 2494508.135230317)
     Total Material
       Flux                                 0.20996 +/- 0.00763758
   Incoming Energy [2494508.135230317, 2866067.616948244)
     Total Material
       Flux                                 0.215946 +/- 0.00827898
   Incoming Energy [2866067.616948244, 3292971.255097148)
     Total Material
       Flux                                 0.172909 +/- 0.00874564
   Incoming Energy [3292971.255097148, 3783462.6171319326)
     Total Material
       Flux                                 0.139665 +/- 0.00508213
   Incoming Energy [3783462.6171319326, 4347013.158125018)
     Total Material
       Flux                                 0.112615 +/- 0.00496834
   Incoming Energy [4347013.158125018, 4994505.11585514)
     Total Material
       Flux                                 0.098054 +/- 0.00516223
   Incoming Energy [4994505.11585514, 5738441.648302381)
     Total Material
       Flux                                 0.0703986 +/- 0.00753536
   Incoming Energy [5738441.648302381, 6593188.271333542)
     Total Material
       Flux                                 0.0476283 +/- 0.00159535
   Incoming Energy [6593188.271333542, 7575250.258771921)
     Total Material
       Flux                                 0.029371 +/- 0.00281104
   Incoming Energy [7575250.258771921, 8703591.361485148)
     Total Material
       Flux                                 0.015417 +/- 0.00241217
   Incoming Energy [8703591.361485148, 10000000)
     Total Material
       Flux                                 0.00612454 +/- 0.00221733
 =================>     TALLY 17: WATER_FLUX_SPECTRUM     <=================

 Cell 18
   Incoming Energy [9.999999999999999e-06, 1.1489510001873086e-05)
     Total Material
       Flux                                 0 +/- 0
   Incoming Energy [1.1489510001873086e-05, 1.3200884008314168e-05)
     Total Material
       Flux                                 0 +/- 0
   Incoming Energy [1.3200884008314168e-05, 1.516716888470924e-05)
     Total Material
       Flux                                 0 +/- 0
   Incoming Energy [1.516716888470924e-05, 1.742633386009651e-05)
     Total Material
       Flux                                 0 +/- 0
   Incoming Energy [1.742633386009651e-05, 2.0022003718155845e-05)
     Total Material
       Flux                                 0 +/- 0
   Incoming Energy [2.0022003718155845e-05, 2.3004301197729168e-05)
     Total Material
       Flux                                 0 +/- 0
   Incoming Energy [2.3004301197729168e-05, 2.643081486974103e-05)
     Total Material
       Flux                                 0 +/- 0
   Incoming Energy [2.643081486974103e-05, 3.0367711180354606e-05)
     Total Material
       Flux                                 0 +/- 0
   Incoming Energy [3.0367711180354606e-05, 3.489101213406774e-05)
     Total Material
       Flux                                 0 +/- 0
   Incoming Energy [3.489101213406774e-05, 4.008806328898465e-05)
     Total Material
       Flux                                 1.42683e-07 +/- 1.42683e-07
   Incoming Energy [4.008806328898465e-05, 4.6059220411451034e-05)
     Total Material
       Flux                                 0 +/- 0
   Incoming Energy [4.6059220411451034e-05, 5.2919787359584364e-05)
     Total Material
       Flux                                 0 +/- 0
   Incoming Energy [5.2919787359584364e-05, 6.080224261649427e-05)
     Total Material
       Flux                                 0 +/- 0
   Incoming Energy [6.080224261649427e-05, 6.985879746785249e-05)
     Total Material
       Flux                                 5.54734e-07 +/- 5.54734e-07
   Incoming Energy [6.985879746785249e-05, 8.026433522257174e-05)
     Total Material
       Flux                                 5.64335e-06 +/- 5.64335e-06
   Incoming Energy [8.026433522257174e-05, 9.221978823334323e-05)
     Total Material
       Flux                                 0 +/- 0
   Incoming Energy [9.221978823334323e-05, 0.00010595601792776158)
     Total Material
       Flux                                 1.19423e-05 +/- 1.17802e-05
   Incoming Energy [0.00010595601792776158, 0.00012173827277396621)
     Total Material
       Flux                                 9.39357e-08 +/- 9.39357e-08
   Incoming Energy [0.00012173827277396621, 0.00013987131026472387)
     Total Material
       Flux                                 0 +/- 0
   Incoming Energy [0.00013987131026472387, 0.00016070528182616383)
     Total Material
       Flux                                 0 +/- 0
   Incoming Energy [0.00016070528182616383, 0.00018464249428955425)
     Total Material
       Flux                                 3.67518e-06 +/- 3.67518e-06
   Incoming Energy [0.00018464249428955425, 0.00021214517849106298)
     Total Material
       Flux                                 0 +/- 0
   Incoming Energy [0.00021214517849106298, 0.00024374441501222218)
     Total Material
       Flux                                 0 +/- 0
   Incoming Energy [0.00024374441501222218, 0.0002800503894183631)
     Total Material
       Flux                                 1.35814e-05 +/- 1.06695e-05
   Incoming Energy [0.0002800503894183631, 0.0003217641750250735)
     Total Material
       Flux                                 1.57548e-05 +/- 8.4127e-06
   Incoming Energy [0.0003217641750250735, 0.00036969127071950243)
     Total Material
       Flux                                 1.20293e-05 +/- 6.58454e-06
   Incoming Energy [0.00036969127071950243, 0.00042475715525368984)
     Total Material
       Flux                                 1.90519e-05 +/- 1.90519e-05
   Incoming Energy [0.00042475715525368984, 0.0004880251583654434)
     Total Material
       Flux                                 2.05538e-05 +/- 1.21293e-05
   Incoming Energy [0.0004880251583654434, 0.0005607169938205458)
     Total Material
       Flux                                 1.6329e-05 +/- 7.83386e-06
   Incoming Energy [0.0005607169938205458, 0.000644236350872137)
     Total Material
       Flux                                 8.96548e-05 +/- 3.07336e-05
   Incoming Energy [0.000644236350872137, 0.0007401959996915637)
     Total Material
       Flux                                 6.92729e-05 +/- 2.22055e-05
   Incoming Energy [0.0007401959996915637, 0.0008504489341802677)
     Total Material
       Flux                                 0.000114994 +/- 3.44278e-05
   Incoming Energy [0.0008504489341802677, 0.00097712415353465)
     Total Material
       Flux                                 4.88327e-05 +/- 1.70585e-05
   Incoming Energy [0.00097712415353465, 0.0011226677735108135)
     Total Material
       Flux                                 0.000197252 +/- 4.74736e-05
   Incoming Energy [0.0011226677735108135, 0.001289890261253308)
     Total Material
       Flux                                 0.000159348 +/- 4.98791e-05
   Incoming Energy [0.001289890261253308, 0.0014820207057988585)
     Total Material
       Flux                                 0.000231877 +/- 4.78486e-05
   Incoming Energy [0.0014820207057988585, 0.0017027691722258996)
     Total Material
       Flux                                 0.00050646 +/- 0.000133479
   Incoming Energy [0.0017027691722258996, 0.0019563983435170627)
     Total Material
       Flux                                 0.000584575 +/- 0.000136335
   Incoming Energy [0.0019563983435170627, 0.002247805833548725)
     Total Material
       Flux                                 0.000499473 +/- 8.73562e-05
   Incoming Energy [0.002247805833548725, 0.002582618760682675)
     Total Material
       Flux                                 0.000743542 +/- 0.000150364
   Incoming Energy [0.002582618760682675, 0.0029673024081888696)
     Total Material
       Flux                                 0.00124892 +/- 0.000177501
   Incoming Energy [0.0029673024081888696, 0.003409285069746811)
     Total Material
       Flux                                 0.00141412 +/- 0.000154741
   Incoming Energy [0.003409285069746811, 0.003917101490809256)
     Total Material
       Flux                                 0.00175625 +/- 0.000242354
   Incoming Energy [0.003917101490809256, 0.004500557675700498)
     Total Material
       Flux                                 0.00277406 +/- 0.000295162
   Incoming Energy [0.004500557675700498, 0.0051709202428967555)
     Total Material
       Flux                                 0.00303086 +/- 0.000395886
   Incoming Energy [0.0051709202428967555, 0.0059411339849650335)
     Total Material
       Flux                                 0.0031382 +/- 0.000316504
   Incoming Energy [0.0059411339849650335, 0.006826071834272386)
     Total Material
       Flux                                 0.00469974 +/- 0.000260645
   Incoming Energy [0.006826071834272386, 0.007842822061337682)
     Total Material
       Flux                                 0.00508296 +/- 0.000462194
   Incoming Energy [0.007842822061337682, 0.009011018251665018)
     Total Material
       Flux                                 0.00736054 +/- 0.000557671
   Incoming Energy [0.009011018251665018, 0.010353218432956616)
     Total Material
       Flux                                 0.00997378 +/- 0.000802029
   Incoming Energy [0.010353218432956616, 0.011895340673703195)
     Total Material
       Flux                                 0.0109265 +/- 0.000676085
   Incoming Energy [0.011895340673703195, 0.013667163564620059)
     Total Material
       Flux                                 0.0137457 +/- 0.000861246
   Incoming Energy [0.013667163564620059, 0.015702901247293774)
     Total Material
       Flux                                 0.0168902 +/- 0.00091775
   Incoming Energy [0.015702901247293774, 0.018041864093920716)
     Total Material
       Flux                                 0.0197395 +/- 0.00107422
   Incoming Energy [0.018041864093920716, 0.0207292177959537)
     Total Material
       Flux                                 0.0254838 +/- 0.00105875
   Incoming Energy [0.0207292177959537, 0.023816855519761582)
     Total Material
       Flux                                 0.030442 +/- 0.00137748
   Incoming Energy [0.023816855519761582, 0.027364399970746692)
     Total Material
       Flux                                 0.0347096 +/- 0.00132978
   Incoming Energy [0.027364399970746692, 0.031440354715915)
     Total Material
       Flux                                 0.0422939 +/- 0.0016817
   Incoming Energy [0.031440354715915, 0.0361234269970943)
     Total Material
       Flux                                 0.0455757 +/- 0.00162919
   Incoming Energy [0.0361234269970943, 0.041504047578504726)
     Total Material
       Flux                                 0.0502456 +/- 0.0015582
   Incoming Energy [0.041504047578504726, 0.04768611697714469)
     Total Material
       Flux                                 0.0520984 +/- 0.00161268
   Incoming Energy [0.04768611697714469, 0.054789011795939396)
     Total Material
       Flux                                 0.0615022 +/- 0.00250648
   Incoming Energy [0.054789011795939396, 0.06294988990221888)
     Total Material
       Flux                                 0.0599738 +/- 0.00196119
   Incoming Energy [0.06294988990221888, 0.07232633896483534)
     Total Material
       Flux                                 0.0646973 +/- 0.00173736
   Incoming Energy [0.07232633896483534, 0.08309941949353386)
     Total Material
       Flux                                 0.0646548 +/- 0.00177736
   Incoming Energy [0.08309941949353386, 0.09547716114208056)
     Total Material
       Flux                                 0.0630636 +/- 0.00173246
   Incoming Energy [0.09547716114208056, 0.1096985797892384)
     Total Material
       Flux                                 0.0610116 +/- 0.00226825
   Incoming Energy [0.1096985797892384, 0.12603829296797275)
     Total Material
       Flux                                 0.0526383 +/- 0.00211049
   Incoming Energy [0.12603829296797275, 0.1448118227674533)
     Total Material
       Flux                                 0.0520864 +/- 0.00169428
   Incoming Energy [0.1448118227674533, 0.16638168860761274)
     Total Material
       Flux                                 0.047914 +/- 0.00174697
   Incoming Energy [0.16638168860761274, 0.19116440753856997)
     Total Material
       Flux                                 0.0472327 +/- 0.00194548
   Incoming Energy [0.19116440753856997, 0.2196385372416547)
     Total Material
       Flux                                 0.0433219 +/- 0.00193679
   Incoming Energy [0.2196385372416547, 0.2523539170434766)
     Total Material
       Flux                                 0.0457013 +/- 0.00133431
   Incoming Energy [0.2523539170434766, 0.28994228538828754)
     Total Material
       Flux                                 0.0458373 +/- 0.00244452
   Incoming Energy [0.28994228538828754, 0.333129478793467)
     Total Material
       Flux                                 0.0439615 +/- 0.001691
   Incoming Energy [0.333129478793467, 0.38274944785163073)
     Total Material
       Flux                                 0.045931 +/- 0.00224171
   Incoming Energy [0.38274944785163073, 0.4397603609302721)
     Total Material
       Flux                                 0.0443272 +/- 0.00158343
   Incoming Energy [0.4397603609302721, 0.505263106533568)
     Total Material
       Flux                                 0.0498536 +/- 0.00250154
   Incoming Energy [0.505263106533568, 0.5805225516094895)
     Total Material
       Flux                                 0.0492574 +/- 0.00160558
   Incoming Energy [0.5805225516094895, 0.6669919663030115)
     Total Material
       Flux                                 0.0542763 +/- 0.0021399
   Incoming Energy [0.6669919663030115, 0.7663410868007446)
     Total Material
       Flux                                 0.0550525 +/- 0.00130683
   Incoming Energy [0.7663410868007446, 0.8804883581643465)
     Total Material
       Flux                                 0.0573939 +/- 0.00129307
   Incoming Energy [0.8804883581643465, 1.011637979766207)
     Total Material
       Flux                                 0.0517725 +/- 0.00203088
   Incoming Energy [1.011637979766207, 1.162322468679852)
     Total Material
       Flux                                 0.0505198 +/- 0.00187228
   Incoming Energy [1.162322468679852, 1.3354515629298973)
     Total Material
       Flux                                 0.0585181 +/- 0.00149431
   Incoming Energy [1.3354515629298973, 1.53436840893001)
     Total Material
       Flux                                 0.0559959 +/- 0.00189163
   Incoming Energy [1.53436840893001, 1.762914118095948)
     Total Material
       Flux                                 0.0568431 +/- 0.00194255
   Incoming Energy [1.762914118095948, 2.0255019392306663)
     Total Material
       Flux                                 0.0588616 +/- 0.0022664
   Incoming Energy [2.0255019392306663, 2.327202478960407)
     Total Material
       Flux                                 0.0565749 +/- 0.0025236
   Incoming Energy [2.327202478960407, 2.673841615839944)
     Total Material
       Flux                                 0.0584148 +/- 0.00240415
   Incoming Energy [2.673841615839944, 3.072112998861753)
     Total Material
       Flux                                 0.0623642 +/- 0.00159574
   Incoming Energy [3.072112998861753, 3.52970730273065)
     Total Material
       Flux                                 0.0559158 +/- 0.00194422
   Incoming Energy [3.52970730273065, 4.0554607358408274)
     Total Material
       Flux                                 0.0583854 +/- 0.00245086
   Incoming Energy [4.0554607358408274, 4.659525668664678)
     Total Material
       Flux                                 0.0619679 +/- 0.00231979
   Incoming Energy [4.659525668664678, 5.3535666774107185)
     Total Material
       Flux                                 0.0565914 +/- 0.00135067
   Incoming Energy [5.3535666774107185, 6.150985788580504)
     Total Material
       Flux                                 0.0589658 +/- 0.00237783
   Incoming Energy [6.150985788580504, 7.067181273927491)
     Total Material
       Flux                                 0.0459332 +/- 0.0015154
   Incoming Energy [7.067181273927491, 8.119844993184008)
     Total Material
       Flux                                 0.0605184 +/- 0.00251682
   Incoming Energy [8.119844993184008, 9.329304026284676)
     Total Material
       Flux                                 0.058524 +/- 0.00187741
   Incoming Energy [9.329304026284676, 10.718913192051264)
     Total Material
       Flux                                 0.0601035 +/- 0.00299024
   Incoming Energy [10.718913192051264, 12.315506032928262)
     Total Material
       Flux                                 0.0614366 +/- 0.00162652
   Incoming Energy [12.315506032928262, 14.149912974345758)
     Total Material
       Flux                                 0.063509 +/- 0.00246708
   Incoming Energy [14.149912974345758, 16.257556664437935)
     Total Material
       Flux                                 0.064525 +/- 0.00345126
   Incoming Energy [16.257556664437935, 18.679135990207808)
     Total Material
       Flux                                 0.0660722 +/- 0.00330165
   Incoming Energy [18.679135990207808, 21.461411978584014)
     Total Material
       Flux                                 0.0606298 +/- 0.00255096
   Incoming Energy [21.461411978584014, 24.658110758226037)
     Total Material
       Flux                                 0.0674293 +/- 0.00173408
   Incoming Energy [24.658110758226037, 28.330961018393243)
     Total Material
       Flux                                 0.0699041 +/- 0.00277577
   Incoming Energy [28.330961018393243, 32.550885998350566)
     Total Material
       Flux                                 0.0729921 +/- 0.0021887
   Incoming Energy [32.550885998350566, 37.39937302478794)
     Total Material
       Flux                                 0.0680774 +/- 0.00175598
   Incoming Energy [37.39937302478794, 42.97004704320835)
     Total Material
       Flux                                 0.0690267 +/- 0.00198237
   Incoming Energy [42.97004704320835, 49.37047852839004)
     Total Material
       Flux                                 0.0735116 +/- 0.00213448
   Incoming Energy [49.37047852839004, 56.72426068491978)
     Total Material
       Flux                                 0.0723941 +/- 0.00174885
   Incoming Energy [56.72426068491978, 65.1733960488242)
     Total Material
       Flux                                 0.0748973 +/- 0.00288886
   Incoming Energy [65.1733960488242, 74.88103857590015)
     Total Material
       Flux                                 0.0738768 +/- 0.0027013
   Incoming Energy [74.88103857590015, 86.03464416684491)
     Total Material
       Flux                                 0.0732449 +/- 0.00238385
   Incoming Energy [86.03464416684491, 98.84959046625586)
     Total Material
       Flux                                 0.0795573 +/- 0.00225386
   Incoming Energy [98.84959046625586, 113.57333583431051)
     Total Material
       Flux                                 0.0729983 +/- 0.00127546
   Incoming Energy [113.57333583431051, 130.49019780144016)
     Total Material
       Flux                                 0.0763033 +/- 0.00252843
   Incoming Energy [130.49019780144016, 149.9268432786044)
     Total Material
       Flux                                 0.0796774 +/- 0.00241136
   Incoming Energy [149.9268432786044, 172.2585965398784)
     Total Material
       Flux                                 0.0795913 +/- 0.00249719
   Incoming Energy [172.2585965398784, 197.91668678535572)
     Total Material
       Flux                                 0.0838374 +/- 0.00283523
   Incoming Energy [197.91668678535572, 227.39657523579274)
     Total Material
       Flux                                 0.0843772 +/- 0.0019747
   Incoming Energy [227.39657523579274, 261.26752255633266)
     Total Material
       Flux                                 0.075936 +/- 0.00195381
   Incoming Energy [261.26752255633266, 300.1835813575586)
     Total Material
       Flux                                 0.0889561 +/- 0.00451332
   Incoming Energy [300.1835813575586, 344.89622604057524)
     Total Material
       Flux                                 0.0904072 +/- 0.00271712
   Incoming Energy [344.89622604057524, 396.2688638701478)
     Total Material
       Flux                                 0.0839433 +/- 0.00219257
   Incoming Energy [396.2688638701478, 455.29350748669475)
     Total Material
       Flux                                 0.088059 +/- 0.00321114
   Incoming Energy [455.29350748669475, 523.1099308056258)
     Total Material
       Flux                                 0.0854784 +/- 0.00206076
   Incoming Energy [523.1099308056258, 601.0276782070375)
     Total Material
       Flux                                 0.0801703 +/- 0.00245433
   Incoming Energy [601.0276782070375, 690.5513520162317)
     Total Material
       Flux                                 0.0833094 +/- 0.00225809
   Incoming Energy [690.5513520162317, 793.4096665797492)
     Total Material
       Flux                                 0.0887043 +/- 0.00260626
   Incoming Energy [793.4096665797492, 911.5888299750818)
     Total Material
       Flux                                 0.0904637 +/- 0.00292407
   Incoming Energy [911.5888299750818, 1047.3708979594487)
     Total Material
       Flux                                 0.0900315 +/- 0.00310992
   Incoming Energy [1047.3708979594487, 1203.3778407775906)
     Total Material
       Flux                                 0.0807114 +/- 0.00232443
   Incoming Energy [1203.3778407775906, 1382.6221737646536)
     Total Material
       Flux                                 0.0868568 +/- 0.00319749
   Incoming Energy [1382.6221737646536, 1588.5651294280526)
     Total Material
       Flux                                 0.0861129 +/- 0.00307173
   Incoming Energy [1588.5651294280526, 1825.1834943190388)
     Total Material
       Flux                                 0.0902585 +/- 0.00159588
   Incoming Energy [1825.1834943190388, 2097.046401323231)
     Total Material
       Flux                                 0.0902198 +/- 0.0024997
   Incoming Energy [2097.046401323231, 2409.403560239527)
     Total Material
       Flux                                 0.0976581 +/- 0.00317671
   Incoming Energy [2409.403560239527, 2768.286630392061)
     Total Material
       Flux                                 0.0919698 +/- 0.00294878
   Incoming Energy [2768.286630392061, 3180.625692794119)
     Total Material
       Flux                                 0.100434 +/- 0.00301958
   Incoming Energy [3180.625692794119, 3654.383070957247)
     Total Material
       Flux                                 0.0947725 +/- 0.00304987
   Incoming Energy [3654.383070957247, 4198.707084443906)
     Total Material
       Flux                                 0.096802 +/- 0.00300268
   Incoming Energy [4198.707084443906, 4824.108704165374)
     Total Material
       Flux                                 0.0964254 +/- 0.00253301
   Incoming Energy [4824.108704165374, 5542.664520663096)
     Total Material
       Flux                                 0.0965706 +/- 0.00391684
   Incoming Energy [5542.664520663096, 6368.249944718586)
     Total Material
       Flux                                 0.0904792 +/- 0.00253332
   Incoming Energy [6368.249944718586, 7316.807143427177)
     Total Material
       Flux                                 0.0955846 +/- 0.00225628
   Incoming Energy [7316.807143427177, 8406.652885618316)
     Total Material
       Flux                                 0.092356 +/- 0.00262889
   Incoming Energy [8406.652885618316, 9658.832241158709)
     Total Material
       Flux                                 0.0966433 +/- 0.00263689
   Incoming Energy [9658.832241158709, 11097.5249641207)
     Total Material
       Flux                                 0.0980844 +/- 0.00352336
   Incoming Energy [11097.5249641207, 12750.512407130129)
     Total Material
       Flux                                 0.098707 +/- 0.00320059
   Incoming Energy [12750.512407130129, 14649.713983072817)
     Total Material
       Flux                                 0.101006 +/- 0.00267723
   Incoming Energy [14649.713983072817, 16831.80353330955)
     Total Material
       Flux                                 0.103807 +/- 0.00448788
   Incoming Energy [16831.80353330955, 19338.91750455232)
     Total Material
       Flux                                 0.103245 +/- 0.00220683
   Incoming Energy [19338.91750455232, 22219.468609395193)
     Total Material
       Flux                                 0.101083 +/- 0.00258903
   Incoming Energy [22219.468609395193, 25529.080682395164)
     Total Material
       Flux                                 0.103935 +/- 0.00250045
   Incoming Energy [25529.080682395164, 29331.662783900363)
     Total Material
       Flux                                 0.111818 +/- 0.00412618
   Incoming Energy [29331.662783900363, 33700.64329271925)
     Total Material
       Flux                                 0.113667 +/- 0.00271051
   Incoming Energy [33700.64329271925, 38720.38781812557)
     Total Material
       Flux                                 0.110261 +/- 0.00428564
   Incoming Energy [38720.38781812557, 44487.82831127576)
     Total Material
       Flux                                 0.119513 +/- 0.00305558
   Incoming Energy [44487.82831127576, 51114.334834401656)
     Total Material
       Flux                                 0.121045 +/- 0.00246195
   Incoming Energy [51114.334834401656, 58727.86613189465)
     Total Material
       Flux                                 0.126845 +/- 0.0031588
   Incoming Energy [58727.86613189465, 67475.44053110685)
     Total Material
       Flux                                 0.131385 +/- 0.0042448
   Incoming Energy [67475.44053110685, 77525.97488629464)
     Total Material
       Flux                                 0.138586 +/- 0.00421052
   Incoming Energy [77525.97488629464, 89073.54638610421)
     Total Material
       Flux                                 0.152447 +/- 0.00598501
   Incoming Energy [89073.54638610421, 102341.14021054527)
     Total Material
       Flux                                 0.139726 +/- 0.00458387
   Incoming Energy [102341.14021054527, 117584.95540521534)
     Total Material
       Flux                                 0.15624 +/- 0.00314995
   Incoming Energy [117584.95540521534, 135099.3521198025)
     Total Material
       Flux                                 0.166151 +/- 0.00500321
   Incoming Energy [135099.3521198025, 155222.5357427048)
     Total Material
       Flux                                 0.171332 +/- 0.00427101
   Incoming Energy [155222.5357427048, 178343.08769319058)
     Total Material
       Flux                                 0.180916 +/- 0.00592148
   Incoming Energy [178343.08769319058, 204907.4689815846)
     Total Material
       Flux                                 0.207294 +/- 0.00535018
   Incoming Energy [204907.4689815846, 235428.64143224107)
     Total Material
       Flux                                 0.219284 +/- 0.00562362
   Incoming Energy [235428.64143224107, 270495.97304631316)
     Total Material
       Flux                                 0.244509 +/- 0.00845381
   Incoming Energy [270495.97304631316, 310786.6187782014)
     Total Material
       Flux                                 0.254004 +/- 0.00450637
   Incoming Energy [310786.6187782014, 357078.59649004554)
     Total Material
       Flux                                 0.287651 +/- 0.00647863
   Incoming Energy [357078.59649004554, 410265.81058271904)
     Total Material
       Flux                                 0.259373 +/- 0.00468561
   Incoming Energy [410265.81058271904, 471375.31341167097)
     Total Material
       Flux                                 0.235048 +/- 0.00593336
   Incoming Energy [471375.31341167097, 541587.1378079465)
     Total Material
       Flux                                 0.324606 +/- 0.00756659
   Incoming Energy [541587.1378079465, 622257.0836730232)
     Total Material
       Flux                                 0.353671 +/- 0.0100262
   Incoming Energy [622257.0836730232, 714942.8986597562)
     Total Material
       Flux                                 0.372461 +/- 0.0101571
   Incoming Energy [714942.8986597562, 821434.3584919422)
     Total Material
       Flux                                 0.443217 +/- 0.0113993
   Incoming Energy [821434.3584919422, 943787.8277775352)
     Total Material
       Flux                                 0.411207 +/- 0.0129284
   Incoming Energy [943787.8277775352, 1084365.9686896086)
     Total Material
       Flux                                 0.305849 +/- 0.0099514
   Incoming Energy [1084365.9686896086, 1245883.3642950081)
     Total Material
       Flux                                 0.395477 +/- 0.0108468
   Incoming Energy [1245883.3642950081, 1431458.9375234756)
     Total Material
       Flux                                 0.38152 +/- 0.0118267
   Incoming Energy [1431458.9375234756, 1644676.1779946627)
     Total Material
       Flux                                 0.436153 +/- 0.0146239
   Incoming Energy [1644676.1779946627, 1889652.3396912038)
     Total Material
       Flux                                 0.412547 +/- 0.0116773
   Incoming Energy [1889652.3396912038, 2171117.945694501)
     Total Material
       Flux                                 0.386303 +/- 0.0106181
   Incoming Energy [2171117.945694501, 2494508.135230317)
     Total Material
       Flux                                 0.441057 +/- 0.016019
   Incoming Energy [2494508.135230317, 2866067.616948244)
     Total Material
       Flux                                 0.452824 +/- 0.0187011
   Incoming Energy [2866067.616948244, 3292971.255097148)
     Total Material
       Flux                                 0.355368 +/- 0.0150481
   Incoming Energy [3292971.255097148, 3783462.6171319326)
     Total Material
       Flux                                 0.290435 +/- 0.0108454
   Incoming Energy [3783462.6171319326, 4347013.158125018)
     Total Material
       Flux                                 0.235091 +/- 0.0140069
   Incoming Energy [4347013.158125018, 4994505.11585514)
     Total Material
       Flux                                 0.204431 +/- 0.00926585
   Incoming Energy [4994505.11585514, 5738441.648302381)
     Total Material
       Flux                                 0.151999 +/- 0.0153868
   Incoming Energy [5738441.648302381, 6593188.271333542)
     Total Material
       Flux                                 0.0992279 +/- 0.00433702
   Incoming Energy [6593188.271333542, 7575250.258771921)
     Total Material
       Flux                                 0.0586095 +/- 0.00572032
   Incoming Energy [7575250.258771921, 8703591.361485148)
     Total Material
       Flux                                 0.0303802 +/- 0.00504458
   Incoming Energy [8703591.361485148, 10000000)
     Total Material
       Flux                                 0.0103857 +/- 0.00265764
 ===================>     TALLY 18: FISSION_ENERGY     <====================

 Cell 16
   Incoming Energy [9.999999999999999e-06, 1.1489510001873086e-05)
     Total Material
       Fission Rate                         0 +/- 0
   Incoming Energy [1.1489510001873086e-05, 1.3200884008314168e-05)
     Total Material
       Fission Rate                         0 +/- 0
   Incoming Energy [1.3200884008314168e-05, 1.516716888470924e-05)
     Total Material
       Fission Rate                         0 +/- 0
   Incoming Energy [1.516716888470924e-05, 1.742633386009651e-05)
     Total Material
       Fission Rate                         0 +/- 0
   Incoming Energy [1.742633386009651e-05, 2.0022003718155845e-05)
     Total Material
       Fission Rate                         0 +/- 0
   Incoming Energy [2.0022003718155845e-05, 2.3004301197729168e-05)
     Total Material
       Fission Rate                         0 +/- 0
   Incoming Energy [2.3004301197729168e-05, 2.643081486974103e-05)
     Total Material
       Fission Rate                         0 +/- 0
   Incoming Energy [2.643081486974103e-05, 3.0367711180354606e-05)
     Total Material
       Fission Rate                         0 +/- 0
   Incoming Energy [3.0367711180354606e-05, 3.489101213406774e-05)
     Total Material
       Fission Rate                         0 +/- 0
   Incoming Energy [3.489101213406774e-05, 4.008806328898465e-05)
     Total Material
       Fission Rate                         0 +/- 0
   Incoming Energy [4.008806328898465e-05, 4.6059220411451034e-05)
     Total Material
       Fission Rate                         0 +/- 0
   Incoming Energy [4.6059220411451034e-05, 5.2919787359584364e-05)
     Total Material
       Fission Rate                         0 +/- 0
   Incoming Energy [5.2919787359584364e-05, 6.080224261649427e-05)
     Total Material
       Fission Rate                         0 +/- 0
   Incoming Energy [6.080224261649427e-05, 6.985879746785249e-05)
     Total Material
       Fission Rate                         0 +/- 0
   Incoming Energy [6.985879746785249e-05, 8.026433522257174e-05)
     Total Material
       Fission Rate                         0 +/- 0
   Incoming Energy [8.026433522257174e-05, 9.221978823334323e-05)
     Total Material
       Fission Rate                         0 +/- 0
   Incoming Energy [9.221978823334323e-05, 0.00010595601792776158)
     Total Material
       Fission Rate                         1.84606e-05 +/- 1.84606e-05
   Incoming Energy [0.00010595601792776158, 0.00012173827277396621)
     Total Material
       Fission Rate                         0 +/- 0
   Incoming Energy [0.00012173827277396621, 0.00013987131026472387)
     Total Material
       Fission Rate                         0 +/- 0
   Incoming Energy [0.00013987131026472387, 0.00016070528182616383)
     Total Material
       Fission Rate                         0 +/- 0
   Incoming Energy [0.00016070528182616383, 0.00018464249428955425)
     Total Material
       Fission Rate                         0 +/- 0
   Incoming Energy [0.00018464249428955425, 0.00021214517849106298)
     Total Material
       Fission Rate                         0 +/- 0
   Incoming Energy [0.00021214517849106298, 0.00024374441501222218)
     Total Material
       Fission Rate                         0 +/- 0
   Incoming Energy [0.00024374441501222218, 0.0002800503894183631)
     Total Material
       Fission Rate                         3.18216e-05 +/- 3.18216e-05
   Incoming Energy [0.0002800503894183631, 0.0003217641750250735)
     Total Material
       Fission Rate                         0 +/- 0
   Incoming Energy [0.0003217641750250735, 0.00036969127071950243)
     Total Material
       Fission Rate                         0 +/- 0
   Incoming Energy [0.00036969127071950243, 0.00042475715525368984)
     Total Material
       Fission Rate                         0 +/- 0
   Incoming Energy [0.00042475715525368984, 0.0004880251583654434)
     Total Material
       Fission Rate                         0 +/- 0
   Incoming Energy [0.0004880251583654434, 0.0005607169938205458)
     Total Material
       Fission Rate                         0 +/- 0
   Incoming Energy [0.0005607169938205458, 0.000644236350872137)
     Total Material
       Fission Rate                         5.00058e-06 +/- 5.00058e-06
   Incoming Energy [0.000644236350872137, 0.0007401959996915637)
     Total Material
       Fission Rate                         0.000240019 +/- 0.000178886
   Incoming Energy [0.0007401959996915637, 0.0008504489341802677)
     Total Material
       Fission Rate                         0 +/- 0
   Incoming Energy [0.0008504489341802677, 0.00097712415353465)
     Total Material
       Fission Rate                         0 +/- 0
   Incoming Energy [0.00097712415353465, 0.0011226677735108135)
     Total Material
       Fission Rate                         7.42533e-05 +/- 5.07167e-05
   Incoming Energy [0.0011226677735108135, 0.001289890261253308)
     Total Material
       Fission Rate                         0.000136408 +/- 6.34826e-05
   Incoming Energy [0.001289890261253308, 0.0014820207057988585)
     Total Material
       Fission Rate                         0.000287031 +/- 0.000203229
   Incoming Energy [0.0014820207057988585, 0.0017027691722258996)
     Total Material
       Fission Rate                         8.61295e-05 +/- 6.72738e-05
   Incoming Energy [0.0017027691722258996, 0.0019563983435170627)
     Total Material
       Fission Rate                         0.000182388 +/- 9.20242e-05
   Incoming Energy [0.0019563983435170627, 0.002247805833548725)
     Total Material
       Fission Rate                         0.000115731 +/- 5.12855e-05
   Incoming Energy [0.002247805833548725, 0.002582618760682675)
     Total Material
       Fission Rate                         0.000304509 +/- 0.000217392
   Incoming Energy [0.002582618760682675, 0.0029673024081888696)
     Total Material
       Fission Rate                         0.000652182 +/- 0.000219023
   Incoming Energy [0.0029673024081888696, 0.003409285069746811)
     Total Material
       Fission Rate                         0.000682861 +/- 0.000269657
   Incoming Energy [0.003409285069746811, 0.003917101490809256)
     Total Material
       Fission Rate                         0.000739028 +/- 0.000278371
   Incoming Energy [0.003917101490809256, 0.004500557675700498)
     Total Material
       Fission Rate                         0.00176483 +/- 0.000406336
   Incoming Energy [0.004500557675700498, 0.0051709202428967555)
     Total Material
       Fission Rate                         0.00185571 +/- 0.000437641
   Incoming Energy [0.0051709202428967555, 0.0059411339849650335)
     Total Material
       Fission Rate                         0.00209873 +/- 0.000333576
   Incoming Energy [0.0059411339849650335, 0.006826071834272386)
     Total Material
       Fission Rate                         0.00293254 +/- 0.000386235
   Incoming Energy [0.006826071834272386, 0.007842822061337682)
     Total Material
       Fission Rate                         0.00301845 +/- 0.000608414
   Incoming Energy [0.007842822061337682, 0.009011018251665018)
     Total Material
       Fission Rate                         0.00328681 +/- 0.000407186
   Incoming Energy [0.009011018251665018, 0.010353218432956616)
     Total Material
       Fission Rate                         0.00547891 +/- 0.000898199
   Incoming Energy [0.010353218432956616, 0.011895340673703195)
     Total Material
       Fission Rate                         0.00597544 +/- 0.000345119
   Incoming Energy [0.011895340673703195, 0.013667163564620059)
     Total Material
       Fission Rate                         0.00698447 +/- 0.000740214
   Incoming Energy [0.013667163564620059, 0.015702901247293774)
     Total Material
       Fission Rate                         0.00816738 +/- 0.00117383
   Incoming Energy [0.015702901247293774, 0.018041864093920716)
     Total Material
       Fission Rate                         0.00838027 +/- 0.000935177
   Incoming Energy [0.018041864093920716, 0.0207292177959537)
     Total Material
       Fission Rate                         0.0130797 +/- 0.000869542
   Incoming Energy [0.0207292177959537, 0.023816855519761582)
     Total Material
       Fission Rate                         0.0140692 +/- 0.000931705
   Incoming Energy [0.023816855519761582, 0.027364399970746692)
     Total Material
       Fission Rate                         0.0167687 +/- 0.00116396
   Incoming Energy [0.027364399970746692, 0.031440354715915)
     Total Material
       Fission Rate                         0.0195727 +/- 0.00145533
   Incoming Energy [0.031440354715915, 0.0361234269970943)
     Total Material
       Fission Rate                         0.0188216 +/- 0.00145791
   Incoming Energy [0.0361234269970943, 0.041504047578504726)
     Total Material
       Fission Rate                         0.021328 +/- 0.00101458
   Incoming Energy [0.041504047578504726, 0.04768611697714469)
     Total Material
       Fission Rate                         0.024809 +/- 0.00184986
   Incoming Energy [0.04768611697714469, 0.054789011795939396)
     Total Material
       Fission Rate                         0.0234529 +/- 0.00128861
   Incoming Energy [0.054789011795939396, 0.06294988990221888)
     Total Material
       Fission Rate                         0.0210106 +/- 0.00112389
   Incoming Energy [0.06294988990221888, 0.07232633896483534)
     Total Material
       Fission Rate                         0.0236712 +/- 0.000793456
   Incoming Energy [0.07232633896483534, 0.08309941949353386)
     Total Material
       Fission Rate                         0.0261305 +/- 0.00143414
   Incoming Energy [0.08309941949353386, 0.09547716114208056)
     Total Material
       Fission Rate                         0.0196875 +/- 0.00127084
   Incoming Energy [0.09547716114208056, 0.1096985797892384)
     Total Material
       Fission Rate                         0.0193571 +/- 0.00120175
   Incoming Energy [0.1096985797892384, 0.12603829296797275)
     Total Material
       Fission Rate                         0.0181931 +/- 0.00132149
   Incoming Energy [0.12603829296797275, 0.1448118227674533)
     Total Material
       Fission Rate                         0.014364 +/- 0.000427087
   Incoming Energy [0.1448118227674533, 0.16638168860761274)
     Total Material
       Fission Rate                         0.0129503 +/- 0.000732005
   Incoming Energy [0.16638168860761274, 0.19116440753856997)
     Total Material
       Fission Rate                         0.0123284 +/- 0.00101842
   Incoming Energy [0.19116440753856997, 0.2196385372416547)
     Total Material
       Fission Rate                         0.0112047 +/- 0.000618073
   Incoming Energy [0.2196385372416547, 0.2523539170434766)
     Total Material
       Fission Rate                         0.011469 +/- 0.000681994
   Incoming Energy [0.2523539170434766, 0.28994228538828754)
     Total Material
       Fission Rate                         0.0120987 +/- 0.000777186
   Incoming Energy [0.28994228538828754, 0.333129478793467)
     Total Material
       Fission Rate                         0.0118137 +/- 0.000717303
   Incoming Energy [0.333129478793467, 0.38274944785163073)
     Total Material
       Fission Rate                         0.0105975 +/- 0.000669123
   Incoming Energy [0.38274944785163073, 0.4397603609302721)
     Total Material
       Fission Rate                         0.00794809 +/- 0.000403014
   Incoming Energy [0.4397603609302721, 0.505263106533568)
     Total Material
       Fission Rate                         0.00735655 +/- 0.000405866
   Incoming Energy [0.505263106533568, 0.5805225516094895)
     Total Material
       Fission Rate                         0.00658747 +/- 0.000375483
   Incoming Energy [0.5805225516094895, 0.6669919663030115)
     Total Material
       Fission Rate                         0.00625221 +/- 0.000282613
   Incoming Energy [0.6669919663030115, 0.7663410868007446)
     Total Material
       Fission Rate                         0.00579104 +/- 0.000300612
   Incoming Energy [0.7663410868007446, 0.8804883581643465)
     Total Material
       Fission Rate                         0.00549254 +/- 0.0002376
   Incoming Energy [0.8804883581643465, 1.011637979766207)
     Total Material
       Fission Rate                         0.00583011 +/- 0.000288221
   Incoming Energy [1.011637979766207, 1.162322468679852)
     Total Material
       Fission Rate                         0.00771725 +/- 0.000331743
   Incoming Energy [1.162322468679852, 1.3354515629298973)
     Total Material
       Fission Rate                         0.00439254 +/- 0.000248757
   Incoming Energy [1.3354515629298973, 1.53436840893001)
     Total Material
       Fission Rate                         0.00186162 +/- 7.38052e-05
   Incoming Energy [1.53436840893001, 1.762914118095948)
     Total Material
       Fission Rate                         0.0015935 +/- 8.71834e-05
   Incoming Energy [1.762914118095948, 2.0255019392306663)
     Total Material
       Fission Rate                         0.00162077 +/- 6.96365e-05
   Incoming Energy [2.0255019392306663, 2.327202478960407)
     Total Material
       Fission Rate                         0.00152691 +/- 0.000100672
   Incoming Energy [2.327202478960407, 2.673841615839944)
     Total Material
       Fission Rate                         0.00107234 +/- 4.43218e-05
   Incoming Energy [2.673841615839944, 3.072112998861753)
     Total Material
       Fission Rate                         0.00218324 +/- 0.00010494
   Incoming Energy [3.072112998861753, 3.52970730273065)
     Total Material
       Fission Rate                         0.00293186 +/- 0.000213187
   Incoming Energy [3.52970730273065, 4.0554607358408274)
     Total Material
       Fission Rate                         0.00231564 +/- 0.000149804
   Incoming Energy [4.0554607358408274, 4.659525668664678)
     Total Material
       Fission Rate                         0.00045022 +/- 3.05314e-05
   Incoming Energy [4.659525668664678, 5.3535666774107185)
     Total Material
       Fission Rate                         0.000875186 +/- 3.20092e-05
   Incoming Energy [5.3535666774107185, 6.150985788580504)
     Total Material
       Fission Rate                         0.00200947 +/- 0.000117976
   Incoming Energy [6.150985788580504, 7.067181273927491)
     Total Material
       Fission Rate                         0.00217317 +/- 0.000182328
   Incoming Energy [7.067181273927491, 8.119844993184008)
     Total Material
       Fission Rate                         0.00101589 +/- 0.000102164
   Incoming Energy [8.119844993184008, 9.329304026284676)
     Total Material
       Fission Rate                         0.00965418 +/- 0.000752544
   Incoming Energy [9.329304026284676, 10.718913192051264)
     Total Material
       Fission Rate                         0.00347358 +/- 0.000211409
   Incoming Energy [10.718913192051264, 12.315506032928262)
     Total Material
       Fission Rate                         0.00273704 +/- 0.000261761
   Incoming Energy [12.315506032928262, 14.149912974345758)
     Total Material
       Fission Rate                         0.00603035 +/- 0.000645653
   Incoming Energy [14.149912974345758, 16.257556664437935)
     Total Material
       Fission Rate                         0.00325755 +/- 0.000179325
   Incoming Energy [16.257556664437935, 18.679135990207808)
     Total Material
       Fission Rate                         0.00325627 +/- 0.000254583
   Incoming Energy [18.679135990207808, 21.461411978584014)
     Total Material
       Fission Rate                         0.00533711 +/- 0.000447364
   Incoming Energy [21.461411978584014, 24.658110758226037)
     Total Material
       Fission Rate                         0.00391078 +/- 0.000246018
   Incoming Energy [24.658110758226037, 28.330961018393243)
     Total Material
       Fission Rate                         0.0050572 +/- 0.000212795
   Incoming Energy [28.330961018393243, 32.550885998350566)
     Total Material
       Fission Rate                         0.0024007 +/- 0.000164732
   Incoming Energy [32.550885998350566, 37.39937302478794)
     Total Material
       Fission Rate                         0.00632735 +/- 0.000749046
   Incoming Energy [37.39937302478794, 42.97004704320835)
     Total Material
       Fission Rate                         0.00378633 +/- 0.000284707
   Incoming Energy [42.97004704320835, 49.37047852839004)
     Total Material
       Fission Rate                         0.0039626 +/- 0.000301062
   Incoming Energy [49.37047852839004, 56.72426068491978)
     Total Material
       Fission Rate                         0.00741934 +/- 0.000399828
   Incoming Energy [56.72426068491978, 65.1733960488242)
     Total Material
       Fission Rate                         0.00351023 +/- 0.000293193
   Incoming Energy [65.1733960488242, 74.88103857590015)
     Total Material
       Fission Rate                         0.00303106 +/- 0.000223464
   Incoming Energy [74.88103857590015, 86.03464416684491)
     Total Material
       Fission Rate                         0.00363938 +/- 0.000224388
   Incoming Energy [86.03464416684491, 98.84959046625586)
     Total Material
       Fission Rate                         0.0034679 +/- 0.00020709
   Incoming Energy [98.84959046625586, 113.57333583431051)
     Total Material
       Fission Rate                         0.00172222 +/- 8.9753e-05
   Incoming Energy [113.57333583431051, 130.49019780144016)
     Total Material
       Fission Rate                         0.0032948 +/- 0.000237095
   Incoming Energy [130.49019780144016, 149.9268432786044)
     Total Material
       Fission Rate                         0.00337648 +/- 0.000148516
   Incoming Energy [149.9268432786044, 172.2585965398784)
     Total Material
       Fission Rate                         0.00250998 +/- 0.000134889
   Incoming Energy [172.2585965398784, 197.91668678535572)
     Total Material
       Fission Rate                         0.00254448 +/- 0.000132221
   Incoming Energy [197.91668678535572, 227.39657523579274)
     Total Material
       Fission Rate                         0.00330719 +/- 0.000221046
   Incoming Energy [227.39657523579274, 261.26752255633266)
     Total Material
       Fission Rate                         0.00315497 +/- 0.000202495
   Incoming Energy [261.26752255633266, 300.1835813575586)
     Total Material
       Fission Rate                         0.00323827 +/- 0.000219578
   Incoming Energy [300.1835813575586, 344.89622604057524)
     Total Material
       Fission Rate                         0.00259925 +/- 0.000130282
   Incoming Energy [344.89622604057524, 396.2688638701478)
     Total Material
       Fission Rate                         0.0016895 +/- 0.000110642
   Incoming Energy [396.2688638701478, 455.29350748669475)
     Total Material
       Fission Rate                         0.00223062 +/- 0.000153001
   Incoming Energy [455.29350748669475, 523.1099308056258)
     Total Material
       Fission Rate                         0.00240174 +/- 0.00013873
   Incoming Energy [523.1099308056258, 601.0276782070375)
     Total Material
       Fission Rate                         0.00231929 +/- 0.000104627
   Incoming Energy [601.0276782070375, 690.5513520162317)
     Total Material
       Fission Rate                         0.00191404 +/- 0.000124137
   Incoming Energy [690.5513520162317, 793.4096665797492)
     Total Material
       Fission Rate                         0.00180284 +/- 0.000110857
   Incoming Energy [793.4096665797492, 911.5888299750818)
     Total Material
       Fission Rate                         0.0016261 +/- 9.00383e-05
   Incoming Energy [911.5888299750818, 1047.3708979594487)
     Total Material
       Fission Rate                         0.00113865 +/- 7.24853e-05
   Incoming Energy [1047.3708979594487, 1203.3778407775906)
     Total Material
       Fission Rate                         0.00150639 +/- 8.08338e-05
   Incoming Energy [1203.3778407775906, 1382.6221737646536)
     Total Material
       Fission Rate                         0.0012181 +/- 6.72774e-05
   Incoming Energy [1382.6221737646536, 1588.5651294280526)
     Total Material
       Fission Rate                         0.00103529 +/- 4.41168e-05
   Incoming Energy [1588.5651294280526, 1825.1834943190388)
     Total Material
       Fission Rate                         0.00117843 +/- 6.78318e-05
   Incoming Energy [1825.1834943190388, 2097.046401323231)
     Total Material
       Fission Rate                         0.00105266 +/- 6.0847e-05
   Incoming Energy [2097.046401323231, 2409.403560239527)
     Total Material
       Fission Rate                         0.00102679 +/- 5.15165e-05
   Incoming Energy [2409.403560239527, 2768.286630392061)
     Total Material
       Fission Rate                         0.00101589 +/- 5.31017e-05
   Incoming Energy [2768.286630392061, 3180.625692794119)
     Total Material
       Fission Rate                         0.000939032 +/- 3.81032e-05
   Incoming Energy [3180.625692794119, 3654.383070957247)
     Total Material
       Fission Rate                         0.000922372 +/- 4.25426e-05
   Incoming Energy [3654.383070957247, 4198.707084443906)
     Total Material
       Fission Rate                         0.000846172 +/- 3.61537e-05
   Incoming Energy [4198.707084443906, 4824.108704165374)
     Total Material
       Fission Rate                         0.000824149 +/- 4.93918e-05
   Incoming Energy [4824.108704165374, 5542.664520663096)
     Total Material
       Fission Rate                         0.000729402 +/- 3.41742e-05
   Incoming Energy [5542.664520663096, 6368.249944718586)
     Total Material
       Fission Rate                         0.000694419 +/- 2.14004e-05
   Incoming Energy [6368.249944718586, 7316.807143427177)
     Total Material
       Fission Rate                         0.000637286 +/- 2.33976e-05
   Incoming Energy [7316.807143427177, 8406.652885618316)
     Total Material
       Fission Rate                         0.000547423 +/- 2.36105e-05
   Incoming Energy [8406.652885618316, 9658.832241158709)
     Total Material
       Fission Rate                         0.000583788 +/- 2.65148e-05
   Incoming Energy [9658.832241158709, 11097.5249641207)
     Total Material
       Fission Rate                         0.000557991 +/- 2.82102e-05
   Incoming Energy [11097.5249641207, 12750.512407130129)
     Total Material
       Fission Rate                         0.000523042 +/- 2.57914e-05
   Incoming Energy [12750.512407130129, 14649.713983072817)
     Total Material
       Fission Rate                         0.000546105 +/- 3.66333e-05
   Incoming Energy [14649.713983072817, 16831.80353330955)
     Total Material
       Fission Rate                         0.000516035 +/- 2.62652e-05
   Incoming Energy [16831.80353330955, 19338.91750455232)
     Total Material
       Fission Rate                         0.000525046 +/- 2.16658e-05
   Incoming Energy [19338.91750455232, 22219.468609395193)
     Total Material
       Fission Rate                         0.000462646 +/- 1.87559e-05
   Incoming Energy [22219.468609395193, 25529.080682395164)
     Total Material
       Fission Rate                         0.000470443 +/- 1.6506e-05
   Incoming Energy [25529.080682395164, 29331.662783900363)
     Total Material
       Fission Rate                         0.000493823 +/- 1.63936e-05
   Incoming Energy [29331.662783900363, 33700.64329271925)
     Total Material
       Fission Rate                         0.000470161 +/- 1.85215e-05
   Incoming Energy [33700.64329271925, 38720.38781812557)
     Total Material
       Fission Rate                         0.000439018 +/- 1.66881e-05
   Incoming Energy [38720.38781812557, 44487.82831127576)
     Total Material
       Fission Rate                         0.00046619 +/- 2.09518e-05
   Incoming Energy [44487.82831127576, 51114.334834401656)
     Total Material
       Fission Rate                         0.000452196 +/- 1.27729e-05
   Incoming Energy [51114.334834401656, 58727.86613189465)
     Total Material
       Fission Rate                         0.00044986 +/- 1.52226e-05
   Incoming Energy [58727.86613189465, 67475.44053110685)
     Total Material
       Fission Rate                         0.000468074 +/- 1.89124e-05
   Incoming Energy [67475.44053110685, 77525.97488629464)
     Total Material
       Fission Rate                         0.000462064 +/- 1.62527e-05
   Incoming Energy [77525.97488629464, 89073.54638610421)
     Total Material
       Fission Rate                         0.00051174 +/- 3.04831e-05
   Incoming Energy [89073.54638610421, 102341.14021054527)
     Total Material
       Fission Rate                         0.00042824 +/- 1.46696e-05
   Incoming Energy [102341.14021054527, 117584.95540521534)
     Total Material
       Fission Rate                         0.000489868 +/- 1.62223e-05
   Incoming Energy [117584.95540521534, 135099.3521198025)
     Total Material
       Fission Rate                         0.000507874 +/- 1.52624e-05
   Incoming Energy [135099.3521198025, 155222.5357427048)
     Total Material
       Fission Rate                         0.000532272 +/- 1.88007e-05
   Incoming Energy [155222.5357427048, 178343.08769319058)
     Total Material
       Fission Rate                         0.000522029 +/- 2.12048e-05
   Incoming Energy [178343.08769319058, 204907.4689815846)
     Total Material
       Fission Rate                         0.000591129 +/- 1.78272e-05
   Incoming Energy [204907.4689815846, 235428.64143224107)
     Total Material
       Fission Rate                         0.000608824 +/- 2.00948e-05
   Incoming Energy [235428.64143224107, 270495.97304631316)
     Total Material
       Fission Rate                         0.000679756 +/- 3.55467e-05
   Incoming Energy [270495.97304631316, 310786.6187782014)
     Total Material
       Fission Rate                         0.0006814 +/- 1.95897e-05
   Incoming Energy [310786.6187782014, 357078.59649004554)
     Total Material
       Fission Rate                         0.00082809 +/- 2.00904e-05
   Incoming Energy [357078.59649004554, 410265.81058271904)
     Total Material
       Fission Rate                         0.000697379 +/- 1.85476e-05
   Incoming Energy [410265.81058271904, 471375.31341167097)
     Total Material
       Fission Rate                         0.00058287 +/- 1.60958e-05
   Incoming Energy [471375.31341167097, 541587.1378079465)
     Total Material
       Fission Rate                         0.000809808 +/- 2.49954e-05
   Incoming Energy [541587.1378079465, 622257.0836730232)
     Total Material
       Fission Rate                         0.000880773 +/- 2.90064e-05
   Incoming Energy [622257.0836730232, 714942.8986597562)
     Total Material
       Fission Rate                         0.00095236 +/- 2.61879e-05
   Incoming Energy [714942.8986597562, 821434.3584919422)
     Total Material
       Fission Rate                         0.00111661 +/- 3.29068e-05
   Incoming Energy [821434.3584919422, 943787.8277775352)
     Total Material
       Fission Rate                         0.00106982 +/- 3.14966e-05
   Incoming Energy [943787.8277775352, 1084365.9686896086)
     Total Material
       Fission Rate                         0.000889085 +/- 2.55115e-05
   Incoming Energy [1084365.9686896086, 1245883.3642950081)
     Total Material
       Fission Rate                         0.00118568 +/- 2.9279e-05
   Incoming Energy [1245883.3642950081, 1431458.9375234756)
     Total Material
       Fission Rate                         0.0014482 +/- 4.98763e-05
   Incoming Energy [1431458.9375234756, 1644676.1779946627)
     Total Material
       Fission Rate                         0.0027181 +/- 8.98313e-05
   Incoming Energy [1644676.1779946627, 1889652.3396912038)
     Total Material
       Fission Rate                         0.00288029 +/- 8.23041e-05
   Incoming Energy [1889652.3396912038, 2171117.945694501)
     Total Material
       Fission Rate                         0.00304128 +/- 6.15289e-05
   Incoming Energy [2171117.945694501, 2494508.135230317)
     Total Material
       Fission Rate                         0.0033726 +/- 0.000122638
   Incoming Energy [2494508.135230317, 2866067.616948244)
     Total Material
       Fission Rate                         0.00342281 +/- 0.00013128
   Incoming Energy [2866067.616948244, 3292971.255097148)
     Total Material
       Fission Rate                         0.00267169 +/- 0.000135224
   Incoming Energy [3292971.255097148, 3783462.6171319326)
     Total Material
       Fission Rate                         0.00217133 +/- 7.90424e-05
   Incoming Energy [3783462.6171319326, 4347013.158125018)
     Total Material
       Fission Rate                         0.00175561 +/- 7.74543e-05
   Incoming Energy [4347013.158125018, 4994505.11585514)
     Total Material
       Fission Rate                         0.0015162 +/- 7.97614e-05
   Incoming Energy [4994505.11585514, 5738441.648302381)
     Total Material
       Fission Rate                         0.00106407 +/- 0.000113892
   Incoming Energy [5738441.648302381, 6593188.271333542)
     Total Material
       Fission Rate                         0.000850562 +/- 2.62973e-05
   Incoming Energy [6593188.271333542, 7575250.258771921)
     Total Material
       Fission Rate                         0.000723265 +/- 6.9183e-05
   Incoming Energy [7575250.258771921, 8703591.361485148)
     Total Material
       Fission Rate                         0.000414742 +/- 6.50353e-05
   Incoming Energy [8703591.361485148, 10000000)
     Total Material
       Fission Rate                         0.000164962 +/- 5.97126e-05
