 =================>     TALLY 31: FUEL_FLUX_SPECTRUM     <==================

 Cell 31
   Incoming Energy [9.999999999999999e-06, 1.1489510001873086e-05)
     Total Material
       Flux                                 0 +/- 0
   Incoming Energy [1.1489510001873086e-05, 1.3200884008314168e-05)
     Total Material
       Flux                                 0 +/- 0
   Incoming Energy [1.3200884008314168e-05, 1.516716888470924e-05)
     Total Material
       Flux                                 0 +/- 0
   Incoming Energy [1.516716888470924e-05, 1.742633386009651e-05)
     Total Material
       Flux                                 0 +/- 0
   Incoming Energy [1.742633386009651e-05, 2.0022003718155845e-05)
     Total Material
       Flux                                 0 +/- 0
   Incoming Energy [2.0022003718155845e-05, 2.3004301197729168e-05)
     Total Material
       Flux                                 0 +/- 0
   Incoming Energy [2.3004301197729168e-05, 2.643081486974103e-05)
     Total Material
       Flux                                 0 +/- 0
   Incoming Energy [2.643081486974103e-05, 3.0367711180354606e-05)
     Total Material
       Flux                                 0 +/- 0
   Incoming Energy [3.0367711180354606e-05, 3.489101213406774e-05)
     Total Material
       Flux                                 0 +/- 0
   Incoming Energy [3.489101213406774e-05, 4.008806328898465e-05)
     Total Material
       Flux                                 0 +/- 0
   Incoming Energy [4.008806328898465e-05, 4.6059220411451034e-05)
     Total Material
       Flux                                 0 +/- 0
   Incoming Energy [4.6059220411451034e-05, 5.2919787359584364e-05)
     Total Material
       Flux                                 0 +/- 0
   Incoming Energy [5.2919787359584364e-05, 6.080224261649427e-05)
     Total Material
       Flux                                 0 +/- 0
   Incoming Energy [6.080224261649427e-05, 6.985879746785249e-05)
     Total Material
       Flux                                 0 +/- 0
   Incoming Energy [6.985879746785249e-05, 8.026433522257174e-05)
     Total Material
       Flux                                 0 +/- 0
   Incoming Energy [8.026433522257174e-05, 9.221978823334323e-05)
     Total Material
       Flux                                 0 +/- 0
   Incoming Energy [9.221978823334323e-05, 0.00010595601792776158)
     Total Material
       Flux                                 0 +/- 0
   Incoming Energy [0.00010595601792776158, 0.00012173827277396621)
     Total Material
       Flux                                 0 +/- 0
   Incoming Energy [0.00012173827277396621, 0.00013987131026472387)
     Total Material
       Flux                                 0 +/- 0
   Incoming Energy [0.00013987131026472387, 0.00016070528182616383)
     Total Material
       Flux                                 0 +/- 0
   Incoming Energy [0.00016070528182616383, 0.00018464249428955425)
     Total Material
       Flux                                 0 +/- 0
   Incoming Energy [0.00018464249428955425, 0.00021214517849106298)
     Total Material
       Flux                                 0 +/- 0
   Incoming Energy [0.00021214517849106298, 0.00024374441501222218)
     Total Material
       Flux                                 0 +/- 0
   Incoming Energy [0.00024374441501222218, 0.0002800503894183631)
     Total Material
       Flux                                 0 +/- 0
   Incoming Energy [0.0002800503894183631, 0.0003217641750250735)
     Total Material
       Flux                                 5.06027e-07 +/- 5.06027e-07
   Incoming Energy [0.0003217641750250735, 0.00036969127071950243)
     Total Material
       Flux                                 0 +/- 0
   Incoming Energy [0.00036969127071950243, 0.00042475715525368984)
     Total Material
       Flux                                 3.05985e-06 +/- 3.05985e-06
   Incoming Energy [0.00042475715525368984, 0.0004880251583654434)
     Total Material
       Flux                                 0 +/- 0
   Incoming Energy [0.0004880251583654434, 0.0005607169938205458)
     Total Material
       Flux                                 4.01591e-06 +/- 4.01591e-06
   Incoming Energy [0.0005607169938205458, 0.000644236350872137)
     Total Material
       Flux                                 8.38716e-06 +/- 6.65021e-06
   Incoming Energy [0.000644236350872137, 0.0007401959996915637)
     Total Material
       Flux                                 4.09271e-06 +/- 4.09271e-06
   Incoming Energy [0.0007401959996915637, 0.0008504489341802677)
     Total Material
       Flux                                 4.56409e-07 +/- 4.56409e-07
   Incoming Energy [0.0008504489341802677, 0.00097712415353465)
     Total Material
       Flux                                 8.11561e-07 +/- 8.11561e-07
   Incoming Energy [0.00097712415353465, 0.0011226677735108135)
     Total Material
       Flux                                 2.75284e-06 +/- 2.75284e-06
   Incoming Energy [0.0011226677735108135, 0.001289890261253308)
     Total Material
       Flux                                 0 +/- 0
   Incoming Energy [0.001289890261253308, 0.0014820207057988585)
     Total Material
       Flux                                 1.81805e-06 +/- 1.60789e-06
   Incoming Energy [0.0014820207057988585, 0.0017027691722258996)
     Total Material
       Flux                                 1.07584e-05 +/- 7.94968e-06
   Incoming Energy [0.0017027691722258996, 0.0019563983435170627)
     Total Material
       Flux                                 1.92229e-06 +/- 1.60699e-06
   Incoming Energy [0.0019563983435170627, 0.002247805833548725)
     Total Material
       Flux                                 2.54689e-05 +/- 1.73341e-05
   Incoming Energy [0.002247805833548725, 0.002582618760682675)
     Total Material
       Flux                                 1.3519e-05 +/- 7.67972e-06
   Incoming Energy [0.002582618760682675, 0.0029673024081888696)
     Total Material
       Flux                                 9.91359e-05 +/- 4.75192e-05
   Incoming Energy [0.0029673024081888696, 0.003409285069746811)
     Total Material
       Flux                                 6.01801e-05 +/- 3.73826e-05
   Incoming Energy [0.003409285069746811, 0.003917101490809256)
     Total Material
       Flux                                 7.37045e-05 +/- 3.16246e-05
   Incoming Energy [0.003917101490809256, 0.004500557675700498)
     Total Material
       Flux                                 0.000122284 +/- 4.07414e-05
   Incoming Energy [0.004500557675700498, 0.0051709202428967555)
     Total Material
       Flux                                 0.000218406 +/- 6.6538e-05
   Incoming Energy [0.0051709202428967555, 0.0059411339849650335)
     Total Material
       Flux                                 0.000175986 +/- 4.87183e-05
   Incoming Energy [0.0059411339849650335, 0.006826071834272386)
     Total Material
       Flux                                 0.000328468 +/- 0.000123377
   Incoming Energy [0.006826071834272386, 0.007842822061337682)
     Total Material
       Flux                                 0.000343591 +/- 8.44178e-05
   Incoming Energy [0.007842822061337682, 0.009011018251665018)
     Total Material
       Flux                                 0.000538147 +/- 0.000106022
   Incoming Energy [0.009011018251665018, 0.010353218432956616)
     Total Material
       Flux                                 0.000669259 +/- 0.000125011
   Incoming Energy [0.010353218432956616, 0.011895340673703195)
     Total Material
       Flux                                 0.00085576 +/- 0.000143139
   Incoming Energy [0.011895340673703195, 0.013667163564620059)
     Total Material
       Flux                                 0.00120298 +/- 0.000127548
   Incoming Energy [0.013667163564620059, 0.015702901247293774)
     Total Material
       Flux                                 0.00170035 +/- 0.000253009
   Incoming Energy [0.015702901247293774, 0.018041864093920716)
     Total Material
       Flux                                 0.00159987 +/- 0.000198993
   Incoming Energy [0.018041864093920716, 0.0207292177959537)
     Total Material
       Flux                                 0.00248818 +/- 0.000267874
   Incoming Energy [0.0207292177959537, 0.023816855519761582)
     Total Material
       Flux                                 0.00285092 +/- 0.000266303
   Incoming Energy [0.023816855519761582, 0.027364399970746692)
     Total Material
       Flux                                 0.00392258 +/- 0.000350812
   Incoming Energy [0.027364399970746692, 0.031440354715915)
     Total Material
       Flux                                 0.00446294 +/- 0.000427833
   Incoming Energy [0.031440354715915, 0.0361234269970943)
     Total Material
       Flux                                 0.00631777 +/- 0.000365166
   Incoming Energy [0.0361234269970943, 0.041504047578504726)
     Total Material
       Flux                                 0.006864 +/- 0.000577614
   Incoming Energy [0.041504047578504726, 0.04768611697714469)
     Total Material
       Flux                                 0.00733451 +/- 0.000674736
   Incoming Energy [0.04768611697714469, 0.054789011795939396)
     Total Material
       Flux                                 0.00952689 +/- 0.000529113
   Incoming Energy [0.054789011795939396, 0.06294988990221888)
     Total Material
       Flux                                 0.0109463 +/- 0.000668982
   Incoming Energy [0.06294988990221888, 0.07232633896483534)
     Total Material
       Flux                                 0.0108151 +/- 0.000676784
   Incoming Energy [0.07232633896483534, 0.08309941949353386)
     Total Material
       Flux                                 0.0123073 +/- 0.000583466
   Incoming Energy [0.08309941949353386, 0.09547716114208056)
     Total Material
       Flux                                 0.0126854 +/- 0.000922234
   Incoming Energy [0.09547716114208056, 0.1096985797892384)
     Total Material
       Flux                                 0.0141717 +/- 0.00114035
   Incoming Energy [0.1096985797892384, 0.12603829296797275)
     Total Material
       Flux                                 0.0134444 +/- 0.000446564
   Incoming Energy [0.12603829296797275, 0.1448118227674533)
     Total Material
       Flux                                 0.0147191 +/- 0.00119775
   Incoming Energy [0.1448118227674533, 0.16638168860761274)
     Total Material
       Flux                                 0.0123451 +/- 0.00066291
   Incoming Energy [0.16638168860761274, 0.19116440753856997)
     Total Material
       Flux                                 0.0135371 +/- 0.000901785
   Incoming Energy [0.19116440753856997, 0.2196385372416547)
     Total Material
       Flux                                 0.0136306 +/- 0.000967341
   Incoming Energy [0.2196385372416547, 0.2523539170434766)
     Total Material
       Flux                                 0.0128962 +/- 0.000702377
   Incoming Energy [0.2523539170434766, 0.28994228538828754)
     Total Material
       Flux                                 0.0117641 +/- 0.000904058
   Incoming Energy [0.28994228538828754, 0.333129478793467)
     Total Material
       Flux                                 0.0141209 +/- 0.000861678
   Incoming Energy [0.333129478793467, 0.38274944785163073)
     Total Material
       Flux                                 0.0156461 +/- 0.000969686
   Incoming Energy [0.38274944785163073, 0.4397603609302721)
     Total Material
       Flux                                 0.0187637 +/- 0.00156234
   Incoming Energy [0.4397603609302721, 0.505263106533568)
     Total Material
       Flux                                 0.0177881 +/- 0.00118694
   Incoming Energy [0.505263106533568, 0.5805225516094895)
     Total Material
       Flux                                 0.0205569 +/- 0.000956021
   Incoming Energy [0.5805225516094895, 0.6669919663030115)
     Total Material
       Flux                                 0.0214828 +/- 0.00127345
   Incoming Energy [0.6669919663030115, 0.7663410868007446)
     Total Material
       Flux                                 0.0238369 +/- 0.00187847
   Incoming Energy [0.7663410868007446, 0.8804883581643465)
     Total Material
       Flux                                 0.024916 +/- 0.00132509
   Incoming Energy [0.8804883581643465, 1.011637979766207)
     Total Material
       Flux                                 0.0231926 +/- 0.00168888
   Incoming Energy [1.011637979766207, 1.162322468679852)
     Total Material
       Flux                                 0.0234042 +/- 0.00103746
   Incoming Energy [1.162322468679852, 1.3354515629298973)
     Total Material
       Flux                                 0.0283148 +/- 0.00175611
   Incoming Energy [1.3354515629298973, 1.53436840893001)
     Total Material
       Flux                                 0.0285888 +/- 0.00152942
   Incoming Energy [1.53436840893001, 1.762914118095948)
     Total Material
       Flux                                 0.0280366 +/- 0.00165654
   Incoming Energy [1.762914118095948, 2.0255019392306663)
     Total Material
       Flux                                 0.0275479 +/- 0.00128202
   Incoming Energy [2.0255019392306663, 2.327202478960407)
     Total Material
       Flux                                 0.0323437 +/- 0.00197481
   Incoming Energy [2.327202478960407, 2.673841615839944)
     Total Material
       Flux                                 0.0335605 +/- 0.00167531
   Incoming Energy [2.673841615839944, 3.072112998861753)
     Total Material
       Flux                                 0.0326193 +/- 0.00169635
   Incoming Energy [3.072112998861753, 3.52970730273065)
     Total Material
       Flux                                 0.0268832 +/- 0.0014351
   Incoming Energy [3.52970730273065, 4.0554607358408274)
     Total Material
       Flux                                 0.0270597 +/- 0.00119009
   Incoming Energy [4.0554607358408274, 4.659525668664678)
     Total Material
       Flux                                 0.031251 +/- 0.00194378
   Incoming Energy [4.659525668664678, 5.3535666774107185)
     Total Material
       Flux                                 0.0291275 +/- 0.00174634
   Incoming Energy [5.3535666774107185, 6.150985788580504)
     Total Material
       Flux                                 0.029498 +/- 0.00217015
   Incoming Energy [6.150985788580504, 7.067181273927491)
     Total Material
       Flux                                 0.0113111 +/- 0.000553618
   Incoming Energy [7.067181273927491, 8.119844993184008)
     Total Material
       Flux                                 0.0309485 +/- 0.0019513
   Incoming Energy [8.119844993184008, 9.329304026284676)
     Total Material
       Flux                                 0.0215098 +/- 0.00108982
   Incoming Energy [9.329304026284676, 10.718913192051264)
     Total Material
       Flux                                 0.0292877 +/- 0.00124732
   Incoming Energy [10.718913192051264, 12.315506032928262)
     Total Material
       Flux                                 0.0287511 +/- 0.00106433
   Incoming Energy [12.315506032928262, 14.149912974345758)
     Total Material
       Flux                                 0.0300429 +/- 0.00155289
   Incoming Energy [14.149912974345758, 16.257556664437935)
     Total Material
       Flux                                 0.0353179 +/- 0.00165176
   Incoming Energy [16.257556664437935, 18.679135990207808)
     Total Material
       Flux                                 0.0345376 +/- 0.00170055
   Incoming Energy [18.679135990207808, 21.461411978584014)
     Total Material
       Flux                                 0.021134 +/- 0.00131711
   Incoming Energy [21.461411978584014, 24.658110758226037)
     Total Material
       Flux                                 0.0334307 +/- 0.00162155
   Incoming Energy [24.658110758226037, 28.330961018393243)
     Total Material
       Flux                                 0.0372044 +/- 0.00229703
   Incoming Energy [28.330961018393243, 32.550885998350566)
     Total Material
       Flux                                 0.0352924 +/- 0.0021038
   Incoming Energy [32.550885998350566, 37.39937302478794)
     Total Material
       Flux                                 0.0234056 +/- 0.00127362
   Incoming Energy [37.39937302478794, 42.97004704320835)
     Total Material
       Flux                                 0.032839 +/- 0.00104783
   Incoming Energy [42.97004704320835, 49.37047852839004)
     Total Material
       Flux                                 0.0386869 +/- 0.00269433
   Incoming Energy [49.37047852839004, 56.72426068491978)
     Total Material
       Flux                                 0.0325279 +/- 0.00194367
   Incoming Energy [56.72426068491978, 65.1733960488242)
     Total Material
       Flux                                 0.0410105 +/- 0.00199085
   Incoming Energy [65.1733960488242, 74.88103857590015)
     Total Material
       Flux                                 0.0382064 +/- 0.00189426
   Incoming Energy [74.88103857590015, 86.03464416684491)
     Total Material
       Flux                                 0.0364331 +/- 0.00182048
   Incoming Energy [86.03464416684491, 98.84959046625586)
     Total Material
       Flux                                 0.0405043 +/- 0.00230854
   Incoming Energy [98.84959046625586, 113.57333583431051)
     Total Material
       Flux                                 0.035483 +/- 0.00212254
   Incoming Energy [113.57333583431051, 130.49019780144016)
     Total Material
       Flux                                 0.0393996 +/- 0.00133345
   Incoming Energy [130.49019780144016, 149.9268432786044)
     Total Material
       Flux                                 0.0436331 +/- 0.00192204
   Incoming Energy [149.9268432786044, 172.2585965398784)
     Total Material
       Flux                                 0.0452547 +/- 0.00204674
   Incoming Energy [172.2585965398784, 197.91668678535572)
     Total Material
       Flux                                 0.0420507 +/- 0.00184488
   Incoming Energy [197.91668678535572, 227.39657523579274)
     Total Material
       Flux                                 0.0437233 +/- 0.00124934
   Incoming Energy [227.39657523579274, 261.26752255633266)
     Total Material
       Flux                                 0.0471926 +/- 0.00151246
   Incoming Energy [261.26752255633266, 300.1835813575586)
     Total Material
       Flux                                 0.0455728 +/- 0.00250371
   Incoming Energy [300.1835813575586, 344.89622604057524)
     Total Material
       Flux                                 0.0475396 +/- 0.00175724
   Incoming Energy [344.89622604057524, 396.2688638701478)
     Total Material
       Flux                                 0.0507699 +/- 0.0023552
   Incoming Energy [396.2688638701478, 455.29350748669475)
     Total Material
       Flux                                 0.0498745 +/- 0.00266526
   Incoming Energy [455.29350748669475, 523.1099308056258)
     Total Material
       Flux                                 0.0457284 +/- 0.0023629
   Incoming Energy [523.1099308056258, 601.0276782070375)
     Total Material
       Flux                                 0.0486464 +/- 0.00220803
   Incoming Energy [601.0276782070375, 690.5513520162317)
     Total Material
       Flux                                 0.0503723 +/- 0.00237291
   Incoming Energy [690.5513520162317, 793.4096665797492)
     Total Material
       Flux                                 0.0515798 +/- 0.00292353
   Incoming Energy [793.4096665797492, 911.5888299750818)
     Total Material
       Flux                                 0.0517545 +/- 0.00184022
   Incoming Energy [911.5888299750818, 1047.3708979594487)
     Total Material
       Flux                                 0.0504768 +/- 0.00122963
   Incoming Energy [1047.3708979594487, 1203.3778407775906)
     Total Material
       Flux                                 0.051889 +/- 0.00274684
   Incoming Energy [1203.3778407775906, 1382.6221737646536)
     Total Material
       Flux                                 0.0588442 +/- 0.00186922
   Incoming Energy [1382.6221737646536, 1588.5651294280526)
     Total Material
       Flux                                 0.0499182 +/- 0.00241586
   Incoming Energy [1588.5651294280526, 1825.1834943190388)
     Total Material
       Flux                                 0.0508046 +/- 0.00236107
   Incoming Energy [1825.1834943190388, 2097.046401323231)
     Total Material
       Flux                                 0.0561811 +/- 0.00258243
   Incoming Energy [2097.046401323231, 2409.403560239527)
     Total Material
       Flux                                 0.0523159 +/- 0.00179286
   Incoming Energy [2409.403560239527, 2768.286630392061)
     Total Material
       Flux                                 0.0608838 +/- 0.00259179
   Incoming Energy [2768.286630392061, 3180.625692794119)
     Total Material
       Flux                                 0.0572638 +/- 0.00296622
   Incoming Energy [3180.625692794119, 3654.383070957247)
     Total Material
       Flux                                 0.0577659 +/- 0.0024168
   Incoming Energy [3654.383070957247, 4198.707084443906)
     Total Material
       Flux                                 0.0566724 +/- 0.00238384
   Incoming Energy [4198.707084443906, 4824.108704165374)
     Total Material
       Flux                                 0.0610262 +/- 0.00287237
   Incoming Energy [4824.108704165374, 5542.664520663096)
     Total Material
       Flux                                 0.0582995 +/- 0.00319861
   Incoming Energy [5542.664520663096, 6368.249944718586)
     Total Material
       Flux                                 0.0618836 +/- 0.00238413
   Incoming Energy [6368.249944718586, 7316.807143427177)
     Total Material
       Flux                                 0.0582691 +/- 0.00253094
   Incoming Energy [7316.807143427177, 8406.652885618316)
     Total Material
       Flux                                 0.0585177 +/- 0.00289068
   Incoming Energy [8406.652885618316, 9658.832241158709)
     Total Material
       Flux                                 0.0644722 +/- 0.00221157
   Incoming Energy [9658.832241158709, 11097.5249641207)
     Total Material
       Flux                                 0.066745 +/- 0.00346326
   Incoming Energy [11097.5249641207, 12750.512407130129)
     Total Material
       Flux                                 0.059547 +/- 0.00301629
   Incoming Energy [12750.512407130129, 14649.713983072817)
     Total Material
       Flux                                 0.0622315 +/- 0.00316412
   Incoming Energy [14649.713983072817, 16831.80353330955)
     Total Material
       Flux                                 0.0676256 +/- 0.00271153
   Incoming Energy [16831.80353330955, 19338.91750455232)
     Total Material
       Flux                                 0.063621 +/- 0.00333245
   Incoming Energy [19338.91750455232, 22219.468609395193)
     Total Material
       Flux                                 0.0661661 +/- 0.00219787
   Incoming Energy [22219.468609395193, 25529.080682395164)
     Total Material
       Flux                                 0.0645774 +/- 0.0016942
   Incoming Energy [25529.080682395164, 29331.662783900363)
     Total Material
       Flux                                 0.0738355 +/- 0.00269482
   Incoming Energy [29331.662783900363, 33700.64329271925)
     Total Material
       Flux                                 0.0781676 +/- 0.00235837
   Incoming Energy [33700.64329271925, 38720.38781812557)
     Total Material
       Flux                                 0.0765837 +/- 0.00223245
   Incoming Energy [38720.38781812557, 44487.82831127576)
     Total Material
       Flux                                 0.0751869 +/- 0.00340635
   Incoming Energy [44487.82831127576, 51114.334834401656)
     Total Material
       Flux                                 0.0751105 +/- 0.00335448
   Incoming Energy [51114.334834401656, 58727.86613189465)
     Total Material
       Flux                                 0.0873988 +/- 0.00314731
   Incoming Energy [58727.86613189465, 67475.44053110685)
     Total Material
       Flux                                 0.0844978 +/- 0.00461593
   Incoming Energy [67475.44053110685, 77525.97488629464)
     Total Material
       Flux                                 0.0866686 +/- 0.00337236
   Incoming Energy [77525.97488629464, 89073.54638610421)
     Total Material
       Flux                                 0.098486 +/- 0.00318337
   Incoming Energy [89073.54638610421, 102341.14021054527)
     Total Material
       Flux                                 0.0968691 +/- 0.00395376
   Incoming Energy [102341.14021054527, 117584.95540521534)
     Total Material
       Flux                                 0.107441 +/- 0.00402676
   Incoming Energy [117584.95540521534, 135099.3521198025)
     Total Material
       Flux                                 0.106269 +/- 0.00352724
   Incoming Energy [135099.3521198025, 155222.5357427048)
     Total Material
       Flux                                 0.114618 +/- 0.00382177
   Incoming Energy [155222.5357427048, 178343.08769319058)
     Total Material
       Flux                                 0.125449 +/- 0.00439082
   Incoming Energy [178343.08769319058, 204907.4689815846)
     Total Material
       Flux                                 0.134057 +/- 0.0031817
   Incoming Energy [204907.4689815846, 235428.64143224107)
     Total Material
       Flux                                 0.157872 +/- 0.00345935
   Incoming Energy [235428.64143224107, 270495.97304631316)
     Total Material
       Flux                                 0.161046 +/- 0.00357201
   Incoming Energy [270495.97304631316, 310786.6187782014)
     Total Material
       Flux                                 0.17809 +/- 0.00439058
   Incoming Energy [310786.6187782014, 357078.59649004554)
     Total Material
       Flux                                 0.200707 +/- 0.00479574
   Incoming Energy [357078.59649004554, 410265.81058271904)
     Total Material
       Flux                                 0.174805 +/- 0.00349617
   Incoming Energy [410265.81058271904, 471375.31341167097)
     Total Material
       Flux                                 0.145895 +/- 0.00527235
   Incoming Energy [471375.31341167097, 541587.1378079465)
     Total Material
       Flux                                 0.212203 +/- 0.0074611
   Incoming Energy [541587.1378079465, 622257.0836730232)
     Total Material
       Flux                                 0.241659 +/- 0.00594227
   Incoming Energy [622257.0836730232, 714942.8986597562)
     Total Material
       Flux                                 0.257594 +/- 0.00454032
   Incoming Energy [714942.8986597562, 821434.3584919422)
     Total Material
       Flux                                 0.312944 +/- 0.00816923
   Incoming Energy [821434.3584919422, 943787.8277775352)
     Total Material
       Flux                                 0.269554 +/- 0.0100181
   Incoming Energy [943787.8277775352, 1084365.9686896086)
     Total Material
       Flux                                 0.201122 +/- 0.00520648
   Incoming Energy [1084365.9686896086, 1245883.3642950081)
     Total Material
       Flux                                 0.256761 +/- 0.0051737
   Incoming Energy [1245883.3642950081, 1431458.9375234756)
     Total Material
       Flux                                 0.250962 +/- 0.00678331
   Incoming Energy [1431458.9375234756, 1644676.1779946627)
     Total Material
       Flux                                 0.267139 +/- 0.00911158
   Incoming Energy [1644676.1779946627, 1889652.3396912038)
     Total Material
       Flux                                 0.264235 +/- 0.00949652
   Incoming Energy [1889652.3396912038, 2171117.945694501)
     Total Material
       Flux                                 0.25253 +/- 0.0102053
   Incoming Energy [2171117.945694501, 2494508.135230317)
     Total Material
       Flux                                 0.291151 +/- 0.00845455
   Incoming Energy [2494508.135230317, 2866067.616948244)
     Total Material
       Flux                                 0.272942 +/- 0.0073622
   Incoming Energy [2866067.616948244, 3292971.255097148)
     Total Material
       Flux                                 0.232131 +/- 0.00596043
   Incoming Energy [3292971.255097148, 3783462.6171319326)
     Total Material
       Flux                                 0.172246 +/- 0.00770555
   Incoming Energy [3783462.6171319326, 4347013.158125018)
     Total Material
       Flux                                 0.148148 +/- 0.00664757
   Incoming Energy [4347013.158125018, 4994505.11585514)
     Total Material
       Flux                                 0.120293 +/- 0.0068563
   Incoming Energy [4994505.11585514, 5738441.648302381)
     Total Material
       Flux                                 0.0897143 +/- 0.00609774
   Incoming Energy [5738441.648302381, 6593188.271333542)
     Total Material
       Flux                                 0.0624624 +/- 0.00630491
   Incoming Energy [6593188.271333542, 7575250.258771921)
     Total Material
       Flux                                 0.0428148 +/- 0.00579987
   Incoming Energy [7575250.258771921, 8703591.361485148)
     Total Material
       Flux                                 0.019823 +/- 0.00373279
   Incoming Energy [8703591.361485148, 10000000)
     Total Material
       Flux                                 0.00833674 +/- 0.0023774
 =================>     TALLY 32: WATER_FLUX_SPECTRUM     <=================

 Cell 33
   Incoming Energy [9.999999999999999e-06, 1.1489510001873086e-05)
     Total Material
       Flux                                 0 +/- 0
   Incoming Energy [1.1489510001873086e-05, 1.3200884008314168e-05)
     Total Material
       Flux                                 0 +/- 0
   Incoming Energy [1.3200884008314168e-05, 1.516716888470924e-05)
     Total Material
       Flux                                 0 +/- 0
   Incoming Energy [1.516716888470924e-05, 1.742633386009651e-05)
     Total Material
       Flux                                 0 +/- 0
   Incoming Energy [1.742633386009651e-05, 2.0022003718155845e-05)
     Total Material
       Flux                                 0 +/- 0
   Incoming Energy [2.0022003718155845e-05, 2.3004301197729168e-05)
     Total Material
       Flux                                 0 +/- 0
   Incoming Energy [2.3004301197729168e-05, 2.643081486974103e-05)
     Total Material
       Flux                                 0 +/- 0
   Incoming Energy [2.643081486974103e-05, 3.0367711180354606e-05)
     Total Material
       Flux                                 1.35212e-07 +/- 1.35212e-07
   Incoming Energy [3.0367711180354606e-05, 3.489101213406774e-05)
     Total Material
       Flux                                 0 +/- 0
   Incoming Energy [3.489101213406774e-05, 4.008806328898465e-05)
     Total Material
       Flux                                 0 +/- 0
   Incoming Energy [4.008806328898465e-05, 4.6059220411451034e-05)
     Total Material
       Flux                                 0 +/- 0
   Incoming Energy [4.6059220411451034e-05, 5.2919787359584364e-05)
     Total Material
       Flux                                 0 +/- 0
   Incoming Energy [5.2919787359584364e-05, 6.080224261649427e-05)
     Total Material
       Flux                                 0 +/- 0
   Incoming Energy [6.080224261649427e-05, 6.985879746785249e-05)
     Total Material
       Flux                                 0 +/- 0
   Incoming Energy [6.985879746785249e-05, 8.026433522257174e-05)
     Total Material
       Flux                                 0 +/- 0
   Incoming Energy [8.026433522257174e-05, 9.221978823334323e-05)
     Total Material
       Flux                                 0 +/- 0
   Incoming Energy [9.221978823334323e-05, 0.00010595601792776158)
     Total Material
       Flux                                 3.29985e-07 +/- 3.29985e-07
   Incoming Energy [0.00010595601792776158, 0.00012173827277396621)
     Total Material
       Flux                                 0 +/- 0
   Incoming Energy [0.00012173827277396621, 0.00013987131026472387)
     Total Material
       Flux                                 0 +/- 0
   Incoming Energy [0.00013987131026472387, 0.00016070528182616383)
     Total Material
       Flux                                 0 +/- 0
   Incoming Energy [0.00016070528182616383, 0.00018464249428955425)
     Total Material
       Flux                                 3.81521e-06 +/- 3.81521e-06
   Incoming Energy [0.00018464249428955425, 0.00021214517849106298)
     Total Material
       Flux                                 0 +/- 0
   Incoming Energy [0.00021214517849106298, 0.00024374441501222218)
     Total Material
       Flux                                 2.66986e-06 +/- 2.66986e-06
   Incoming Energy [0.00024374441501222218, 0.0002800503894183631)
     Total Material
       Flux                                 1.10676e-05 +/- 1.10676e-05
   Incoming Energy [0.0002800503894183631, 0.0003217641750250735)
     Total Material
       Flux                                 4.57314e-06 +/- 3.80613e-06
   Incoming Energy [0.0003217641750250735, 0.00036969127071950243)
     Total Material
       Flux                                 1.15724e-06 +/- 7.88541e-07
   Incoming Energy [0.00036969127071950243, 0.00042475715525368984)
     Total Material
       Flux                                 1.6961e-05 +/- 1.21469e-05
   Incoming Energy [0.00042475715525368984, 0.0004880251583654434)
     Total Material
       Flux                                 6.98114e-06 +/- 6.98114e-06
   Incoming Energy [0.0004880251583654434, 0.0005607169938205458)
     Total Material
       Flux                                 6.64548e-06 +/- 6.00149e-06
   Incoming Energy [0.0005607169938205458, 0.000644236350872137)
     Total Material
       Flux                                 1.5603e-05 +/- 8.35444e-06
   Incoming Energy [0.000644236350872137, 0.0007401959996915637)
     Total Material
       Flux                                 2.61937e-05 +/- 1.70205e-05
   Incoming Energy [0.0007401959996915637, 0.0008504489341802677)
     Total Material
       Flux                                 3.35963e-05 +/- 1.44813e-05
   Incoming Energy [0.0008504489341802677, 0.00097712415353465)
     Total Material
       Flux                                 3.63129e-05 +/- 1.90013e-05
   Incoming Energy [0.00097712415353465, 0.0011226677735108135)
     Total Material
       Flux                                 9.93905e-05 +/- 3.742e-05
   Incoming Energy [0.0011226677735108135, 0.001289890261253308)
     Total Material
       Flux                                 7.20309e-05 +/- 3.78319e-05
   Incoming Energy [0.001289890261253308, 0.0014820207057988585)
     Total Material
       Flux                                 0.000206263 +/- 5.43036e-05
   Incoming Energy [0.0014820207057988585, 0.0017027691722258996)
     Total Material
       Flux                                 0.000164547 +/- 7.50532e-05
   Incoming Energy [0.0017027691722258996, 0.0019563983435170627)
     Total Material
       Flux                                 0.000259365 +/- 6.45771e-05
   Incoming Energy [0.0019563983435170627, 0.002247805833548725)
     Total Material
       Flux                                 0.000336369 +/- 7.36329e-05
   Incoming Energy [0.002247805833548725, 0.002582618760682675)
     Total Material
       Flux                                 0.000547931 +/- 0.000118718
   Incoming Energy [0.002582618760682675, 0.0029673024081888696)
     Total Material
       Flux                                 0.000493403 +/- 0.000118365
   Incoming Energy [0.0029673024081888696, 0.003409285069746811)
     Total Material
       Flux                                 0.000685932 +/- 0.000142837
   Incoming Energy [0.003409285069746811, 0.003917101490809256)
     Total Material
       Flux                                 0.000883706 +/- 0.00013926
   Incoming Energy [0.003917101490809256, 0.004500557675700498)
     Total Material
       Flux                                 0.00125046 +/- 0.000172673
   Incoming Energy [0.004500557675700498, 0.0051709202428967555)
     Total Material
       Flux                                 0.00120915 +/- 0.00024224
   Incoming Energy [0.0051709202428967555, 0.0059411339849650335)
     Total Material
       Flux                                 0.00169906 +/- 0.000242242
   Incoming Energy [0.0059411339849650335, 0.006826071834272386)
     Total Material
       Flux                                 0.00239204 +/- 0.000232083
   Incoming Energy [0.006826071834272386, 0.007842822061337682)
     Total Material
       Flux                                 0.00308098 +/- 0.000404459
   Incoming Energy [0.007842822061337682, 0.009011018251665018)
     Total Material
       Flux                                 0.00318031 +/- 0.000365126
   Incoming Energy [0.009011018251665018, 0.010353218432956616)
     Total Material
       Flux                                 0.0042975 +/- 0.000429434
   Incoming Energy [0.010353218432956616, 0.011895340673703195)
     Total Material
       Flux                                 0.00595756 +/- 0.00054607
   Incoming Energy [0.011895340673703195, 0.013667163564620059)
     Total Material
       Flux                                 0.00733695 +/- 0.000484028
   Incoming Energy [0.013667163564620059, 0.015702901247293774)
     Total Material
       Flux                                 0.00830018 +/- 0.000425092
   Incoming Energy [0.015702901247293774, 0.018041864093920716)
     Total Material
       Flux                                 0.00953571 +/- 0.000683366
   Incoming Energy [0.018041864093920716, 0.0207292177959537)
     Total Material
       Flux                                 0.0130197 +/- 0.00067578
   Incoming Energy [0.0207292177959537, 0.023816855519761582)
     Total Material
       Flux                                 0.0134688 +/- 0.000714404
   Incoming Energy [0.023816855519761582, 0.027364399970746692)
     Total Material
       Flux                                 0.0166465 +/- 0.000698046
   Incoming Energy [0.027364399970746692, 0.031440354715915)
     Total Material
       Flux                                 0.0197301 +/- 0.000779025
   Incoming Energy [0.031440354715915, 0.0361234269970943)
     Total Material
       Flux                                 0.0233556 +/- 0.0012742
   Incoming Energy [0.0361234269970943, 0.041504047578504726)
     Total Material
       Flux                                 0.0258225 +/- 0.000965061
   Incoming Energy [0.041504047578504726, 0.04768611697714469)
     Total Material
       Flux                                 0.0264857 +/- 0.00130259
   Incoming Energy [0.04768611697714469, 0.054789011795939396)
     Total Material
       Flux                                 0.0335753 +/- 0.00153403
   Incoming Energy [0.054789011795939396, 0.06294988990221888)
     Total Material
       Flux                                 0.0310523 +/- 0.00155884
   Incoming Energy [0.06294988990221888, 0.07232633896483534)
     Total Material
       Flux                                 0.032411 +/- 0.00127924
   Incoming Energy [0.07232633896483534, 0.08309941949353386)
     Total Material
       Flux                                 0.0368745 +/- 0.00144177
   Incoming Energy [0.08309941949353386, 0.09547716114208056)
     Total Material
       Flux                                 0.0337179 +/- 0.00174662
   Incoming Energy [0.09547716114208056, 0.1096985797892384)
     Total Material
       Flux                                 0.0344454 +/- 0.00170704
   Incoming Energy [0.1096985797892384, 0.12603829296797275)
     Total Material
       Flux                                 0.0320217 +/- 0.00157142
   Incoming Energy [0.12603829296797275, 0.1448118227674533)
     Total Material
       Flux                                 0.0323857 +/- 0.00152616
   Incoming Energy [0.1448118227674533, 0.16638168860761274)
     Total Material
       Flux                                 0.0275843 +/- 0.00102615
   Incoming Energy [0.16638168860761274, 0.19116440753856997)
     Total Material
       Flux                                 0.0289144 +/- 0.00144177
   Incoming Energy [0.19116440753856997, 0.2196385372416547)
     Total Material
       Flux                                 0.0306011 +/- 0.00111886
   Incoming Energy [0.2196385372416547, 0.2523539170434766)
     Total Material
       Flux                                 0.0306324 +/- 0.00153805
   Incoming Energy [0.2523539170434766, 0.28994228538828754)
     Total Material
       Flux                                 0.0290912 +/- 0.00164956
   Incoming Energy [0.28994228538828754, 0.333129478793467)
     Total Material
       Flux                                 0.0299356 +/- 0.00144681
   Incoming Energy [0.333129478793467, 0.38274944785163073)
     Total Material
       Flux                                 0.0307264 +/- 0.00127935
   Incoming Energy [0.38274944785163073, 0.4397603609302721)
     Total Material
       Flux                                 0.036068 +/- 0.00217781
   Incoming Energy [0.4397603609302721, 0.505263106533568)
     Total Material
       Flux                                 0.0353467 +/- 0.00106297
   Incoming Energy [0.505263106533568, 0.5805225516094895)
     Total Material
       Flux                                 0.0357833 +/- 0.00170432
   Incoming Energy [0.5805225516094895, 0.6669919663030115)
     Total Material
       Flux                                 0.0374863 +/- 0.00133572
   Incoming Energy [0.6669919663030115, 0.7663410868007446)
     Total Material
       Flux                                 0.0426651 +/- 0.00198219
   Incoming Energy [0.7663410868007446, 0.8804883581643465)
     Total Material
       Flux                                 0.0420723 +/- 0.00166799
   Incoming Energy [0.8804883581643465, 1.011637979766207)
     Total Material
       Flux                                 0.0425698 +/- 0.002311
   Incoming Energy [1.011637979766207, 1.162322468679852)
     Total Material
       Flux                                 0.0464444 +/- 0.00249843
   Incoming Energy [1.162322468679852, 1.3354515629298973)
     Total Material
       Flux                                 0.0438611 +/- 0.00164489
   Incoming Energy [1.3354515629298973, 1.53436840893001)
     Total Material
       Flux                                 0.0447096 +/- 0.00207224
   Incoming Energy [1.53436840893001, 1.762914118095948)
     Total Material
       Flux                                 0.0433456 +/- 0.00207429
   Incoming Energy [1.762914118095948, 2.0255019392306663)
     Total Material
       Flux                                 0.0478866 +/- 0.00211303
   Incoming Energy [2.0255019392306663, 2.327202478960407)
     Total Material
       Flux                                 0.0474466 +/- 0.00177546
   Incoming Energy [2.327202478960407, 2.673841615839944)
     Total Material
       Flux                                 0.0515988 +/- 0.00199418
   Incoming Energy [2.673841615839944, 3.072112998861753)
     Total Material
       Flux                                 0.0469607 +/- 0.00149412
   Incoming Energy [3.072112998861753, 3.52970730273065)
     Total Material
       Flux                                 0.0475014 +/- 0.00186544
   Incoming Energy [3.52970730273065, 4.0554607358408274)
     Total Material
       Flux                                 0.0489313 +/- 0.00174242
   Incoming Energy [4.0554607358408274, 4.659525668664678)
     Total Material
       Flux                                 0.0496776 +/- 0.00209835
   Incoming Energy [4.659525668664678, 5.3535666774107185)
     Total Material
       Flux                                 0.0480307 +/- 0.00258717
   Incoming Energy [5.3535666774107185, 6.150985788580504)
     Total Material
       Flux                                 0.0476636 +/- 0.00216994
   Incoming Energy [6.150985788580504, 7.067181273927491)
     Total Material
       Flux                                 0.0375985 +/- 0.00136637
   Incoming Energy [7.067181273927491, 8.119844993184008)
     Total Material
       Flux                                 0.0498339 +/- 0.00232038
   Incoming Energy [8.119844993184008, 9.329304026284676)
     Total Material
       Flux                                 0.0429293 +/- 0.00164423
   Incoming Energy [9.329304026284676, 10.718913192051264)
     Total Material
       Flux                                 0.0504406 +/- 0.00181856
   Incoming Energy [10.718913192051264, 12.315506032928262)
     Total Material
       Flux                                 0.0523832 +/- 0.00183419
   Incoming Energy [12.315506032928262, 14.149912974345758)
     Total Material
       Flux                                 0.0524612 +/- 0.00204723
   Incoming Energy [14.149912974345758, 16.257556664437935)
     Total Material
       Flux                                 0.0572135 +/- 0.00192616
   Incoming Energy [16.257556664437935, 18.679135990207808)
     Total Material
       Flux                                 0.0551428 +/- 0.00187468
   Incoming Energy [18.679135990207808, 21.461411978584014)
     Total Material
       Flux                                 0.0487998 +/- 0.00208903
   Incoming Energy [21.461411978584014, 24.658110758226037)
     Total Material
       Flux                                 0.0570634 +/- 0.00209513
   Incoming Energy [24.658110758226037, 28.330961018393243)
     Total Material
       Flux                                 0.0612656 +/- 0.00154213
   Incoming Energy [28.330961018393243, 32.550885998350566)
     Total Material
       Flux                                 0.0584041 +/- 0.00224911
   Incoming Energy [32.550885998350566, 37.39937302478794)
     Total Material
       Flux                                 0.0517191 +/- 0.00229684
   Incoming Energy [37.39937302478794, 42.97004704320835)
     Total Material
       Flux                                 0.0566021 +/- 0.00157607
   Incoming Energy [42.97004704320835, 49.37047852839004)
     Total Material
       Flux                                 0.0661786 +/- 0.00340839
   Incoming Energy [49.37047852839004, 56.72426068491978)
     Total Material
       Flux                                 0.060373 +/- 0.00222532
   Incoming Energy [56.72426068491978, 65.1733960488242)
     Total Material
       Flux                                 0.0679955 +/- 0.00211805
   Incoming Energy [65.1733960488242, 74.88103857590015)
     Total Material
       Flux                                 0.0668956 +/- 0.00263887
   Incoming Energy [74.88103857590015, 86.03464416684491)
     Total Material
       Flux                                 0.06426 +/- 0.00239587
   Incoming Energy [86.03464416684491, 98.84959046625586)
     Total Material
       Flux                                 0.0671969 +/- 0.00229565
   Incoming Energy [98.84959046625586, 113.57333583431051)
     Total Material
       Flux                                 0.0680359 +/- 0.00237445
   Incoming Energy [113.57333583431051, 130.49019780144016)
     Total Material
       Flux                                 0.0691977 +/- 0.00224494
   Incoming Energy [130.49019780144016, 149.9268432786044)
     Total Material
       Flux                                 0.0711394 +/- 0.00184537
   Incoming Energy [149.9268432786044, 172.2585965398784)
     Total Material
       Flux                                 0.0724396 +/- 0.00215624
   Incoming Energy [172.2585965398784, 197.91668678535572)
     Total Material
       Flux                                 0.0729728 +/- 0.00270236
   Incoming Energy [197.91668678535572, 227.39657523579274)
     Total Material
       Flux                                 0.0740966 +/- 0.00194157
   Incoming Energy [227.39657523579274, 261.26752255633266)
     Total Material
       Flux                                 0.0791858 +/- 0.00210334
   Incoming Energy [261.26752255633266, 300.1835813575586)
     Total Material
       Flux                                 0.0737799 +/- 0.00262926
   Incoming Energy [300.1835813575586, 344.89622604057524)
     Total Material
       Flux                                 0.0733722 +/- 0.00209196
   Incoming Energy [344.89622604057524, 396.2688638701478)
     Total Material
       Flux                                 0.0796495 +/- 0.00193633
   Incoming Energy [396.2688638701478, 455.29350748669475)
     Total Material
       Flux                                 0.0774768 +/- 0.00237872
   Incoming Energy [455.29350748669475, 523.1099308056258)
     Total Material
       Flux                                 0.0788033 +/- 0.0026139
   Incoming Energy [523.1099308056258, 601.0276782070375)
     Total Material
       Flux                                 0.0773892 +/- 0.00227543
   Incoming Energy [601.0276782070375, 690.5513520162317)
     Total Material
       Flux                                 0.0803982 +/- 0.0029227
   Incoming Energy [690.5513520162317, 793.4096665797492)
     Total Material
       Flux                                 0.0803255 +/- 0.00256576
   Incoming Energy [793.4096665797492, 911.5888299750818)
     Total Material
       Flux                                 0.0863944 +/- 0.0017074
   Incoming Energy [911.5888299750818, 1047.3708979594487)
     Total Material
       Flux                                 0.0816281 +/- 0.00183265
   Incoming Energy [1047.3708979594487, 1203.3778407775906)
     Total Material
       Flux                                 0.0821757 +/- 0.00282536
   Incoming Energy [1203.3778407775906, 1382.6221737646536)
     Total Material
       Flux                                 0.0892917 +/- 0.00325872
   Incoming Energy [1382.6221737646536, 1588.5651294280526)
     Total Material
       Flux                                 0.0834926 +/- 0.00293675
   Incoming Energy [1588.5651294280526, 1825.1834943190388)
     Total Material
       Flux                                 0.0832381 +/- 0.00299581
   Incoming Energy [1825.1834943190388, 2097.046401323231)
     Total Material
       Flux                                 0.0881376 +/- 0.00264016
   Incoming Energy [2097.046401323231, 2409.403560239527)
     Total Material
       Flux                                 0.0861892 +/- 0.00192193
   Incoming Energy [2409.403560239527, 2768.286630392061)
     Total Material
       Flux                                 0.0933561 +/- 0.00358923
   Incoming Energy [2768.286630392061, 3180.625692794119)
     Total Material
       Flux                                 0.0892863 +/- 0.0032382
   Incoming Energy [3180.625692794119, 3654.383070957247)
     Total Material
       Flux                                 0.0860667 +/- 0.00214518
   Incoming Energy [3654.383070957247, 4198.707084443906)
     Total Material
       Flux                                 0.0925681 +/- 0.00343477
   Incoming Energy [4198.707084443906, 4824.108704165374)
     Total Material
       Flux                                 0.0886592 +/- 0.00259313
   Incoming Energy [4824.108704165374, 5542.664520663096)
     Total Material
       Flux                                 0.0903655 +/- 0.00337361
   Incoming Energy [5542.664520663096, 6368.249944718586)
     Total Material
       Flux                                 0.0914672 +/- 0.0018752
   Incoming Energy [6368.249944718586, 7316.807143427177)
     Total Material
       Flux                                 0.0890264 +/- 0.00256276
   Incoming Energy [7316.807143427177, 8406.652885618316)
     Total Material
       Flux                                 0.0925002 +/- 0.0030215
   Incoming Energy [8406.652885618316, 9658.832241158709)
     Total Material
       Flux                                 0.0987244 +/- 0.00355794
   Incoming Energy [9658.832241158709, 11097.5249641207)
     Total Material
       Flux                                 0.0943938 +/- 0.00319045
   Incoming Energy [11097.5249641207, 12750.512407130129)
     Total Material
       Flux                                 0.0964836 +/- 0.00383606
   Incoming Energy [12750.512407130129, 14649.713983072817)
     Total Material
       Flux                                 0.0942057 +/- 0.00470465
   Incoming Energy [14649.713983072817, 16831.80353330955)
     Total Material
       Flux                                 0.103585 +/- 0.00274552
   Incoming Energy [16831.80353330955, 19338.91750455232)
     Total Material
       Flux                                 0.094179 +/- 0.00321806
   Incoming Energy [19338.91750455232, 22219.468609395193)
     Total Material
       Flux                                 0.0985486 +/- 0.00367439
   Incoming Energy [22219.468609395193, 25529.080682395164)
     Total Material
       Flux                                 0.103399 +/- 0.00218569
   Incoming Energy [25529.080682395164, 29331.662783900363)
     Total Material
       Flux                                 0.106922 +/- 0.0031735
   Incoming Energy [29331.662783900363, 33700.64329271925)
     Total Material
       Flux                                 0.113525 +/- 0.00272571
   Incoming Energy [33700.64329271925, 38720.38781812557)
     Total Material
       Flux                                 0.111422 +/- 0.00272653
   Incoming Energy [38720.38781812557, 44487.82831127576)
     Total Material
       Flux                                 0.112331 +/- 0.00311296
   Incoming Energy [44487.82831127576, 51114.334834401656)
     Total Material
       Flux                                 0.120597 +/- 0.00342621
   Incoming Energy [51114.334834401656, 58727.86613189465)
     Total Material
       Flux                                 0.12504 +/- 0.00338837
   Incoming Energy [58727.86613189465, 67475.44053110685)
     Total Material
       Flux                                 0.126934 +/- 0.00585939
   Incoming Energy [67475.44053110685, 77525.97488629464)
     Total Material
       Flux                                 0.128716 +/- 0.00359502
   Incoming Energy [77525.97488629464, 89073.54638610421)
     Total Material
       Flux                                 0.141119 +/- 0.00389435
   Incoming Energy [89073.54638610421, 102341.14021054527)
     Total Material
       Flux                                 0.145811 +/- 0.00422241
   Incoming Energy [102341.14021054527, 117584.95540521534)
     Total Material
       Flux                                 0.156276 +/- 0.00338096
   Incoming Energy [117584.95540521534, 135099.3521198025)
     Total Material
       Flux                                 0.153925 +/- 0.00495432
   Incoming Energy [135099.3521198025, 155222.5357427048)
     Total Material
       Flux                                 0.173283 +/- 0.00481951
   Incoming Energy [155222.5357427048, 178343.08769319058)
     Total Material
       Flux                                 0.182033 +/- 0.0044827
   Incoming Energy [178343.08769319058, 204907.4689815846)
     Total Material
       Flux                                 0.197574 +/- 0.00583015
   Incoming Energy [204907.4689815846, 235428.64143224107)
     Total Material
       Flux                                 0.222697 +/- 0.00565643
   Incoming Energy [235428.64143224107, 270495.97304631316)
     Total Material
       Flux                                 0.224094 +/- 0.00363754
   Incoming Energy [270495.97304631316, 310786.6187782014)
     Total Material
       Flux                                 0.246274 +/- 0.00671658
   Incoming Energy [310786.6187782014, 357078.59649004554)
     Total Material
       Flux                                 0.277496 +/- 0.00924635
   Incoming Energy [357078.59649004554, 410265.81058271904)
     Total Material
       Flux                                 0.245852 +/- 0.00641648
   Incoming Energy [410265.81058271904, 471375.31341167097)
     Total Material
       Flux                                 0.209672 +/- 0.00583676
   Incoming Energy [471375.31341167097, 541587.1378079465)
     Total Material
       Flux                                 0.298852 +/- 0.00643744
   Incoming Energy [541587.1378079465, 622257.0836730232)
     Total Material
       Flux                                 0.33279 +/- 0.00828289
   Incoming Energy [622257.0836730232, 714942.8986597562)
     Total Material
       Flux                                 0.362737 +/- 0.00620685
   Incoming Energy [714942.8986597562, 821434.3584919422)
     Total Material
       Flux                                 0.441976 +/- 0.00921943
   Incoming Energy [821434.3584919422, 943787.8277775352)
     Total Material
       Flux                                 0.365956 +/- 0.0128316
   Incoming Energy [943787.8277775352, 1084365.9686896086)
     Total Material
       Flux                                 0.284631 +/- 0.00765766
   Incoming Energy [1084365.9686896086, 1245883.3642950081)
     Total Material
       Flux                                 0.362905 +/- 0.00825049
   Incoming Energy [1245883.3642950081, 1431458.9375234756)
     Total Material
       Flux                                 0.347558 +/- 0.00681721
   Incoming Energy [1431458.9375234756, 1644676.1779946627)
     Total Material
       Flux                                 0.376712 +/- 0.0126782
   Incoming Energy [1644676.1779946627, 1889652.3396912038)
     Total Material
       Flux                                 0.367911 +/- 0.014654
   Incoming Energy [1889652.3396912038, 2171117.945694501)
     Total Material
       Flux                                 0.35373 +/- 0.0146983
   Incoming Energy [2171117.945694501, 2494508.135230317)
     Total Material
       Flux                                 0.400942 +/- 0.0128791
   Incoming Energy [2494508.135230317, 2866067.616948244)
     Total Material
       Flux                                 0.37506 +/- 0.00973597
   Incoming Energy [2866067.616948244, 3292971.255097148)
     Total Material
       Flux                                 0.321402 +/- 0.0106565
   Incoming Energy [3292971.255097148, 3783462.6171319326)
     Total Material
       Flux                                 0.238794 +/- 0.00980729
   Incoming Energy [3783462.6171319326, 4347013.158125018)
     Total Material
       Flux                                 0.209878 +/- 0.00889465
   Incoming Energy [4347013.158125018, 4994505.11585514)
     Total Material
       Flux                                 0.171072 +/- 0.0104904
   Incoming Energy [4994505.11585514, 5738441.648302381)
     Total Material
       Flux                                 0.124168 +/- 0.00885071
   Incoming Energy [5738441.648302381, 6593188.271333542)
     Total Material
       Flux                                 0.0876887 +/- 0.00869315
   Incoming Energy [6593188.271333542, 7575250.258771921)
     Total Material
       Flux                                 0.0570481 +/- 0.00760806
   Incoming Energy [7575250.258771921, 8703591.361485148)
     Total Material
       Flux                                 0.0268657 +/- 0.00550301
   Incoming Energy [8703591.361485148, 10000000)
     Total Material
       Flux                                 0.0122032 +/- 0.00354204
 ===================>     TALLY 33: FISSION_ENERGY     <====================

 Cell 31
   Incoming Energy [9.999999999999999e-06, 1.1489510001873086e-05)
     Total Material
       Fission Rate                         0 +/- 0
   Incoming Energy [1.1489510001873086e-05, 1.3200884008314168e-05)
     Total Material
       Fission Rate                         0 +/- 0
   Incoming Energy [1.3200884008314168e-05, 1.516716888470924e-05)
     Total Material
       Fission Rate                         0 +/- 0
   Incoming Energy [1.516716888470924e-05, 1.742633386009651e-05)
     Total Material
       Fission Rate                         0 +/- 0
   Incoming Energy [1.742633386009651e-05, 2.0022003718155845e-05)
     Total Material
       Fission Rate                         0 +/- 0
   Incoming Energy [2.0022003718155845e-05, 2.3004301197729168e-05)
     Total Material
       Fission Rate                         0 +/- 0
   Incoming Energy [2.3004301197729168e-05, 2.643081486974103e-05)
     Total Material
       Fission Rate                         0 +/- 0
   Incoming Energy [2.643081486974103e-05, 3.0367711180354606e-05)
     Total Material
       Fission Rate                         0 +/- 0
   Incoming Energy [3.0367711180354606e-05, 3.489101213406774e-05)
     Total Material
       Fission Rate                         0 +/- 0
   Incoming Energy [3.489101213406774e-05, 4.008806328898465e-05)
     Total Material
       Fission Rate                         0 +/- 0
   Incoming Energy [4.008806328898465e-05, 4.6059220411451034e-05)
     Total Material
       Fission Rate                         0 +/- 0
   Incoming Energy [4.6059220411451034e-05, 5.2919787359584364e-05)
     Total Material
       Fission Rate                         0 +/- 0
   Incoming Energy [5.2919787359584364e-05, 6.080224261649427e-05)
     Total Material
       Fission Rate                         0 +/- 0
   Incoming Energy [6.080224261649427e-05, 6.985879746785249e-05)
     Total Material
       Fission Rate                         0 +/- 0
   Incoming Energy [6.985879746785249e-05, 8.026433522257174e-05)
     Total Material
       Fission Rate                         0 +/- 0
   Incoming Energy [8.026433522257174e-05, 9.221978823334323e-05)
     Total Material
       Fission Rate                         0 +/- 0
   Incoming Energy [9.221978823334323e-05, 0.00010595601792776158)
     Total Material
       Fission Rate                         0 +/- 0
   Incoming Energy [0.00010595601792776158, 0.00012173827277396621)
     Total Material
       Fission Rate                         0 +/- 0
   Incoming Energy [0.00012173827277396621, 0.00013987131026472387)
     Total Material
       Fission Rate                         0 +/- 0
   Incoming Energy [0.00013987131026472387, 0.00016070528182616383)
     Total Material
       Fission Rate                         0 +/- 0
   Incoming Energy [0.00016070528182616383, 0.00018464249428955425)
     Total Material
       Fission Rate                         0 +/- 0
   Incoming Energy [0.00018464249428955425, 0.00021214517849106298)
     Total Material
       Fission Rate                         0 +/- 0
   Incoming Energy [0.00021214517849106298, 0.00024374441501222218)
     Total Material
       Fission Rate                         0 +/- 0
   Incoming Energy [0.00024374441501222218, 0.0002800503894183631)
     Total Material
       Fission Rate                         0 +/- 0
   Incoming Energy [0.0002800503894183631, 0.0003217641750250735)
     Total Material
       Fission Rate                         1.37094e-05 +/- 1.37094e-05
   Incoming Energy [0.0003217641750250735, 0.00036969127071950243)
     Total Material
       Fission Rate                         0 +/- 0
   Incoming Energy [0.00036969127071950243, 0.00042475715525368984)
     Total Material
       Fission Rate                         6.95772e-05 +/- 6.95772e-05
   Incoming Energy [0.00042475715525368984, 0.0004880251583654434)
     Total Material
       Fission Rate                         0 +/- 0
   Incoming Energy [0.0004880251583654434, 0.0005607169938205458)
     Total Material
       Fission Rate                         8.29097e-05 +/- 8.29097e-05
   Incoming Energy [0.0005607169938205458, 0.000644236350872137)
     Total Material
       Fission Rate                         0.000161827 +/- 0.000128156
   Incoming Energy [0.000644236350872137, 0.0007401959996915637)
     Total Material
       Fission Rate                         7.05981e-05 +/- 7.05981e-05
   Incoming Energy [0.0007401959996915637, 0.0008504489341802677)
     Total Material
       Fission Rate                         7.35772e-06 +/- 7.35772e-06
   Incoming Energy [0.0008504489341802677, 0.00097712415353465)
     Total Material
       Fission Rate                         1.25016e-05 +/- 1.25016e-05
   Incoming Energy [0.00097712415353465, 0.0011226677735108135)
     Total Material
       Fission Rate                         3.77674e-05 +/- 3.77674e-05
   Incoming Energy [0.0011226677735108135, 0.001289890261253308)
     Total Material
       Fission Rate                         0 +/- 0
   Incoming Energy [0.001289890261253308, 0.0014820207057988585)
     Total Material
       Fission Rate                         2.28872e-05 +/- 2.0206e-05
   Incoming Energy [0.0014820207057988585, 0.0017027691722258996)
     Total Material
       Fission Rate                         0.000123316 +/- 9.11623e-05
   Incoming Energy [0.0017027691722258996, 0.0019563983435170627)
     Total Material
       Fission Rate                         2.12526e-05 +/- 1.78226e-05
   Incoming Energy [0.0019563983435170627, 0.002247805833548725)
     Total Material
       Fission Rate                         0.000253097 +/- 0.000172504
   Incoming Energy [0.002247805833548725, 0.002582618760682675)
     Total Material
       Fission Rate                         0.000127781 +/- 7.3084e-05
   Incoming Energy [0.002582618760682675, 0.0029673024081888696)
     Total Material
       Fission Rate                         0.000853518 +/- 0.000405942
   Incoming Energy [0.0029673024081888696, 0.003409285069746811)
     Total Material
       Fission Rate                         0.000492934 +/- 0.000309241
   Incoming Energy [0.003409285069746811, 0.003917101490809256)
     Total Material
       Fission Rate                         0.000549062 +/- 0.000234604
   Incoming Energy [0.003917101490809256, 0.004500557675700498)
     Total Material
       Fission Rate                         0.000858776 +/- 0.000287905
   Incoming Energy [0.004500557675700498, 0.0051709202428967555)
     Total Material
       Fission Rate                         0.00141554 +/- 0.000432416
   Incoming Energy [0.0051709202428967555, 0.0059411339849650335)
     Total Material
       Fission Rate                         0.00106234 +/- 0.000292427
   Incoming Energy [0.0059411339849650335, 0.006826071834272386)
     Total Material
       Fission Rate                         0.0018474 +/- 0.00069507
   Incoming Energy [0.006826071834272386, 0.007842822061337682)
     Total Material
       Fission Rate                         0.00180134 +/- 0.000439354
   Incoming Energy [0.007842822061337682, 0.009011018251665018)
     Total Material
       Fission Rate                         0.00263126 +/- 0.000519974
   Incoming Energy [0.009011018251665018, 0.010353218432956616)
     Total Material
       Fission Rate                         0.00305249 +/- 0.000572464
   Incoming Energy [0.010353218432956616, 0.011895340673703195)
     Total Material
       Fission Rate                         0.0035916 +/- 0.000597472
   Incoming Energy [0.011895340673703195, 0.013667163564620059)
     Total Material
       Fission Rate                         0.00470297 +/- 0.000497496
   Incoming Energy [0.013667163564620059, 0.015702901247293774)
     Total Material
       Fission Rate                         0.00615752 +/- 0.000916425
   Incoming Energy [0.015702901247293774, 0.018041864093920716)
     Total Material
       Fission Rate                         0.0054316 +/- 0.000671274
   Incoming Energy [0.018041864093920716, 0.0207292177959537)
     Total Material
       Fission Rate                         0.0078298 +/- 0.000852401
   Incoming Energy [0.0207292177959537, 0.023816855519761582)
     Total Material
       Fission Rate                         0.00829643 +/- 0.000778842
   Incoming Energy [0.023816855519761582, 0.027364399970746692)
     Total Material
       Fission Rate                         0.0105846 +/- 0.000942943
   Incoming Energy [0.027364399970746692, 0.031440354715915)
     Total Material
       Fission Rate                         0.0111701 +/- 0.00107596
   Incoming Energy [0.031440354715915, 0.0361234269970943)
     Total Material
       Fission Rate                         0.0146503 +/- 0.000848166
   Incoming Energy [0.0361234269970943, 0.041504047578504726)
     Total Material
       Fission Rate                         0.0146467 +/- 0.00122967
   Incoming Energy [0.041504047578504726, 0.04768611697714469)
     Total Material
       Fission Rate                         0.0144514 +/- 0.00133015
   Incoming Energy [0.04768611697714469, 0.054789011795939396)
     Total Material
       Fission Rate                         0.0172253 +/- 0.000965828
   Incoming Energy [0.054789011795939396, 0.06294988990221888)
     Total Material
       Fission Rate                         0.0181515 +/- 0.00109846
   Incoming Energy [0.06294988990221888, 0.07232633896483534)
     Total Material
       Fission Rate                         0.0164425 +/- 0.00101841
   Incoming Energy [0.07232633896483534, 0.08309941949353386)
     Total Material
       Fission Rate                         0.0170524 +/- 0.00080686
   Incoming Energy [0.08309941949353386, 0.09547716114208056)
     Total Material
       Fission Rate                         0.0160547 +/- 0.0011768
   Incoming Energy [0.09547716114208056, 0.1096985797892384)
     Total Material
       Fission Rate                         0.016304 +/- 0.00131159
   Incoming Energy [0.1096985797892384, 0.12603829296797275)
     Total Material
       Fission Rate                         0.0141178 +/- 0.000471291
   Incoming Energy [0.12603829296797275, 0.1448118227674533)
     Total Material
       Fission Rate                         0.0141336 +/- 0.00114947
   Incoming Energy [0.1448118227674533, 0.16638168860761274)
     Total Material
       Fission Rate                         0.010942 +/- 0.000584944
   Incoming Energy [0.16638168860761274, 0.19116440753856997)
     Total Material
       Fission Rate                         0.011281 +/- 0.000751416
   Incoming Energy [0.19116440753856997, 0.2196385372416547)
     Total Material
       Fission Rate                         0.0110754 +/- 0.000786047
   Incoming Energy [0.2196385372416547, 0.2523539170434766)
     Total Material
       Fission Rate                         0.0108384 +/- 0.000591785
   Incoming Energy [0.2523539170434766, 0.28994228538828754)
     Total Material
       Fission Rate                         0.0105103 +/- 0.000809887
   Incoming Energy [0.28994228538828754, 0.333129478793467)
     Total Material
       Fission Rate                         0.0119862 +/- 0.00074435
   Incoming Energy [0.333129478793467, 0.38274944785163073)
     Total Material
       Fission Rate                         0.0105997 +/- 0.000651133
   Incoming Energy [0.38274944785163073, 0.4397603609302721)
     Total Material
       Fission Rate                         0.00979476 +/- 0.00083006
   Incoming Energy [0.4397603609302721, 0.505263106533568)
     Total Material
       Fission Rate                         0.00740606 +/- 0.000506824
   Incoming Energy [0.505263106533568, 0.5805225516094895)
     Total Material
       Fission Rate                         0.00709698 +/- 0.000335392
   Incoming Energy [0.5805225516094895, 0.6669919663030115)
     Total Material
       Fission Rate                         0.00643167 +/- 0.000379274
   Incoming Energy [0.6669919663030115, 0.7663410868007446)
     Total Material
       Fission Rate                         0.00639232 +/- 0.000503038
   Incoming Energy [0.7663410868007446, 0.8804883581643465)
     Total Material
       Fission Rate                         0.00637585 +/- 0.00033987
   Incoming Energy [0.8804883581643465, 1.011637979766207)
     Total Material
       Fission Rate                         0.00660165 +/- 0.000484693
   Incoming Energy [1.011637979766207, 1.162322468679852)
     Total Material
       Fission Rate                         0.010086 +/- 0.000444151
   Incoming Energy [1.162322468679852, 1.3354515629298973)
     Total Material
       Fission Rate                         0.00550439 +/- 0.000348889
   Incoming Energy [1.3354515629298973, 1.53436840893001)
     Total Material
       Fission Rate                         0.0023627 +/- 0.000124301
   Incoming Energy [1.53436840893001, 1.762914118095948)
     Total Material
       Fission Rate                         0.00192695 +/- 0.000114245
   Incoming Energy [1.762914118095948, 2.0255019392306663)
     Total Material
       Fission Rate                         0.0019696 +/- 9.67429e-05
   Incoming Energy [2.0255019392306663, 2.327202478960407)
     Total Material
       Fission Rate                         0.00224181 +/- 0.000126467
   Incoming Energy [2.327202478960407, 2.673841615839944)
     Total Material
       Fission Rate                         0.0015391 +/- 7.89887e-05
   Incoming Energy [2.673841615839944, 3.072112998861753)
     Total Material
       Fission Rate                         0.00260791 +/- 0.000154581
   Incoming Energy [3.072112998861753, 3.52970730273065)
     Total Material
       Fission Rate                         0.00382056 +/- 0.000211613
   Incoming Energy [3.52970730273065, 4.0554607358408274)
     Total Material
       Fission Rate                         0.00270926 +/- 0.000202484
   Incoming Energy [4.0554607358408274, 4.659525668664678)
     Total Material
       Fission Rate                         0.000549757 +/- 3.39469e-05
   Incoming Energy [4.659525668664678, 5.3535666774107185)
     Total Material
       Fission Rate                         0.00120164 +/- 6.19746e-05
   Incoming Energy [5.3535666774107185, 6.150985788580504)
     Total Material
       Fission Rate                         0.00258008 +/- 0.000196417
   Incoming Energy [6.150985788580504, 7.067181273927491)
     Total Material
       Fission Rate                         0.00241178 +/- 0.000184908
   Incoming Energy [7.067181273927491, 8.119844993184008)
     Total Material
       Fission Rate                         0.00128938 +/- 0.000113571
   Incoming Energy [8.119844993184008, 9.329304026284676)
     Total Material
       Fission Rate                         0.0117049 +/- 0.000774773
   Incoming Energy [9.329304026284676, 10.718913192051264)
     Total Material
       Fission Rate                         0.00374501 +/- 0.000176012
   Incoming Energy [10.718913192051264, 12.315506032928262)
     Total Material
       Fission Rate                         0.00304384 +/- 0.000167227
   Incoming Energy [12.315506032928262, 14.149912974345758)
     Total Material
       Fission Rate                         0.00644122 +/- 0.000307346
   Incoming Energy [14.149912974345758, 16.257556664437935)
     Total Material
       Fission Rate                         0.00396867 +/- 0.000254168
   Incoming Energy [16.257556664437935, 18.679135990207808)
     Total Material
       Fission Rate                         0.00411171 +/- 0.000242745
   Incoming Energy [18.679135990207808, 21.461411978584014)
     Total Material
       Fission Rate                         0.00574339 +/- 0.000434125
   Incoming Energy [21.461411978584014, 24.658110758226037)
     Total Material
       Fission Rate                         0.00472135 +/- 0.000278927
   Incoming Energy [24.658110758226037, 28.330961018393243)
     Total Material
       Fission Rate                         0.00688803 +/- 0.000401659
   Incoming Energy [28.330961018393243, 32.550885998350566)
     Total Material
       Fission Rate                         0.00283965 +/- 0.000209306
   Incoming Energy [32.550885998350566, 37.39937302478794)
     Total Material
       Fission Rate                         0.00662034 +/- 0.000746981
   Incoming Energy [37.39937302478794, 42.97004704320835)
     Total Material
       Fission Rate                         0.00480778 +/- 0.000385502
   Incoming Energy [42.97004704320835, 49.37047852839004)
     Total Material
       Fission Rate                         0.00593251 +/- 0.000408714
   Incoming Energy [49.37047852839004, 56.72426068491978)
     Total Material
       Fission Rate                         0.00917279 +/- 0.000691323
   Incoming Energy [56.72426068491978, 65.1733960488242)
     Total Material
       Fission Rate                         0.00458974 +/- 0.000233384
   Incoming Energy [65.1733960488242, 74.88103857590015)
     Total Material
       Fission Rate                         0.00401394 +/- 0.000255365
   Incoming Energy [74.88103857590015, 86.03464416684491)
     Total Material
       Fission Rate                         0.0041194 +/- 0.000226324
   Incoming Energy [86.03464416684491, 98.84959046625586)
     Total Material
       Fission Rate                         0.00420099 +/- 0.000162409
   Incoming Energy [98.84959046625586, 113.57333583431051)
     Total Material
       Fission Rate                         0.0023157 +/- 0.000163406
   Incoming Energy [113.57333583431051, 130.49019780144016)
     Total Material
       Fission Rate                         0.00453821 +/- 0.000217115
   Incoming Energy [130.49019780144016, 149.9268432786044)
     Total Material
       Fission Rate                         0.00443049 +/- 0.000248795
   Incoming Energy [149.9268432786044, 172.2585965398784)
     Total Material
       Fission Rate                         0.00369357 +/- 0.000233247
   Incoming Energy [172.2585965398784, 197.91668678535572)
     Total Material
       Fission Rate                         0.00350098 +/- 0.00023292
   Incoming Energy [197.91668678535572, 227.39657523579274)
     Total Material
       Fission Rate                         0.00465205 +/- 0.000204332
   Incoming Energy [227.39657523579274, 261.26752255633266)
     Total Material
       Fission Rate                         0.00407937 +/- 0.000138624
   Incoming Energy [261.26752255633266, 300.1835813575586)
     Total Material
       Fission Rate                         0.00403824 +/- 0.000206525
   Incoming Energy [300.1835813575586, 344.89622604057524)
     Total Material
       Fission Rate                         0.0033245 +/- 0.000140153
   Incoming Energy [344.89622604057524, 396.2688638701478)
     Total Material
       Fission Rate                         0.00253181 +/- 0.000158802
   Incoming Energy [396.2688638701478, 455.29350748669475)
     Total Material
       Fission Rate                         0.00314221 +/- 0.000187063
   Incoming Energy [455.29350748669475, 523.1099308056258)
     Total Material
       Fission Rate                         0.00312276 +/- 0.000170873
   Incoming Energy [523.1099308056258, 601.0276782070375)
     Total Material
       Fission Rate                         0.00304894 +/- 0.000164125
   Incoming Energy [601.0276782070375, 690.5513520162317)
     Total Material
       Fission Rate                         0.00249538 +/- 0.0001319
   Incoming Energy [690.5513520162317, 793.4096665797492)
     Total Material
       Fission Rate                         0.00248313 +/- 0.000118424
   Incoming Energy [793.4096665797492, 911.5888299750818)
     Total Material
       Fission Rate                         0.00196693 +/- 9.79765e-05
   Incoming Energy [911.5888299750818, 1047.3708979594487)
     Total Material
       Fission Rate                         0.00146447 +/- 5.24291e-05
   Incoming Energy [1047.3708979594487, 1203.3778407775906)
     Total Material
       Fission Rate                         0.0023708 +/- 0.000112842
   Incoming Energy [1203.3778407775906, 1382.6221737646536)
     Total Material
       Fission Rate                         0.00199736 +/- 8.07579e-05
   Incoming Energy [1382.6221737646536, 1588.5651294280526)
     Total Material
       Fission Rate                         0.00146082 +/- 7.90963e-05
   Incoming Energy [1588.5651294280526, 1825.1834943190388)
     Total Material
       Fission Rate                         0.00159489 +/- 6.81166e-05
   Incoming Energy [1825.1834943190388, 2097.046401323231)
     Total Material
       Fission Rate                         0.00152045 +/- 8.53883e-05
   Incoming Energy [2097.046401323231, 2409.403560239527)
     Total Material
       Fission Rate                         0.00130324 +/- 4.53865e-05
   Incoming Energy [2409.403560239527, 2768.286630392061)
     Total Material
       Fission Rate                         0.00152045 +/- 8.34138e-05
   Incoming Energy [2768.286630392061, 3180.625692794119)
     Total Material
       Fission Rate                         0.00133294 +/- 9.27018e-05
   Incoming Energy [3180.625692794119, 3654.383070957247)
     Total Material
       Fission Rate                         0.0013016 +/- 6.12944e-05
   Incoming Energy [3654.383070957247, 4198.707084443906)
     Total Material
       Fission Rate                         0.00123787 +/- 5.24768e-05
   Incoming Energy [4198.707084443906, 4824.108704165374)
     Total Material
       Fission Rate                         0.00120821 +/- 6.21403e-05
   Incoming Energy [4824.108704165374, 5542.664520663096)
     Total Material
       Fission Rate                         0.00103455 +/- 5.96847e-05
   Incoming Energy [5542.664520663096, 6368.249944718586)
     Total Material
       Fission Rate                         0.00105342 +/- 3.83537e-05
   Incoming Energy [6368.249944718586, 7316.807143427177)
     Total Material
       Fission Rate                         0.000905009 +/- 3.21977e-05
   Incoming Energy [7316.807143427177, 8406.652885618316)
     Total Material
       Fission Rate                         0.000823286 +/- 4.26091e-05
   Incoming Energy [8406.652885618316, 9658.832241158709)
     Total Material
       Fission Rate                         0.000924467 +/- 3.20712e-05
   Incoming Energy [9658.832241158709, 11097.5249641207)
     Total Material
       Fission Rate                         0.000876813 +/- 4.54065e-05
   Incoming Energy [11097.5249641207, 12750.512407130129)
     Total Material
       Fission Rate                         0.000743907 +/- 3.88409e-05
   Incoming Energy [12750.512407130129, 14649.713983072817)
     Total Material
       Fission Rate                         0.000783578 +/- 4.07752e-05
   Incoming Energy [14649.713983072817, 16831.80353330955)
     Total Material
       Fission Rate                         0.000772968 +/- 3.07345e-05
   Incoming Energy [16831.80353330955, 19338.91750455232)
     Total Material
       Fission Rate                         0.000716203 +/- 3.98525e-05
   Incoming Energy [19338.91750455232, 22219.468609395193)
     Total Material
       Fission Rate                         0.000706234 +/- 2.28992e-05
   Incoming Energy [22219.468609395193, 25529.080682395164)
     Total Material
       Fission Rate                         0.000659903 +/- 1.83193e-05
   Incoming Energy [25529.080682395164, 29331.662783900363)
     Total Material
       Fission Rate                         0.000723546 +/- 2.64097e-05
   Incoming Energy [29331.662783900363, 33700.64329271925)
     Total Material
       Fission Rate                         0.000744142 +/- 2.2427e-05
   Incoming Energy [33700.64329271925, 38720.38781812557)
     Total Material
       Fission Rate                         0.00069945 +/- 2.0364e-05
   Incoming Energy [38720.38781812557, 44487.82831127576)
     Total Material
       Fission Rate                         0.000658199 +/- 2.99339e-05
   Incoming Energy [44487.82831127576, 51114.334834401656)
     Total Material
       Fission Rate                         0.000640693 +/- 2.86394e-05
   Incoming Energy [51114.334834401656, 58727.86613189465)
     Total Material
       Fission Rate                         0.000734897 +/- 2.64433e-05
   Incoming Energy [58727.86613189465, 67475.44053110685)
     Total Material
       Fission Rate                         0.00069151 +/- 3.77668e-05
   Incoming Energy [67475.44053110685, 77525.97488629464)
     Total Material
       Fission Rate                         0.000681703 +/- 2.65567e-05
   Incoming Energy [77525.97488629464, 89073.54638610421)
     Total Material
       Fission Rate                         0.000740498 +/- 2.38377e-05
   Incoming Energy [89073.54638610421, 102341.14021054527)
     Total Material
       Fission Rate                         0.000710435 +/- 2.89579e-05
   Incoming Energy [102341.14021054527, 117584.95540521534)
     Total Material
       Fission Rate                         0.000767962 +/- 2.88076e-05
   Incoming Energy [117584.95540521534, 135099.3521198025)
     Total Material
       Fission Rate                         0.000730859 +/- 2.42715e-05
   Incoming Energy [135099.3521198025, 155222.5357427048)
     Total Material
       Fission Rate                         0.000767081 +/- 2.56101e-05
   Incoming Energy [155222.5357427048, 178343.08769319058)
     Total Material
       Fission Rate                         0.00081442 +/- 2.84951e-05
   Incoming Energy [178343.08769319058, 204907.4689815846)
     Total Material
       Fission Rate                         0.000845496 +/- 2.01642e-05
   Incoming Energy [204907.4689815846, 235428.64143224107)
     Total Material
       Fission Rate                         0.000967319 +/- 2.11634e-05
   Incoming Energy [235428.64143224107, 270495.97304631316)
     Total Material
       Fission Rate                         0.000955651 +/- 2.12683e-05
   Incoming Energy [270495.97304631316, 310786.6187782014)
     Total Material
       Fission Rate                         0.00102295 +/- 2.52122e-05
   Incoming Energy [310786.6187782014, 357078.59649004554)
     Total Material
       Fission Rate                         0.00114967 +/- 2.74906e-05
   Incoming Energy [357078.59649004554, 410265.81058271904)
     Total Material
       Fission Rate                         0.000986379 +/- 1.9714e-05
   Incoming Energy [410265.81058271904, 471375.31341167097)
     Total Material
       Fission Rate                         0.000799694 +/- 2.89721e-05
   Incoming Energy [471375.31341167097, 541587.1378079465)
     Total Material
       Fission Rate                         0.00112218 +/- 3.94167e-05
   Incoming Energy [541587.1378079465, 622257.0836730232)
     Total Material
       Fission Rate                         0.00126131 +/- 3.10465e-05
   Incoming Energy [622257.0836730232, 714942.8986597562)
     Total Material
       Fission Rate                         0.0013412 +/- 2.36372e-05
   Incoming Energy [714942.8986597562, 821434.3584919422)
     Total Material
       Fission Rate                         0.0016433 +/- 4.29081e-05
   Incoming Energy [821434.3584919422, 943787.8277775352)
     Total Material
       Fission Rate                         0.00147207 +/- 5.45002e-05
   Incoming Energy [943787.8277775352, 1084365.9686896086)
     Total Material
       Fission Rate                         0.00118341 +/- 3.07925e-05
   Incoming Energy [1084365.9686896086, 1245883.3642950081)
     Total Material
       Fission Rate                         0.00158107 +/- 3.18835e-05
   Incoming Energy [1245883.3642950081, 1431458.9375234756)
     Total Material
       Fission Rate                         0.00196221 +/- 5.21795e-05
   Incoming Energy [1431458.9375234756, 1644676.1779946627)
     Total Material
       Fission Rate                         0.00337268 +/- 0.000115303
   Incoming Energy [1644676.1779946627, 1889652.3396912038)
     Total Material
       Fission Rate                         0.00387737 +/- 0.000139619
   Incoming Energy [1889652.3396912038, 2171117.945694501)
     Total Material
       Fission Rate                         0.00401343 +/- 0.000162567
   Incoming Energy [2171117.945694501, 2494508.135230317)
     Total Material
       Fission Rate                         0.00467765 +/- 0.000135666
   Incoming Energy [2494508.135230317, 2866067.616948244)
     Total Material
       Fission Rate                         0.0043257 +/- 0.000116793
   Incoming Energy [2866067.616948244, 3292971.255097148)
     Total Material
       Fission Rate                         0.003587 +/- 9.21021e-05
   Incoming Energy [3292971.255097148, 3783462.6171319326)
     Total Material
       Fission Rate                         0.0026785 +/- 0.00011996
   Incoming Energy [3783462.6171319326, 4347013.158125018)
     Total Material
       Fission Rate                         0.00230955 +/- 0.000103633
   Incoming Energy [4347013.158125018, 4994505.11585514)
     Total Material
       Fission Rate                         0.00186037 +/- 0.000106051
   Incoming Energy [4994505.11585514, 5738441.648302381)
     Total Material
       Fission Rate                         0.00135622 +/- 9.22016e-05
   Incoming Energy [5738441.648302381, 6593188.271333542)
     Total Material
       Fission Rate                         0.00112512 +/- 0.000113751
   Incoming Energy [6593188.271333542, 7575250.258771921)
     Total Material
       Fission Rate                         0.00104463 +/- 0.00014227
   Incoming Energy [7575250.258771921, 8703591.361485148)
     Total Material
       Fission Rate                         0.000531832 +/- 0.000100112
   Incoming Energy [8703591.361485148, 10000000)
     Total Material
       Fission Rate                         0.000224512 +/- 6.40245e-05
