 =================>     TALLY 22: FUEL_FLUX_SPECTRUM     <==================

 Cell 22
   Incoming Energy [9.999999999999999e-06, 1.1489510001873086e-05)
     Total Material
       Flux                                 0 +/- 0
   Incoming Energy [1.1489510001873086e-05, 1.3200884008314168e-05)
     Total Material
       Flux                                 0 +/- 0
   Incoming Energy [1.3200884008314168e-05, 1.516716888470924e-05)
     Total Material
       Flux                                 0 +/- 0
   Incoming Energy [1.516716888470924e-05, 1.742633386009651e-05)
     Total Material
       Flux                                 0 +/- 0
   Incoming Energy [1.742633386009651e-05, 2.0022003718155845e-05)
     Total Material
       Flux                                 0 +/- 0
   Incoming Energy [2.0022003718155845e-05, 2.3004301197729168e-05)
     Total Material
       Flux                                 0 +/- 0
   Incoming Energy [2.3004301197729168e-05, 2.643081486974103e-05)
     Total Material
       Flux                                 0 +/- 0
   Incoming Energy [2.643081486974103e-05, 3.0367711180354606e-05)
     Total Material
       Flux                                 0 +/- 0
   Incoming Energy [3.0367711180354606e-05, 3.489101213406774e-05)
     Total Material
       Flux                                 0 +/- 0
   Incoming Energy [3.489101213406774e-05, 4.008806328898465e-05)
     Total Material
       Flux                                 0 +/- 0
   Incoming Energy [4.008806328898465e-05, 4.6059220411451034e-05)
     Total Material
       Flux                                 0 +/- 0
   Incoming Energy [4.6059220411451034e-05, 5.2919787359584364e-05)
     Total Material
       Flux                                 0 +/- 0
   Incoming Energy [5.2919787359584364e-05, 6.080224261649427e-05)
     Total Material
       Flux                                 0 +/- 0
   Incoming Energy [6.080224261649427e-05, 6.985879746785249e-05)
     Total Material
       Flux                                 0 +/- 0
   Incoming Energy [6.985879746785249e-05, 8.026433522257174e-05)
     Total Material
       Flux                                 0 +/- 0
   Incoming Energy [8.026433522257174e-05, 9.221978823334323e-05)
     Total Material
       Flux                                 0 +/- 0
   Incoming Energy [9.221978823334323e-05, 0.00010595601792776158)
     Total Material
       Flux                                 0 +/- 0
   Incoming Energy [0.00010595601792776158, 0.00012173827277396621)
     Total Material
       Flux                                 0 +/- 0
   Incoming Energy [0.00012173827277396621, 0.00013987131026472387)
     Total Material
       Flux                                 0 +/- 0
   Incoming Energy [0.00013987131026472387, 0.00016070528182616383)
     Total Material
       Flux                                 0 +/- 0
   Incoming Energy [0.00016070528182616383, 0.00018464249428955425)
     Total Material
       Flux                                 0 +/- 0
   Incoming Energy [0.00018464249428955425, 0.00021214517849106298)
     Total Material
       Flux                                 0 +/- 0
   Incoming Energy [0.00021214517849106298, 0.00024374441501222218)
     Total Material
       Flux                                 0 +/- 0
   Incoming Energy [0.00024374441501222218, 0.0002800503894183631)
     Total Material
       Flux                                 2.10009e-06 +/- 2.10009e-06
   Incoming Energy [0.0002800503894183631, 0.0003217641750250735)
     Total Material
       Flux                                 0 +/- 0
   Incoming Energy [0.0003217641750250735, 0.00036969127071950243)
     Total Material
       Flux                                 0 +/- 0
   Incoming Energy [0.00036969127071950243, 0.00042475715525368984)
     Total Material
       Flux                                 0 +/- 0
   Incoming Energy [0.00042475715525368984, 0.0004880251583654434)
     Total Material
       Flux                                 3.03611e-06 +/- 3.03611e-06
   Incoming Energy [0.0004880251583654434, 0.0005607169938205458)
     Total Material
       Flux                                 0 +/- 0
   Incoming Energy [0.0005607169938205458, 0.000644236350872137)
     Total Material
       Flux                                 0 +/- 0
   Incoming Energy [0.000644236350872137, 0.0007401959996915637)
     Total Material
       Flux                                 0 +/- 0
   Incoming Energy [0.0007401959996915637, 0.0008504489341802677)
     Total Material
       Flux                                 1.64747e-06 +/- 1.64747e-06
   Incoming Energy [0.0008504489341802677, 0.00097712415353465)
     Total Material
       Flux                                 0 +/- 0
   Incoming Energy [0.00097712415353465, 0.0011226677735108135)
     Total Material
       Flux                                 0 +/- 0
   Incoming Energy [0.0011226677735108135, 0.001289890261253308)
     Total Material
       Flux                                 0 +/- 0
   Incoming Energy [0.001289890261253308, 0.0014820207057988585)
     Total Material
       Flux                                 0 +/- 0
   Incoming Energy [0.0014820207057988585, 0.0017027691722258996)
     Total Material
       Flux                                 7.0249e-06 +/- 7.0249e-06
   Incoming Energy [0.0017027691722258996, 0.0019563983435170627)
     Total Material
       Flux                                 1.60901e-05 +/- 1.27154e-05
   Incoming Energy [0.0019563983435170627, 0.002247805833548725)
     Total Material
       Flux                                 1.82451e-05 +/- 8.35223e-06
   Incoming Energy [0.002247805833548725, 0.002582618760682675)
     Total Material
       Flux                                 4.59724e-05 +/- 1.98151e-05
   Incoming Energy [0.002582618760682675, 0.0029673024081888696)
     Total Material
       Flux                                 6.9235e-05 +/- 2.53405e-05
   Incoming Energy [0.0029673024081888696, 0.003409285069746811)
     Total Material
       Flux                                 9.02208e-05 +/- 3.13831e-05
   Incoming Energy [0.003409285069746811, 0.003917101490809256)
     Total Material
       Flux                                 6.76348e-05 +/- 2.04212e-05
   Incoming Energy [0.003917101490809256, 0.004500557675700498)
     Total Material
       Flux                                 0.000135871 +/- 2.91841e-05
   Incoming Energy [0.004500557675700498, 0.0051709202428967555)
     Total Material
       Flux                                 0.000231954 +/- 7.05624e-05
   Incoming Energy [0.0051709202428967555, 0.0059411339849650335)
     Total Material
       Flux                                 0.000343853 +/- 9.35153e-05
   Incoming Energy [0.0059411339849650335, 0.006826071834272386)
     Total Material
       Flux                                 0.000291393 +/- 6.86342e-05
   Incoming Energy [0.006826071834272386, 0.007842822061337682)
     Total Material
       Flux                                 0.00052176 +/- 0.000131802
   Incoming Energy [0.007842822061337682, 0.009011018251665018)
     Total Material
       Flux                                 0.000770633 +/- 0.000112336
   Incoming Energy [0.009011018251665018, 0.010353218432956616)
     Total Material
       Flux                                 0.00116332 +/- 0.000172751
   Incoming Energy [0.010353218432956616, 0.011895340673703195)
     Total Material
       Flux                                 0.00130533 +/- 0.00016636
   Incoming Energy [0.011895340673703195, 0.013667163564620059)
     Total Material
       Flux                                 0.00167452 +/- 0.000226499
   Incoming Energy [0.013667163564620059, 0.015702901247293774)
     Total Material
       Flux                                 0.00239109 +/- 0.000290347
   Incoming Energy [0.015702901247293774, 0.018041864093920716)
     Total Material
       Flux                                 0.00321685 +/- 0.000298001
   Incoming Energy [0.018041864093920716, 0.0207292177959537)
     Total Material
       Flux                                 0.00304981 +/- 0.000328177
   Incoming Energy [0.0207292177959537, 0.023816855519761582)
     Total Material
       Flux                                 0.0036229 +/- 0.000374153
   Incoming Energy [0.023816855519761582, 0.027364399970746692)
     Total Material
       Flux                                 0.00508752 +/- 0.000396884
   Incoming Energy [0.027364399970746692, 0.031440354715915)
     Total Material
       Flux                                 0.00686658 +/- 0.000378389
   Incoming Energy [0.031440354715915, 0.0361234269970943)
     Total Material
       Flux                                 0.00738574 +/- 0.00056224
   Incoming Energy [0.0361234269970943, 0.041504047578504726)
     Total Material
       Flux                                 0.00908775 +/- 0.00069835
   Incoming Energy [0.041504047578504726, 0.04768611697714469)
     Total Material
       Flux                                 0.00942603 +/- 0.000370749
   Incoming Energy [0.04768611697714469, 0.054789011795939396)
     Total Material
       Flux                                 0.0113122 +/- 0.000578725
   Incoming Energy [0.054789011795939396, 0.06294988990221888)
     Total Material
       Flux                                 0.0128471 +/- 0.000738577
   Incoming Energy [0.06294988990221888, 0.07232633896483534)
     Total Material
       Flux                                 0.0147062 +/- 0.00084795
   Incoming Energy [0.07232633896483534, 0.08309941949353386)
     Total Material
       Flux                                 0.014947 +/- 0.000708494
   Incoming Energy [0.08309941949353386, 0.09547716114208056)
     Total Material
       Flux                                 0.0153456 +/- 0.000826831
   Incoming Energy [0.09547716114208056, 0.1096985797892384)
     Total Material
       Flux                                 0.0162379 +/- 0.00123994
   Incoming Energy [0.1096985797892384, 0.12603829296797275)
     Total Material
       Flux                                 0.0145314 +/- 0.000843117
   Incoming Energy [0.12603829296797275, 0.1448118227674533)
     Total Material
       Flux                                 0.0139853 +/- 0.000879113
   Incoming Energy [0.1448118227674533, 0.16638168860761274)
     Total Material
       Flux                                 0.0141681 +/- 0.00118073
   Incoming Energy [0.16638168860761274, 0.19116440753856997)
     Total Material
       Flux                                 0.0138159 +/- 0.000762254
   Incoming Energy [0.19116440753856997, 0.2196385372416547)
     Total Material
       Flux                                 0.0135882 +/- 0.000814803
   Incoming Energy [0.2196385372416547, 0.2523539170434766)
     Total Material
       Flux                                 0.0143609 +/- 0.000925871
   Incoming Energy [0.2523539170434766, 0.28994228538828754)
     Total Material
       Flux                                 0.0122101 +/- 0.000717021
   Incoming Energy [0.28994228538828754, 0.333129478793467)
     Total Material
       Flux                                 0.0126607 +/- 0.00079167
   Incoming Energy [0.333129478793467, 0.38274944785163073)
     Total Material
       Flux                                 0.0161172 +/- 0.001073
   Incoming Energy [0.38274944785163073, 0.4397603609302721)
     Total Material
       Flux                                 0.0175266 +/- 0.000990052
   Incoming Energy [0.4397603609302721, 0.505263106533568)
     Total Material
       Flux                                 0.0202654 +/- 0.00142523
   Incoming Energy [0.505263106533568, 0.5805225516094895)
     Total Material
       Flux                                 0.0211668 +/- 0.00113452
   Incoming Energy [0.5805225516094895, 0.6669919663030115)
     Total Material
       Flux                                 0.0227629 +/- 0.0011904
   Incoming Energy [0.6669919663030115, 0.7663410868007446)
     Total Material
       Flux                                 0.0221839 +/- 0.00141369
   Incoming Energy [0.7663410868007446, 0.8804883581643465)
     Total Material
       Flux                                 0.0217334 +/- 0.00122787
   Incoming Energy [0.8804883581643465, 1.011637979766207)
     Total Material
       Flux                                 0.0204421 +/- 0.00109095
   Incoming Energy [1.011637979766207, 1.162322468679852)
     Total Material
       Flux                                 0.0215606 +/- 0.00103642
   Incoming Energy [1.162322468679852, 1.3354515629298973)
     Total Material
       Flux                                 0.0227847 +/- 0.00092522
   Incoming Energy [1.3354515629298973, 1.53436840893001)
     Total Material
       Flux                                 0.0249959 +/- 0.00167966
   Incoming Energy [1.53436840893001, 1.762914118095948)
     Total Material
       Flux                                 0.0266397 +/- 0.00206921
   Incoming Energy [1.762914118095948, 2.0255019392306663)
     Total Material
       Flux                                 0.024467 +/- 0.0012759
   Incoming Energy [2.0255019392306663, 2.327202478960407)
     Total Material
       Flux                                 0.0267205 +/- 0.00120129
   Incoming Energy [2.327202478960407, 2.673841615839944)
     Total Material
       Flux                                 0.0264746 +/- 0.0017008
   Incoming Energy [2.673841615839944, 3.072112998861753)
     Total Material
       Flux                                 0.0245978 +/- 0.00137337
   Incoming Energy [3.072112998861753, 3.52970730273065)
     Total Material
       Flux                                 0.0265902 +/- 0.00127049
   Incoming Energy [3.52970730273065, 4.0554607358408274)
     Total Material
       Flux                                 0.0225355 +/- 0.00169359
   Incoming Energy [4.0554607358408274, 4.659525668664678)
     Total Material
       Flux                                 0.0271821 +/- 0.0017922
   Incoming Energy [4.659525668664678, 5.3535666774107185)
     Total Material
       Flux                                 0.0250846 +/- 0.00131551
   Incoming Energy [5.3535666774107185, 6.150985788580504)
     Total Material
       Flux                                 0.0264528 +/- 0.00121872
   Incoming Energy [6.150985788580504, 7.067181273927491)
     Total Material
       Flux                                 0.00977221 +/- 0.000601641
   Incoming Energy [7.067181273927491, 8.119844993184008)
     Total Material
       Flux                                 0.0251005 +/- 0.00207355
   Incoming Energy [8.119844993184008, 9.329304026284676)
     Total Material
       Flux                                 0.0216552 +/- 0.000824111
   Incoming Energy [9.329304026284676, 10.718913192051264)
     Total Material
       Flux                                 0.0296417 +/- 0.00156766
   Incoming Energy [10.718913192051264, 12.315506032928262)
     Total Material
       Flux                                 0.023764 +/- 0.00120123
   Incoming Energy [12.315506032928262, 14.149912974345758)
     Total Material
       Flux                                 0.0247284 +/- 0.000900448
   Incoming Energy [14.149912974345758, 16.257556664437935)
     Total Material
       Flux                                 0.0291815 +/- 0.00178053
   Incoming Energy [16.257556664437935, 18.679135990207808)
     Total Material
       Flux                                 0.0281614 +/- 0.00208208
   Incoming Energy [18.679135990207808, 21.461411978584014)
     Total Material
       Flux                                 0.0187043 +/- 0.0010282
   Incoming Energy [21.461411978584014, 24.658110758226037)
     Total Material
       Flux                                 0.0276274 +/- 0.0012667
   Incoming Energy [24.658110758226037, 28.330961018393243)
     Total Material
       Flux                                 0.0315997 +/- 0.00164032
   Incoming Energy [28.330961018393243, 32.550885998350566)
     Total Material
       Flux                                 0.0306489 +/- 0.00110875
   Incoming Energy [32.550885998350566, 37.39937302478794)
     Total Material
       Flux                                 0.0196694 +/- 0.00106506
   Incoming Energy [37.39937302478794, 42.97004704320835)
     Total Material
       Flux                                 0.0283215 +/- 0.00200502
   Incoming Energy [42.97004704320835, 49.37047852839004)
     Total Material
       Flux                                 0.0306227 +/- 0.00118633
   Incoming Energy [49.37047852839004, 56.72426068491978)
     Total Material
       Flux                                 0.0273115 +/- 0.00115758
   Incoming Energy [56.72426068491978, 65.1733960488242)
     Total Material
       Flux                                 0.0329522 +/- 0.00146836
   Incoming Energy [65.1733960488242, 74.88103857590015)
     Total Material
       Flux                                 0.0307798 +/- 0.00211941
   Incoming Energy [74.88103857590015, 86.03464416684491)
     Total Material
       Flux                                 0.0348158 +/- 0.00161996
   Incoming Energy [86.03464416684491, 98.84959046625586)
     Total Material
       Flux                                 0.0377321 +/- 0.00133814
   Incoming Energy [98.84959046625586, 113.57333583431051)
     Total Material
       Flux                                 0.0348553 +/- 0.00231429
   Incoming Energy [113.57333583431051, 130.49019780144016)
     Total Material
       Flux                                 0.0377184 +/- 0.00237455
   Incoming Energy [130.49019780144016, 149.9268432786044)
     Total Material
       Flux                                 0.0385019 +/- 0.00218935
   Incoming Energy [149.9268432786044, 172.2585965398784)
     Total Material
       Flux                                 0.0346 +/- 0.00203882
   Incoming Energy [172.2585965398784, 197.91668678535572)
     Total Material
       Flux                                 0.0393883 +/- 0.00224187
   Incoming Energy [197.91668678535572, 227.39657523579274)
     Total Material
       Flux                                 0.0348444 +/- 0.00215437
   Incoming Energy [227.39657523579274, 261.26752255633266)
     Total Material
       Flux                                 0.0401925 +/- 0.0018583
   Incoming Energy [261.26752255633266, 300.1835813575586)
     Total Material
       Flux                                 0.0408289 +/- 0.00184495
   Incoming Energy [300.1835813575586, 344.89622604057524)
     Total Material
       Flux                                 0.0408274 +/- 0.00229649
   Incoming Energy [344.89622604057524, 396.2688638701478)
     Total Material
       Flux                                 0.0383442 +/- 0.00205503
   Incoming Energy [396.2688638701478, 455.29350748669475)
     Total Material
       Flux                                 0.037172 +/- 0.00193876
   Incoming Energy [455.29350748669475, 523.1099308056258)
     Total Material
       Flux                                 0.0393154 +/- 0.00171689
   Incoming Energy [523.1099308056258, 601.0276782070375)
     Total Material
       Flux                                 0.0441589 +/- 0.00204277
   Incoming Energy [601.0276782070375, 690.5513520162317)
     Total Material
       Flux                                 0.0482114 +/- 0.00158645
   Incoming Energy [690.5513520162317, 793.4096665797492)
     Total Material
       Flux                                 0.0412388 +/- 0.00176112
   Incoming Energy [793.4096665797492, 911.5888299750818)
     Total Material
       Flux                                 0.0400481 +/- 0.00239532
   Incoming Energy [911.5888299750818, 1047.3708979594487)
     Total Material
       Flux                                 0.0417694 +/- 0.00132005
   Incoming Energy [1047.3708979594487, 1203.3778407775906)
     Total Material
       Flux                                 0.0399975 +/- 0.00157412
   Incoming Energy [1203.3778407775906, 1382.6221737646536)
     Total Material
       Flux                                 0.0433594 +/- 0.00183763
   Incoming Energy [1382.6221737646536, 1588.5651294280526)
     Total Material
       Flux                                 0.0408102 +/- 0.00187705
   Incoming Energy [1588.5651294280526, 1825.1834943190388)
     Total Material
       Flux                                 0.0427992 +/- 0.00182943
   Incoming Energy [1825.1834943190388, 2097.046401323231)
     Total Material
       Flux                                 0.0426782 +/- 0.00183233
   Incoming Energy [2097.046401323231, 2409.403560239527)
     Total Material
       Flux                                 0.0439964 +/- 0.00151613
   Incoming Energy [2409.403560239527, 2768.286630392061)
     Total Material
       Flux                                 0.0427963 +/- 0.00163566
   Incoming Energy [2768.286630392061, 3180.625692794119)
     Total Material
       Flux                                 0.0459617 +/- 0.00180731
   Incoming Energy [3180.625692794119, 3654.383070957247)
     Total Material
       Flux                                 0.043124 +/- 0.00217379
   Incoming Energy [3654.383070957247, 4198.707084443906)
     Total Material
       Flux                                 0.0462353 +/- 0.00179681
   Incoming Energy [4198.707084443906, 4824.108704165374)
     Total Material
       Flux                                 0.0430844 +/- 0.00164231
   Incoming Energy [4824.108704165374, 5542.664520663096)
     Total Material
       Flux                                 0.0455424 +/- 0.00210335
   Incoming Energy [5542.664520663096, 6368.249944718586)
     Total Material
       Flux                                 0.0486699 +/- 0.00198035
   Incoming Energy [6368.249944718586, 7316.807143427177)
     Total Material
       Flux                                 0.0503124 +/- 0.00243903
   Incoming Energy [7316.807143427177, 8406.652885618316)
     Total Material
       Flux                                 0.0482474 +/- 0.00193451
   Incoming Energy [8406.652885618316, 9658.832241158709)
     Total Material
       Flux                                 0.0490707 +/- 0.00293672
   Incoming Energy [9658.832241158709, 11097.5249641207)
     Total Material
       Flux                                 0.0483141 +/- 0.00212529
   Incoming Energy [11097.5249641207, 12750.512407130129)
     Total Material
       Flux                                 0.0470367 +/- 0.00207223
   Incoming Energy [12750.512407130129, 14649.713983072817)
     Total Material
       Flux                                 0.0524686 +/- 0.00203989
   Incoming Energy [14649.713983072817, 16831.80353330955)
     Total Material
       Flux                                 0.0522597 +/- 0.00247561
   Incoming Energy [16831.80353330955, 19338.91750455232)
     Total Material
       Flux                                 0.0534678 +/- 0.00203715
   Incoming Energy [19338.91750455232, 22219.468609395193)
     Total Material
       Flux                                 0.0534777 +/- 0.00244256
   Incoming Energy [22219.468609395193, 25529.080682395164)
     Total Material
       Flux                                 0.05452 +/- 0.00217578
   Incoming Energy [25529.080682395164, 29331.662783900363)
     Total Material
       Flux                                 0.0542996 +/- 0.00229962
   Incoming Energy [29331.662783900363, 33700.64329271925)
     Total Material
       Flux                                 0.0523739 +/- 0.00217969
   Incoming Energy [33700.64329271925, 38720.38781812557)
     Total Material
       Flux                                 0.0605738 +/- 0.00161189
   Incoming Energy [38720.38781812557, 44487.82831127576)
     Total Material
       Flux                                 0.0595825 +/- 0.0024772
   Incoming Energy [44487.82831127576, 51114.334834401656)
     Total Material
       Flux                                 0.0655486 +/- 0.00237074
   Incoming Energy [51114.334834401656, 58727.86613189465)
     Total Material
       Flux                                 0.0641439 +/- 0.00231072
   Incoming Energy [58727.86613189465, 67475.44053110685)
     Total Material
       Flux                                 0.0619261 +/- 0.00258191
   Incoming Energy [67475.44053110685, 77525.97488629464)
     Total Material
       Flux                                 0.0714151 +/- 0.00173367
   Incoming Energy [77525.97488629464, 89073.54638610421)
     Total Material
       Flux                                 0.0742239 +/- 0.00216288
   Incoming Energy [89073.54638610421, 102341.14021054527)
     Total Material
       Flux                                 0.0827015 +/- 0.00316601
   Incoming Energy [102341.14021054527, 117584.95540521534)
     Total Material
       Flux                                 0.0866981 +/- 0.00270211
   Incoming Energy [117584.95540521534, 135099.3521198025)
     Total Material
       Flux                                 0.088396 +/- 0.0020382
   Incoming Energy [135099.3521198025, 155222.5357427048)
     Total Material
       Flux                                 0.0948206 +/- 0.00224737
   Incoming Energy [155222.5357427048, 178343.08769319058)
     Total Material
       Flux                                 0.105761 +/- 0.00337178
   Incoming Energy [178343.08769319058, 204907.4689815846)
     Total Material
       Flux                                 0.110578 +/- 0.00408512
   Incoming Energy [204907.4689815846, 235428.64143224107)
     Total Material
       Flux                                 0.115812 +/- 0.00247301
   Incoming Energy [235428.64143224107, 270495.97304631316)
     Total Material
       Flux                                 0.133004 +/- 0.00427421
   Incoming Energy [270495.97304631316, 310786.6187782014)
     Total Material
       Flux                                 0.142931 +/- 0.00489392
   Incoming Energy [310786.6187782014, 357078.59649004554)
     Total Material
       Flux                                 0.161744 +/- 0.00411647
   Incoming Energy [357078.59649004554, 410265.81058271904)
     Total Material
       Flux                                 0.142056 +/- 0.00324753
   Incoming Energy [410265.81058271904, 471375.31341167097)
     Total Material
       Flux                                 0.121375 +/- 0.00319933
   Incoming Energy [471375.31341167097, 541587.1378079465)
     Total Material
       Flux                                 0.176375 +/- 0.00368767
   Incoming Energy [541587.1378079465, 622257.0836730232)
     Total Material
       Flux                                 0.192118 +/- 0.00466576
   Incoming Energy [622257.0836730232, 714942.8986597562)
     Total Material
       Flux                                 0.205859 +/- 0.00704419
   Incoming Energy [714942.8986597562, 821434.3584919422)
     Total Material
       Flux                                 0.234267 +/- 0.00795727
   Incoming Energy [821434.3584919422, 943787.8277775352)
     Total Material
       Flux                                 0.219821 +/- 0.00588435
   Incoming Energy [943787.8277775352, 1084365.9686896086)
     Total Material
       Flux                                 0.172189 +/- 0.00441817
   Incoming Energy [1084365.9686896086, 1245883.3642950081)
     Total Material
       Flux                                 0.220202 +/- 0.00711362
   Incoming Energy [1245883.3642950081, 1431458.9375234756)
     Total Material
       Flux                                 0.222006 +/- 0.0071136
   Incoming Energy [1431458.9375234756, 1644676.1779946627)
     Total Material
       Flux                                 0.225617 +/- 0.00693069
   Incoming Energy [1644676.1779946627, 1889652.3396912038)
     Total Material
       Flux                                 0.228429 +/- 0.00754592
   Incoming Energy [1889652.3396912038, 2171117.945694501)
     Total Material
       Flux                                 0.218663 +/- 0.00671918
   Incoming Energy [2171117.945694501, 2494508.135230317)
     Total Material
       Flux                                 0.258471 +/- 0.00968021
   Incoming Energy [2494508.135230317, 2866067.616948244)
     Total Material
       Flux                                 0.23684 +/- 0.00745153
   Incoming Energy [2866067.616948244, 3292971.255097148)
     Total Material
       Flux                                 0.193236 +/- 0.00753192
   Incoming Energy [3292971.255097148, 3783462.6171319326)
     Total Material
       Flux                                 0.135693 +/- 0.00711455
   Incoming Energy [3783462.6171319326, 4347013.158125018)
     Total Material
       Flux                                 0.130985 +/- 0.00744806
   Incoming Energy [4347013.158125018, 4994505.11585514)
     Total Material
       Flux                                 0.103791 +/- 0.00474533
   Incoming Energy [4994505.11585514, 5738441.648302381)
     Total Material
       Flux                                 0.0770785 +/- 0.00653676
   Incoming Energy [5738441.648302381, 6593188.271333542)
     Total Material
       Flux                                 0.0538013 +/- 0.0047409
   Incoming Energy [6593188.271333542, 7575250.258771921)
     Total Material
       Flux                                 0.0349082 +/- 0.00346042
   Incoming Energy [7575250.258771921, 8703591.361485148)
     Total Material
       Flux                                 0.0167443 +/- 0.00269877
   Incoming Energy [8703591.361485148, 10000000)
     Total Material
       Flux                                 0.00691451 +/- 0.00132142
 =================>     TALLY 23: WATER_FLUX_SPECTRUM     <=================

 Cell 24
   Incoming Energy [9.999999999999999e-06, 1.1489510001873086e-05)
     Total Material
       Flux                                 0 +/- 0
   Incoming Energy [1.1489510001873086e-05, 1.3200884008314168e-05)
     Total Material
       Flux                                 9.3122e-08 +/- 9.3122e-08
   Incoming Energy [1.3200884008314168e-05, 1.516716888470924e-05)
     Total Material
       Flux                                 0 +/- 0
   Incoming Energy [1.516716888470924e-05, 1.742633386009651e-05)
     Total Material
       Flux                                 0 +/- 0
   Incoming Energy [1.742633386009651e-05, 2.0022003718155845e-05)
     Total Material
       Flux                                 0 +/- 0
   Incoming Energy [2.0022003718155845e-05, 2.3004301197729168e-05)
     Total Material
       Flux                                 0 +/- 0
   Incoming Energy [2.3004301197729168e-05, 2.643081486974103e-05)
     Total Material
       Flux                                 0 +/- 0
   Incoming Energy [2.643081486974103e-05, 3.0367711180354606e-05)
     Total Material
       Flux                                 0 +/- 0
   Incoming Energy [3.0367711180354606e-05, 3.489101213406774e-05)
     Total Material
       Flux                                 0 +/- 0
   Incoming Energy [3.489101213406774e-05, 4.008806328898465e-05)
     Total Material
       Flux                                 0 +/- 0
   Incoming Energy [4.008806328898465e-05, 4.6059220411451034e-05)
     Total Material
       Flux                                 0 +/- 0
   Incoming Energy [4.6059220411451034e-05, 5.2919787359584364e-05)
     Total Material
       Flux                                 0 +/- 0
   Incoming Energy [5.2919787359584364e-05, 6.080224261649427e-05)
     Total Material
       Flux                                 1.38843e-06 +/- 1.38843e-06
   Incoming Energy [6.080224261649427e-05, 6.985879746785249e-05)
     Total Material
       Flux                                 1.00831e-06 +/- 1.00831e-06
   Incoming Energy [6.985879746785249e-05, 8.026433522257174e-05)
     Total Material
       Flux                                 0 +/- 0
   Incoming Energy [8.026433522257174e-05, 9.221978823334323e-05)
     Total Material
       Flux                                 3.81135e-06 +/- 3.81135e-06
   Incoming Energy [9.221978823334323e-05, 0.00010595601792776158)
     Total Material
       Flux                                 0 +/- 0
   Incoming Energy [0.00010595601792776158, 0.00012173827277396621)
     Total Material
       Flux                                 0 +/- 0
   Incoming Energy [0.00012173827277396621, 0.00013987131026472387)
     Total Material
       Flux                                 0 +/- 0
   Incoming Energy [0.00013987131026472387, 0.00016070528182616383)
     Total Material
       Flux                                 0 +/- 0
   Incoming Energy [0.00016070528182616383, 0.00018464249428955425)
     Total Material
       Flux                                 2.12866e-06 +/- 2.12866e-06
   Incoming Energy [0.00018464249428955425, 0.00021214517849106298)
     Total Material
       Flux                                 0 +/- 0
   Incoming Energy [0.00021214517849106298, 0.00024374441501222218)
     Total Material
       Flux                                 0 +/- 0
   Incoming Energy [0.00024374441501222218, 0.0002800503894183631)
     Total Material
       Flux                                 3.71161e-06 +/- 3.57407e-06
   Incoming Energy [0.0002800503894183631, 0.0003217641750250735)
     Total Material
       Flux                                 2.26966e-06 +/- 2.26966e-06
   Incoming Energy [0.0003217641750250735, 0.00036969127071950243)
     Total Material
       Flux                                 2.48559e-05 +/- 1.20011e-05
   Incoming Energy [0.00036969127071950243, 0.00042475715525368984)
     Total Material
       Flux                                 3.80365e-06 +/- 3.80365e-06
   Incoming Energy [0.00042475715525368984, 0.0004880251583654434)
     Total Material
       Flux                                 1.53434e-05 +/- 9.59465e-06
   Incoming Energy [0.0004880251583654434, 0.0005607169938205458)
     Total Material
       Flux                                 4.23252e-05 +/- 2.21693e-05
   Incoming Energy [0.0005607169938205458, 0.000644236350872137)
     Total Material
       Flux                                 5.43602e-05 +/- 1.97474e-05
   Incoming Energy [0.000644236350872137, 0.0007401959996915637)
     Total Material
       Flux                                 3.6536e-05 +/- 1.17179e-05
   Incoming Energy [0.0007401959996915637, 0.0008504489341802677)
     Total Material
       Flux                                 6.11017e-05 +/- 3.36972e-05
   Incoming Energy [0.0008504489341802677, 0.00097712415353465)
     Total Material
       Flux                                 7.10382e-05 +/- 2.62509e-05
   Incoming Energy [0.00097712415353465, 0.0011226677735108135)
     Total Material
       Flux                                 0.000123194 +/- 5.00607e-05
   Incoming Energy [0.0011226677735108135, 0.001289890261253308)
     Total Material
       Flux                                 0.000197925 +/- 4.78095e-05
   Incoming Energy [0.001289890261253308, 0.0014820207057988585)
     Total Material
       Flux                                 0.000163986 +/- 3.61139e-05
   Incoming Energy [0.0014820207057988585, 0.0017027691722258996)
     Total Material
       Flux                                 0.000274021 +/- 7.78068e-05
   Incoming Energy [0.0017027691722258996, 0.0019563983435170627)
     Total Material
       Flux                                 0.000220857 +/- 4.5027e-05
   Incoming Energy [0.0019563983435170627, 0.002247805833548725)
     Total Material
       Flux                                 0.000373791 +/- 7.99103e-05
   Incoming Energy [0.002247805833548725, 0.002582618760682675)
     Total Material
       Flux                                 0.000543897 +/- 8.58935e-05
   Incoming Energy [0.002582618760682675, 0.0029673024081888696)
     Total Material
       Flux                                 0.000658356 +/- 0.000100808
   Incoming Energy [0.0029673024081888696, 0.003409285069746811)
     Total Material
       Flux                                 0.000852358 +/- 0.000114891
   Incoming Energy [0.003409285069746811, 0.003917101490809256)
     Total Material
       Flux                                 0.00123931 +/- 0.00017187
   Incoming Energy [0.003917101490809256, 0.004500557675700498)
     Total Material
       Flux                                 0.00169936 +/- 0.000165285
   Incoming Energy [0.004500557675700498, 0.0051709202428967555)
     Total Material
       Flux                                 0.00197342 +/- 0.000240176
   Incoming Energy [0.0051709202428967555, 0.0059411339849650335)
     Total Material
       Flux                                 0.0028811 +/- 0.000325308
   Incoming Energy [0.0059411339849650335, 0.006826071834272386)
     Total Material
       Flux                                 0.00325818 +/- 0.000464346
   Incoming Energy [0.006826071834272386, 0.007842822061337682)
     Total Material
       Flux                                 0.0040476 +/- 0.000348352
   Incoming Energy [0.007842822061337682, 0.009011018251665018)
     Total Material
       Flux                                 0.00543489 +/- 0.000493437
   Incoming Energy [0.009011018251665018, 0.010353218432956616)
     Total Material
       Flux                                 0.00806151 +/- 0.000444648
   Incoming Energy [0.010353218432956616, 0.011895340673703195)
     Total Material
       Flux                                 0.00950244 +/- 0.000518319
   Incoming Energy [0.011895340673703195, 0.013667163564620059)
     Total Material
       Flux                                 0.0103366 +/- 0.000678293
   Incoming Energy [0.013667163564620059, 0.015702901247293774)
     Total Material
       Flux                                 0.0120263 +/- 0.000745192
   Incoming Energy [0.015702901247293774, 0.018041864093920716)
     Total Material
       Flux                                 0.016393 +/- 0.00109812
   Incoming Energy [0.018041864093920716, 0.0207292177959537)
     Total Material
       Flux                                 0.018297 +/- 0.00095106
   Incoming Energy [0.0207292177959537, 0.023816855519761582)
     Total Material
       Flux                                 0.0236567 +/- 0.000881808
   Incoming Energy [0.023816855519761582, 0.027364399970746692)
     Total Material
       Flux                                 0.025274 +/- 0.00118082
   Incoming Energy [0.027364399970746692, 0.031440354715915)
     Total Material
       Flux                                 0.0347568 +/- 0.00120282
   Incoming Energy [0.031440354715915, 0.0361234269970943)
     Total Material
       Flux                                 0.0321284 +/- 0.00130391
   Incoming Energy [0.0361234269970943, 0.041504047578504726)
     Total Material
       Flux                                 0.0389066 +/- 0.00127869
   Incoming Energy [0.041504047578504726, 0.04768611697714469)
     Total Material
       Flux                                 0.0401072 +/- 0.00118129
   Incoming Energy [0.04768611697714469, 0.054789011795939396)
     Total Material
       Flux                                 0.0455045 +/- 0.00123201
   Incoming Energy [0.054789011795939396, 0.06294988990221888)
     Total Material
       Flux                                 0.0473204 +/- 0.00210665
   Incoming Energy [0.06294988990221888, 0.07232633896483534)
     Total Material
       Flux                                 0.0492121 +/- 0.001911
   Incoming Energy [0.07232633896483534, 0.08309941949353386)
     Total Material
       Flux                                 0.0514801 +/- 0.0022308
   Incoming Energy [0.08309941949353386, 0.09547716114208056)
     Total Material
       Flux                                 0.0476864 +/- 0.00122278
   Incoming Energy [0.09547716114208056, 0.1096985797892384)
     Total Material
       Flux                                 0.0425909 +/- 0.00195543
   Incoming Energy [0.1096985797892384, 0.12603829296797275)
     Total Material
       Flux                                 0.0462064 +/- 0.00177416
   Incoming Energy [0.12603829296797275, 0.1448118227674533)
     Total Material
       Flux                                 0.0402218 +/- 0.00165859
   Incoming Energy [0.1448118227674533, 0.16638168860761274)
     Total Material
       Flux                                 0.0398916 +/- 0.00180046
   Incoming Energy [0.16638168860761274, 0.19116440753856997)
     Total Material
       Flux                                 0.0400206 +/- 0.00144782
   Incoming Energy [0.19116440753856997, 0.2196385372416547)
     Total Material
       Flux                                 0.0414178 +/- 0.00135296
   Incoming Energy [0.2196385372416547, 0.2523539170434766)
     Total Material
       Flux                                 0.0392887 +/- 0.00119058
   Incoming Energy [0.2523539170434766, 0.28994228538828754)
     Total Material
       Flux                                 0.0382582 +/- 0.00122861
   Incoming Energy [0.28994228538828754, 0.333129478793467)
     Total Material
       Flux                                 0.037823 +/- 0.0017209
   Incoming Energy [0.333129478793467, 0.38274944785163073)
     Total Material
       Flux                                 0.039161 +/- 0.00143248
   Incoming Energy [0.38274944785163073, 0.4397603609302721)
     Total Material
       Flux                                 0.0426757 +/- 0.00142836
   Incoming Energy [0.4397603609302721, 0.505263106533568)
     Total Material
       Flux                                 0.0477848 +/- 0.00293219
   Incoming Energy [0.505263106533568, 0.5805225516094895)
     Total Material
       Flux                                 0.0457777 +/- 0.00185593
   Incoming Energy [0.5805225516094895, 0.6669919663030115)
     Total Material
       Flux                                 0.0469523 +/- 0.001478
   Incoming Energy [0.6669919663030115, 0.7663410868007446)
     Total Material
       Flux                                 0.0485802 +/- 0.00183196
   Incoming Energy [0.7663410868007446, 0.8804883581643465)
     Total Material
       Flux                                 0.0469103 +/- 0.0015126
   Incoming Energy [0.8804883581643465, 1.011637979766207)
     Total Material
       Flux                                 0.0435611 +/- 0.00149912
   Incoming Energy [1.011637979766207, 1.162322468679852)
     Total Material
       Flux                                 0.0469107 +/- 0.00157277
   Incoming Energy [1.162322468679852, 1.3354515629298973)
     Total Material
       Flux                                 0.0485082 +/- 0.00132183
   Incoming Energy [1.3354515629298973, 1.53436840893001)
     Total Material
       Flux                                 0.0521425 +/- 0.0020833
   Incoming Energy [1.53436840893001, 1.762914118095948)
     Total Material
       Flux                                 0.0553895 +/- 0.00292083
   Incoming Energy [1.762914118095948, 2.0255019392306663)
     Total Material
       Flux                                 0.051107 +/- 0.00123471
   Incoming Energy [2.0255019392306663, 2.327202478960407)
     Total Material
       Flux                                 0.0537244 +/- 0.00190408
   Incoming Energy [2.327202478960407, 2.673841615839944)
     Total Material
       Flux                                 0.0520019 +/- 0.00205483
   Incoming Energy [2.673841615839944, 3.072112998861753)
     Total Material
       Flux                                 0.0510929 +/- 0.00202195
   Incoming Energy [3.072112998861753, 3.52970730273065)
     Total Material
       Flux                                 0.0520062 +/- 0.0018953
   Incoming Energy [3.52970730273065, 4.0554607358408274)
     Total Material
       Flux                                 0.0515141 +/- 0.0018192
   Incoming Energy [4.0554607358408274, 4.659525668664678)
     Total Material
       Flux                                 0.0522449 +/- 0.00190456
   Incoming Energy [4.659525668664678, 5.3535666774107185)
     Total Material
       Flux                                 0.0491457 +/- 0.00248462
   Incoming Energy [5.3535666774107185, 6.150985788580504)
     Total Material
       Flux                                 0.0553108 +/- 0.00146467
   Incoming Energy [6.150985788580504, 7.067181273927491)
     Total Material
       Flux                                 0.0435905 +/- 0.00202524
   Incoming Energy [7.067181273927491, 8.119844993184008)
     Total Material
       Flux                                 0.0557034 +/- 0.00134316
   Incoming Energy [8.119844993184008, 9.329304026284676)
     Total Material
       Flux                                 0.0522822 +/- 0.00188063
   Incoming Energy [9.329304026284676, 10.718913192051264)
     Total Material
       Flux                                 0.061545 +/- 0.0016056
   Incoming Energy [10.718913192051264, 12.315506032928262)
     Total Material
       Flux                                 0.0540609 +/- 0.00219296
   Incoming Energy [12.315506032928262, 14.149912974345758)
     Total Material
       Flux                                 0.0559928 +/- 0.00163504
   Incoming Energy [14.149912974345758, 16.257556664437935)
     Total Material
       Flux                                 0.0625183 +/- 0.0020452
   Incoming Energy [16.257556664437935, 18.679135990207808)
     Total Material
       Flux                                 0.0573846 +/- 0.00238316
   Incoming Energy [18.679135990207808, 21.461411978584014)
     Total Material
       Flux                                 0.0549042 +/- 0.00175294
   Incoming Energy [21.461411978584014, 24.658110758226037)
     Total Material
       Flux                                 0.0628107 +/- 0.0018858
   Incoming Energy [24.658110758226037, 28.330961018393243)
     Total Material
       Flux                                 0.0642235 +/- 0.00297362
   Incoming Energy [28.330961018393243, 32.550885998350566)
     Total Material
       Flux                                 0.064719 +/- 0.00167139
   Incoming Energy [32.550885998350566, 37.39937302478794)
     Total Material
       Flux                                 0.0596434 +/- 0.00201218
   Incoming Energy [37.39937302478794, 42.97004704320835)
     Total Material
       Flux                                 0.0634667 +/- 0.00291888
   Incoming Energy [42.97004704320835, 49.37047852839004)
     Total Material
       Flux                                 0.0675084 +/- 0.00173286
   Incoming Energy [49.37047852839004, 56.72426068491978)
     Total Material
       Flux                                 0.0623555 +/- 0.00261124
   Incoming Energy [56.72426068491978, 65.1733960488242)
     Total Material
       Flux                                 0.0710986 +/- 0.00221055
   Incoming Energy [65.1733960488242, 74.88103857590015)
     Total Material
       Flux                                 0.0674754 +/- 0.00273858
   Incoming Energy [74.88103857590015, 86.03464416684491)
     Total Material
       Flux                                 0.0736652 +/- 0.00161144
   Incoming Energy [86.03464416684491, 98.84959046625586)
     Total Material
       Flux                                 0.076661 +/- 0.00199374
   Incoming Energy [98.84959046625586, 113.57333583431051)
     Total Material
       Flux                                 0.0739963 +/- 0.00219729
   Incoming Energy [113.57333583431051, 130.49019780144016)
     Total Material
       Flux                                 0.0785384 +/- 0.00250166
   Incoming Energy [130.49019780144016, 149.9268432786044)
     Total Material
       Flux                                 0.080933 +/- 0.00295272
   Incoming Energy [149.9268432786044, 172.2585965398784)
     Total Material
       Flux                                 0.0751248 +/- 0.00207632
   Incoming Energy [172.2585965398784, 197.91668678535572)
     Total Material
       Flux                                 0.0789093 +/- 0.00259753
   Incoming Energy [197.91668678535572, 227.39657523579274)
     Total Material
       Flux                                 0.0752371 +/- 0.00227393
   Incoming Energy [227.39657523579274, 261.26752255633266)
     Total Material
       Flux                                 0.0839442 +/- 0.00334974
   Incoming Energy [261.26752255633266, 300.1835813575586)
     Total Material
       Flux                                 0.0815225 +/- 0.00219583
   Incoming Energy [300.1835813575586, 344.89622604057524)
     Total Material
       Flux                                 0.0809652 +/- 0.0036119
   Incoming Energy [344.89622604057524, 396.2688638701478)
     Total Material
       Flux                                 0.0787235 +/- 0.00323759
   Incoming Energy [396.2688638701478, 455.29350748669475)
     Total Material
       Flux                                 0.0759694 +/- 0.00198639
   Incoming Energy [455.29350748669475, 523.1099308056258)
     Total Material
       Flux                                 0.0826538 +/- 0.0019747
   Incoming Energy [523.1099308056258, 601.0276782070375)
     Total Material
       Flux                                 0.0855401 +/- 0.00269133
   Incoming Energy [601.0276782070375, 690.5513520162317)
     Total Material
       Flux                                 0.0870401 +/- 0.00344807
   Incoming Energy [690.5513520162317, 793.4096665797492)
     Total Material
       Flux                                 0.0848123 +/- 0.00296181
   Incoming Energy [793.4096665797492, 911.5888299750818)
     Total Material
       Flux                                 0.0858464 +/- 0.0018776
   Incoming Energy [911.5888299750818, 1047.3708979594487)
     Total Material
       Flux                                 0.0825948 +/- 0.00254238
   Incoming Energy [1047.3708979594487, 1203.3778407775906)
     Total Material
       Flux                                 0.0815471 +/- 0.00201937
   Incoming Energy [1203.3778407775906, 1382.6221737646536)
     Total Material
       Flux                                 0.0837502 +/- 0.00252756
   Incoming Energy [1382.6221737646536, 1588.5651294280526)
     Total Material
       Flux                                 0.085448 +/- 0.00262254
   Incoming Energy [1588.5651294280526, 1825.1834943190388)
     Total Material
       Flux                                 0.084738 +/- 0.00254009
   Incoming Energy [1825.1834943190388, 2097.046401323231)
     Total Material
       Flux                                 0.0895484 +/- 0.00424024
   Incoming Energy [2097.046401323231, 2409.403560239527)
     Total Material
       Flux                                 0.0868611 +/- 0.00240772
   Incoming Energy [2409.403560239527, 2768.286630392061)
     Total Material
       Flux                                 0.0857109 +/- 0.00297971
   Incoming Energy [2768.286630392061, 3180.625692794119)
     Total Material
       Flux                                 0.0874849 +/- 0.00205537
   Incoming Energy [3180.625692794119, 3654.383070957247)
     Total Material
       Flux                                 0.0877271 +/- 0.00368944
   Incoming Energy [3654.383070957247, 4198.707084443906)
     Total Material
       Flux                                 0.0903339 +/- 0.00258008
   Incoming Energy [4198.707084443906, 4824.108704165374)
     Total Material
       Flux                                 0.0916746 +/- 0.0030102
   Incoming Energy [4824.108704165374, 5542.664520663096)
     Total Material
       Flux                                 0.0877786 +/- 0.00269045
   Incoming Energy [5542.664520663096, 6368.249944718586)
     Total Material
       Flux                                 0.0961649 +/- 0.00327076
   Incoming Energy [6368.249944718586, 7316.807143427177)
     Total Material
       Flux                                 0.0953849 +/- 0.00291751
   Incoming Energy [7316.807143427177, 8406.652885618316)
     Total Material
       Flux                                 0.0968754 +/- 0.00205999
   Incoming Energy [8406.652885618316, 9658.832241158709)
     Total Material
       Flux                                 0.0951633 +/- 0.00369081
   Incoming Energy [9658.832241158709, 11097.5249641207)
     Total Material
       Flux                                 0.0951267 +/- 0.00324973
   Incoming Energy [11097.5249641207, 12750.512407130129)
     Total Material
       Flux                                 0.0987615 +/- 0.00341958
   Incoming Energy [12750.512407130129, 14649.713983072817)
     Total Material
       Flux                                 0.100587 +/- 0.00274939
   Incoming Energy [14649.713983072817, 16831.80353330955)
     Total Material
       Flux                                 0.107895 +/- 0.00322344
   Incoming Energy [16831.80353330955, 19338.91750455232)
     Total Material
       Flux                                 0.0968497 +/- 0.00249751
   Incoming Energy [19338.91750455232, 22219.468609395193)
     Total Material
       Flux                                 0.104524 +/- 0.00285082
   Incoming Energy [22219.468609395193, 25529.080682395164)
     Total Material
       Flux                                 0.103882 +/- 0.0033093
   Incoming Energy [25529.080682395164, 29331.662783900363)
     Total Material
       Flux                                 0.108754 +/- 0.00312611
   Incoming Energy [29331.662783900363, 33700.64329271925)
     Total Material
       Flux                                 0.106957 +/- 0.0029488
   Incoming Energy [33700.64329271925, 38720.38781812557)
     Total Material
       Flux                                 0.118627 +/- 0.0041906
   Incoming Energy [38720.38781812557, 44487.82831127576)
     Total Material
       Flux                                 0.115763 +/- 0.00279501
   Incoming Energy [44487.82831127576, 51114.334834401656)
     Total Material
       Flux                                 0.120155 +/- 0.00331462
   Incoming Energy [51114.334834401656, 58727.86613189465)
     Total Material
       Flux                                 0.126759 +/- 0.00372867
   Incoming Energy [58727.86613189465, 67475.44053110685)
     Total Material
       Flux                                 0.11963 +/- 0.00482257
   Incoming Energy [67475.44053110685, 77525.97488629464)
     Total Material
       Flux                                 0.136946 +/- 0.00312311
   Incoming Energy [77525.97488629464, 89073.54638610421)
     Total Material
       Flux                                 0.141864 +/- 0.00373462
   Incoming Energy [89073.54638610421, 102341.14021054527)
     Total Material
       Flux                                 0.152583 +/- 0.00532762
   Incoming Energy [102341.14021054527, 117584.95540521534)
     Total Material
       Flux                                 0.158166 +/- 0.00437023
   Incoming Energy [117584.95540521534, 135099.3521198025)
     Total Material
       Flux                                 0.164465 +/- 0.00384729
   Incoming Energy [135099.3521198025, 155222.5357427048)
     Total Material
       Flux                                 0.174046 +/- 0.00355124
   Incoming Energy [155222.5357427048, 178343.08769319058)
     Total Material
       Flux                                 0.190009 +/- 0.00591143
   Incoming Energy [178343.08769319058, 204907.4689815846)
     Total Material
       Flux                                 0.2011 +/- 0.00402941
   Incoming Energy [204907.4689815846, 235428.64143224107)
     Total Material
       Flux                                 0.212266 +/- 0.00410644
   Incoming Energy [235428.64143224107, 270495.97304631316)
     Total Material
       Flux                                 0.240094 +/- 0.00813732
   Incoming Energy [270495.97304631316, 310786.6187782014)
     Total Material
       Flux                                 0.262142 +/- 0.00670791
   Incoming Energy [310786.6187782014, 357078.59649004554)
     Total Material
       Flux                                 0.273324 +/- 0.00546781
   Incoming Energy [357078.59649004554, 410265.81058271904)
     Total Material
       Flux                                 0.251369 +/- 0.00524724
   Incoming Energy [410265.81058271904, 471375.31341167097)
     Total Material
       Flux                                 0.221807 +/- 0.00450583
   Incoming Energy [471375.31341167097, 541587.1378079465)
     Total Material
       Flux                                 0.324715 +/- 0.00736625
   Incoming Energy [541587.1378079465, 622257.0836730232)
     Total Material
       Flux                                 0.346561 +/- 0.00728545
   Incoming Energy [622257.0836730232, 714942.8986597562)
     Total Material
       Flux                                 0.369257 +/- 0.00814822
   Incoming Energy [714942.8986597562, 821434.3584919422)
     Total Material
       Flux                                 0.431377 +/- 0.0122717
   Incoming Energy [821434.3584919422, 943787.8277775352)
     Total Material
       Flux                                 0.379803 +/- 0.00875702
   Incoming Energy [943787.8277775352, 1084365.9686896086)
     Total Material
       Flux                                 0.299254 +/- 0.00853848
   Incoming Energy [1084365.9686896086, 1245883.3642950081)
     Total Material
       Flux                                 0.391376 +/- 0.01181
   Incoming Energy [1245883.3642950081, 1431458.9375234756)
     Total Material
       Flux                                 0.38659 +/- 0.0115626
   Incoming Energy [1431458.9375234756, 1644676.1779946627)
     Total Material
       Flux                                 0.410508 +/- 0.0120091
   Incoming Energy [1644676.1779946627, 1889652.3396912038)
     Total Material
       Flux                                 0.407923 +/- 0.0126927
   Incoming Energy [1889652.3396912038, 2171117.945694501)
     Total Material
       Flux                                 0.385308 +/- 0.0122801
   Incoming Energy [2171117.945694501, 2494508.135230317)
     Total Material
       Flux                                 0.455684 +/- 0.0166112
   Incoming Energy [2494508.135230317, 2866067.616948244)
     Total Material
       Flux                                 0.41688 +/- 0.0128982
   Incoming Energy [2866067.616948244, 3292971.255097148)
     Total Material
       Flux                                 0.341808 +/- 0.0129725
   Incoming Energy [3292971.255097148, 3783462.6171319326)
     Total Material
       Flux                                 0.240172 +/- 0.0126238
   Incoming Energy [3783462.6171319326, 4347013.158125018)
     Total Material
       Flux                                 0.22659 +/- 0.0127866
   Incoming Energy [4347013.158125018, 4994505.11585514)
     Total Material
       Flux                                 0.186498 +/- 0.00969177
   Incoming Energy [4994505.11585514, 5738441.648302381)
     Total Material
       Flux                                 0.145658 +/- 0.011015
   Incoming Energy [5738441.648302381, 6593188.271333542)
     Total Material
       Flux                                 0.0936708 +/- 0.00855668
   Incoming Energy [6593188.271333542, 7575250.258771921)
     Total Material
       Flux                                 0.0630633 +/- 0.00564453
   Incoming Energy [7575250.258771921, 8703591.361485148)
     Total Material
       Flux                                 0.0310696 +/- 0.00537341
   Incoming Energy [8703591.361485148, 10000000)
     Total Material
       Flux                                 0.0113636 +/- 0.00234552
 ===================>     TALLY 24: FISSION_ENERGY     <====================

 Cell 22
   Incoming Energy [9.999999999999999e-06, 1.1489510001873086e-05)
     Total Material
       Fission Rate                         0 +/- 0
   Incoming Energy [1.1489510001873086e-05, 1.3200884008314168e-05)
     Total Material
       Fission Rate                         0 +/- 0
   Incoming Energy [1.3200884008314168e-05, 1.516716888470924e-05)
     Total Material
       Fission Rate                         0 +/- 0
   Incoming Energy [1.516716888470924e-05, 1.742633386009651e-05)
     Total Material
       Fission Rate                         0 +/- 0
   Incoming Energy [1.742633386009651e-05, 2.0022003718155845e-05)
     Total Material
       Fission Rate                         0 +/- 0
   Incoming Energy [2.0022003718155845e-05, 2.3004301197729168e-05)
     Total Material
       Fission Rate                         0 +/- 0
   Incoming Energy [2.3004301197729168e-05, 2.643081486974103e-05)
     Total Material
       Fission Rate                         0 +/- 0
   Incoming Energy [2.643081486974103e-05, 3.0367711180354606e-05)
     Total Material
       Fission Rate                         0 +/- 0
   Incoming Energy [3.0367711180354606e-05, 3.489101213406774e-05)
     Total Material
       Fission Rate                         0 +/- 0
   Incoming Energy [3.489101213406774e-05, 4.008806328898465e-05)
     Total Material
       Fission Rate                         0 +/- 0
   Incoming Energy [4.008806328898465e-05, 4.6059220411451034e-05)
     Total Material
       Fission Rate                         0 +/- 0
   Incoming Energy [4.6059220411451034e-05, 5.2919787359584364e-05)
     Total Material
       Fission Rate                         0 +/- 0
   Incoming Energy [5.2919787359584364e-05, 6.080224261649427e-05)
     Total Material
       Fission Rate                         0 +/- 0
   Incoming Energy [6.080224261649427e-05, 6.985879746785249e-05)
     Total Material
       Fission Rate                         0 +/- 0
   Incoming Energy [6.985879746785249e-05, 8.026433522257174e-05)
     Total Material
       Fission Rate                         0 +/- 0
   Incoming Energy [8.026433522257174e-05, 9.221978823334323e-05)
     Total Material
       Fission Rate                         0 +/- 0
   Incoming Energy [9.221978823334323e-05, 0.00010595601792776158)
     Total Material
       Fission Rate                         0 +/- 0
   Incoming Energy [0.00010595601792776158, 0.00012173827277396621)
     Total Material
       Fission Rate                         0 +/- 0
   Incoming Energy [0.00012173827277396621, 0.00013987131026472387)
     Total Material
       Fission Rate                         0 +/- 0
   Incoming Energy [0.00013987131026472387, 0.00016070528182616383)
     Total Material
       Fission Rate                         0 +/- 0
   Incoming Energy [0.00016070528182616383, 0.00018464249428955425)
     Total Material
       Fission Rate                         0 +/- 0
   Incoming Energy [0.00018464249428955425, 0.00021214517849106298)
     Total Material
       Fission Rate                         0 +/- 0
   Incoming Energy [0.00021214517849106298, 0.00024374441501222218)
     Total Material
       Fission Rate                         0 +/- 0
   Incoming Energy [0.00024374441501222218, 0.0002800503894183631)
     Total Material
       Fission Rate                         6.11756e-05 +/- 6.11756e-05
   Incoming Energy [0.0002800503894183631, 0.0003217641750250735)
     Total Material
       Fission Rate                         0 +/- 0
   Incoming Energy [0.0003217641750250735, 0.00036969127071950243)
     Total Material
       Fission Rate                         0 +/- 0
   Incoming Energy [0.00036969127071950243, 0.00042475715525368984)
     Total Material
       Fission Rate                         0 +/- 0
   Incoming Energy [0.00042475715525368984, 0.0004880251583654434)
     Total Material
       Fission Rate                         6.36788e-05 +/- 6.36788e-05
   Incoming Energy [0.0004880251583654434, 0.0005607169938205458)
     Total Material
       Fission Rate                         0 +/- 0
   Incoming Energy [0.0005607169938205458, 0.000644236350872137)
     Total Material
       Fission Rate                         0 +/- 0
   Incoming Energy [0.000644236350872137, 0.0007401959996915637)
     Total Material
       Fission Rate                         0 +/- 0
   Incoming Energy [0.0007401959996915637, 0.0008504489341802677)
     Total Material
       Fission Rate                         2.74737e-05 +/- 2.74737e-05
   Incoming Energy [0.0008504489341802677, 0.00097712415353465)
     Total Material
       Fission Rate                         0 +/- 0
   Incoming Energy [0.00097712415353465, 0.0011226677735108135)
     Total Material
       Fission Rate                         0 +/- 0
   Incoming Energy [0.0011226677735108135, 0.001289890261253308)
     Total Material
       Fission Rate                         0 +/- 0
   Incoming Energy [0.001289890261253308, 0.0014820207057988585)
     Total Material
       Fission Rate                         0 +/- 0
   Incoming Energy [0.0014820207057988585, 0.0017027691722258996)
     Total Material
       Fission Rate                         8.15636e-05 +/- 8.15636e-05
   Incoming Energy [0.0017027691722258996, 0.0019563983435170627)
     Total Material
       Fission Rate                         0.000172679 +/- 0.000136122
   Incoming Energy [0.0019563983435170627, 0.002247805833548725)
     Total Material
       Fission Rate                         0.000182494 +/- 8.41933e-05
   Incoming Energy [0.002247805833548725, 0.002582618760682675)
     Total Material
       Fission Rate                         0.000432548 +/- 0.000186426
   Incoming Energy [0.002582618760682675, 0.0029673024081888696)
     Total Material
       Fission Rate                         0.000596049 +/- 0.000217937
   Incoming Energy [0.0029673024081888696, 0.003409285069746811)
     Total Material
       Fission Rate                         0.000726502 +/- 0.000252205
   Incoming Energy [0.003409285069746811, 0.003917101490809256)
     Total Material
       Fission Rate                         0.000506214 +/- 0.000152754
   Incoming Energy [0.003917101490809256, 0.004500557675700498)
     Total Material
       Fission Rate                         0.000952013 +/- 0.000204111
   Incoming Energy [0.004500557675700498, 0.0051709202428967555)
     Total Material
       Fission Rate                         0.00151755 +/- 0.000461927
   Incoming Energy [0.0051709202428967555, 0.0059411339849650335)
     Total Material
       Fission Rate                         0.00210454 +/- 0.000572352
   Incoming Energy [0.0059411339849650335, 0.006826071834272386)
     Total Material
       Fission Rate                         0.00164916 +/- 0.000386328
   Incoming Energy [0.006826071834272386, 0.007842822061337682)
     Total Material
       Fission Rate                         0.00273309 +/- 0.00068836
   Incoming Energy [0.007842822061337682, 0.009011018251665018)
     Total Material
       Fission Rate                         0.00377269 +/- 0.000550156
   Incoming Energy [0.009011018251665018, 0.010353218432956616)
     Total Material
       Fission Rate                         0.00529757 +/- 0.000788037
   Incoming Energy [0.010353218432956616, 0.011895340673703195)
     Total Material
       Fission Rate                         0.00550693 +/- 0.000699426
   Incoming Energy [0.011895340673703195, 0.013667163564620059)
     Total Material
       Fission Rate                         0.00656873 +/- 0.000886657
   Incoming Energy [0.013667163564620059, 0.015702901247293774)
     Total Material
       Fission Rate                         0.00872257 +/- 0.00106606
   Incoming Energy [0.015702901247293774, 0.018041864093920716)
     Total Material
       Fission Rate                         0.010886 +/- 0.00100659
   Incoming Energy [0.018041864093920716, 0.0207292177959537)
     Total Material
       Fission Rate                         0.0095995 +/- 0.00103241
   Incoming Energy [0.0207292177959537, 0.023816855519761582)
     Total Material
       Fission Rate                         0.0105578 +/- 0.00108499
   Incoming Energy [0.023816855519761582, 0.027364399970746692)
     Total Material
       Fission Rate                         0.0137187 +/- 0.00106943
   Incoming Energy [0.027364399970746692, 0.031440354715915)
     Total Material
       Fission Rate                         0.0172033 +/- 0.000939381
   Incoming Energy [0.031440354715915, 0.0361234269970943)
     Total Material
       Fission Rate                         0.0170573 +/- 0.00129618
   Incoming Energy [0.0361234269970943, 0.041504047578504726)
     Total Material
       Fission Rate                         0.0193875 +/- 0.00148723
   Incoming Energy [0.041504047578504726, 0.04768611697714469)
     Total Material
       Fission Rate                         0.0185277 +/- 0.000734218
   Incoming Energy [0.04768611697714469, 0.054789011795939396)
     Total Material
       Fission Rate                         0.0204163 +/- 0.00104632
   Incoming Energy [0.054789011795939396, 0.06294988990221888)
     Total Material
       Fission Rate                         0.0213394 +/- 0.00122298
   Incoming Energy [0.06294988990221888, 0.07232633896483534)
     Total Material
       Fission Rate                         0.0222626 +/- 0.00128968
   Incoming Energy [0.07232633896483534, 0.08309941949353386)
     Total Material
       Fission Rate                         0.020761 +/- 0.000986326
   Incoming Energy [0.08309941949353386, 0.09547716114208056)
     Total Material
       Fission Rate                         0.0193413 +/- 0.00103722
   Incoming Energy [0.09547716114208056, 0.1096985797892384)
     Total Material
       Fission Rate                         0.018733 +/- 0.00142963
   Incoming Energy [0.1096985797892384, 0.12603829296797275)
     Total Material
       Fission Rate                         0.015258 +/- 0.000886044
   Incoming Energy [0.12603829296797275, 0.1448118227674533)
     Total Material
       Fission Rate                         0.0134485 +/- 0.000827689
   Incoming Energy [0.1448118227674533, 0.16638168860761274)
     Total Material
       Fission Rate                         0.0125644 +/- 0.00104638
   Incoming Energy [0.16638168860761274, 0.19116440753856997)
     Total Material
       Fission Rate                         0.0115131 +/- 0.000634232
   Incoming Energy [0.19116440753856997, 0.2196385372416547)
     Total Material
       Fission Rate                         0.0110393 +/- 0.000662317
   Incoming Energy [0.2196385372416547, 0.2523539170434766)
     Total Material
       Fission Rate                         0.012078 +/- 0.00078337
   Incoming Energy [0.2523539170434766, 0.28994228538828754)
     Total Material
       Fission Rate                         0.0109151 +/- 0.000637179
   Incoming Energy [0.28994228538828754, 0.333129478793467)
     Total Material
       Fission Rate                         0.0107548 +/- 0.000676798
   Incoming Energy [0.333129478793467, 0.38274944785163073)
     Total Material
       Fission Rate                         0.0109072 +/- 0.000725577
   Incoming Energy [0.38274944785163073, 0.4397603609302721)
     Total Material
       Fission Rate                         0.00910637 +/- 0.000510844
   Incoming Energy [0.4397603609302721, 0.505263106533568)
     Total Material
       Fission Rate                         0.00842706 +/- 0.00060051
   Incoming Energy [0.505263106533568, 0.5805225516094895)
     Total Material
       Fission Rate                         0.00731039 +/- 0.000389675
   Incoming Energy [0.5805225516094895, 0.6669919663030115)
     Total Material
       Fission Rate                         0.00681695 +/- 0.000362174
   Incoming Energy [0.6669919663030115, 0.7663410868007446)
     Total Material
       Fission Rate                         0.00595558 +/- 0.000381123
   Incoming Energy [0.7663410868007446, 0.8804883581643465)
     Total Material
       Fission Rate                         0.0055633 +/- 0.000314762
   Incoming Energy [0.8804883581643465, 1.011637979766207)
     Total Material
       Fission Rate                         0.00575967 +/- 0.000311704
   Incoming Energy [1.011637979766207, 1.162322468679852)
     Total Material
       Fission Rate                         0.00925799 +/- 0.000481571
   Incoming Energy [1.162322468679852, 1.3354515629298973)
     Total Material
       Fission Rate                         0.00443684 +/- 0.000201861
   Incoming Energy [1.3354515629298973, 1.53436840893001)
     Total Material
       Fission Rate                         0.00205332 +/- 0.000136457
   Incoming Energy [1.53436840893001, 1.762914118095948)
     Total Material
       Fission Rate                         0.00182335 +/- 0.000141884
   Incoming Energy [1.762914118095948, 2.0255019392306663)
     Total Material
       Fission Rate                         0.00172616 +/- 9.151e-05
   Incoming Energy [2.0255019392306663, 2.327202478960407)
     Total Material
       Fission Rate                         0.00183004 +/- 8.97663e-05
   Incoming Energy [2.327202478960407, 2.673841615839944)
     Total Material
       Fission Rate                         0.0012185 +/- 8.02165e-05
   Incoming Energy [2.673841615839944, 3.072112998861753)
     Total Material
       Fission Rate                         0.00207358 +/- 0.000112083
   Incoming Energy [3.072112998861753, 3.52970730273065)
     Total Material
       Fission Rate                         0.00394119 +/- 0.000224548
   Incoming Energy [3.52970730273065, 4.0554607358408274)
     Total Material
       Fission Rate                         0.00220052 +/- 0.000241149
   Incoming Energy [4.0554607358408274, 4.659525668664678)
     Total Material
       Fission Rate                         0.000479026 +/- 3.05896e-05
   Incoming Energy [4.659525668664678, 5.3535666774107185)
     Total Material
       Fission Rate                         0.00100777 +/- 4.79761e-05
   Incoming Energy [5.3535666774107185, 6.150985788580504)
     Total Material
       Fission Rate                         0.00237083 +/- 0.000120889
   Incoming Energy [6.150985788580504, 7.067181273927491)
     Total Material
       Fission Rate                         0.00215067 +/- 0.000136338
   Incoming Energy [7.067181273927491, 8.119844993184008)
     Total Material
       Fission Rate                         0.00137239 +/- 0.000174618
   Incoming Energy [8.119844993184008, 9.329304026284676)
     Total Material
       Fission Rate                         0.0108158 +/- 0.000714958
   Incoming Energy [9.329304026284676, 10.718913192051264)
     Total Material
       Fission Rate                         0.00399062 +/- 0.000276246
   Incoming Energy [10.718913192051264, 12.315506032928262)
     Total Material
       Fission Rate                         0.00249549 +/- 0.000148133
   Incoming Energy [12.315506032928262, 14.149912974345758)
     Total Material
       Fission Rate                         0.00544682 +/- 0.000457474
   Incoming Energy [14.149912974345758, 16.257556664437935)
     Total Material
       Fission Rate                         0.00348106 +/- 0.000236816
   Incoming Energy [16.257556664437935, 18.679135990207808)
     Total Material
       Fission Rate                         0.00338265 +/- 0.000269856
   Incoming Energy [18.679135990207808, 21.461411978584014)
     Total Material
       Fission Rate                         0.00586497 +/- 0.00039445
   Incoming Energy [21.461411978584014, 24.658110758226037)
     Total Material
       Fission Rate                         0.00422866 +/- 0.00028332
   Incoming Energy [24.658110758226037, 28.330961018393243)
     Total Material
       Fission Rate                         0.00585013 +/- 0.000295287
   Incoming Energy [28.330961018393243, 32.550885998350566)
     Total Material
       Fission Rate                         0.00270953 +/- 0.000202141
   Incoming Energy [32.550885998350566, 37.39937302478794)
     Total Material
       Fission Rate                         0.00546933 +/- 0.000658075
   Incoming Energy [37.39937302478794, 42.97004704320835)
     Total Material
       Fission Rate                         0.00417341 +/- 0.000308914
   Incoming Energy [42.97004704320835, 49.37047852839004)
     Total Material
       Fission Rate                         0.00486397 +/- 0.000232639
   Incoming Energy [49.37047852839004, 56.72426068491978)
     Total Material
       Fission Rate                         0.00747874 +/- 0.000456458
   Incoming Energy [56.72426068491978, 65.1733960488242)
     Total Material
       Fission Rate                         0.00367185 +/- 0.000136386
   Incoming Energy [65.1733960488242, 74.88103857590015)
     Total Material
       Fission Rate                         0.00312958 +/- 0.000233862
   Incoming Energy [74.88103857590015, 86.03464416684491)
     Total Material
       Fission Rate                         0.0041625 +/- 0.000304331
   Incoming Energy [86.03464416684491, 98.84959046625586)
     Total Material
       Fission Rate                         0.00407968 +/- 0.000182978
   Incoming Energy [98.84959046625586, 113.57333583431051)
     Total Material
       Fission Rate                         0.00222895 +/- 0.00016549
   Incoming Energy [113.57333583431051, 130.49019780144016)
     Total Material
       Fission Rate                         0.00436222 +/- 0.000370614
   Incoming Energy [130.49019780144016, 149.9268432786044)
     Total Material
       Fission Rate                         0.00402989 +/- 0.00022255
   Incoming Energy [149.9268432786044, 172.2585965398784)
     Total Material
       Fission Rate                         0.00281169 +/- 0.000193667
   Incoming Energy [172.2585965398784, 197.91668678535572)
     Total Material
       Fission Rate                         0.0031715 +/- 0.000214657
   Incoming Energy [197.91668678535572, 227.39657523579274)
     Total Material
       Fission Rate                         0.00363172 +/- 0.000208492
   Incoming Energy [227.39657523579274, 261.26752255633266)
     Total Material
       Fission Rate                         0.00376238 +/- 0.000197313
   Incoming Energy [261.26752255633266, 300.1835813575586)
     Total Material
       Fission Rate                         0.00371187 +/- 0.000232125
   Incoming Energy [300.1835813575586, 344.89622604057524)
     Total Material
       Fission Rate                         0.00273438 +/- 0.000164032
   Incoming Energy [344.89622604057524, 396.2688638701478)
     Total Material
       Fission Rate                         0.00202614 +/- 0.000124406
   Incoming Energy [396.2688638701478, 455.29350748669475)
     Total Material
       Fission Rate                         0.00211974 +/- 0.000127964
   Incoming Energy [455.29350748669475, 523.1099308056258)
     Total Material
       Fission Rate                         0.00292969 +/- 0.000151781
   Incoming Energy [523.1099308056258, 601.0276782070375)
     Total Material
       Fission Rate                         0.00281848 +/- 0.000184782
   Incoming Energy [601.0276782070375, 690.5513520162317)
     Total Material
       Fission Rate                         0.00237975 +/- 0.00011482
   Incoming Energy [690.5513520162317, 793.4096665797492)
     Total Material
       Fission Rate                         0.00202057 +/- 8.8857e-05
   Incoming Energy [793.4096665797492, 911.5888299750818)
     Total Material
       Fission Rate                         0.00159299 +/- 9.39144e-05
   Incoming Energy [911.5888299750818, 1047.3708979594487)
     Total Material
       Fission Rate                         0.00135775 +/- 5.51826e-05
   Incoming Energy [1047.3708979594487, 1203.3778407775906)
     Total Material
       Fission Rate                         0.00185902 +/- 8.03328e-05
   Incoming Energy [1203.3778407775906, 1382.6221737646536)
     Total Material
       Fission Rate                         0.00145345 +/- 5.75891e-05
   Incoming Energy [1382.6221737646536, 1588.5651294280526)
     Total Material
       Fission Rate                         0.00120709 +/- 4.43371e-05
   Incoming Energy [1588.5651294280526, 1825.1834943190388)
     Total Material
       Fission Rate                         0.001306 +/- 6.75617e-05
   Incoming Energy [1825.1834943190388, 2097.046401323231)
     Total Material
       Fission Rate                         0.00115592 +/- 5.0055e-05
   Incoming Energy [2097.046401323231, 2409.403560239527)
     Total Material
       Fission Rate                         0.0010677 +/- 3.16876e-05
   Incoming Energy [2409.403560239527, 2768.286630392061)
     Total Material
       Fission Rate                         0.0010872 +/- 4.84128e-05
   Incoming Energy [2768.286630392061, 3180.625692794119)
     Total Material
       Fission Rate                         0.00103048 +/- 4.30556e-05
   Incoming Energy [3180.625692794119, 3654.383070957247)
     Total Material
       Fission Rate                         0.000993382 +/- 5.37782e-05
   Incoming Energy [3654.383070957247, 4198.707084443906)
     Total Material
       Fission Rate                         0.000989796 +/- 4.90505e-05
   Incoming Energy [4198.707084443906, 4824.108704165374)
     Total Material
       Fission Rate                         0.000856323 +/- 3.59385e-05
   Incoming Energy [4824.108704165374, 5542.664520663096)
     Total Material
       Fission Rate                         0.000835107 +/- 4.20394e-05
   Incoming Energy [5542.664520663096, 6368.249944718586)
     Total Material
       Fission Rate                         0.000818153 +/- 4.13598e-05
   Incoming Energy [6368.249944718586, 7316.807143427177)
     Total Material
       Fission Rate                         0.000761192 +/- 3.78933e-05
   Incoming Energy [7316.807143427177, 8406.652885618316)
     Total Material
       Fission Rate                         0.000672576 +/- 2.79609e-05
   Incoming Energy [8406.652885618316, 9658.832241158709)
     Total Material
       Fission Rate                         0.000697962 +/- 3.84178e-05
   Incoming Energy [9658.832241158709, 11097.5249641207)
     Total Material
       Fission Rate                         0.000641286 +/- 2.74679e-05
   Incoming Energy [11097.5249641207, 12750.512407130129)
     Total Material
       Fission Rate                         0.000608504 +/- 2.84427e-05
   Incoming Energy [12750.512407130129, 14649.713983072817)
     Total Material
       Fission Rate                         0.000672209 +/- 2.8633e-05
   Incoming Energy [14649.713983072817, 16831.80353330955)
     Total Material
       Fission Rate                         0.000608324 +/- 3.05609e-05
   Incoming Energy [16831.80353330955, 19338.91750455232)
     Total Material
       Fission Rate                         0.000606101 +/- 2.37783e-05
   Incoming Energy [19338.91750455232, 22219.468609395193)
     Total Material
       Fission Rate                         0.000574695 +/- 2.59765e-05
   Incoming Energy [22219.468609395193, 25529.080682395164)
     Total Material
       Fission Rate                         0.000559587 +/- 2.22078e-05
   Incoming Energy [25529.080682395164, 29331.662783900363)
     Total Material
       Fission Rate                         0.000531684 +/- 2.25073e-05
   Incoming Energy [29331.662783900363, 33700.64329271925)
     Total Material
       Fission Rate                         0.000498662 +/- 2.06856e-05
   Incoming Energy [33700.64329271925, 38720.38781812557)
     Total Material
       Fission Rate                         0.000552275 +/- 1.47255e-05
   Incoming Energy [38720.38781812557, 44487.82831127576)
     Total Material
       Fission Rate                         0.000521607 +/- 2.16862e-05
   Incoming Energy [44487.82831127576, 51114.334834401656)
     Total Material
       Fission Rate                         0.000559068 +/- 2.01914e-05
   Incoming Energy [51114.334834401656, 58727.86613189465)
     Total Material
       Fission Rate                         0.000539083 +/- 1.93986e-05
   Incoming Energy [58727.86613189465, 67475.44053110685)
     Total Material
       Fission Rate                         0.000507064 +/- 2.11684e-05
   Incoming Energy [67475.44053110685, 77525.97488629464)
     Total Material
       Fission Rate                         0.000561532 +/- 1.36254e-05
   Incoming Energy [77525.97488629464, 89073.54638610421)
     Total Material
       Fission Rate                         0.000557581 +/- 1.62439e-05
   Incoming Energy [89073.54638610421, 102341.14021054527)
     Total Material
       Fission Rate                         0.000606657 +/- 2.32384e-05
   Incoming Energy [102341.14021054527, 117584.95540521534)
     Total Material
       Fission Rate                         0.0006196 +/- 1.93963e-05
   Incoming Energy [117584.95540521534, 135099.3521198025)
     Total Material
       Fission Rate                         0.000607585 +/- 1.39566e-05
   Incoming Energy [135099.3521198025, 155222.5357427048)
     Total Material
       Fission Rate                         0.000634511 +/- 1.50641e-05
   Incoming Energy [155222.5357427048, 178343.08769319058)
     Total Material
       Fission Rate                         0.000687049 +/- 2.18373e-05
   Incoming Energy [178343.08769319058, 204907.4689815846)
     Total Material
       Fission Rate                         0.000697336 +/- 2.57309e-05
   Incoming Energy [204907.4689815846, 235428.64143224107)
     Total Material
       Fission Rate                         0.000709996 +/- 1.51402e-05
   Incoming Energy [235428.64143224107, 270495.97304631316)
     Total Material
       Fission Rate                         0.000789575 +/- 2.54367e-05
   Incoming Energy [270495.97304631316, 310786.6187782014)
     Total Material
       Fission Rate                         0.00082094 +/- 2.80682e-05
   Incoming Energy [310786.6187782014, 357078.59649004554)
     Total Material
       Fission Rate                         0.000926565 +/- 2.3609e-05
   Incoming Energy [357078.59649004554, 410265.81058271904)
     Total Material
       Fission Rate                         0.000801401 +/- 1.83322e-05
   Incoming Energy [410265.81058271904, 471375.31341167097)
     Total Material
       Fission Rate                         0.000665258 +/- 1.75512e-05
   Incoming Energy [471375.31341167097, 541587.1378079465)
     Total Material
       Fission Rate                         0.000932843 +/- 1.95401e-05
   Incoming Energy [541587.1378079465, 622257.0836730232)
     Total Material
       Fission Rate                         0.00100271 +/- 2.43672e-05
   Incoming Energy [622257.0836730232, 714942.8986597562)
     Total Material
       Fission Rate                         0.00107182 +/- 3.66403e-05
   Incoming Energy [714942.8986597562, 821434.3584919422)
     Total Material
       Fission Rate                         0.00123024 +/- 4.17567e-05
   Incoming Energy [821434.3584919422, 943787.8277775352)
     Total Material
       Fission Rate                         0.00120024 +/- 3.19467e-05
   Incoming Energy [943787.8277775352, 1084365.9686896086)
     Total Material
       Fission Rate                         0.00101313 +/- 2.60034e-05
   Incoming Energy [1084365.9686896086, 1245883.3642950081)
     Total Material
       Fission Rate                         0.00135584 +/- 4.37888e-05
   Incoming Energy [1245883.3642950081, 1431458.9375234756)
     Total Material
       Fission Rate                         0.00174003 +/- 5.80288e-05
   Incoming Energy [1431458.9375234756, 1644676.1779946627)
     Total Material
       Fission Rate                         0.00285788 +/- 8.73174e-05
   Incoming Energy [1644676.1779946627, 1889652.3396912038)
     Total Material
       Fission Rate                         0.00334734 +/- 0.000111332
   Incoming Energy [1889652.3396912038, 2171117.945694501)
     Total Material
       Fission Rate                         0.00347542 +/- 0.000106781
   Incoming Energy [2171117.945694501, 2494508.135230317)
     Total Material
       Fission Rate                         0.0041522 +/- 0.000155482
   Incoming Energy [2494508.135230317, 2866067.616948244)
     Total Material
       Fission Rate                         0.00375249 +/- 0.000117945
   Incoming Energy [2866067.616948244, 3292971.255097148)
     Total Material
       Fission Rate                         0.00298661 +/- 0.000116552
   Incoming Energy [3292971.255097148, 3783462.6171319326)
     Total Material
       Fission Rate                         0.00210985 +/- 0.000110628
   Incoming Energy [3783462.6171319326, 4347013.158125018)
     Total Material
       Fission Rate                         0.002042 +/- 0.000116111
   Incoming Energy [4347013.158125018, 4994505.11585514)
     Total Material
       Fission Rate                         0.00160432 +/- 7.33932e-05
   Incoming Energy [4994505.11585514, 5738441.648302381)
     Total Material
       Fission Rate                         0.00116443 +/- 9.87392e-05
   Incoming Energy [5738441.648302381, 6593188.271333542)
     Total Material
       Fission Rate                         0.000955469 +/- 8.54704e-05
   Incoming Energy [6593188.271333542, 7575250.258771921)
     Total Material
       Fission Rate                         0.000850896 +/- 8.38323e-05
   Incoming Energy [7575250.258771921, 8703591.361485148)
     Total Material
       Fission Rate                         0.000451646 +/- 7.27977e-05
   Incoming Energy [8703591.361485148, 10000000)
     Total Material
       Fission Rate                         0.000186479 +/- 3.56476e-05
