 =================>     TALLY 13: FUEL_FLUX_SPECTRUM     <==================

 Cell 13
   Incoming Energy [9.999999999999999e-06, 1.1489510001873086e-05)
     Total Material
       Flux                                 0 +/- 0
   Incoming Energy [1.1489510001873086e-05, 1.3200884008314168e-05)
     Total Material
       Flux                                 0 +/- 0
   Incoming Energy [1.3200884008314168e-05, 1.516716888470924e-05)
     Total Material
       Flux                                 0 +/- 0
   Incoming Energy [1.516716888470924e-05, 1.742633386009651e-05)
     Total Material
       Flux                                 0 +/- 0
   Incoming Energy [1.742633386009651e-05, 2.0022003718155845e-05)
     Total Material
       Flux                                 0 +/- 0
   Incoming Energy [2.0022003718155845e-05, 2.3004301197729168e-05)
     Total Material
       Flux                                 0 +/- 0
   Incoming Energy [2.3004301197729168e-05, 2.643081486974103e-05)
     Total Material
       Flux                                 0 +/- 0
   Incoming Energy [2.643081486974103e-05, 3.0367711180354606e-05)
     Total Material
       Flux                                 0 +/- 0
   Incoming Energy [3.0367711180354606e-05, 3.489101213406774e-05)
     Total Material
       Flux                                 0 +/- 0
   Incoming Energy [3.489101213406774e-05, 4.008806328898465e-05)
     Total Material
       Flux                                 0 +/- 0
   Incoming Energy [4.008806328898465e-05, 4.6059220411451034e-05)
     Total Material
       Flux                                 0 +/- 0
   Incoming Energy [4.6059220411451034e-05, 5.2919787359584364e-05)
     Total Material
       Flux                                 0 +/- 0
   Incoming Energy [5.2919787359584364e-05, 6.080224261649427e-05)
     Total Material
       Flux                                 0 +/- 0
   Incoming Energy [6.080224261649427e-05, 6.985879746785249e-05)
     Total Material
       Flux                                 0 +/- 0
   Incoming Energy [6.985879746785249e-05, 8.026433522257174e-05)
     Total Material
       Flux                                 0 +/- 0
   Incoming Energy [8.026433522257174e-05, 9.221978823334323e-05)
     Total Material
       Flux                                 0 +/- 0
   Incoming Energy [9.221978823334323e-05, 0.00010595601792776158)
     Total Material
       Flux                                 0 +/- 0
   Incoming Energy [0.00010595601792776158, 0.00012173827277396621)
     Total Material
       Flux                                 0 +/- 0
   Incoming Energy [0.00012173827277396621, 0.00013987131026472387)
     Total Material
       Flux                                 0 +/- 0
   Incoming Energy [0.00013987131026472387, 0.00016070528182616383)
     Total Material
       Flux                                 0 +/- 0
   Incoming Energy [0.00016070528182616383, 0.00018464249428955425)
     Total Material
       Flux                                 0 +/- 0
   Incoming Energy [0.00018464249428955425, 0.00021214517849106298)
     Total Material
       Flux                                 0 +/- 0
   Incoming Energy [0.00021214517849106298, 0.00024374441501222218)
     Total Material
       Flux                                 0 +/- 0
   Incoming Energy [0.00024374441501222218, 0.0002800503894183631)
     Total Material
       Flux                                 0 +/- 0
   Incoming Energy [0.0002800503894183631, 0.0003217641750250735)
     Total Material
       Flux                                 0 +/- 0
   Incoming Energy [0.0003217641750250735, 0.00036969127071950243)
     Total Material
       Flux                                 0 +/- 0
   Incoming Energy [0.00036969127071950243, 0.00042475715525368984)
     Total Material
       Flux                                 0 +/- 0
   Incoming Energy [0.00042475715525368984, 0.0004880251583654434)
     Total Material
       Flux                                 0 +/- 0
   Incoming Energy [0.0004880251583654434, 0.0005607169938205458)
     Total Material
       Flux                                 0 +/- 0
   Incoming Energy [0.0005607169938205458, 0.000644236350872137)
     Total Material
       Flux                                 6.1582e-06 +/- 4.79161e-06
   Incoming Energy [0.000644236350872137, 0.0007401959996915637)
     Total Material
       Flux                                 1.06266e-06 +/- 1.06266e-06
   Incoming Energy [0.0007401959996915637, 0.0008504489341802677)
     Total Material
       Flux                                 0 +/- 0
   Incoming Energy [0.0008504489341802677, 0.00097712415353465)
     Total Material
       Flux                                 2.56309e-06 +/- 2.00913e-06
   Incoming Energy [0.00097712415353465, 0.0011226677735108135)
     Total Material
       Flux                                 4.36522e-06 +/- 4.36522e-06
   Incoming Energy [0.0011226677735108135, 0.001289890261253308)
     Total Material
       Flux                                 1.26311e-05 +/- 8.53153e-06
   Incoming Energy [0.001289890261253308, 0.0014820207057988585)
     Total Material
       Flux                                 7.80926e-06 +/- 5.26065e-06
   Incoming Energy [0.0014820207057988585, 0.0017027691722258996)
     Total Material
       Flux                                 2.17616e-06 +/- 1.57339e-06
   Incoming Energy [0.0017027691722258996, 0.0019563983435170627)
     Total Material
       Flux                                 1.14734e-05 +/- 7.31091e-06
   Incoming Energy [0.0019563983435170627, 0.002247805833548725)
     Total Material
       Flux                                 5.38839e-05 +/- 3.06087e-05
   Incoming Energy [0.002247805833548725, 0.002582618760682675)
     Total Material
       Flux                                 3.16051e-05 +/- 1.75593e-05
   Incoming Energy [0.002582618760682675, 0.0029673024081888696)
     Total Material
       Flux                                 5.22591e-05 +/- 2.63205e-05
   Incoming Energy [0.0029673024081888696, 0.003409285069746811)
     Total Material
       Flux                                 5.24446e-05 +/- 2.08322e-05
   Incoming Energy [0.003409285069746811, 0.003917101490809256)
     Total Material
       Flux                                 0.00027402 +/- 5.00279e-05
   Incoming Energy [0.003917101490809256, 0.004500557675700498)
     Total Material
       Flux                                 0.000145153 +/- 6.92745e-05
   Incoming Energy [0.004500557675700498, 0.0051709202428967555)
     Total Material
       Flux                                 0.000263766 +/- 8.25708e-05
   Incoming Energy [0.0051709202428967555, 0.0059411339849650335)
     Total Material
       Flux                                 0.000270519 +/- 8.80233e-05
   Incoming Energy [0.0059411339849650335, 0.006826071834272386)
     Total Material
       Flux                                 0.000427679 +/- 6.83237e-05
   Incoming Energy [0.006826071834272386, 0.007842822061337682)
     Total Material
       Flux                                 0.000637739 +/- 0.000141177
   Incoming Energy [0.007842822061337682, 0.009011018251665018)
     Total Material
       Flux                                 0.000846855 +/- 8.89235e-05
   Incoming Energy [0.009011018251665018, 0.010353218432956616)
     Total Material
       Flux                                 0.00131954 +/- 0.000161173
   Incoming Energy [0.010353218432956616, 0.011895340673703195)
     Total Material
       Flux                                 0.00126865 +/- 0.00019814
   Incoming Energy [0.011895340673703195, 0.013667163564620059)
     Total Material
       Flux                                 0.00206253 +/- 0.000204459
   Incoming Energy [0.013667163564620059, 0.015702901247293774)
     Total Material
       Flux                                 0.00266167 +/- 0.000267316
   Incoming Energy [0.015702901247293774, 0.018041864093920716)
     Total Material
       Flux                                 0.00312519 +/- 0.000226178
   Incoming Energy [0.018041864093920716, 0.0207292177959537)
     Total Material
       Flux                                 0.00397614 +/- 0.000367252
   Incoming Energy [0.0207292177959537, 0.023816855519761582)
     Total Material
       Flux                                 0.00507132 +/- 0.000322305
   Incoming Energy [0.023816855519761582, 0.027364399970746692)
     Total Material
       Flux                                 0.00598304 +/- 0.000559726
   Incoming Energy [0.027364399970746692, 0.031440354715915)
     Total Material
       Flux                                 0.00817895 +/- 0.000466898
   Incoming Energy [0.031440354715915, 0.0361234269970943)
     Total Material
       Flux                                 0.00945666 +/- 0.000649249
   Incoming Energy [0.0361234269970943, 0.041504047578504726)
     Total Material
       Flux                                 0.0104518 +/- 0.000479112
   Incoming Energy [0.041504047578504726, 0.04768611697714469)
     Total Material
       Flux                                 0.0120724 +/- 0.000969257
   Incoming Energy [0.04768611697714469, 0.054789011795939396)
     Total Material
       Flux                                 0.014366 +/- 0.000653209
   Incoming Energy [0.054789011795939396, 0.06294988990221888)
     Total Material
       Flux                                 0.0142486 +/- 0.000517593
   Incoming Energy [0.06294988990221888, 0.07232633896483534)
     Total Material
       Flux                                 0.0168629 +/- 0.00116746
   Incoming Energy [0.07232633896483534, 0.08309941949353386)
     Total Material
       Flux                                 0.0164325 +/- 0.000762827
   Incoming Energy [0.08309941949353386, 0.09547716114208056)
     Total Material
       Flux                                 0.0176078 +/- 0.00109264
   Incoming Energy [0.09547716114208056, 0.1096985797892384)
     Total Material
       Flux                                 0.0158172 +/- 0.000623593
   Incoming Energy [0.1096985797892384, 0.12603829296797275)
     Total Material
       Flux                                 0.0148273 +/- 0.000964522
   Incoming Energy [0.12603829296797275, 0.1448118227674533)
     Total Material
       Flux                                 0.0162728 +/- 0.000585789
   Incoming Energy [0.1448118227674533, 0.16638168860761274)
     Total Material
       Flux                                 0.0141304 +/- 0.00111873
   Incoming Energy [0.16638168860761274, 0.19116440753856997)
     Total Material
       Flux                                 0.0145849 +/- 0.000886134
   Incoming Energy [0.19116440753856997, 0.2196385372416547)
     Total Material
       Flux                                 0.0145103 +/- 0.000828255
   Incoming Energy [0.2196385372416547, 0.2523539170434766)
     Total Material
       Flux                                 0.0129911 +/- 0.000805747
   Incoming Energy [0.2523539170434766, 0.28994228538828754)
     Total Material
       Flux                                 0.0136544 +/- 0.00075473
   Incoming Energy [0.28994228538828754, 0.333129478793467)
     Total Material
       Flux                                 0.0127584 +/- 0.000400917
   Incoming Energy [0.333129478793467, 0.38274944785163073)
     Total Material
       Flux                                 0.0150095 +/- 0.000807681
   Incoming Energy [0.38274944785163073, 0.4397603609302721)
     Total Material
       Flux                                 0.0167829 +/- 0.00107472
   Incoming Energy [0.4397603609302721, 0.505263106533568)
     Total Material
       Flux                                 0.019914 +/- 0.00110105
   Incoming Energy [0.505263106533568, 0.5805225516094895)
     Total Material
       Flux                                 0.018532 +/- 0.00113625
   Incoming Energy [0.5805225516094895, 0.6669919663030115)
     Total Material
       Flux                                 0.019162 +/- 0.00109428
   Incoming Energy [0.6669919663030115, 0.7663410868007446)
     Total Material
       Flux                                 0.0204053 +/- 0.0011085
   Incoming Energy [0.7663410868007446, 0.8804883581643465)
     Total Material
       Flux                                 0.0193886 +/- 0.00146548
   Incoming Energy [0.8804883581643465, 1.011637979766207)
     Total Material
       Flux                                 0.022336 +/- 0.0015307
   Incoming Energy [1.011637979766207, 1.162322468679852)
     Total Material
       Flux                                 0.0191471 +/- 0.00117513
   Incoming Energy [1.162322468679852, 1.3354515629298973)
     Total Material
       Flux                                 0.0209546 +/- 0.00126423
   Incoming Energy [1.3354515629298973, 1.53436840893001)
     Total Material
       Flux                                 0.0239369 +/- 0.00128893
   Incoming Energy [1.53436840893001, 1.762914118095948)
     Total Material
       Flux                                 0.025428 +/- 0.00146445
   Incoming Energy [1.762914118095948, 2.0255019392306663)
     Total Material
       Flux                                 0.0231449 +/- 0.00128549
   Incoming Energy [2.0255019392306663, 2.327202478960407)
     Total Material
       Flux                                 0.0233567 +/- 0.00121534
   Incoming Energy [2.327202478960407, 2.673841615839944)
     Total Material
       Flux                                 0.0250192 +/- 0.000931575
   Incoming Energy [2.673841615839944, 3.072112998861753)
     Total Material
       Flux                                 0.0235829 +/- 0.00119041
   Incoming Energy [3.072112998861753, 3.52970730273065)
     Total Material
       Flux                                 0.0243897 +/- 0.00184953
   Incoming Energy [3.52970730273065, 4.0554607358408274)
     Total Material
       Flux                                 0.0241347 +/- 0.000665856
   Incoming Energy [4.0554607358408274, 4.659525668664678)
     Total Material
       Flux                                 0.0264488 +/- 0.00185577
   Incoming Energy [4.659525668664678, 5.3535666774107185)
     Total Material
       Flux                                 0.0210577 +/- 0.00108981
   Incoming Energy [5.3535666774107185, 6.150985788580504)
     Total Material
       Flux                                 0.0229884 +/- 0.00106925
   Incoming Energy [6.150985788580504, 7.067181273927491)
     Total Material
       Flux                                 0.00885228 +/- 0.000719441
   Incoming Energy [7.067181273927491, 8.119844993184008)
     Total Material
       Flux                                 0.0230145 +/- 0.00153823
   Incoming Energy [8.119844993184008, 9.329304026284676)
     Total Material
       Flux                                 0.0184475 +/- 0.000765473
   Incoming Energy [9.329304026284676, 10.718913192051264)
     Total Material
       Flux                                 0.0255686 +/- 0.0014835
   Incoming Energy [10.718913192051264, 12.315506032928262)
     Total Material
       Flux                                 0.0239102 +/- 0.00130261
   Incoming Energy [12.315506032928262, 14.149912974345758)
     Total Material
       Flux                                 0.0233315 +/- 0.00126783
   Incoming Energy [14.149912974345758, 16.257556664437935)
     Total Material
       Flux                                 0.0241503 +/- 0.00157037
   Incoming Energy [16.257556664437935, 18.679135990207808)
     Total Material
       Flux                                 0.0257714 +/- 0.00140439
   Incoming Energy [18.679135990207808, 21.461411978584014)
     Total Material
       Flux                                 0.0166332 +/- 0.000894432
   Incoming Energy [21.461411978584014, 24.658110758226037)
     Total Material
       Flux                                 0.0264053 +/- 0.000991135
   Incoming Energy [24.658110758226037, 28.330961018393243)
     Total Material
       Flux                                 0.025317 +/- 0.000795512
   Incoming Energy [28.330961018393243, 32.550885998350566)
     Total Material
       Flux                                 0.0275301 +/- 0.00131876
   Incoming Energy [32.550885998350566, 37.39937302478794)
     Total Material
       Flux                                 0.0185676 +/- 0.000939735
   Incoming Energy [37.39937302478794, 42.97004704320835)
     Total Material
       Flux                                 0.0257235 +/- 0.00116559
   Incoming Energy [42.97004704320835, 49.37047852839004)
     Total Material
       Flux                                 0.0262604 +/- 0.0013138
   Incoming Energy [49.37047852839004, 56.72426068491978)
     Total Material
       Flux                                 0.0234996 +/- 0.000966048
   Incoming Energy [56.72426068491978, 65.1733960488242)
     Total Material
       Flux                                 0.02723 +/- 0.00125064
   Incoming Energy [65.1733960488242, 74.88103857590015)
     Total Material
       Flux                                 0.0276954 +/- 0.00157967
   Incoming Energy [74.88103857590015, 86.03464416684491)
     Total Material
       Flux                                 0.030481 +/- 0.00132039
   Incoming Energy [86.03464416684491, 98.84959046625586)
     Total Material
       Flux                                 0.0304488 +/- 0.0018027
   Incoming Energy [98.84959046625586, 113.57333583431051)
     Total Material
       Flux                                 0.0268961 +/- 0.00107659
   Incoming Energy [113.57333583431051, 130.49019780144016)
     Total Material
       Flux                                 0.0288316 +/- 0.0011446
   Incoming Energy [130.49019780144016, 149.9268432786044)
     Total Material
       Flux                                 0.0313392 +/- 0.0017607
   Incoming Energy [149.9268432786044, 172.2585965398784)
     Total Material
       Flux                                 0.032433 +/- 0.001517
   Incoming Energy [172.2585965398784, 197.91668678535572)
     Total Material
       Flux                                 0.0278808 +/- 0.00127365
   Incoming Energy [197.91668678535572, 227.39657523579274)
     Total Material
       Flux                                 0.0278333 +/- 0.00151274
   Incoming Energy [227.39657523579274, 261.26752255633266)
     Total Material
       Flux                                 0.0307714 +/- 0.00139172
   Incoming Energy [261.26752255633266, 300.1835813575586)
     Total Material
       Flux                                 0.0308889 +/- 0.00188732
   Incoming Energy [300.1835813575586, 344.89622604057524)
     Total Material
       Flux                                 0.0315616 +/- 0.00155512
   Incoming Energy [344.89622604057524, 396.2688638701478)
     Total Material
       Flux                                 0.036277 +/- 0.00144729
   Incoming Energy [396.2688638701478, 455.29350748669475)
     Total Material
       Flux                                 0.0314445 +/- 0.00132259
   Incoming Energy [455.29350748669475, 523.1099308056258)
     Total Material
       Flux                                 0.0356526 +/- 0.00173605
   Incoming Energy [523.1099308056258, 601.0276782070375)
     Total Material
       Flux                                 0.0347216 +/- 0.00233909
   Incoming Energy [601.0276782070375, 690.5513520162317)
     Total Material
       Flux                                 0.0333504 +/- 0.00175529
   Incoming Energy [690.5513520162317, 793.4096665797492)
     Total Material
       Flux                                 0.0350439 +/- 0.00153678
   Incoming Energy [793.4096665797492, 911.5888299750818)
     Total Material
       Flux                                 0.0351788 +/- 0.00198876
   Incoming Energy [911.5888299750818, 1047.3708979594487)
     Total Material
       Flux                                 0.0357323 +/- 0.00164368
   Incoming Energy [1047.3708979594487, 1203.3778407775906)
     Total Material
       Flux                                 0.031974 +/- 0.00139945
   Incoming Energy [1203.3778407775906, 1382.6221737646536)
     Total Material
       Flux                                 0.0357857 +/- 0.00137197
   Incoming Energy [1382.6221737646536, 1588.5651294280526)
     Total Material
       Flux                                 0.0342815 +/- 0.00126736
   Incoming Energy [1588.5651294280526, 1825.1834943190388)
     Total Material
       Flux                                 0.036136 +/- 0.00081404
   Incoming Energy [1825.1834943190388, 2097.046401323231)
     Total Material
       Flux                                 0.033519 +/- 0.00156739
   Incoming Energy [2097.046401323231, 2409.403560239527)
     Total Material
       Flux                                 0.0379828 +/- 0.00210967
   Incoming Energy [2409.403560239527, 2768.286630392061)
     Total Material
       Flux                                 0.0332983 +/- 0.00193863
   Incoming Energy [2768.286630392061, 3180.625692794119)
     Total Material
       Flux                                 0.0332592 +/- 0.00164624
   Incoming Energy [3180.625692794119, 3654.383070957247)
     Total Material
       Flux                                 0.0367023 +/- 0.00127059
   Incoming Energy [3654.383070957247, 4198.707084443906)
     Total Material
       Flux                                 0.0349026 +/- 0.00171728
   Incoming Energy [4198.707084443906, 4824.108704165374)
     Total Material
       Flux                                 0.0367291 +/- 0.00112595
   Incoming Energy [4824.108704165374, 5542.664520663096)
     Total Material
       Flux                                 0.0397753 +/- 0.00156844
   Incoming Energy [5542.664520663096, 6368.249944718586)
     Total Material
       Flux                                 0.0370822 +/- 0.00145641
   Incoming Energy [6368.249944718586, 7316.807143427177)
     Total Material
       Flux                                 0.0398953 +/- 0.00192458
   Incoming Energy [7316.807143427177, 8406.652885618316)
     Total Material
       Flux                                 0.0401438 +/- 0.00171131
   Incoming Energy [8406.652885618316, 9658.832241158709)
     Total Material
       Flux                                 0.0392671 +/- 0.00149106
   Incoming Energy [9658.832241158709, 11097.5249641207)
     Total Material
       Flux                                 0.0398619 +/- 0.00234852
   Incoming Energy [11097.5249641207, 12750.512407130129)
     Total Material
       Flux                                 0.0379652 +/- 0.00168271
   Incoming Energy [12750.512407130129, 14649.713983072817)
     Total Material
       Flux                                 0.0414744 +/- 0.00130043
   Incoming Energy [14649.713983072817, 16831.80353330955)
     Total Material
       Flux                                 0.0414131 +/- 0.00186772
   Incoming Energy [16831.80353330955, 19338.91750455232)
     Total Material
       Flux                                 0.0401109 +/- 0.00129941
   Incoming Energy [19338.91750455232, 22219.468609395193)
     Total Material
       Flux                                 0.0432418 +/- 0.00150983
   Incoming Energy [22219.468609395193, 25529.080682395164)
     Total Material
       Flux                                 0.0391915 +/- 0.00130971
   Incoming Energy [25529.080682395164, 29331.662783900363)
     Total Material
       Flux                                 0.0449077 +/- 0.00235601
   Incoming Energy [29331.662783900363, 33700.64329271925)
     Total Material
       Flux                                 0.0445063 +/- 0.00230718
   Incoming Energy [33700.64329271925, 38720.38781812557)
     Total Material
       Flux                                 0.0477748 +/- 0.00190566
   Incoming Energy [38720.38781812557, 44487.82831127576)
     Total Material
       Flux                                 0.0487443 +/- 0.00247549
   Incoming Energy [44487.82831127576, 51114.334834401656)
     Total Material
       Flux                                 0.047961 +/- 0.00170886
   Incoming Energy [51114.334834401656, 58727.86613189465)
     Total Material
       Flux                                 0.0526897 +/- 0.00248876
   Incoming Energy [58727.86613189465, 67475.44053110685)
     Total Material
       Flux                                 0.053545 +/- 0.0021554
   Incoming Energy [67475.44053110685, 77525.97488629464)
     Total Material
       Flux                                 0.052281 +/- 0.00193814
   Incoming Energy [77525.97488629464, 89073.54638610421)
     Total Material
       Flux                                 0.0565029 +/- 0.00240855
   Incoming Energy [89073.54638610421, 102341.14021054527)
     Total Material
       Flux                                 0.0604808 +/- 0.00199641
   Incoming Energy [102341.14021054527, 117584.95540521534)
     Total Material
       Flux                                 0.0609479 +/- 0.00199328
   Incoming Energy [117584.95540521534, 135099.3521198025)
     Total Material
       Flux                                 0.0710169 +/- 0.00238702
   Incoming Energy [135099.3521198025, 155222.5357427048)
     Total Material
       Flux                                 0.07394 +/- 0.00229
   Incoming Energy [155222.5357427048, 178343.08769319058)
     Total Material
       Flux                                 0.0784269 +/- 0.00202443
   Incoming Energy [178343.08769319058, 204907.4689815846)
     Total Material
       Flux                                 0.0836165 +/- 0.00184565
   Incoming Energy [204907.4689815846, 235428.64143224107)
     Total Material
       Flux                                 0.0884124 +/- 0.00201005
   Incoming Energy [235428.64143224107, 270495.97304631316)
     Total Material
       Flux                                 0.101745 +/- 0.00349138
   Incoming Energy [270495.97304631316, 310786.6187782014)
     Total Material
       Flux                                 0.112617 +/- 0.00315281
   Incoming Energy [310786.6187782014, 357078.59649004554)
     Total Material
       Flux                                 0.123496 +/- 0.00431499
   Incoming Energy [357078.59649004554, 410265.81058271904)
     Total Material
       Flux                                 0.1119 +/- 0.00245947
   Incoming Energy [410265.81058271904, 471375.31341167097)
     Total Material
       Flux                                 0.100935 +/- 0.00402599
   Incoming Energy [471375.31341167097, 541587.1378079465)
     Total Material
       Flux                                 0.143559 +/- 0.00447395
   Incoming Energy [541587.1378079465, 622257.0836730232)
     Total Material
       Flux                                 0.146844 +/- 0.00437882
   Incoming Energy [622257.0836730232, 714942.8986597562)
     Total Material
       Flux                                 0.171062 +/- 0.00436602
   Incoming Energy [714942.8986597562, 821434.3584919422)
     Total Material
       Flux                                 0.198235 +/- 0.00483934
   Incoming Energy [821434.3584919422, 943787.8277775352)
     Total Material
       Flux                                 0.183859 +/- 0.0056106
   Incoming Energy [943787.8277775352, 1084365.9686896086)
     Total Material
       Flux                                 0.145495 +/- 0.00396271
   Incoming Energy [1084365.9686896086, 1245883.3642950081)
     Total Material
       Flux                                 0.176992 +/- 0.00514673
   Incoming Energy [1245883.3642950081, 1431458.9375234756)
     Total Material
       Flux                                 0.182782 +/- 0.00593832
   Incoming Energy [1431458.9375234756, 1644676.1779946627)
     Total Material
       Flux                                 0.19693 +/- 0.00508996
   Incoming Energy [1644676.1779946627, 1889652.3396912038)
     Total Material
       Flux                                 0.195971 +/- 0.00578639
   Incoming Energy [1889652.3396912038, 2171117.945694501)
     Total Material
       Flux                                 0.17834 +/- 0.00641634
   Incoming Energy [2171117.945694501, 2494508.135230317)
     Total Material
       Flux                                 0.20448 +/- 0.00956163
   Incoming Energy [2494508.135230317, 2866067.616948244)
     Total Material
       Flux                                 0.21162 +/- 0.00843164
   Incoming Energy [2866067.616948244, 3292971.255097148)
     Total Material
       Flux                                 0.160682 +/- 0.00709757
   Incoming Energy [3292971.255097148, 3783462.6171319326)
     Total Material
       Flux                                 0.123052 +/- 0.00546505
   Incoming Energy [3783462.6171319326, 4347013.158125018)
     Total Material
       Flux                                 0.111572 +/- 0.005297
   Incoming Energy [4347013.158125018, 4994505.11585514)
     Total Material
       Flux                                 0.0912197 +/- 0.00422983
   Incoming Energy [4994505.11585514, 5738441.648302381)
     Total Material
       Flux                                 0.0679511 +/- 0.00383275
   Incoming Energy [5738441.648302381, 6593188.271333542)
     Total Material
       Flux                                 0.0519412 +/- 0.00443852
   Incoming Energy [6593188.271333542, 7575250.258771921)
     Total Material
       Flux                                 0.0282592 +/- 0.00358175
   Incoming Energy [7575250.258771921, 8703591.361485148)
     Total Material
       Flux                                 0.0153064 +/- 0.00200753
   Incoming Energy [8703591.361485148, 10000000)
     Total Material
       Flux                                 0.00611568 +/- 0.00143944
 =================>     TALLY 14: WATER_FLUX_SPECTRUM     <=================

 Cell 15
   Incoming Energy [9.999999999999999e-06, 1.1489510001873086e-05)
     Total Material
       Flux                                 0 +/- 0
   Incoming Energy [1.1489510001873086e-05, 1.3200884008314168e-05)
     Total Material
       Flux                                 0 +/- 0
   Incoming Energy [1.3200884008314168e-05, 1.516716888470924e-05)
     Total Material
       Flux                                 0 +/- 0
   Incoming Energy [1.516716888470924e-05, 1.742633386009651e-05)
     Total Material
       Flux                                 0 +/- 0
   Incoming Energy [1.742633386009651e-05, 2.0022003718155845e-05)
     Total Material
       Flux                                 0 +/- 0
   Incoming Energy [2.0022003718155845e-05, 2.3004301197729168e-05)
     Total Material
       Flux                                 0 +/- 0
   Incoming Energy [2.3004301197729168e-05, 2.643081486974103e-05)
     Total Material
       Flux                                 0 +/- 0
   Incoming Energy [2.643081486974103e-05, 3.0367711180354606e-05)
     Total Material
       Flux                                 0 +/- 0
   Incoming Energy [3.0367711180354606e-05, 3.489101213406774e-05)
     Total Material
       Flux                                 4.1517e-06 +/- 4.1517e-06
   Incoming Energy [3.489101213406774e-05, 4.008806328898465e-05)
     Total Material
       Flux                                 0 +/- 0
   Incoming Energy [4.008806328898465e-05, 4.6059220411451034e-05)
     Total Material
       Flux                                 0 +/- 0
   Incoming Energy [4.6059220411451034e-05, 5.2919787359584364e-05)
     Total Material
       Flux                                 0 +/- 0
   Incoming Energy [5.2919787359584364e-05, 6.080224261649427e-05)
     Total Material
       Flux                                 0 +/- 0
   Incoming Energy [6.080224261649427e-05, 6.985879746785249e-05)
     Total Material
       Flux                                 1.26244e-06 +/- 1.26244e-06
   Incoming Energy [6.985879746785249e-05, 8.026433522257174e-05)
     Total Material
       Flux                                 0 +/- 0
   Incoming Energy [8.026433522257174e-05, 9.221978823334323e-05)
     Total Material
       Flux                                 8.37708e-07 +/- 8.37708e-07
   Incoming Energy [9.221978823334323e-05, 0.00010595601792776158)
     Total Material
       Flux                                 2.17652e-06 +/- 2.09166e-06
   Incoming Energy [0.00010595601792776158, 0.00012173827277396621)
     Total Material
       Flux                                 1.01957e-05 +/- 8.78768e-06
   Incoming Energy [0.00012173827277396621, 0.00013987131026472387)
     Total Material
       Flux                                 2.24701e-06 +/- 2.24701e-06
   Incoming Energy [0.00013987131026472387, 0.00016070528182616383)
     Total Material
       Flux                                 2.42255e-06 +/- 2.42255e-06
   Incoming Energy [0.00016070528182616383, 0.00018464249428955425)
     Total Material
       Flux                                 7.68854e-06 +/- 7.68854e-06
   Incoming Energy [0.00018464249428955425, 0.00021214517849106298)
     Total Material
       Flux                                 1.57894e-05 +/- 1.14653e-05
   Incoming Energy [0.00021214517849106298, 0.00024374441501222218)
     Total Material
       Flux                                 1.91445e-06 +/- 1.8908e-06
   Incoming Energy [0.00024374441501222218, 0.0002800503894183631)
     Total Material
       Flux                                 1.12168e-06 +/- 1.12168e-06
   Incoming Energy [0.0002800503894183631, 0.0003217641750250735)
     Total Material
       Flux                                 3.37099e-05 +/- 1.04943e-05
   Incoming Energy [0.0003217641750250735, 0.00036969127071950243)
     Total Material
       Flux                                 3.36128e-05 +/- 1.37373e-05
   Incoming Energy [0.00036969127071950243, 0.00042475715525368984)
     Total Material
       Flux                                 4.83684e-05 +/- 2.75974e-05
   Incoming Energy [0.00042475715525368984, 0.0004880251583654434)
     Total Material
       Flux                                 1.48111e-05 +/- 6.39348e-06
   Incoming Energy [0.0004880251583654434, 0.0005607169938205458)
     Total Material
       Flux                                 2.46527e-05 +/- 1.23501e-05
   Incoming Energy [0.0005607169938205458, 0.000644236350872137)
     Total Material
       Flux                                 6.62503e-05 +/- 3.04128e-05
   Incoming Energy [0.000644236350872137, 0.0007401959996915637)
     Total Material
       Flux                                 0.000150792 +/- 5.16147e-05
   Incoming Energy [0.0007401959996915637, 0.0008504489341802677)
     Total Material
       Flux                                 0.000115141 +/- 2.71113e-05
   Incoming Energy [0.0008504489341802677, 0.00097712415353465)
     Total Material
       Flux                                 0.000104876 +/- 2.22444e-05
   Incoming Energy [0.00097712415353465, 0.0011226677735108135)
     Total Material
       Flux                                 8.78992e-05 +/- 2.11821e-05
   Incoming Energy [0.0011226677735108135, 0.001289890261253308)
     Total Material
       Flux                                 0.000177934 +/- 4.67869e-05
   Incoming Energy [0.001289890261253308, 0.0014820207057988585)
     Total Material
       Flux                                 0.000344766 +/- 6.66186e-05
   Incoming Energy [0.0014820207057988585, 0.0017027691722258996)
     Total Material
       Flux                                 0.000373198 +/- 6.68773e-05
   Incoming Energy [0.0017027691722258996, 0.0019563983435170627)
     Total Material
       Flux                                 0.00049484 +/- 8.63307e-05
   Incoming Energy [0.0019563983435170627, 0.002247805833548725)
     Total Material
       Flux                                 0.000499789 +/- 0.000111984
   Incoming Energy [0.002247805833548725, 0.002582618760682675)
     Total Material
       Flux                                 0.000915489 +/- 0.000110901
   Incoming Energy [0.002582618760682675, 0.0029673024081888696)
     Total Material
       Flux                                 0.0010147 +/- 0.000165584
   Incoming Energy [0.0029673024081888696, 0.003409285069746811)
     Total Material
       Flux                                 0.00147335 +/- 0.000247509
   Incoming Energy [0.003409285069746811, 0.003917101490809256)
     Total Material
       Flux                                 0.00207852 +/- 0.000340548
   Incoming Energy [0.003917101490809256, 0.004500557675700498)
     Total Material
       Flux                                 0.00249878 +/- 0.000277967
   Incoming Energy [0.004500557675700498, 0.0051709202428967555)
     Total Material
       Flux                                 0.00280761 +/- 0.000344021
   Incoming Energy [0.0051709202428967555, 0.0059411339849650335)
     Total Material
       Flux                                 0.00428787 +/- 0.000411889
   Incoming Energy [0.0059411339849650335, 0.006826071834272386)
     Total Material
       Flux                                 0.00548954 +/- 0.000301251
   Incoming Energy [0.006826071834272386, 0.007842822061337682)
     Total Material
       Flux                                 0.00737035 +/- 0.000562869
   Incoming Energy [0.007842822061337682, 0.009011018251665018)
     Total Material
       Flux                                 0.00881942 +/- 0.000596735
   Incoming Energy [0.009011018251665018, 0.010353218432956616)
     Total Material
       Flux                                 0.0101188 +/- 0.000604098
   Incoming Energy [0.010353218432956616, 0.011895340673703195)
     Total Material
       Flux                                 0.0131418 +/- 0.000760935
   Incoming Energy [0.011895340673703195, 0.013667163564620059)
     Total Material
       Flux                                 0.0182107 +/- 0.000915459
   Incoming Energy [0.013667163564620059, 0.015702901247293774)
     Total Material
       Flux                                 0.020489 +/- 0.000849858
   Incoming Energy [0.015702901247293774, 0.018041864093920716)
     Total Material
       Flux                                 0.0229197 +/- 0.000863238
   Incoming Energy [0.018041864093920716, 0.0207292177959537)
     Total Material
       Flux                                 0.0296507 +/- 0.00133461
   Incoming Energy [0.0207292177959537, 0.023816855519761582)
     Total Material
       Flux                                 0.0323897 +/- 0.00156772
   Incoming Energy [0.023816855519761582, 0.027364399970746692)
     Total Material
       Flux                                 0.0388566 +/- 0.00116285
   Incoming Energy [0.027364399970746692, 0.031440354715915)
     Total Material
       Flux                                 0.0433322 +/- 0.00170252
   Incoming Energy [0.031440354715915, 0.0361234269970943)
     Total Material
       Flux                                 0.0503451 +/- 0.00154977
   Incoming Energy [0.0361234269970943, 0.041504047578504726)
     Total Material
       Flux                                 0.0572679 +/- 0.00200267
   Incoming Energy [0.041504047578504726, 0.04768611697714469)
     Total Material
       Flux                                 0.0573338 +/- 0.00194564
   Incoming Energy [0.04768611697714469, 0.054789011795939396)
     Total Material
       Flux                                 0.063466 +/- 0.00198964
   Incoming Energy [0.054789011795939396, 0.06294988990221888)
     Total Material
       Flux                                 0.0666195 +/- 0.0020715
   Incoming Energy [0.06294988990221888, 0.07232633896483534)
     Total Material
       Flux                                 0.0705773 +/- 0.00334304
   Incoming Energy [0.07232633896483534, 0.08309941949353386)
     Total Material
       Flux                                 0.0707776 +/- 0.00233552
   Incoming Energy [0.08309941949353386, 0.09547716114208056)
     Total Material
       Flux                                 0.0684238 +/- 0.00271753
   Incoming Energy [0.09547716114208056, 0.1096985797892384)
     Total Material
       Flux                                 0.061665 +/- 0.00212794
   Incoming Energy [0.1096985797892384, 0.12603829296797275)
     Total Material
       Flux                                 0.0609408 +/- 0.00159362
   Incoming Energy [0.12603829296797275, 0.1448118227674533)
     Total Material
       Flux                                 0.0569024 +/- 0.00167715
   Incoming Energy [0.1448118227674533, 0.16638168860761274)
     Total Material
       Flux                                 0.0487297 +/- 0.00179027
   Incoming Energy [0.16638168860761274, 0.19116440753856997)
     Total Material
       Flux                                 0.0491079 +/- 0.00190542
   Incoming Energy [0.19116440753856997, 0.2196385372416547)
     Total Material
       Flux                                 0.0491622 +/- 0.00193084
   Incoming Energy [0.2196385372416547, 0.2523539170434766)
     Total Material
       Flux                                 0.046883 +/- 0.00147568
   Incoming Energy [0.2523539170434766, 0.28994228538828754)
     Total Material
       Flux                                 0.0488491 +/- 0.00191194
   Incoming Energy [0.28994228538828754, 0.333129478793467)
     Total Material
       Flux                                 0.0444747 +/- 0.00175605
   Incoming Energy [0.333129478793467, 0.38274944785163073)
     Total Material
       Flux                                 0.0501128 +/- 0.00191041
   Incoming Energy [0.38274944785163073, 0.4397603609302721)
     Total Material
       Flux                                 0.0501588 +/- 0.00224302
   Incoming Energy [0.4397603609302721, 0.505263106533568)
     Total Material
       Flux                                 0.0581944 +/- 0.00256259
   Incoming Energy [0.505263106533568, 0.5805225516094895)
     Total Material
       Flux                                 0.0498311 +/- 0.00203508
   Incoming Energy [0.5805225516094895, 0.6669919663030115)
     Total Material
       Flux                                 0.0545869 +/- 0.00205491
   Incoming Energy [0.6669919663030115, 0.7663410868007446)
     Total Material
       Flux                                 0.0572538 +/- 0.00151126
   Incoming Energy [0.7663410868007446, 0.8804883581643465)
     Total Material
       Flux                                 0.0544811 +/- 0.00184188
   Incoming Energy [0.8804883581643465, 1.011637979766207)
     Total Material
       Flux                                 0.0570029 +/- 0.00193608
   Incoming Energy [1.011637979766207, 1.162322468679852)
     Total Material
       Flux                                 0.0531612 +/- 0.00237727
   Incoming Energy [1.162322468679852, 1.3354515629298973)
     Total Material
       Flux                                 0.0558788 +/- 0.00191737
   Incoming Energy [1.3354515629298973, 1.53436840893001)
     Total Material
       Flux                                 0.0636425 +/- 0.00245314
   Incoming Energy [1.53436840893001, 1.762914118095948)
     Total Material
       Flux                                 0.062026 +/- 0.0028605
   Incoming Energy [1.762914118095948, 2.0255019392306663)
     Total Material
       Flux                                 0.0583955 +/- 0.00280245
   Incoming Energy [2.0255019392306663, 2.327202478960407)
     Total Material
       Flux                                 0.0582809 +/- 0.00200941
   Incoming Energy [2.327202478960407, 2.673841615839944)
     Total Material
       Flux                                 0.0593175 +/- 0.00215485
   Incoming Energy [2.673841615839944, 3.072112998861753)
     Total Material
       Flux                                 0.0633124 +/- 0.00181828
   Incoming Energy [3.072112998861753, 3.52970730273065)
     Total Material
       Flux                                 0.0607675 +/- 0.00278426
   Incoming Energy [3.52970730273065, 4.0554607358408274)
     Total Material
       Flux                                 0.0645433 +/- 0.00226626
   Incoming Energy [4.0554607358408274, 4.659525668664678)
     Total Material
       Flux                                 0.0667352 +/- 0.00301267
   Incoming Energy [4.659525668664678, 5.3535666774107185)
     Total Material
       Flux                                 0.0587266 +/- 0.00153098
   Incoming Energy [5.3535666774107185, 6.150985788580504)
     Total Material
       Flux                                 0.05894 +/- 0.00200431
   Incoming Energy [6.150985788580504, 7.067181273927491)
     Total Material
       Flux                                 0.0491115 +/- 0.00216904
   Incoming Energy [7.067181273927491, 8.119844993184008)
     Total Material
       Flux                                 0.0658862 +/- 0.00208447
   Incoming Energy [8.119844993184008, 9.329304026284676)
     Total Material
       Flux                                 0.0588881 +/- 0.00173516
   Incoming Energy [9.329304026284676, 10.718913192051264)
     Total Material
       Flux                                 0.0669686 +/- 0.00192051
   Incoming Energy [10.718913192051264, 12.315506032928262)
     Total Material
       Flux                                 0.0649502 +/- 0.00210965
   Incoming Energy [12.315506032928262, 14.149912974345758)
     Total Material
       Flux                                 0.0656815 +/- 0.00374038
   Incoming Energy [14.149912974345758, 16.257556664437935)
     Total Material
       Flux                                 0.0663329 +/- 0.00237727
   Incoming Energy [16.257556664437935, 18.679135990207808)
     Total Material
       Flux                                 0.0648941 +/- 0.00237012
   Incoming Energy [18.679135990207808, 21.461411978584014)
     Total Material
       Flux                                 0.0603565 +/- 0.00195182
   Incoming Energy [21.461411978584014, 24.658110758226037)
     Total Material
       Flux                                 0.0719766 +/- 0.00222621
   Incoming Energy [24.658110758226037, 28.330961018393243)
     Total Material
       Flux                                 0.072336 +/- 0.00275641
   Incoming Energy [28.330961018393243, 32.550885998350566)
     Total Material
       Flux                                 0.0714196 +/- 0.00259935
   Incoming Energy [32.550885998350566, 37.39937302478794)
     Total Material
       Flux                                 0.0618478 +/- 0.00204891
   Incoming Energy [37.39937302478794, 42.97004704320835)
     Total Material
       Flux                                 0.0725424 +/- 0.00154012
   Incoming Energy [42.97004704320835, 49.37047852839004)
     Total Material
       Flux                                 0.0714557 +/- 0.00200121
   Incoming Energy [49.37047852839004, 56.72426068491978)
     Total Material
       Flux                                 0.0693943 +/- 0.0017256
   Incoming Energy [56.72426068491978, 65.1733960488242)
     Total Material
       Flux                                 0.0769937 +/- 0.00302268
   Incoming Energy [65.1733960488242, 74.88103857590015)
     Total Material
       Flux                                 0.0759267 +/- 0.00189736
   Incoming Energy [74.88103857590015, 86.03464416684491)
     Total Material
       Flux                                 0.0792113 +/- 0.00252776
   Incoming Energy [86.03464416684491, 98.84959046625586)
     Total Material
       Flux                                 0.0836075 +/- 0.00354556
   Incoming Energy [98.84959046625586, 113.57333583431051)
     Total Material
       Flux                                 0.0770801 +/- 0.00259662
   Incoming Energy [113.57333583431051, 130.49019780144016)
     Total Material
       Flux                                 0.0792653 +/- 0.00231251
   Incoming Energy [130.49019780144016, 149.9268432786044)
     Total Material
       Flux                                 0.0783927 +/- 0.00289706
   Incoming Energy [149.9268432786044, 172.2585965398784)
     Total Material
       Flux                                 0.0803426 +/- 0.00208112
   Incoming Energy [172.2585965398784, 197.91668678535572)
     Total Material
       Flux                                 0.0767287 +/- 0.00224216
   Incoming Energy [197.91668678535572, 227.39657523579274)
     Total Material
       Flux                                 0.0740706 +/- 0.00222709
   Incoming Energy [227.39657523579274, 261.26752255633266)
     Total Material
       Flux                                 0.0863125 +/- 0.00209043
   Incoming Energy [261.26752255633266, 300.1835813575586)
     Total Material
       Flux                                 0.0800859 +/- 0.00298414
   Incoming Energy [300.1835813575586, 344.89622604057524)
     Total Material
       Flux                                 0.0815479 +/- 0.00282467
   Incoming Energy [344.89622604057524, 396.2688638701478)
     Total Material
       Flux                                 0.0881302 +/- 0.00210642
   Incoming Energy [396.2688638701478, 455.29350748669475)
     Total Material
       Flux                                 0.0806893 +/- 0.00326002
   Incoming Energy [455.29350748669475, 523.1099308056258)
     Total Material
       Flux                                 0.090605 +/- 0.00233686
   Incoming Energy [523.1099308056258, 601.0276782070375)
     Total Material
       Flux                                 0.0899071 +/- 0.00327375
   Incoming Energy [601.0276782070375, 690.5513520162317)
     Total Material
       Flux                                 0.0872705 +/- 0.00265128
   Incoming Energy [690.5513520162317, 793.4096665797492)
     Total Material
       Flux                                 0.0865604 +/- 0.00149082
   Incoming Energy [793.4096665797492, 911.5888299750818)
     Total Material
       Flux                                 0.0884848 +/- 0.00228723
   Incoming Energy [911.5888299750818, 1047.3708979594487)
     Total Material
       Flux                                 0.0860108 +/- 0.00258418
   Incoming Energy [1047.3708979594487, 1203.3778407775906)
     Total Material
       Flux                                 0.0843112 +/- 0.00210872
   Incoming Energy [1203.3778407775906, 1382.6221737646536)
     Total Material
       Flux                                 0.0906652 +/- 0.00293456
   Incoming Energy [1382.6221737646536, 1588.5651294280526)
     Total Material
       Flux                                 0.0861071 +/- 0.0028487
   Incoming Energy [1588.5651294280526, 1825.1834943190388)
     Total Material
       Flux                                 0.0927765 +/- 0.00213214
   Incoming Energy [1825.1834943190388, 2097.046401323231)
     Total Material
       Flux                                 0.0855623 +/- 0.00186246
   Incoming Energy [2097.046401323231, 2409.403560239527)
     Total Material
       Flux                                 0.0935641 +/- 0.00319225
   Incoming Energy [2409.403560239527, 2768.286630392061)
     Total Material
       Flux                                 0.090806 +/- 0.0032788
   Incoming Energy [2768.286630392061, 3180.625692794119)
     Total Material
       Flux                                 0.0870945 +/- 0.00306578
   Incoming Energy [3180.625692794119, 3654.383070957247)
     Total Material
       Flux                                 0.092917 +/- 0.00264187
   Incoming Energy [3654.383070957247, 4198.707084443906)
     Total Material
       Flux                                 0.0925448 +/- 0.0029975
   Incoming Energy [4198.707084443906, 4824.108704165374)
     Total Material
       Flux                                 0.0912402 +/- 0.00194845
   Incoming Energy [4824.108704165374, 5542.664520663096)
     Total Material
       Flux                                 0.0949534 +/- 0.00263349
   Incoming Energy [5542.664520663096, 6368.249944718586)
     Total Material
       Flux                                 0.0978504 +/- 0.00259129
   Incoming Energy [6368.249944718586, 7316.807143427177)
     Total Material
       Flux                                 0.0973516 +/- 0.00310072
   Incoming Energy [7316.807143427177, 8406.652885618316)
     Total Material
       Flux                                 0.0972048 +/- 0.00311483
   Incoming Energy [8406.652885618316, 9658.832241158709)
     Total Material
       Flux                                 0.0978833 +/- 0.00229999
   Incoming Energy [9658.832241158709, 11097.5249641207)
     Total Material
       Flux                                 0.0969358 +/- 0.00305989
   Incoming Energy [11097.5249641207, 12750.512407130129)
     Total Material
       Flux                                 0.0952737 +/- 0.00160929
   Incoming Energy [12750.512407130129, 14649.713983072817)
     Total Material
       Flux                                 0.0987595 +/- 0.00243163
   Incoming Energy [14649.713983072817, 16831.80353330955)
     Total Material
       Flux                                 0.108937 +/- 0.00377429
   Incoming Energy [16831.80353330955, 19338.91750455232)
     Total Material
       Flux                                 0.101353 +/- 0.00234337
   Incoming Energy [19338.91750455232, 22219.468609395193)
     Total Material
       Flux                                 0.107169 +/- 0.00256362
   Incoming Energy [22219.468609395193, 25529.080682395164)
     Total Material
       Flux                                 0.103589 +/- 0.00245097
   Incoming Energy [25529.080682395164, 29331.662783900363)
     Total Material
       Flux                                 0.109434 +/- 0.00279658
   Incoming Energy [29331.662783900363, 33700.64329271925)
     Total Material
       Flux                                 0.115128 +/- 0.00382264
   Incoming Energy [33700.64329271925, 38720.38781812557)
     Total Material
       Flux                                 0.112952 +/- 0.00274744
   Incoming Energy [38720.38781812557, 44487.82831127576)
     Total Material
       Flux                                 0.117428 +/- 0.00395365
   Incoming Energy [44487.82831127576, 51114.334834401656)
     Total Material
       Flux                                 0.121209 +/- 0.00328566
   Incoming Energy [51114.334834401656, 58727.86613189465)
     Total Material
       Flux                                 0.128159 +/- 0.00380431
   Incoming Energy [58727.86613189465, 67475.44053110685)
     Total Material
       Flux                                 0.127577 +/- 0.00334767
   Incoming Energy [67475.44053110685, 77525.97488629464)
     Total Material
       Flux                                 0.131593 +/- 0.00379814
   Incoming Energy [77525.97488629464, 89073.54638610421)
     Total Material
       Flux                                 0.140895 +/- 0.00394519
   Incoming Energy [89073.54638610421, 102341.14021054527)
     Total Material
       Flux                                 0.145502 +/- 0.00387811
   Incoming Energy [102341.14021054527, 117584.95540521534)
     Total Material
       Flux                                 0.147704 +/- 0.00427676
   Incoming Energy [117584.95540521534, 135099.3521198025)
     Total Material
       Flux                                 0.166286 +/- 0.00600778
   Incoming Energy [135099.3521198025, 155222.5357427048)
     Total Material
       Flux                                 0.178065 +/- 0.00486261
   Incoming Energy [155222.5357427048, 178343.08769319058)
     Total Material
       Flux                                 0.1849 +/- 0.00478176
   Incoming Energy [178343.08769319058, 204907.4689815846)
     Total Material
       Flux                                 0.196053 +/- 0.00393445
   Incoming Energy [204907.4689815846, 235428.64143224107)
     Total Material
       Flux                                 0.206022 +/- 0.00472447
   Incoming Energy [235428.64143224107, 270495.97304631316)
     Total Material
       Flux                                 0.228404 +/- 0.00660675
   Incoming Energy [270495.97304631316, 310786.6187782014)
     Total Material
       Flux                                 0.266032 +/- 0.00649204
   Incoming Energy [310786.6187782014, 357078.59649004554)
     Total Material
       Flux                                 0.274059 +/- 0.00928402
   Incoming Energy [357078.59649004554, 410265.81058271904)
     Total Material
       Flux                                 0.259791 +/- 0.00661187
   Incoming Energy [410265.81058271904, 471375.31341167097)
     Total Material
       Flux                                 0.232883 +/- 0.0076486
   Incoming Energy [471375.31341167097, 541587.1378079465)
     Total Material
       Flux                                 0.330986 +/- 0.00860041
   Incoming Energy [541587.1378079465, 622257.0836730232)
     Total Material
       Flux                                 0.335243 +/- 0.00926749
   Incoming Energy [622257.0836730232, 714942.8986597562)
     Total Material
       Flux                                 0.388105 +/- 0.0081439
   Incoming Energy [714942.8986597562, 821434.3584919422)
     Total Material
       Flux                                 0.443816 +/- 0.0138819
   Incoming Energy [821434.3584919422, 943787.8277775352)
     Total Material
       Flux                                 0.417799 +/- 0.00917876
   Incoming Energy [943787.8277775352, 1084365.9686896086)
     Total Material
       Flux                                 0.3219 +/- 0.00977155
   Incoming Energy [1084365.9686896086, 1245883.3642950081)
     Total Material
       Flux                                 0.384699 +/- 0.00883706
   Incoming Energy [1245883.3642950081, 1431458.9375234756)
     Total Material
       Flux                                 0.403239 +/- 0.0117562
   Incoming Energy [1431458.9375234756, 1644676.1779946627)
     Total Material
       Flux                                 0.443082 +/- 0.0135521
   Incoming Energy [1644676.1779946627, 1889652.3396912038)
     Total Material
       Flux                                 0.43134 +/- 0.0124204
   Incoming Energy [1889652.3396912038, 2171117.945694501)
     Total Material
       Flux                                 0.394966 +/- 0.0159656
   Incoming Energy [2171117.945694501, 2494508.135230317)
     Total Material
       Flux                                 0.467403 +/- 0.0213044
   Incoming Energy [2494508.135230317, 2866067.616948244)
     Total Material
       Flux                                 0.485592 +/- 0.0197537
   Incoming Energy [2866067.616948244, 3292971.255097148)
     Total Material
       Flux                                 0.363642 +/- 0.016217
   Incoming Energy [3292971.255097148, 3783462.6171319326)
     Total Material
       Flux                                 0.267176 +/- 0.00857001
   Incoming Energy [3783462.6171319326, 4347013.158125018)
     Total Material
       Flux                                 0.243598 +/- 0.0126378
   Incoming Energy [4347013.158125018, 4994505.11585514)
     Total Material
       Flux                                 0.206784 +/- 0.00957413
   Incoming Energy [4994505.11585514, 5738441.648302381)
     Total Material
       Flux                                 0.152741 +/- 0.00972653
   Incoming Energy [5738441.648302381, 6593188.271333542)
     Total Material
       Flux                                 0.116727 +/- 0.00958417
   Incoming Energy [6593188.271333542, 7575250.258771921)
     Total Material
       Flux                                 0.0651821 +/- 0.00813705
   Incoming Energy [7575250.258771921, 8703591.361485148)
     Total Material
       Flux                                 0.0333835 +/- 0.00480078
   Incoming Energy [8703591.361485148, 10000000)
     Total Material
       Flux                                 0.0135535 +/- 0.00330691
 ===================>     TALLY 15: FISSION_ENERGY     <====================

 Cell 13
   Incoming Energy [9.999999999999999e-06, 1.1489510001873086e-05)
     Total Material
       Fission Rate                         0 +/- 0
   Incoming Energy [1.1489510001873086e-05, 1.3200884008314168e-05)
     Total Material
       Fission Rate                         0 +/- 0
   Incoming Energy [1.3200884008314168e-05, 1.516716888470924e-05)
     Total Material
       Fission Rate                         0 +/- 0
   Incoming Energy [1.516716888470924e-05, 1.742633386009651e-05)
     Total Material
       Fission Rate                         0 +/- 0
   Incoming Energy [1.742633386009651e-05, 2.0022003718155845e-05)
     Total Material
       Fission Rate                         0 +/- 0
   Incoming Energy [2.0022003718155845e-05, 2.3004301197729168e-05)
     Total Material
       Fission Rate                         0 +/- 0
   Incoming Energy [2.3004301197729168e-05, 2.643081486974103e-05)
     Total Material
       Fission Rate                         0 +/- 0
   Incoming Energy [2.643081486974103e-05, 3.0367711180354606e-05)
     Total Material
       Fission Rate                         0 +/- 0
   Incoming Energy [3.0367711180354606e-05, 3.489101213406774e-05)
     Total Material
       Fission Rate                         0 +/- 0
   Incoming Energy [3.489101213406774e-05, 4.008806328898465e-05)
     Total Material
       Fission Rate                         0 +/- 0
   Incoming Energy [4.008806328898465e-05, 4.6059220411451034e-05)
     Total Material
       Fission Rate                         0 +/- 0
   Incoming Energy [4.6059220411451034e-05, 5.2919787359584364e-05)
     Total Material
       Fission Rate                         0 +/- 0
   Incoming Energy [5.2919787359584364e-05, 6.080224261649427e-05)
     Total Material
       Fission Rate                         0 +/- 0
   Incoming Energy [6.080224261649427e-05, 6.985879746785249e-05)
     Total Material
       Fission Rate                         0 +/- 0
   Incoming Energy [6.985879746785249e-05, 8.026433522257174e-05)
     Total Material
       Fission Rate                         0 +/- 0
   Incoming Energy [8.026433522257174e-05, 9.221978823334323e-05)
     Total Material
       Fission Rate                         0 +/- 0
   Incoming Energy [9.221978823334323e-05, 0.00010595601792776158)
     Total Material
       Fission Rate                         0 +/- 0
   Incoming Energy [0.00010595601792776158, 0.00012173827277396621)
     Total Material
       Fission Rate                         0 +/- 0
   Incoming Energy [0.00012173827277396621, 0.00013987131026472387)
     Total Material
       Fission Rate                         0 +/- 0
   Incoming Energy [0.00013987131026472387, 0.00016070528182616383)
     Total Material
       Fission Rate                         0 +/- 0
   Incoming Energy [0.00016070528182616383, 0.00018464249428955425)
     Total Material
       Fission Rate                         0 +/- 0
   Incoming Energy [0.00018464249428955425, 0.00021214517849106298)
     Total Material
       Fission Rate                         0 +/- 0
   Incoming Energy [0.00021214517849106298, 0.00024374441501222218)
     Total Material
       Fission Rate                         0 +/- 0
   Incoming Energy [0.00024374441501222218, 0.0002800503894183631)
     Total Material
       Fission Rate                         0 +/- 0
   Incoming Energy [0.0002800503894183631, 0.0003217641750250735)
     Total Material
       Fission Rate                         0 +/- 0
   Incoming Energy [0.0003217641750250735, 0.00036969127071950243)
     Total Material
       Fission Rate                         0 +/- 0
   Incoming Energy [0.00036969127071950243, 0.00042475715525368984)
     Total Material
       Fission Rate                         0 +/- 0
   Incoming Energy [0.00042475715525368984, 0.0004880251583654434)
     Total Material
       Fission Rate                         0 +/- 0
   Incoming Energy [0.0004880251583654434, 0.0005607169938205458)
     Total Material
       Fission Rate                         0 +/- 0
   Incoming Energy [0.0005607169938205458, 0.000644236350872137)
     Total Material
       Fission Rate                         0.000112283 +/- 8.71575e-05
   Incoming Energy [0.000644236350872137, 0.0007401959996915637)
     Total Material
       Fission Rate                         1.89869e-05 +/- 1.89869e-05
   Incoming Energy [0.0007401959996915637, 0.0008504489341802677)
     Total Material
       Fission Rate                         0 +/- 0
   Incoming Energy [0.0008504489341802677, 0.00097712415353465)
     Total Material
       Fission Rate                         3.93635e-05 +/- 3.09714e-05
   Incoming Energy [0.00097712415353465, 0.0011226677735108135)
     Total Material
       Fission Rate                         6.0943e-05 +/- 6.0943e-05
   Incoming Energy [0.0011226677735108135, 0.001289890261253308)
     Total Material
       Fission Rate                         0.000167249 +/- 0.000112621
   Incoming Energy [0.001289890261253308, 0.0014820207057988585)
     Total Material
       Fission Rate                         9.64402e-05 +/- 6.46919e-05
   Incoming Energy [0.0014820207057988585, 0.0017027691722258996)
     Total Material
       Fission Rate                         2.53256e-05 +/- 1.82636e-05
   Incoming Energy [0.0017027691722258996, 0.0019563983435170627)
     Total Material
       Fission Rate                         0.00012202 +/- 7.74843e-05
   Incoming Energy [0.0019563983435170627, 0.002247805833548725)
     Total Material
       Fission Rate                         0.000543812 +/- 0.000311628
   Incoming Energy [0.002247805833548725, 0.002582618760682675)
     Total Material
       Fission Rate                         0.000294681 +/- 0.000164418
   Incoming Energy [0.002582618760682675, 0.0029673024081888696)
     Total Material
       Fission Rate                         0.000456603 +/- 0.00023159
   Incoming Energy [0.0029673024081888696, 0.003409285069746811)
     Total Material
       Fission Rate                         0.000430218 +/- 0.000170821
   Incoming Energy [0.003409285069746811, 0.003917101490809256)
     Total Material
       Fission Rate                         0.00204412 +/- 0.000373616
   Incoming Energy [0.003917101490809256, 0.004500557675700498)
     Total Material
       Fission Rate                         0.00101981 +/- 0.000490042
   Incoming Energy [0.004500557675700498, 0.0051709202428967555)
     Total Material
       Fission Rate                         0.00172583 +/- 0.00054057
   Incoming Energy [0.0051709202428967555, 0.0059411339849650335)
     Total Material
       Fission Rate                         0.00163617 +/- 0.000529138
   Incoming Energy [0.0059411339849650335, 0.006826071834272386)
     Total Material
       Fission Rate                         0.00241486 +/- 0.000385796
   Incoming Energy [0.006826071834272386, 0.007842822061337682)
     Total Material
       Fission Rate                         0.00332072 +/- 0.000736725
   Incoming Energy [0.007842822061337682, 0.009011018251665018)
     Total Material
       Fission Rate                         0.00414416 +/- 0.000434976
   Incoming Energy [0.009011018251665018, 0.010353218432956616)
     Total Material
       Fission Rate                         0.00599083 +/- 0.000725771
   Incoming Energy [0.010353218432956616, 0.011895340673703195)
     Total Material
       Fission Rate                         0.00533993 +/- 0.000828888
   Incoming Energy [0.011895340673703195, 0.013667163564620059)
     Total Material
       Fission Rate                         0.0080997 +/- 0.000807477
   Incoming Energy [0.013667163564620059, 0.015702901247293774)
     Total Material
       Fission Rate                         0.00970247 +/- 0.000969296
   Incoming Energy [0.015702901247293774, 0.018041864093920716)
     Total Material
       Fission Rate                         0.0105741 +/- 0.000764993
   Incoming Energy [0.018041864093920716, 0.0207292177959537)
     Total Material
       Fission Rate                         0.0124896 +/- 0.00115188
   Incoming Energy [0.0207292177959537, 0.023816855519761582)
     Total Material
       Fission Rate                         0.0147845 +/- 0.000942406
   Incoming Energy [0.023816855519761582, 0.027364399970746692)
     Total Material
       Fission Rate                         0.0161349 +/- 0.00149694
   Incoming Energy [0.027364399970746692, 0.031440354715915)
     Total Material
       Fission Rate                         0.0204679 +/- 0.00116994
   Incoming Energy [0.031440354715915, 0.0361234269970943)
     Total Material
       Fission Rate                         0.0218836 +/- 0.00148919
   Incoming Energy [0.0361234269970943, 0.041504047578504726)
     Total Material
       Fission Rate                         0.0223286 +/- 0.00102304
   Incoming Energy [0.041504047578504726, 0.04768611697714469)
     Total Material
       Fission Rate                         0.0237548 +/- 0.00191938
   Incoming Energy [0.04768611697714469, 0.054789011795939396)
     Total Material
       Fission Rate                         0.0259044 +/- 0.0011767
   Incoming Energy [0.054789011795939396, 0.06294988990221888)
     Total Material
       Fission Rate                         0.0236076 +/- 0.00086185
   Incoming Energy [0.06294988990221888, 0.07232633896483534)
     Total Material
       Fission Rate                         0.0255801 +/- 0.00176523
   Incoming Energy [0.07232633896483534, 0.08309941949353386)
     Total Material
       Fission Rate                         0.0228058 +/- 0.00106713
   Incoming Energy [0.08309941949353386, 0.09547716114208056)
     Total Material
       Fission Rate                         0.0222327 +/- 0.00137128
   Incoming Energy [0.09547716114208056, 0.1096985797892384)
     Total Material
       Fission Rate                         0.0181996 +/- 0.000722461
   Incoming Energy [0.1096985797892384, 0.12603829296797275)
     Total Material
       Fission Rate                         0.0155749 +/- 0.00101646
   Incoming Energy [0.12603829296797275, 0.1448118227674533)
     Total Material
       Fission Rate                         0.0156329 +/- 0.000567968
   Incoming Energy [0.1448118227674533, 0.16638168860761274)
     Total Material
       Fission Rate                         0.0125401 +/- 0.000994027
   Incoming Energy [0.16638168860761274, 0.19116440753856997)
     Total Material
       Fission Rate                         0.012163 +/- 0.000739205
   Incoming Energy [0.19116440753856997, 0.2196385372416547)
     Total Material
       Fission Rate                         0.0117885 +/- 0.000672821
   Incoming Energy [0.2196385372416547, 0.2523539170434766)
     Total Material
       Fission Rate                         0.0109291 +/- 0.000683232
   Incoming Energy [0.2523539170434766, 0.28994228538828754)
     Total Material
       Fission Rate                         0.0122189 +/- 0.000673108
   Incoming Energy [0.28994228538828754, 0.333129478793467)
     Total Material
       Fission Rate                         0.0107898 +/- 0.000340742
   Incoming Energy [0.333129478793467, 0.38274944785163073)
     Total Material
       Fission Rate                         0.0101037 +/- 0.000542961
   Incoming Energy [0.38274944785163073, 0.4397603609302721)
     Total Material
       Fission Rate                         0.00873003 +/- 0.000548161
   Incoming Energy [0.4397603609302721, 0.505263106533568)
     Total Material
       Fission Rate                         0.00822642 +/- 0.000452491
   Incoming Energy [0.505263106533568, 0.5805225516094895)
     Total Material
       Fission Rate                         0.00637543 +/- 0.00039789
   Incoming Energy [0.5805225516094895, 0.6669919663030115)
     Total Material
       Fission Rate                         0.00573717 +/- 0.000334361
   Incoming Energy [0.6669919663030115, 0.7663410868007446)
     Total Material
       Fission Rate                         0.00548281 +/- 0.000295352
   Incoming Energy [0.7663410868007446, 0.8804883581643465)
     Total Material
       Fission Rate                         0.00496302 +/- 0.000375449
   Incoming Energy [0.8804883581643465, 1.011637979766207)
     Total Material
       Fission Rate                         0.00627076 +/- 0.000431481
   Incoming Energy [1.011637979766207, 1.162322468679852)
     Total Material
       Fission Rate                         0.00822963 +/- 0.000484
   Incoming Energy [1.162322468679852, 1.3354515629298973)
     Total Material
       Fission Rate                         0.00425234 +/- 0.000300165
   Incoming Energy [1.3354515629298973, 1.53436840893001)
     Total Material
       Fission Rate                         0.0019955 +/- 0.000112175
   Incoming Energy [1.53436840893001, 1.762914118095948)
     Total Material
       Fission Rate                         0.0017524 +/- 0.000101581
   Incoming Energy [1.762914118095948, 2.0255019392306663)
     Total Material
       Fission Rate                         0.00161592 +/- 9.23162e-05
   Incoming Energy [2.0255019392306663, 2.327202478960407)
     Total Material
       Fission Rate                         0.00157306 +/- 8.59325e-05
   Incoming Energy [2.327202478960407, 2.673841615839944)
     Total Material
       Fission Rate                         0.00115509 +/- 4.23082e-05
   Incoming Energy [2.673841615839944, 3.072112998861753)
     Total Material
       Fission Rate                         0.00196251 +/- 9.55807e-05
   Incoming Energy [3.072112998861753, 3.52970730273065)
     Total Material
       Fission Rate                         0.00366554 +/- 0.000273076
   Incoming Energy [3.52970730273065, 4.0554607358408274)
     Total Material
       Fission Rate                         0.00254379 +/- 0.000127579
   Incoming Energy [4.0554607358408274, 4.659525668664678)
     Total Material
       Fission Rate                         0.000467353 +/- 3.45419e-05
   Incoming Energy [4.659525668664678, 5.3535666774107185)
     Total Material
       Fission Rate                         0.000863653 +/- 4.61995e-05
   Incoming Energy [5.3535666774107185, 6.150985788580504)
     Total Material
       Fission Rate                         0.00208112 +/- 0.000115568
   Incoming Energy [6.150985788580504, 7.067181273927491)
     Total Material
       Fission Rate                         0.00188653 +/- 0.00017509
   Incoming Energy [7.067181273927491, 8.119844993184008)
     Total Material
       Fission Rate                         0.00111423 +/- 8.0182e-05
   Incoming Energy [8.119844993184008, 9.329304026284676)
     Total Material
       Fission Rate                         0.00904921 +/- 0.000494477
   Incoming Energy [9.329304026284676, 10.718913192051264)
     Total Material
       Fission Rate                         0.00320861 +/- 0.000205356
   Incoming Energy [10.718913192051264, 12.315506032928262)
     Total Material
       Fission Rate                         0.00258401 +/- 0.00016298
   Incoming Energy [12.315506032928262, 14.149912974345758)
     Total Material
       Fission Rate                         0.00572808 +/- 0.000388757
   Incoming Energy [14.149912974345758, 16.257556664437935)
     Total Material
       Fission Rate                         0.00300843 +/- 0.000242262
   Incoming Energy [16.257556664437935, 18.679135990207808)
     Total Material
       Fission Rate                         0.00308858 +/- 0.000234394
   Incoming Energy [18.679135990207808, 21.461411978584014)
     Total Material
       Fission Rate                         0.00479459 +/- 0.000387648
   Incoming Energy [21.461411978584014, 24.658110758226037)
     Total Material
       Fission Rate                         0.00338359 +/- 0.000220033
   Incoming Energy [24.658110758226037, 28.330961018393243)
     Total Material
       Fission Rate                         0.00477059 +/- 0.000179604
   Incoming Energy [28.330961018393243, 32.550885998350566)
     Total Material
       Fission Rate                         0.00266377 +/- 0.000275748
   Incoming Energy [32.550885998350566, 37.39937302478794)
     Total Material
       Fission Rate                         0.00562501 +/- 0.000287816
   Incoming Energy [37.39937302478794, 42.97004704320835)
     Total Material
       Fission Rate                         0.00419458 +/- 0.000231666
   Incoming Energy [42.97004704320835, 49.37047852839004)
     Total Material
       Fission Rate                         0.00418581 +/- 0.00018018
   Incoming Energy [49.37047852839004, 56.72426068491978)
     Total Material
       Fission Rate                         0.00673279 +/- 0.000333987
   Incoming Energy [56.72426068491978, 65.1733960488242)
     Total Material
       Fission Rate                         0.00304461 +/- 0.000207244
   Incoming Energy [65.1733960488242, 74.88103857590015)
     Total Material
       Fission Rate                         0.00293771 +/- 0.000229551
   Incoming Energy [74.88103857590015, 86.03464416684491)
     Total Material
       Fission Rate                         0.00357309 +/- 0.00017433
   Incoming Energy [86.03464416684491, 98.84959046625586)
     Total Material
       Fission Rate                         0.00303121 +/- 0.000151471
   Incoming Energy [98.84959046625586, 113.57333583431051)
     Total Material
       Fission Rate                         0.00179975 +/- 0.000105309
   Incoming Energy [113.57333583431051, 130.49019780144016)
     Total Material
       Fission Rate                         0.00329209 +/- 0.0001901
   Incoming Energy [130.49019780144016, 149.9268432786044)
     Total Material
       Fission Rate                         0.00330144 +/- 0.000252938
   Incoming Energy [149.9268432786044, 172.2585965398784)
     Total Material
       Fission Rate                         0.00250673 +/- 0.000162608
   Incoming Energy [172.2585965398784, 197.91668678535572)
     Total Material
       Fission Rate                         0.00198871 +/- 0.000113833
   Incoming Energy [197.91668678535572, 227.39657523579274)
     Total Material
       Fission Rate                         0.00297374 +/- 0.00018193
   Incoming Energy [227.39657523579274, 261.26752255633266)
     Total Material
       Fission Rate                         0.00273735 +/- 0.000132865
   Incoming Energy [261.26752255633266, 300.1835813575586)
     Total Material
       Fission Rate                         0.00285992 +/- 0.000213135
   Incoming Energy [300.1835813575586, 344.89622604057524)
     Total Material
       Fission Rate                         0.00209309 +/- 7.93713e-05
   Incoming Energy [344.89622604057524, 396.2688638701478)
     Total Material
       Fission Rate                         0.00186889 +/- 0.000107725
   Incoming Energy [396.2688638701478, 455.29350748669475)
     Total Material
       Fission Rate                         0.00187894 +/- 9.74066e-05
   Incoming Energy [455.29350748669475, 523.1099308056258)
     Total Material
       Fission Rate                         0.00237923 +/- 0.000166414
   Incoming Energy [523.1099308056258, 601.0276782070375)
     Total Material
       Fission Rate                         0.00220625 +/- 0.000155551
   Incoming Energy [601.0276782070375, 690.5513520162317)
     Total Material
       Fission Rate                         0.00170165 +/- 0.000101594
   Incoming Energy [690.5513520162317, 793.4096665797492)
     Total Material
       Fission Rate                         0.00174101 +/- 8.98221e-05
   Incoming Energy [793.4096665797492, 911.5888299750818)
     Total Material
       Fission Rate                         0.00133973 +/- 8.96461e-05
   Incoming Energy [911.5888299750818, 1047.3708979594487)
     Total Material
       Fission Rate                         0.00114402 +/- 6.27455e-05
   Incoming Energy [1047.3708979594487, 1203.3778407775906)
     Total Material
       Fission Rate                         0.00142509 +/- 7.53488e-05
   Incoming Energy [1203.3778407775906, 1382.6221737646536)
     Total Material
       Fission Rate                         0.00121472 +/- 5.4995e-05
   Incoming Energy [1382.6221737646536, 1588.5651294280526)
     Total Material
       Fission Rate                         0.00102352 +/- 4.8039e-05
   Incoming Energy [1588.5651294280526, 1825.1834943190388)
     Total Material
       Fission Rate                         0.00107544 +/- 3.7448e-05
   Incoming Energy [1825.1834943190388, 2097.046401323231)
     Total Material
       Fission Rate                         0.000909706 +/- 5.00664e-05
   Incoming Energy [2097.046401323231, 2409.403560239527)
     Total Material
       Fission Rate                         0.000939524 +/- 5.63011e-05
   Incoming Energy [2409.403560239527, 2768.286630392061)
     Total Material
       Fission Rate                         0.00085016 +/- 5.20871e-05
   Incoming Energy [2768.286630392061, 3180.625692794119)
     Total Material
       Fission Rate                         0.000760238 +/- 3.4217e-05
   Incoming Energy [3180.625692794119, 3654.383070957247)
     Total Material
       Fission Rate                         0.000798136 +/- 2.80834e-05
   Incoming Energy [3654.383070957247, 4198.707084443906)
     Total Material
       Fission Rate                         0.000752118 +/- 4.10887e-05
   Incoming Energy [4198.707084443906, 4824.108704165374)
     Total Material
       Fission Rate                         0.000719261 +/- 2.4477e-05
   Incoming Energy [4824.108704165374, 5542.664520663096)
     Total Material
       Fission Rate                         0.000718759 +/- 2.88459e-05
   Incoming Energy [5542.664520663096, 6368.249944718586)
     Total Material
       Fission Rate                         0.000601483 +/- 2.28509e-05
   Incoming Energy [6368.249944718586, 7316.807143427177)
     Total Material
       Fission Rate                         0.000622925 +/- 3.32945e-05
   Incoming Energy [7316.807143427177, 8406.652885618316)
     Total Material
       Fission Rate                         0.000554172 +/- 2.41451e-05
   Incoming Energy [8406.652885618316, 9658.832241158709)
     Total Material
       Fission Rate                         0.000563135 +/- 2.23716e-05
   Incoming Energy [9658.832241158709, 11097.5249641207)
     Total Material
       Fission Rate                         0.00054387 +/- 3.19953e-05
   Incoming Energy [11097.5249641207, 12750.512407130129)
     Total Material
       Fission Rate                         0.000487075 +/- 1.94078e-05
   Incoming Energy [12750.512407130129, 14649.713983072817)
     Total Material
       Fission Rate                         0.000534031 +/- 1.91524e-05
   Incoming Energy [14649.713983072817, 16831.80353330955)
     Total Material
       Fission Rate                         0.000478052 +/- 2.12546e-05
   Incoming Energy [16831.80353330955, 19338.91750455232)
     Total Material
       Fission Rate                         0.000450811 +/- 1.67288e-05
   Incoming Energy [19338.91750455232, 22219.468609395193)
     Total Material
       Fission Rate                         0.000459785 +/- 1.66062e-05
   Incoming Energy [22219.468609395193, 25529.080682395164)
     Total Material
       Fission Rate                         0.000398771 +/- 1.22657e-05
   Incoming Energy [25529.080682395164, 29331.662783900363)
     Total Material
       Fission Rate                         0.000439963 +/- 2.30959e-05
   Incoming Energy [29331.662783900363, 33700.64329271925)
     Total Material
       Fission Rate                         0.00042362 +/- 2.19566e-05
   Incoming Energy [33700.64329271925, 38720.38781812557)
     Total Material
       Fission Rate                         0.000436076 +/- 1.74669e-05
   Incoming Energy [38720.38781812557, 44487.82831127576)
     Total Material
       Fission Rate                         0.000427145 +/- 2.17343e-05
   Incoming Energy [44487.82831127576, 51114.334834401656)
     Total Material
       Fission Rate                         0.000409096 +/- 1.45841e-05
   Incoming Energy [51114.334834401656, 58727.86613189465)
     Total Material
       Fission Rate                         0.000442925 +/- 2.09248e-05
   Incoming Energy [58727.86613189465, 67475.44053110685)
     Total Material
       Fission Rate                         0.000438486 +/- 1.7579e-05
   Incoming Energy [67475.44053110685, 77525.97488629464)
     Total Material
       Fission Rate                         0.000410951 +/- 1.52733e-05
   Incoming Energy [77525.97488629464, 89073.54638610421)
     Total Material
       Fission Rate                         0.000424736 +/- 1.8082e-05
   Incoming Energy [89073.54638610421, 102341.14021054527)
     Total Material
       Fission Rate                         0.000443635 +/- 1.46613e-05
   Incoming Energy [102341.14021054527, 117584.95540521534)
     Total Material
       Fission Rate                         0.000435397 +/- 1.43181e-05
   Incoming Energy [117584.95540521534, 135099.3521198025)
     Total Material
       Fission Rate                         0.0004885 +/- 1.64838e-05
   Incoming Energy [135099.3521198025, 155222.5357427048)
     Total Material
       Fission Rate                         0.000494625 +/- 1.5278e-05
   Incoming Energy [155222.5357427048, 178343.08769319058)
     Total Material
       Fission Rate                         0.000509332 +/- 1.31102e-05
   Incoming Energy [178343.08769319058, 204907.4689815846)
     Total Material
       Fission Rate                         0.00052731 +/- 1.15912e-05
   Incoming Energy [204907.4689815846, 235428.64143224107)
     Total Material
       Fission Rate                         0.000541595 +/- 1.23521e-05
   Incoming Energy [235428.64143224107, 270495.97304631316)
     Total Material
       Fission Rate                         0.000603861 +/- 2.06977e-05
   Incoming Energy [270495.97304631316, 310786.6187782014)
     Total Material
       Fission Rate                         0.00064692 +/- 1.80984e-05
   Incoming Energy [310786.6187782014, 357078.59649004554)
     Total Material
       Fission Rate                         0.000707409 +/- 2.46903e-05
   Incoming Energy [357078.59649004554, 410265.81058271904)
     Total Material
       Fission Rate                         0.000631428 +/- 1.38875e-05
   Incoming Energy [410265.81058271904, 471375.31341167097)
     Total Material
       Fission Rate                         0.000552921 +/- 2.20229e-05
   Incoming Energy [471375.31341167097, 541587.1378079465)
     Total Material
       Fission Rate                         0.000759234 +/- 2.36449e-05
   Incoming Energy [541587.1378079465, 622257.0836730232)
     Total Material
       Fission Rate                         0.000766423 +/- 2.28762e-05
   Incoming Energy [622257.0836730232, 714942.8986597562)
     Total Material
       Fission Rate                         0.000890631 +/- 2.2744e-05
   Incoming Energy [714942.8986597562, 821434.3584919422)
     Total Material
       Fission Rate                         0.00104099 +/- 2.54468e-05
   Incoming Energy [821434.3584919422, 943787.8277775352)
     Total Material
       Fission Rate                         0.0010047 +/- 3.08662e-05
   Incoming Energy [943787.8277775352, 1084365.9686896086)
     Total Material
       Fission Rate                         0.000855973 +/- 2.32702e-05
   Incoming Energy [1084365.9686896086, 1245883.3642950081)
     Total Material
       Fission Rate                         0.00108963 +/- 3.1671e-05
   Incoming Energy [1245883.3642950081, 1431458.9375234756)
     Total Material
       Fission Rate                         0.00143047 +/- 4.96989e-05
   Incoming Energy [1431458.9375234756, 1644676.1779946627)
     Total Material
       Fission Rate                         0.00248757 +/- 6.30196e-05
   Incoming Energy [1644676.1779946627, 1889652.3396912038)
     Total Material
       Fission Rate                         0.00287631 +/- 8.45401e-05
   Incoming Energy [1889652.3396912038, 2171117.945694501)
     Total Material
       Fission Rate                         0.00283318 +/- 0.000102089
   Incoming Energy [2171117.945694501, 2494508.135230317)
     Total Material
       Fission Rate                         0.00328446 +/- 0.000153521
   Incoming Energy [2494508.135230317, 2866067.616948244)
     Total Material
       Fission Rate                         0.00335306 +/- 0.000133557
   Incoming Energy [2866067.616948244, 3292971.255097148)
     Total Material
       Fission Rate                         0.00248254 +/- 0.000109426
   Incoming Energy [3292971.255097148, 3783462.6171319326)
     Total Material
       Fission Rate                         0.00191322 +/- 8.49493e-05
   Incoming Energy [3783462.6171319326, 4347013.158125018)
     Total Material
       Fission Rate                         0.00173936 +/- 8.2574e-05
   Incoming Energy [4347013.158125018, 4994505.11585514)
     Total Material
       Fission Rate                         0.00141138 +/- 6.54978e-05
   Incoming Energy [4994505.11585514, 5738441.648302381)
     Total Material
       Fission Rate                         0.00102647 +/- 5.79455e-05
   Incoming Energy [5738441.648302381, 6593188.271333542)
     Total Material
       Fission Rate                         0.000932217 +/- 8.06805e-05
   Incoming Energy [6593188.271333542, 7575250.258771921)
     Total Material
       Fission Rate                         0.00068945 +/- 8.72519e-05
   Incoming Energy [7575250.258771921, 8703591.361485148)
     Total Material
       Fission Rate                         0.00041025 +/- 5.40624e-05
   Incoming Energy [8703591.361485148, 10000000)
     Total Material
       Fission Rate                         0.000164889 +/- 3.88605e-05
